This file contains any messages produced by compilers while
running configure, to aid debugging if configure makes a mistake.

It was created by libnbcompat configure noversion, which was
generated by GNU Autoconf 2.52.  Invocation command line was

  $ /home/donz/minix/tools/compat/configure --cache-file=config.cache

## ---------- ##
## Platform.  ##
## ---------- ##

hostname = morphius
uname -m = x86_64
uname -r = 6.12.63+deb13-amd64
uname -s = Linux
uname -v = #1 SMP PREEMPT_DYNAMIC Debian 6.12.63-1 (2025-12-30)

/usr/bin/uname -p = unknown
/bin/uname -X     = unknown

/bin/arch              = x86_64
/usr/bin/arch -k       = unknown
/usr/convex/getsysinfo = unknown
hostinfo               = unknown
/bin/machine           = unknown
/usr/bin/oslevel       = unknown
/bin/universe          = unknown

PATH = /home/donz/.local/bin:/usr/local/bin:/usr/bin:/bin:/usr/local/games:/usr/games

## ------------ ##
## Core tests.  ##
## ------------ ##

configure:880: creating cache config.cache
configure:951: PATH=".;."; conftest.sh
/home/donz/minix/tools/compat/configure: 952: conftest.sh: not found
configure:954: $? = 127
configure:1014: checking for gcc
configure:1037: result: cc
configure:1265: checking for C compiler version
configure:1268: cc --version </dev/null >&5
cc (Debian 14.2.0-19) 14.2.0
Copyright (C) 2024 Free Software Foundation, Inc.
This is free software; see the source for copying conditions.  There is NO
warranty; not even for MERCHANTABILITY or FITNESS FOR A PARTICULAR PURPOSE.

configure:1271: $? = 0
configure:1273: cc -v </dev/null >&5
Using built-in specs.
COLLECT_GCC=cc
COLLECT_LTO_WRAPPER=/usr/libexec/gcc/x86_64-linux-gnu/14/lto-wrapper
OFFLOAD_TARGET_NAMES=nvptx-none:amdgcn-amdhsa
OFFLOAD_TARGET_DEFAULT=1
Target: x86_64-linux-gnu
Configured with: ../src/configure -v --with-pkgversion='Debian 14.2.0-19' --with-bugurl=file:///usr/share/doc/gcc-14/README.Bugs --enable-languages=c,ada,c++,go,d,fortran,objc,obj-c++,m2,rust --prefix=/usr --with-gcc-major-version-only --program-suffix=-14 --program-prefix=x86_64-linux-gnu- --enable-shared --enable-linker-build-id --libexecdir=/usr/libexec --without-included-gettext --enable-threads=posix --libdir=/usr/lib --enable-nls --enable-bootstrap --enable-clocale=gnu --enable-libstdcxx-debug --enable-libstdcxx-time=yes --with-default-libstdcxx-abi=new --enable-libstdcxx-backtrace --enable-gnu-unique-object --disable-vtable-verify --enable-plugin --enable-default-pie --with-system-zlib --enable-libphobos-checking=release --with-target-system-zlib=auto --enable-objc-gc=auto --enable-multiarch --disable-werror --enable-cet --with-arch-32=i686 --with-abi=m64 --with-multilib-list=m32,m64,mx32 --enable-multilib --with-tune=generic --enable-offload-targets=nvptx-none=/build/reproducible-path/gcc-14-14.2.0/debian/tmp-nvptx/usr,amdgcn-amdhsa=/build/reproducible-path/gcc-14-14.2.0/debian/tmp-gcn/usr --enable-offload-defaulted --without-cuda-driver --enable-checking=release --build=x86_64-linux-gnu --host=x86_64-linux-gnu --target=x86_64-linux-gnu --with-build-config=bootstrap-lto-lean --enable-link-serialization=3
Thread model: posix
Supported LTO compression algorithms: zlib zstd
gcc version 14.2.0 (Debian 14.2.0-19) 
configure:1276: $? = 0
configure:1278: cc -V </dev/null >&5
cc: error: unrecognized command-line option '-V'
cc: fatal error: no input files
compilation terminated.
configure:1281: $? = 1
configure:1301: checking for C compiler default output
configure:1304: cc -O -fcommon   conftest.c  >&5
configure:1307: $? = 0
configure:1336: result: a.out
configure:1341: checking whether the C compiler works
configure:1347: ./a.out
configure:1350: $? = 0
configure:1365: result: yes
configure:1372: checking whether we are cross compiling
configure:1374: result: no
configure:1377: checking for executable suffix
configure:1379: cc -o conftest -O -fcommon   conftest.c  >&5
configure:1382: $? = 0
configure:1404: result: 
configure:1410: checking for object suffix
configure:1428: cc -c -O -fcommon  conftest.c >&5
configure:1431: $? = 0
configure:1450: result: o
configure:1454: checking whether we are using the GNU C compiler
configure:1475: cc -c -O -fcommon  conftest.c >&5
configure:1478: $? = 0
configure:1481: test -s conftest.o
configure:1484: $? = 0
configure:1496: result: yes
configure:1502: checking whether cc accepts -g
configure:1520: cc -c -g  conftest.c >&5
configure:1523: $? = 0
configure:1526: test -s conftest.o
configure:1529: $? = 0
configure:1539: result: yes
configure:1566: cc -c -O -fcommon  conftest.c >&5
conftest.c:2:3: error: unknown type name 'choke'
    2 |   choke me
      |   ^~~~~
conftest.c:2:3: error: expected '=', ',', ';', 'asm' or '__attribute__' at end of input
configure:1569: $? = 1
configure: failed program was:
#ifndef __cplusplus
  choke me
#endif
configure:1672: checking how to run the C preprocessor
configure:1698: cc -E  conftest.c
configure:1704: $? = 0
configure:1731: cc -E  conftest.c
configure:1728:10: fatal error: ac_nonexistent.h: No such file or directory
compilation terminated.
configure:1737: $? = 1
configure: failed program was:
#line 1727 "configure"
#include "confdefs.h"
#include <ac_nonexistent.h>
configure:1774: result: cc -E
configure:1789: cc -E  conftest.c
configure:1795: $? = 0
configure:1822: cc -E  conftest.c
configure:1819:10: fatal error: ac_nonexistent.h: No such file or directory
compilation terminated.
configure:1828: $? = 1
configure: failed program was:
#line 1818 "configure"
#include "confdefs.h"
#include <ac_nonexistent.h>
configure:1867: checking for NetBSD or MINIX3
configure:1895: result: no
configure:1902: checking for sh
configure:1930: result: /usr/bin/sh
configure:1947: checking whether byte ordering is bigendian
configure:1972: cc -c -O -fcommon  conftest.c >&5
configure:1975: $? = 0
configure:1978: test -s conftest.o
configure:1981: $? = 0
configure:2002: cc -c -O -fcommon  conftest.c >&5
configure: In function 'main':
configure:1993:2: error: unknown type name 'not'; did you mean 'ino_t'?
configure:1993:10: error: expected '=', ',', ';', 'asm' or '__attribute__' before 'endian'
configure:2005: $? = 1
configure: failed program was:
#line 1985 "configure"
#include "confdefs.h"
#include <sys/types.h>
#include <sys/param.h>

int
main ()
{
#if BYTE_ORDER != BIG_ENDIAN
 not big endian
#endif

  ;
  return 0;
}
configure:2069: result: no
configure:2079: checking for ANSI C header files
configure:2093: cc -E  conftest.c
configure:2099: $? = 0
configure:2186: cc -o conftest -O -fcommon   conftest.c  >&5
configure: In function 'main':
configure:2178:7: error: implicit declaration of function 'exit' [-Wimplicit-function-declaration]
configure:2162:1: note: include '<stdlib.h>' or provide a declaration of 'exit'
configure:2178:7: warning: incompatible implicit declaration of built-in function 'exit' [-Wbuiltin-declaration-mismatch]
configure:2178:7: note: include '<stdlib.h>' or provide a declaration of 'exit'
configure:2179:3: warning: incompatible implicit declaration of built-in function 'exit' [-Wbuiltin-declaration-mismatch]
configure:2179:3: note: include '<stdlib.h>' or provide a declaration of 'exit'
configure:2189: $? = 1
configure: program exited with status 1
configure: failed program was:
#line 2160 "configure"
#include "confdefs.h"
#include <ctype.h>
#if ((' ' & 0x0FF) == 0x020)
# define ISLOWER(c) ('a' <= (c) && (c) <= 'z')
# define TOUPPER(c) (ISLOWER(c) ? 'A' + ((c) - 'a') : (c))
#else
# define ISLOWER(c) (('a' <= (c) && (c) <= 'i')                      || ('j' <= (c) && (c) <= 'r')                      || ('s' <= (c) && (c) <= 'z'))
# define TOUPPER(c) (ISLOWER(c) ? ((c) | 0x40) : (c))
#endif

#define XOR(e, f) (((e) && !(f)) || (!(e) && (f)))
int
main ()
{
  int i;
  for (i = 0; i < 256; i++)
    if (XOR (islower (i), ISLOWER (i))
        || toupper (i) != TOUPPER (i))
      exit(2);
  exit (0);
}
configure:2207: result: no
configure:2220: checking for zlib.h
configure:2230: cc -E  conftest.c
configure:2236: $? = 0
configure:2255: result: yes
configure:2265: checking for gzdopen in -lz
configure:2292: cc -o conftest -O -fcommon   conftest.c -lz   >&5
configure:2295: $? = 0
configure:2298: test -s conftest
configure:2301: $? = 0
configure:2312: result: yes
configure:2338: checking for sys/ioctl.h
configure:2348: cc -E  conftest.c
configure:2354: $? = 0
configure:2373: result: yes
configure:2338: checking for sys/mman.h
configure:2348: cc -E  conftest.c
configure:2354: $? = 0
configure:2373: result: yes
configure:2338: checking for sys/param.h
configure:2348: cc -E  conftest.c
configure:2354: $? = 0
configure:2373: result: yes
configure:2338: checking for sys/socket.h
configure:2348: cc -E  conftest.c
configure:2354: $? = 0
configure:2373: result: yes
configure:2338: checking for sys/stat.h
configure:2348: cc -E  conftest.c
configure:2354: $? = 0
configure:2373: result: yes
configure:2338: checking for sys/time.h
configure:2348: cc -E  conftest.c
configure:2354: $? = 0
configure:2373: result: yes
configure:2338: checking for sys/types.h
configure:2348: cc -E  conftest.c
configure:2354: $? = 0
configure:2373: result: yes
configure:2338: checking for sys/utsname.h
configure:2348: cc -E  conftest.c
configure:2354: $? = 0
configure:2373: result: yes
configure:2338: checking for sys/wait.h
configure:2348: cc -E  conftest.c
configure:2354: $? = 0
configure:2373: result: yes
configure:2338: checking for assert.h
configure:2348: cc -E  conftest.c
configure:2354: $? = 0
configure:2373: result: yes
configure:2338: checking for ctype.h
configure:2348: cc -E  conftest.c
configure:2354: $? = 0
configure:2373: result: yes
configure:2338: checking for errno.h
configure:2348: cc -E  conftest.c
configure:2354: $? = 0
configure:2373: result: yes
configure:2338: checking for fcntl.h
configure:2348: cc -E  conftest.c
configure:2354: $? = 0
configure:2373: result: yes
configure:2338: checking for grp.h
configure:2348: cc -E  conftest.c
configure:2354: $? = 0
configure:2373: result: yes
configure:2338: checking for limits.h
configure:2348: cc -E  conftest.c
configure:2354: $? = 0
configure:2373: result: yes
configure:2338: checking for locale.h
configure:2348: cc -E  conftest.c
configure:2354: $? = 0
configure:2373: result: yes
configure:2338: checking for netdb.h
configure:2348: cc -E  conftest.c
configure:2354: $? = 0
configure:2373: result: yes
configure:2338: checking for pwd.h
configure:2348: cc -E  conftest.c
configure:2354: $? = 0
configure:2373: result: yes
configure:2338: checking for signal.h
configure:2348: cc -E  conftest.c
configure:2354: $? = 0
configure:2373: result: yes
configure:2338: checking for stdarg.h
configure:2348: cc -E  conftest.c
configure:2354: $? = 0
configure:2373: result: yes
configure:2338: checking for stdio.h
configure:2348: cc -E  conftest.c
configure:2354: $? = 0
configure:2373: result: yes
configure:2338: checking for stdlib.h
configure:2348: cc -E  conftest.c
configure:2354: $? = 0
configure:2373: result: yes
configure:2338: checking for string.h
configure:2348: cc -E  conftest.c
configure:2354: $? = 0
configure:2373: result: yes
configure:2338: checking for termios.h
configure:2348: cc -E  conftest.c
configure:2354: $? = 0
configure:2373: result: yes
configure:2338: checking for unistd.h
configure:2348: cc -E  conftest.c
configure:2354: $? = 0
configure:2373: result: yes
configure:2392: checking for dirent.h that defines DIR
configure:2413: cc -c -O -fcommon  conftest.c >&5
configure:2416: $? = 0
configure:2419: test -s conftest.o
configure:2422: $? = 0
configure:2432: result: yes
configure:2445: checking for opendir in -ldir
configure:2472: cc -o conftest -O -fcommon   conftest.c -ldir  -lz  >&5
/usr/bin/ld: cannot find -ldir: No such file or directory
collect2: error: ld returned 1 exit status
configure:2475: $? = 1
configure: failed program was:
#line 2453 "configure"
#include "confdefs.h"

/* Override any gcc2 internal prototype to avoid an error.  */
#ifdef __cplusplus
extern "C"
#endif
/* We use char because int might match the return type of a gcc2
   builtin and then its argument prototype would still apply.  */
char opendir ();
int
main ()
{
opendir ();
  ;
  return 0;
}
configure:2492: result: no
configure:2558: checking for sys/mtio.h
configure:2568: cc -E  conftest.c
configure:2574: $? = 0
configure:2593: result: yes
configure:2558: checking for sys/sysmacros.h
configure:2568: cc -E  conftest.c
configure:2574: $? = 0
configure:2593: result: yes
configure:2558: checking for sys/syslimits.h
configure:2568: cc -E  conftest.c
configure:2565:10: fatal error: sys/syslimits.h: No such file or directory
compilation terminated.
configure:2574: $? = 1
configure: failed program was:
#line 2564 "configure"
#include "confdefs.h"
#include <sys/syslimits.h>
configure:2593: result: no
configure:2558: checking for getopt.h
configure:2568: cc -E  conftest.c
configure:2574: $? = 0
configure:2593: result: yes
configure:2558: checking for features.h
configure:2568: cc -E  conftest.c
configure:2574: $? = 0
configure:2593: result: yes
configure:2558: checking for malloc.h
configure:2568: cc -E  conftest.c
configure:2574: $? = 0
configure:2593: result: yes
configure:2558: checking for sys/poll.h
configure:2568: cc -E  conftest.c
configure:2574: $? = 0
configure:2593: result: yes
configure:2558: checking for pthread.h
configure:2568: cc -E  conftest.c
configure:2574: $? = 0
configure:2593: result: yes
configure:2558: checking for stddef.h
configure:2568: cc -E  conftest.c
configure:2574: $? = 0
configure:2593: result: yes
configure:2558: checking for rpc/types.h
configure:2568: cc -E  conftest.c
configure:2565:10: fatal error: rpc/types.h: No such file or directory
compilation terminated.
configure:2574: $? = 1
configure: failed program was:
#line 2564 "configure"
#include "confdefs.h"
#include <rpc/types.h>
configure:2593: result: no
configure:2608: checking for sys/bswap.h
configure:2618: cc -E  conftest.c
configure:2615:10: fatal error: sys/bswap.h: No such file or directory
compilation terminated.
configure:2624: $? = 1
configure: failed program was:
#line 2614 "configure"
#include "confdefs.h"
#include <sys/bswap.h>
configure:2643: result: no
configure:2608: checking for machine/bswap.h
configure:2618: cc -E  conftest.c
configure:2615:10: fatal error: machine/bswap.h: No such file or directory
compilation terminated.
configure:2624: $? = 1
configure: failed program was:
#line 2614 "configure"
#include "confdefs.h"
#include <machine/bswap.h>
configure:2643: result: no
configure:2608: checking for sys/cdefs.h
configure:2618: cc -E  conftest.c
configure:2624: $? = 0
configure:2643: result: yes
configure:2608: checking for machine/endian.h
configure:2618: cc -E  conftest.c
configure:2615:10: fatal error: machine/endian.h: No such file or directory
compilation terminated.
configure:2624: $? = 1
configure: failed program was:
#line 2614 "configure"
#include "confdefs.h"
#include <machine/endian.h>
configure:2643: result: no
configure:2608: checking for sys/endian.h
configure:2618: cc -E  conftest.c
configure:2615:10: fatal error: sys/endian.h: No such file or directory
compilation terminated.
configure:2624: $? = 1
configure: failed program was:
#line 2614 "configure"
#include "confdefs.h"
#include <sys/endian.h>
configure:2643: result: no
configure:2608: checking for sys/featuretest.h
configure:2618: cc -E  conftest.c
configure:2615:10: fatal error: sys/featuretest.h: No such file or directory
compilation terminated.
configure:2624: $? = 1
configure: failed program was:
#line 2614 "configure"
#include "confdefs.h"
#include <sys/featuretest.h>
configure:2643: result: no
configure:2608: checking for err.h
configure:2618: cc -E  conftest.c
configure:2624: $? = 0
configure:2643: result: yes
configure:2608: checking for inttypes.h
configure:2618: cc -E  conftest.c
configure:2624: $? = 0
configure:2643: result: yes
configure:2608: checking for libgen.h
configure:2618: cc -E  conftest.c
configure:2624: $? = 0
configure:2643: result: yes
configure:2608: checking for paths.h
configure:2618: cc -E  conftest.c
configure:2624: $? = 0
configure:2643: result: yes
configure:2608: checking for stdint.h
configure:2618: cc -E  conftest.c
configure:2624: $? = 0
configure:2643: result: yes
configure:2608: checking for util.h
configure:2618: cc -E  conftest.c
configure:2615:10: fatal error: util.h: No such file or directory
compilation terminated.
configure:2624: $? = 1
configure: failed program was:
#line 2614 "configure"
#include "confdefs.h"
#include <util.h>
configure:2643: result: no
configure:2608: checking for resolv.h
configure:2618: cc -E  conftest.c
configure:2624: $? = 0
configure:2643: result: yes
configure:2608: checking for arpa/nameser.h
configure:2618: cc -E  conftest.c
configure:2624: $? = 0
configure:2643: result: yes
configure:2658: checking for rpc/types.h
configure:2693: result: no
configure:2658: checking for netconfig.h
configure:2668: cc -E  conftest.c
configure:2665:10: fatal error: netconfig.h: No such file or directory
compilation terminated.
configure:2674: $? = 1
configure: failed program was:
#line 2664 "configure"
#include "confdefs.h"
#include <netconfig.h>
configure:2693: result: no
configure:2719: checking for sys/types.h
configure:2750: result: yes
configure:2719: checking for sys/stat.h
configure:2750: result: yes
configure:2719: checking for stdlib.h
configure:2750: result: yes
configure:2719: checking for string.h
configure:2750: result: yes
configure:2719: checking for memory.h
configure:2731: cc -c -O -fcommon  conftest.c >&5
configure:2734: $? = 0
configure:2737: test -s conftest.o
configure:2740: $? = 0
configure:2750: result: yes
configure:2719: checking for strings.h
configure:2731: cc -c -O -fcommon  conftest.c >&5
configure:2734: $? = 0
configure:2737: test -s conftest.o
configure:2740: $? = 0
configure:2750: result: yes
configure:2719: checking for inttypes.h
configure:2750: result: yes
configure:2719: checking for stdint.h
configure:2750: result: yes
configure:2719: checking for unistd.h
configure:2750: result: yes
configure:2760: checking for size_t
configure:2781: cc -c -O -fcommon  conftest.c >&5
configure:2784: $? = 0
configure:2787: test -s conftest.o
configure:2790: $? = 0
configure:2800: result: yes
configure:2812: checking for id_t
configure:2833: cc -c -O -fcommon  conftest.c >&5
configure:2836: $? = 0
configure:2839: test -s conftest.o
configure:2842: $? = 0
configure:2852: result: yes
configure:2861: checking for long long
configure:2882: cc -c -O -fcommon  conftest.c >&5
configure:2885: $? = 0
configure:2888: test -s conftest.o
configure:2891: $? = 0
configure:2901: result: yes
configure:2910: checking for u_long
configure:2931: cc -c -O -fcommon  conftest.c >&5
configure:2934: $? = 0
configure:2937: test -s conftest.o
configure:2940: $? = 0
configure:2950: result: yes
configure:2959: checking for u_char
configure:2980: cc -c -O -fcommon  conftest.c >&5
configure:2983: $? = 0
configure:2986: test -s conftest.o
configure:2989: $? = 0
configure:2999: result: yes
configure:3008: checking for u_short
configure:3029: cc -c -O -fcommon  conftest.c >&5
configure:3032: $? = 0
configure:3035: test -s conftest.o
configure:3038: $? = 0
configure:3048: result: yes
configure:3057: checking for u_int
configure:3078: cc -c -O -fcommon  conftest.c >&5
configure:3081: $? = 0
configure:3084: test -s conftest.o
configure:3087: $? = 0
configure:3097: result: yes
configure:3106: checking for u_quad_t
configure:3127: cc -c -O -fcommon  conftest.c >&5
configure:3130: $? = 0
configure:3133: test -s conftest.o
configure:3136: $? = 0
configure:3146: result: yes
configure:3156: checking for socklen_t
configure:3182: cc -c -O -fcommon  conftest.c >&5
configure:3185: $? = 0
configure:3188: test -s conftest.o
configure:3191: $? = 0
configure:3201: result: yes
configure:3211: checking for uint8_t
configure:3232: cc -c -O -fcommon  conftest.c >&5
configure:3235: $? = 0
configure:3238: test -s conftest.o
configure:3241: $? = 0
configure:3251: result: yes
configure:3313: checking for u_int8_t
configure:3334: cc -c -O -fcommon  conftest.c >&5
configure:3337: $? = 0
configure:3340: test -s conftest.o
configure:3343: $? = 0
configure:3353: result: yes
configure:3415: checking for uint16_t
configure:3436: cc -c -O -fcommon  conftest.c >&5
configure:3439: $? = 0
configure:3442: test -s conftest.o
configure:3445: $? = 0
configure:3455: result: yes
configure:3517: checking for u_int16_t
configure:3538: cc -c -O -fcommon  conftest.c >&5
configure:3541: $? = 0
configure:3544: test -s conftest.o
configure:3547: $? = 0
configure:3557: result: yes
configure:3619: checking for uint32_t
configure:3640: cc -c -O -fcommon  conftest.c >&5
configure:3643: $? = 0
configure:3646: test -s conftest.o
configure:3649: $? = 0
configure:3659: result: yes
configure:3721: checking for u_int32_t
configure:3742: cc -c -O -fcommon  conftest.c >&5
configure:3745: $? = 0
configure:3748: test -s conftest.o
configure:3751: $? = 0
configure:3761: result: yes
configure:3823: checking for uint64_t
configure:3844: cc -c -O -fcommon  conftest.c >&5
configure:3847: $? = 0
configure:3850: test -s conftest.o
configure:3853: $? = 0
configure:3863: result: yes
configure:3925: checking for u_int64_t
configure:3946: cc -c -O -fcommon  conftest.c >&5
configure:3949: $? = 0
configure:3952: test -s conftest.o
configure:3955: $? = 0
configure:3965: result: yes
configure:4028: checking for DIR.dd_fd
configure:4050: cc -c -O -fcommon  conftest.c >&5
configure: In function 'main':
configure:4041:12: error: storage size of 'ac_aggr' isn't known
configure:4053: $? = 1
configure: failed program was:
#line 4034 "configure"
#include "confdefs.h"
#include <sys/types.h>
#include <dirent.h>

int
main ()
{
static DIR ac_aggr;
if (ac_aggr.dd_fd)
return 0;
  ;
  return 0;
}
configure:4069: result: no
configure:4078: checking for DIR.__dd_fd
configure:4100: cc -c -O -fcommon  conftest.c >&5
configure: In function 'main':
configure:4091:12: error: storage size of 'ac_aggr' isn't known
configure:4103: $? = 1
configure: failed program was:
#line 4084 "configure"
#include "confdefs.h"
#include <sys/types.h>
#include <dirent.h>

int
main ()
{
static DIR ac_aggr;
if (ac_aggr.__dd_fd)
return 0;
  ;
  return 0;
}
configure:4119: result: no
configure:4128: checking for struct dirent.d_namlen
configure:4150: cc -c -O -fcommon  conftest.c >&5
configure: In function 'main':
configure:4142:13: error: 'struct dirent' has no member named 'd_namlen'; did you mean 'd_name'?
configure:4153: $? = 1
configure: failed program was:
#line 4134 "configure"
#include "confdefs.h"
#include <sys/types.h>
#include <dirent.h>

int
main ()
{
static struct dirent ac_aggr;
if (ac_aggr.d_namlen)
return 0;
  ;
  return 0;
}
configure:4169: result: no
configure:4179: checking for struct stat.st_flags
configure:4200: cc -c -O -fcommon  conftest.c >&5
configure: In function 'main':
configure:4192:12: error: 'struct stat' has no member named 'st_flags'
configure:4203: $? = 1
configure: failed program was:
#line 4185 "configure"
#include "confdefs.h"
#include <sys/stat.h>

int
main ()
{
static struct stat ac_aggr;
if (ac_aggr.st_flags)
return 0;
  ;
  return 0;
}
configure:4219: result: no
configure:4228: checking for struct stat.st_gen
configure:4249: cc -c -O -fcommon  conftest.c >&5
configure: In function 'main':
configure:4241:13: error: 'struct stat' has no member named 'st_gen'; did you mean 'st_dev'?
configure:4252: $? = 1
configure: failed program was:
#line 4234 "configure"
#include "confdefs.h"
#include <sys/stat.h>

int
main ()
{
static struct stat ac_aggr;
if (ac_aggr.st_gen)
return 0;
  ;
  return 0;
}
configure:4268: result: no
configure:4277: checking for struct stat.st_birthtime
configure:4298: cc -c -O -fcommon  conftest.c >&5
configure: In function 'main':
configure:4290:12: error: 'struct stat' has no member named 'st_birthtime'
configure:4301: $? = 1
configure: failed program was:
#line 4283 "configure"
#include "confdefs.h"
#include <sys/stat.h>

int
main ()
{
static struct stat ac_aggr;
if (ac_aggr.st_birthtime)
return 0;
  ;
  return 0;
}
configure:4317: result: no
configure:4326: checking for struct stat.st_birthtimensec
configure:4347: cc -c -O -fcommon  conftest.c >&5
configure: In function 'main':
configure:4339:12: error: 'struct stat' has no member named 'st_birthtimensec'
configure:4350: $? = 1
configure: failed program was:
#line 4332 "configure"
#include "confdefs.h"
#include <sys/stat.h>

int
main ()
{
static struct stat ac_aggr;
if (ac_aggr.st_birthtimensec)
return 0;
  ;
  return 0;
}
configure:4366: result: no
configure:4375: checking for struct stat.st_atim
configure:4396: cc -c -O -fcommon  conftest.c >&5
configure: In function 'main':
configure:4388:5: error: used struct type value where scalar is required
configure:4399: $? = 1
configure: failed program was:
#line 4381 "configure"
#include "confdefs.h"
#include <sys/stat.h>

int
main ()
{
static struct stat ac_aggr;
if (ac_aggr.st_atim)
return 0;
  ;
  return 0;
}
configure:4415: result: no
configure:4424: checking for struct stat.st_mtimensec
configure:4445: cc -c -O -fcommon  conftest.c >&5
configure: In function 'main':
configure:4437:12: error: 'struct stat' has no member named 'st_mtimensec'
configure:4448: $? = 1
configure: failed program was:
#line 4430 "configure"
#include "confdefs.h"
#include <sys/stat.h>

int
main ()
{
static struct stat ac_aggr;
if (ac_aggr.st_mtimensec)
return 0;
  ;
  return 0;
}
configure:4464: result: no
configure:4474: checking for struct statvfs.f_iosize
configure:4495: cc -c -O -fcommon  conftest.c >&5
configure: In function 'main':
configure:4487:13: error: 'struct statvfs' has no member named 'f_iosize'; did you mean 'f_bsize'?
configure:4498: $? = 1
configure: failed program was:
#line 4480 "configure"
#include "confdefs.h"
#include <sys/statvfs.h>

int
main ()
{
static struct statvfs ac_aggr;
if (ac_aggr.f_iosize)
return 0;
  ;
  return 0;
}
configure:4514: result: no
configure:4524: checking for struct tm.tm_gmtoff
configure:4545: cc -c -O -fcommon  conftest.c >&5
configure:4548: $? = 0
configure:4551: test -s conftest.o
configure:4554: $? = 0
configure:4564: result: yes
configure:4575: checking whether optind is declared
configure:4603: cc -c -O -fcommon  conftest.c >&5
configure: In function 'main':
configure:4594:13: warning: cast to pointer from integer of different size [-Wint-to-pointer-cast]
configure:4606: $? = 0
configure:4609: test -s conftest.o
configure:4612: $? = 0
configure:4622: result: yes
configure:4636: checking whether optreset is declared
configure:4664: cc -c -O -fcommon  conftest.c >&5
configure: In function 'main':
configure:4655:22: error: 'optreset' undeclared (first use in this function)
configure:4655:22: note: each undeclared identifier is reported only once for each function it appears in
configure:4667: $? = 1
configure: failed program was:
#line 4642 "configure"
#include "confdefs.h"

#include <stdio.h>
#include <stdlib.h>
#include <unistd.h>
#ifdef HAVE_GETOPT_H
#include <getopt.h>
#endif

int
main ()
{
#ifndef optreset
  char *p = (char *) optreset;
#endif

  ;
  return 0;
}
configure:4683: result: no
configure:4698: checking whether sys_signame is declared
configure:4720: cc -c -O -fcommon  conftest.c >&5
configure: In function 'main':
configure:4711:22: error: 'sys_signame' undeclared (first use in this function)
configure:4711:22: note: each undeclared identifier is reported only once for each function it appears in
configure:4723: $? = 1
configure: failed program was:
#line 4704 "configure"
#include "confdefs.h"
#include <signal.h>

int
main ()
{
#ifndef sys_signame
  char *p = (char *) sys_signame;
#endif

  ;
  return 0;
}
configure:4739: result: no
configure:4757: checking for working alloca.h
configure:4775: cc -o conftest -O -fcommon   conftest.c -lz  >&5
configure:4778: $? = 0
configure:4781: test -s conftest
configure:4784: $? = 0
configure:4794: result: yes
configure:4804: checking for alloca
configure:4842: cc -o conftest -O -fcommon   conftest.c -lz  >&5
configure:4845: $? = 0
configure:4848: test -s conftest
configure:4851: $? = 0
configure:4861: result: yes
configure:5054: checking for atoll
configure:5091: cc -o conftest -O -fcommon   conftest.c -lz  >&5
configure:5094: $? = 0
configure:5097: test -s conftest
configure:5100: $? = 0
configure:5110: result: yes
configure:5054: checking for asprintf
configure:5091: cc -o conftest -O -fcommon   conftest.c -lz  >&5
configure:5094: $? = 0
configure:5097: test -s conftest
configure:5100: $? = 0
configure:5110: result: yes
configure:5054: checking for asnprintf
configure:5091: cc -o conftest -O -fcommon   conftest.c -lz  >&5
/usr/bin/ld: /tmp/cc2JgTFH.o: in function `main':
conftest.c:(.text+0x3): undefined reference to `asnprintf'
collect2: error: ld returned 1 exit status
configure:5094: $? = 1
configure: failed program was:
#line 5060 "configure"
#include "confdefs.h"
/* System header to define __stub macros and hopefully few prototypes,
    which can conflict with char asnprintf (); below.  */
#include <assert.h>
/* Override any gcc2 internal prototype to avoid an error.  */
#ifdef __cplusplus
extern "C"
#endif
/* We use char because int might match the return type of a gcc2
   builtin and then its argument prototype would still apply.  */
char asnprintf ();
char (*f) ();

int
main ()
{
/* The GNU C library defines this for functions which it implements
    to always fail with ENOSYS.  Some functions are actually named
    something starting with __ and the normal name is an alias.  */
#if defined (__stub_asnprintf) || defined (__stub___asnprintf)
choke me
#else
f = asnprintf;
#endif

  ;
  return 0;
}
configure:5110: result: no
configure:5054: checking for basename
configure:5091: cc -o conftest -O -fcommon   conftest.c -lz  >&5
configure:5094: $? = 0
configure:5097: test -s conftest
configure:5100: $? = 0
configure:5110: result: yes
configure:5054: checking for devname
configure:5091: cc -o conftest -O -fcommon   conftest.c -lz  >&5
/usr/bin/ld: /tmp/ccnoddIg.o: in function `main':
conftest.c:(.text+0x3): undefined reference to `devname'
collect2: error: ld returned 1 exit status
configure:5094: $? = 1
configure: failed program was:
#line 5060 "configure"
#include "confdefs.h"
/* System header to define __stub macros and hopefully few prototypes,
    which can conflict with char devname (); below.  */
#include <assert.h>
/* Override any gcc2 internal prototype to avoid an error.  */
#ifdef __cplusplus
extern "C"
#endif
/* We use char because int might match the return type of a gcc2
   builtin and then its argument prototype would still apply.  */
char devname ();
char (*f) ();

int
main ()
{
/* The GNU C library defines this for functions which it implements
    to always fail with ENOSYS.  Some functions are actually named
    something starting with __ and the normal name is an alias.  */
#if defined (__stub_devname) || defined (__stub___devname)
choke me
#else
f = devname;
#endif

  ;
  return 0;
}
configure:5110: result: no
configure:5054: checking for dirfd
configure:5091: cc -o conftest -O -fcommon   conftest.c -lz  >&5
configure:5094: $? = 0
configure:5097: test -s conftest
configure:5100: $? = 0
configure:5110: result: yes
configure:5054: checking for dirname
configure:5091: cc -o conftest -O -fcommon   conftest.c -lz  >&5
configure:5094: $? = 0
configure:5097: test -s conftest
configure:5100: $? = 0
configure:5110: result: yes
configure:5054: checking for dprintf
configure:5091: cc -o conftest -O -fcommon   conftest.c -lz  >&5
configure:5094: $? = 0
configure:5097: test -s conftest
configure:5100: $? = 0
configure:5110: result: yes
configure:5054: checking for esetfunc
configure:5091: cc -o conftest -O -fcommon   conftest.c -lz  >&5
/usr/bin/ld: /tmp/ccuAFZfW.o: in function `main':
conftest.c:(.text+0x3): undefined reference to `esetfunc'
collect2: error: ld returned 1 exit status
configure:5094: $? = 1
configure: failed program was:
#line 5060 "configure"
#include "confdefs.h"
/* System header to define __stub macros and hopefully few prototypes,
    which can conflict with char esetfunc (); below.  */
#include <assert.h>
/* Override any gcc2 internal prototype to avoid an error.  */
#ifdef __cplusplus
extern "C"
#endif
/* We use char because int might match the return type of a gcc2
   builtin and then its argument prototype would still apply.  */
char esetfunc ();
char (*f) ();

int
main ()
{
/* The GNU C library defines this for functions which it implements
    to always fail with ENOSYS.  Some functions are actually named
    something starting with __ and the normal name is an alias.  */
#if defined (__stub_esetfunc) || defined (__stub___esetfunc)
choke me
#else
f = esetfunc;
#endif

  ;
  return 0;
}
configure:5110: result: no
configure:5054: checking for fgetln
configure:5091: cc -o conftest -O -fcommon   conftest.c -lz  >&5
/usr/bin/ld: /tmp/ccB4hIP8.o: in function `main':
conftest.c:(.text+0x3): undefined reference to `fgetln'
collect2: error: ld returned 1 exit status
configure:5094: $? = 1
configure: failed program was:
#line 5060 "configure"
#include "confdefs.h"
/* System header to define __stub macros and hopefully few prototypes,
    which can conflict with char fgetln (); below.  */
#include <assert.h>
/* Override any gcc2 internal prototype to avoid an error.  */
#ifdef __cplusplus
extern "C"
#endif
/* We use char because int might match the return type of a gcc2
   builtin and then its argument prototype would still apply.  */
char fgetln ();
char (*f) ();

int
main ()
{
/* The GNU C library defines this for functions which it implements
    to always fail with ENOSYS.  Some functions are actually named
    something starting with __ and the normal name is an alias.  */
#if defined (__stub_fgetln) || defined (__stub___fgetln)
choke me
#else
f = fgetln;
#endif

  ;
  return 0;
}
configure:5110: result: no
configure:5054: checking for flock
configure:5091: cc -o conftest -O -fcommon   conftest.c -lz  >&5
configure:5094: $? = 0
configure:5097: test -s conftest
configure:5100: $? = 0
configure:5110: result: yes
configure:5054: checking for fpurge
configure:5091: cc -o conftest -O -fcommon   conftest.c -lz  >&5
/usr/bin/ld: /tmp/cc5Dw3ub.o: in function `main':
conftest.c:(.text+0x3): undefined reference to `fpurge'
collect2: error: ld returned 1 exit status
configure:5094: $? = 1
configure: failed program was:
#line 5060 "configure"
#include "confdefs.h"
/* System header to define __stub macros and hopefully few prototypes,
    which can conflict with char fpurge (); below.  */
#include <assert.h>
/* Override any gcc2 internal prototype to avoid an error.  */
#ifdef __cplusplus
extern "C"
#endif
/* We use char because int might match the return type of a gcc2
   builtin and then its argument prototype would still apply.  */
char fpurge ();
char (*f) ();

int
main ()
{
/* The GNU C library defines this for functions which it implements
    to always fail with ENOSYS.  Some functions are actually named
    something starting with __ and the normal name is an alias.  */
#if defined (__stub_fpurge) || defined (__stub___fpurge)
choke me
#else
f = fpurge;
#endif

  ;
  return 0;
}
configure:5110: result: no
configure:5054: checking for __fpurge
configure:5091: cc -o conftest -O -fcommon   conftest.c -lz  >&5
configure:5094: $? = 0
configure:5097: test -s conftest
configure:5100: $? = 0
configure:5110: result: yes
configure:5054: checking for futimes
configure:5091: cc -o conftest -O -fcommon   conftest.c -lz  >&5
configure:5094: $? = 0
configure:5097: test -s conftest
configure:5100: $? = 0
configure:5110: result: yes
configure:5054: checking for getline
configure:5091: cc -o conftest -O -fcommon   conftest.c -lz  >&5
configure:5094: $? = 0
configure:5097: test -s conftest
configure:5100: $? = 0
configure:5110: result: yes
configure:5054: checking for getopt
configure:5091: cc -o conftest -O -fcommon   conftest.c -lz  >&5
configure:5094: $? = 0
configure:5097: test -s conftest
configure:5100: $? = 0
configure:5110: result: yes
configure:5054: checking for getopt_long
configure:5091: cc -o conftest -O -fcommon   conftest.c -lz  >&5
configure:5094: $? = 0
configure:5097: test -s conftest
configure:5100: $? = 0
configure:5110: result: yes
configure:5054: checking for group_from_gid
configure:5091: cc -o conftest -O -fcommon   conftest.c -lz  >&5
/usr/bin/ld: /tmp/ccrZD9cH.o: in function `main':
conftest.c:(.text+0x3): undefined reference to `group_from_gid'
collect2: error: ld returned 1 exit status
configure:5094: $? = 1
configure: failed program was:
#line 5060 "configure"
#include "confdefs.h"
/* System header to define __stub macros and hopefully few prototypes,
    which can conflict with char group_from_gid (); below.  */
#include <assert.h>
/* Override any gcc2 internal prototype to avoid an error.  */
#ifdef __cplusplus
extern "C"
#endif
/* We use char because int might match the return type of a gcc2
   builtin and then its argument prototype would still apply.  */
char group_from_gid ();
char (*f) ();

int
main ()
{
/* The GNU C library defines this for functions which it implements
    to always fail with ENOSYS.  Some functions are actually named
    something starting with __ and the normal name is an alias.  */
#if defined (__stub_group_from_gid) || defined (__stub___group_from_gid)
choke me
#else
f = group_from_gid;
#endif

  ;
  return 0;
}
configure:5110: result: no
configure:5054: checking for gid_from_group
configure:5091: cc -o conftest -O -fcommon   conftest.c -lz  >&5
/usr/bin/ld: /tmp/cc0IW2kq.o: in function `main':
conftest.c:(.text+0x3): undefined reference to `gid_from_group'
collect2: error: ld returned 1 exit status
configure:5094: $? = 1
configure: failed program was:
#line 5060 "configure"
#include "confdefs.h"
/* System header to define __stub macros and hopefully few prototypes,
    which can conflict with char gid_from_group (); below.  */
#include <assert.h>
/* Override any gcc2 internal prototype to avoid an error.  */
#ifdef __cplusplus
extern "C"
#endif
/* We use char because int might match the return type of a gcc2
   builtin and then its argument prototype would still apply.  */
char gid_from_group ();
char (*f) ();

int
main ()
{
/* The GNU C library defines this for functions which it implements
    to always fail with ENOSYS.  Some functions are actually named
    something starting with __ and the normal name is an alias.  */
#if defined (__stub_gid_from_group) || defined (__stub___gid_from_group)
choke me
#else
f = gid_from_group;
#endif

  ;
  return 0;
}
configure:5110: result: no
configure:5054: checking for heapsort
configure:5091: cc -o conftest -O -fcommon   conftest.c -lz  >&5
/usr/bin/ld: /tmp/ccvUI4iJ.o: in function `main':
conftest.c:(.text+0x3): undefined reference to `heapsort'
collect2: error: ld returned 1 exit status
configure:5094: $? = 1
configure: failed program was:
#line 5060 "configure"
#include "confdefs.h"
/* System header to define __stub macros and hopefully few prototypes,
    which can conflict with char heapsort (); below.  */
#include <assert.h>
/* Override any gcc2 internal prototype to avoid an error.  */
#ifdef __cplusplus
extern "C"
#endif
/* We use char because int might match the return type of a gcc2
   builtin and then its argument prototype would still apply.  */
char heapsort ();
char (*f) ();

int
main ()
{
/* The GNU C library defines this for functions which it implements
    to always fail with ENOSYS.  Some functions are actually named
    something starting with __ and the normal name is an alias.  */
#if defined (__stub_heapsort) || defined (__stub___heapsort)
choke me
#else
f = heapsort;
#endif

  ;
  return 0;
}
configure:5110: result: no
configure:5054: checking for isblank
configure:5091: cc -o conftest -O -fcommon   conftest.c -lz  >&5
configure:5070:6: warning: conflicting types for built-in function 'isblank'; expected 'int(int)' [-Wbuiltin-declaration-mismatch]
configure:5064:1: note: 'isblank' is declared in header '<ctype.h>'
configure:5094: $? = 0
configure:5097: test -s conftest
configure:5100: $? = 0
configure:5110: result: yes
configure:5054: checking for issetugid
configure:5091: cc -o conftest -O -fcommon   conftest.c -lz  >&5
/usr/bin/ld: /tmp/ccrldaYP.o: in function `main':
conftest.c:(.text+0x3): undefined reference to `issetugid'
collect2: error: ld returned 1 exit status
configure:5094: $? = 1
configure: failed program was:
#line 5060 "configure"
#include "confdefs.h"
/* System header to define __stub macros and hopefully few prototypes,
    which can conflict with char issetugid (); below.  */
#include <assert.h>
/* Override any gcc2 internal prototype to avoid an error.  */
#ifdef __cplusplus
extern "C"
#endif
/* We use char because int might match the return type of a gcc2
   builtin and then its argument prototype would still apply.  */
char issetugid ();
char (*f) ();

int
main ()
{
/* The GNU C library defines this for functions which it implements
    to always fail with ENOSYS.  Some functions are actually named
    something starting with __ and the normal name is an alias.  */
#if defined (__stub_issetugid) || defined (__stub___issetugid)
choke me
#else
f = issetugid;
#endif

  ;
  return 0;
}
configure:5110: result: no
configure:5054: checking for lchflags
configure:5091: cc -o conftest -O -fcommon   conftest.c -lz  >&5
/usr/bin/ld: /tmp/ccDympTw.o: in function `main':
conftest.c:(.text+0x3): undefined reference to `lchflags'
collect2: error: ld returned 1 exit status
configure:5094: $? = 1
configure: failed program was:
#line 5060 "configure"
#include "confdefs.h"
/* System header to define __stub macros and hopefully few prototypes,
    which can conflict with char lchflags (); below.  */
#include <assert.h>
/* Override any gcc2 internal prototype to avoid an error.  */
#ifdef __cplusplus
extern "C"
#endif
/* We use char because int might match the return type of a gcc2
   builtin and then its argument prototype would still apply.  */
char lchflags ();
char (*f) ();

int
main ()
{
/* The GNU C library defines this for functions which it implements
    to always fail with ENOSYS.  Some functions are actually named
    something starting with __ and the normal name is an alias.  */
#if defined (__stub_lchflags) || defined (__stub___lchflags)
choke me
#else
f = lchflags;
#endif

  ;
  return 0;
}
configure:5110: result: no
configure:5054: checking for lchmod
configure:5091: cc -o conftest -O -fcommon   conftest.c -lz  >&5
configure:5094: $? = 0
configure:5097: test -s conftest
configure:5100: $? = 0
configure:5110: result: yes
configure:5054: checking for lchown
configure:5091: cc -o conftest -O -fcommon   conftest.c -lz  >&5
configure:5094: $? = 0
configure:5097: test -s conftest
configure:5100: $? = 0
configure:5110: result: yes
configure:5054: checking for lutimes
configure:5091: cc -o conftest -O -fcommon   conftest.c -lz  >&5
configure:5094: $? = 0
configure:5097: test -s conftest
configure:5100: $? = 0
configure:5110: result: yes
configure:5054: checking for mkstemp
configure:5091: cc -o conftest -O -fcommon   conftest.c -lz  >&5
configure:5094: $? = 0
configure:5097: test -s conftest
configure:5100: $? = 0
configure:5110: result: yes
configure:5054: checking for mkdtemp
configure:5091: cc -o conftest -O -fcommon   conftest.c -lz  >&5
configure:5094: $? = 0
configure:5097: test -s conftest
configure:5100: $? = 0
configure:5110: result: yes
configure:5054: checking for poll
configure:5091: cc -o conftest -O -fcommon   conftest.c -lz  >&5
configure:5094: $? = 0
configure:5097: test -s conftest
configure:5100: $? = 0
configure:5110: result: yes
configure:5054: checking for pread
configure:5091: cc -o conftest -O -fcommon   conftest.c -lz  >&5
configure:5094: $? = 0
configure:5097: test -s conftest
configure:5100: $? = 0
configure:5110: result: yes
configure:5054: checking for putc_unlocked
configure:5091: cc -o conftest -O -fcommon   conftest.c -lz  >&5
configure:5070:6: warning: conflicting types for built-in function 'putc_unlocked'; expected 'int(int,  void *)' [-Wbuiltin-declaration-mismatch]
configure:5094: $? = 0
configure:5097: test -s conftest
configure:5100: $? = 0
configure:5110: result: yes
configure:5054: checking for pwcache_userdb
configure:5091: cc -o conftest -O -fcommon   conftest.c -lz  >&5
/usr/bin/ld: /tmp/ccBByRzP.o: in function `main':
conftest.c:(.text+0x3): undefined reference to `pwcache_userdb'
collect2: error: ld returned 1 exit status
configure:5094: $? = 1
configure: failed program was:
#line 5060 "configure"
#include "confdefs.h"
/* System header to define __stub macros and hopefully few prototypes,
    which can conflict with char pwcache_userdb (); below.  */
#include <assert.h>
/* Override any gcc2 internal prototype to avoid an error.  */
#ifdef __cplusplus
extern "C"
#endif
/* We use char because int might match the return type of a gcc2
   builtin and then its argument prototype would still apply.  */
char pwcache_userdb ();
char (*f) ();

int
main ()
{
/* The GNU C library defines this for functions which it implements
    to always fail with ENOSYS.  Some functions are actually named
    something starting with __ and the normal name is an alias.  */
#if defined (__stub_pwcache_userdb) || defined (__stub___pwcache_userdb)
choke me
#else
f = pwcache_userdb;
#endif

  ;
  return 0;
}
configure:5110: result: no
configure:5054: checking for pwcache_groupdb
configure:5091: cc -o conftest -O -fcommon   conftest.c -lz  >&5
/usr/bin/ld: /tmp/ccpecF2v.o: in function `main':
conftest.c:(.text+0x3): undefined reference to `pwcache_groupdb'
collect2: error: ld returned 1 exit status
configure:5094: $? = 1
configure: failed program was:
#line 5060 "configure"
#include "confdefs.h"
/* System header to define __stub macros and hopefully few prototypes,
    which can conflict with char pwcache_groupdb (); below.  */
#include <assert.h>
/* Override any gcc2 internal prototype to avoid an error.  */
#ifdef __cplusplus
extern "C"
#endif
/* We use char because int might match the return type of a gcc2
   builtin and then its argument prototype would still apply.  */
char pwcache_groupdb ();
char (*f) ();

int
main ()
{
/* The GNU C library defines this for functions which it implements
    to always fail with ENOSYS.  Some functions are actually named
    something starting with __ and the normal name is an alias.  */
#if defined (__stub_pwcache_groupdb) || defined (__stub___pwcache_groupdb)
choke me
#else
f = pwcache_groupdb;
#endif

  ;
  return 0;
}
configure:5110: result: no
configure:5054: checking for pwrite
configure:5091: cc -o conftest -O -fcommon   conftest.c -lz  >&5
configure:5094: $? = 0
configure:5097: test -s conftest
configure:5100: $? = 0
configure:5110: result: yes
configure:5054: checking for raise_default_signal
configure:5091: cc -o conftest -O -fcommon   conftest.c -lz  >&5
/usr/bin/ld: /tmp/ccGzHTs5.o: in function `main':
conftest.c:(.text+0x3): undefined reference to `raise_default_signal'
collect2: error: ld returned 1 exit status
configure:5094: $? = 1
configure: failed program was:
#line 5060 "configure"
#include "confdefs.h"
/* System header to define __stub macros and hopefully few prototypes,
    which can conflict with char raise_default_signal (); below.  */
#include <assert.h>
/* Override any gcc2 internal prototype to avoid an error.  */
#ifdef __cplusplus
extern "C"
#endif
/* We use char because int might match the return type of a gcc2
   builtin and then its argument prototype would still apply.  */
char raise_default_signal ();
char (*f) ();

int
main ()
{
/* The GNU C library defines this for functions which it implements
    to always fail with ENOSYS.  Some functions are actually named
    something starting with __ and the normal name is an alias.  */
#if defined (__stub_raise_default_signal) || defined (__stub___raise_default_signal)
choke me
#else
f = raise_default_signal;
#endif

  ;
  return 0;
}
configure:5110: result: no
configure:5054: checking for random
configure:5091: cc -o conftest -O -fcommon   conftest.c -lz  >&5
configure:5094: $? = 0
configure:5097: test -s conftest
configure:5100: $? = 0
configure:5110: result: yes
configure:5054: checking for reallocarr
configure:5091: cc -o conftest -O -fcommon   conftest.c -lz  >&5
/usr/bin/ld: /tmp/ccTHjNj2.o: in function `main':
conftest.c:(.text+0x3): undefined reference to `reallocarr'
collect2: error: ld returned 1 exit status
configure:5094: $? = 1
configure: failed program was:
#line 5060 "configure"
#include "confdefs.h"
/* System header to define __stub macros and hopefully few prototypes,
    which can conflict with char reallocarr (); below.  */
#include <assert.h>
/* Override any gcc2 internal prototype to avoid an error.  */
#ifdef __cplusplus
extern "C"
#endif
/* We use char because int might match the return type of a gcc2
   builtin and then its argument prototype would still apply.  */
char reallocarr ();
char (*f) ();

int
main ()
{
/* The GNU C library defines this for functions which it implements
    to always fail with ENOSYS.  Some functions are actually named
    something starting with __ and the normal name is an alias.  */
#if defined (__stub_reallocarr) || defined (__stub___reallocarr)
choke me
#else
f = reallocarr;
#endif

  ;
  return 0;
}
configure:5110: result: no
configure:5054: checking for setenv
configure:5091: cc -o conftest -O -fcommon   conftest.c -lz  >&5
configure:5094: $? = 0
configure:5097: test -s conftest
configure:5100: $? = 0
configure:5110: result: yes
configure:5054: checking for setgroupent
configure:5091: cc -o conftest -O -fcommon   conftest.c -lz  >&5
/usr/bin/ld: /tmp/ccu8TBvP.o: in function `main':
conftest.c:(.text+0x3): undefined reference to `setgroupent'
collect2: error: ld returned 1 exit status
configure:5094: $? = 1
configure: failed program was:
#line 5060 "configure"
#include "confdefs.h"
/* System header to define __stub macros and hopefully few prototypes,
    which can conflict with char setgroupent (); below.  */
#include <assert.h>
/* Override any gcc2 internal prototype to avoid an error.  */
#ifdef __cplusplus
extern "C"
#endif
/* We use char because int might match the return type of a gcc2
   builtin and then its argument prototype would still apply.  */
char setgroupent ();
char (*f) ();

int
main ()
{
/* The GNU C library defines this for functions which it implements
    to always fail with ENOSYS.  Some functions are actually named
    something starting with __ and the normal name is an alias.  */
#if defined (__stub_setgroupent) || defined (__stub___setgroupent)
choke me
#else
f = setgroupent;
#endif

  ;
  return 0;
}
configure:5110: result: no
configure:5054: checking for setprogname
configure:5091: cc -o conftest -O -fcommon   conftest.c -lz  >&5
/usr/bin/ld: /tmp/ccfvFJ6a.o: in function `main':
conftest.c:(.text+0x3): undefined reference to `setprogname'
collect2: error: ld returned 1 exit status
configure:5094: $? = 1
configure: failed program was:
#line 5060 "configure"
#include "confdefs.h"
/* System header to define __stub macros and hopefully few prototypes,
    which can conflict with char setprogname (); below.  */
#include <assert.h>
/* Override any gcc2 internal prototype to avoid an error.  */
#ifdef __cplusplus
extern "C"
#endif
/* We use char because int might match the return type of a gcc2
   builtin and then its argument prototype would still apply.  */
char setprogname ();
char (*f) ();

int
main ()
{
/* The GNU C library defines this for functions which it implements
    to always fail with ENOSYS.  Some functions are actually named
    something starting with __ and the normal name is an alias.  */
#if defined (__stub_setprogname) || defined (__stub___setprogname)
choke me
#else
f = setprogname;
#endif

  ;
  return 0;
}
configure:5110: result: no
configure:5054: checking for setpassent
configure:5091: cc -o conftest -O -fcommon   conftest.c -lz  >&5
/usr/bin/ld: /tmp/ccvddUrA.o: in function `main':
conftest.c:(.text+0x3): undefined reference to `setpassent'
collect2: error: ld returned 1 exit status
configure:5094: $? = 1
configure: failed program was:
#line 5060 "configure"
#include "confdefs.h"
/* System header to define __stub macros and hopefully few prototypes,
    which can conflict with char setpassent (); below.  */
#include <assert.h>
/* Override any gcc2 internal prototype to avoid an error.  */
#ifdef __cplusplus
extern "C"
#endif
/* We use char because int might match the return type of a gcc2
   builtin and then its argument prototype would still apply.  */
char setpassent ();
char (*f) ();

int
main ()
{
/* The GNU C library defines this for functions which it implements
    to always fail with ENOSYS.  Some functions are actually named
    something starting with __ and the normal name is an alias.  */
#if defined (__stub_setpassent) || defined (__stub___setpassent)
choke me
#else
f = setpassent;
#endif

  ;
  return 0;
}
configure:5110: result: no
configure:5054: checking for snprintb_m
configure:5091: cc -o conftest -O -fcommon   conftest.c -lz  >&5
/usr/bin/ld: /tmp/ccFEGQ6m.o: in function `main':
conftest.c:(.text+0x3): undefined reference to `snprintb_m'
collect2: error: ld returned 1 exit status
configure:5094: $? = 1
configure: failed program was:
#line 5060 "configure"
#include "confdefs.h"
/* System header to define __stub macros and hopefully few prototypes,
    which can conflict with char snprintb_m (); below.  */
#include <assert.h>
/* Override any gcc2 internal prototype to avoid an error.  */
#ifdef __cplusplus
extern "C"
#endif
/* We use char because int might match the return type of a gcc2
   builtin and then its argument prototype would still apply.  */
char snprintb_m ();
char (*f) ();

int
main ()
{
/* The GNU C library defines this for functions which it implements
    to always fail with ENOSYS.  Some functions are actually named
    something starting with __ and the normal name is an alias.  */
#if defined (__stub_snprintb_m) || defined (__stub___snprintb_m)
choke me
#else
f = snprintb_m;
#endif

  ;
  return 0;
}
configure:5110: result: no
configure:5054: checking for snprintf
configure:5091: cc -o conftest -O -fcommon   conftest.c -lz  >&5
configure:5070:6: warning: conflicting types for built-in function 'snprintf'; expected 'int(char *, long unsigned int,  const char *, ...)' [-Wbuiltin-declaration-mismatch]
configure:5064:1: note: 'snprintf' is declared in header '<stdio.h>'
configure:5094: $? = 0
configure:5097: test -s conftest
configure:5100: $? = 0
configure:5110: result: yes
configure:5054: checking for strlcat
configure:5091: cc -o conftest -O -fcommon   conftest.c -lz  >&5
configure:5094: $? = 0
configure:5097: test -s conftest
configure:5100: $? = 0
configure:5110: result: yes
configure:5054: checking for strlcpy
configure:5091: cc -o conftest -O -fcommon   conftest.c -lz  >&5
configure:5094: $? = 0
configure:5097: test -s conftest
configure:5100: $? = 0
configure:5110: result: yes
configure:5054: checking for strmode
configure:5091: cc -o conftest -O -fcommon   conftest.c -lz  >&5
/usr/bin/ld: /tmp/cc5ZkODd.o: in function `main':
conftest.c:(.text+0x3): undefined reference to `strmode'
collect2: error: ld returned 1 exit status
configure:5094: $? = 1
configure: failed program was:
#line 5060 "configure"
#include "confdefs.h"
/* System header to define __stub macros and hopefully few prototypes,
    which can conflict with char strmode (); below.  */
#include <assert.h>
/* Override any gcc2 internal prototype to avoid an error.  */
#ifdef __cplusplus
extern "C"
#endif
/* We use char because int might match the return type of a gcc2
   builtin and then its argument prototype would still apply.  */
char strmode ();
char (*f) ();

int
main ()
{
/* The GNU C library defines this for functions which it implements
    to always fail with ENOSYS.  Some functions are actually named
    something starting with __ and the normal name is an alias.  */
#if defined (__stub_strmode) || defined (__stub___strmode)
choke me
#else
f = strmode;
#endif

  ;
  return 0;
}
configure:5110: result: no
configure:5054: checking for strndup
configure:5091: cc -o conftest -O -fcommon   conftest.c -lz  >&5
configure:5070:6: warning: conflicting types for built-in function 'strndup'; expected 'char *(const char *, long unsigned int)' [-Wbuiltin-declaration-mismatch]
configure:5094: $? = 0
configure:5097: test -s conftest
configure:5100: $? = 0
configure:5110: result: yes
configure:5054: checking for strnlen
configure:5091: cc -o conftest -O -fcommon   conftest.c -lz  >&5
configure:5070:6: warning: conflicting types for built-in function 'strnlen'; expected 'long unsigned int(const char *, long unsigned int)' [-Wbuiltin-declaration-mismatch]
configure:5094: $? = 0
configure:5097: test -s conftest
configure:5100: $? = 0
configure:5110: result: yes
configure:5054: checking for strsep
configure:5091: cc -o conftest -O -fcommon   conftest.c -lz  >&5
configure:5094: $? = 0
configure:5097: test -s conftest
configure:5100: $? = 0
configure:5110: result: yes
configure:5054: checking for strsuftoll
configure:5091: cc -o conftest -O -fcommon   conftest.c -lz  >&5
/usr/bin/ld: /tmp/cciJcH2K.o: in function `main':
conftest.c:(.text+0x3): undefined reference to `strsuftoll'
collect2: error: ld returned 1 exit status
configure:5094: $? = 1
configure: failed program was:
#line 5060 "configure"
#include "confdefs.h"
/* System header to define __stub macros and hopefully few prototypes,
    which can conflict with char strsuftoll (); below.  */
#include <assert.h>
/* Override any gcc2 internal prototype to avoid an error.  */
#ifdef __cplusplus
extern "C"
#endif
/* We use char because int might match the return type of a gcc2
   builtin and then its argument prototype would still apply.  */
char strsuftoll ();
char (*f) ();

int
main ()
{
/* The GNU C library defines this for functions which it implements
    to always fail with ENOSYS.  Some functions are actually named
    something starting with __ and the normal name is an alias.  */
#if defined (__stub_strsuftoll) || defined (__stub___strsuftoll)
choke me
#else
f = strsuftoll;
#endif

  ;
  return 0;
}
configure:5110: result: no
configure:5054: checking for strtoi
configure:5091: cc -o conftest -O -fcommon   conftest.c -lz  >&5
/usr/bin/ld: /tmp/ccDVOp7s.o: in function `main':
conftest.c:(.text+0x3): undefined reference to `strtoi'
collect2: error: ld returned 1 exit status
configure:5094: $? = 1
configure: failed program was:
#line 5060 "configure"
#include "confdefs.h"
/* System header to define __stub macros and hopefully few prototypes,
    which can conflict with char strtoi (); below.  */
#include <assert.h>
/* Override any gcc2 internal prototype to avoid an error.  */
#ifdef __cplusplus
extern "C"
#endif
/* We use char because int might match the return type of a gcc2
   builtin and then its argument prototype would still apply.  */
char strtoi ();
char (*f) ();

int
main ()
{
/* The GNU C library defines this for functions which it implements
    to always fail with ENOSYS.  Some functions are actually named
    something starting with __ and the normal name is an alias.  */
#if defined (__stub_strtoi) || defined (__stub___strtoi)
choke me
#else
f = strtoi;
#endif

  ;
  return 0;
}
configure:5110: result: no
configure:5054: checking for strtoll
configure:5091: cc -o conftest -O -fcommon   conftest.c -lz  >&5
configure:5094: $? = 0
configure:5097: test -s conftest
configure:5100: $? = 0
configure:5110: result: yes
configure:5054: checking for strtou
configure:5091: cc -o conftest -O -fcommon   conftest.c -lz  >&5
/usr/bin/ld: /tmp/ccPutlUf.o: in function `main':
conftest.c:(.text+0x3): undefined reference to `strtou'
collect2: error: ld returned 1 exit status
configure:5094: $? = 1
configure: failed program was:
#line 5060 "configure"
#include "confdefs.h"
/* System header to define __stub macros and hopefully few prototypes,
    which can conflict with char strtou (); below.  */
#include <assert.h>
/* Override any gcc2 internal prototype to avoid an error.  */
#ifdef __cplusplus
extern "C"
#endif
/* We use char because int might match the return type of a gcc2
   builtin and then its argument prototype would still apply.  */
char strtou ();
char (*f) ();

int
main ()
{
/* The GNU C library defines this for functions which it implements
    to always fail with ENOSYS.  Some functions are actually named
    something starting with __ and the normal name is an alias.  */
#if defined (__stub_strtou) || defined (__stub___strtou)
choke me
#else
f = strtou;
#endif

  ;
  return 0;
}
configure:5110: result: no
configure:5054: checking for user_from_uid
configure:5091: cc -o conftest -O -fcommon   conftest.c -lz  >&5
/usr/bin/ld: /tmp/ccdXXzTR.o: in function `main':
conftest.c:(.text+0x3): undefined reference to `user_from_uid'
collect2: error: ld returned 1 exit status
configure:5094: $? = 1
configure: failed program was:
#line 5060 "configure"
#include "confdefs.h"
/* System header to define __stub macros and hopefully few prototypes,
    which can conflict with char user_from_uid (); below.  */
#include <assert.h>
/* Override any gcc2 internal prototype to avoid an error.  */
#ifdef __cplusplus
extern "C"
#endif
/* We use char because int might match the return type of a gcc2
   builtin and then its argument prototype would still apply.  */
char user_from_uid ();
char (*f) ();

int
main ()
{
/* The GNU C library defines this for functions which it implements
    to always fail with ENOSYS.  Some functions are actually named
    something starting with __ and the normal name is an alias.  */
#if defined (__stub_user_from_uid) || defined (__stub___user_from_uid)
choke me
#else
f = user_from_uid;
#endif

  ;
  return 0;
}
configure:5110: result: no
configure:5054: checking for uid_from_user
configure:5091: cc -o conftest -O -fcommon   conftest.c -lz  >&5
/usr/bin/ld: /tmp/ccAYiCJw.o: in function `main':
conftest.c:(.text+0x3): undefined reference to `uid_from_user'
collect2: error: ld returned 1 exit status
configure:5094: $? = 1
configure: failed program was:
#line 5060 "configure"
#include "confdefs.h"
/* System header to define __stub macros and hopefully few prototypes,
    which can conflict with char uid_from_user (); below.  */
#include <assert.h>
/* Override any gcc2 internal prototype to avoid an error.  */
#ifdef __cplusplus
extern "C"
#endif
/* We use char because int might match the return type of a gcc2
   builtin and then its argument prototype would still apply.  */
char uid_from_user ();
char (*f) ();

int
main ()
{
/* The GNU C library defines this for functions which it implements
    to always fail with ENOSYS.  Some functions are actually named
    something starting with __ and the normal name is an alias.  */
#if defined (__stub_uid_from_user) || defined (__stub___uid_from_user)
choke me
#else
f = uid_from_user;
#endif

  ;
  return 0;
}
configure:5110: result: no
configure:5054: checking for vasprintf
configure:5091: cc -o conftest -O -fcommon   conftest.c -lz  >&5
configure:5094: $? = 0
configure:5097: test -s conftest
configure:5100: $? = 0
configure:5110: result: yes
configure:5054: checking for vasnprintf
configure:5091: cc -o conftest -O -fcommon   conftest.c -lz  >&5
/usr/bin/ld: /tmp/ccg5VAg5.o: in function `main':
conftest.c:(.text+0x3): undefined reference to `vasnprintf'
collect2: error: ld returned 1 exit status
configure:5094: $? = 1
configure: failed program was:
#line 5060 "configure"
#include "confdefs.h"
/* System header to define __stub macros and hopefully few prototypes,
    which can conflict with char vasnprintf (); below.  */
#include <assert.h>
/* Override any gcc2 internal prototype to avoid an error.  */
#ifdef __cplusplus
extern "C"
#endif
/* We use char because int might match the return type of a gcc2
   builtin and then its argument prototype would still apply.  */
char vasnprintf ();
char (*f) ();

int
main ()
{
/* The GNU C library defines this for functions which it implements
    to always fail with ENOSYS.  Some functions are actually named
    something starting with __ and the normal name is an alias.  */
#if defined (__stub_vasnprintf) || defined (__stub___vasnprintf)
choke me
#else
f = vasnprintf;
#endif

  ;
  return 0;
}
configure:5110: result: no
configure:5054: checking for vsnprintf
configure:5091: cc -o conftest -O -fcommon   conftest.c -lz  >&5
configure:5070:6: warning: conflicting types for built-in function 'vsnprintf'; expected 'int(char *, long unsigned int,  const char *, __va_list_tag *)' [-Wbuiltin-declaration-mismatch]
configure:5064:1: note: 'vsnprintf' is declared in header '<stdio.h>'
configure:5094: $? = 0
configure:5097: test -s conftest
configure:5100: $? = 0
configure:5110: result: yes
configure:5120: checking whether user_from_uid is declared
configure:5143: cc -c -O -fcommon  conftest.c >&5
configure: In function 'main':
configure:5134:22: error: 'user_from_uid' undeclared (first use in this function)
configure:5134:22: note: each undeclared identifier is reported only once for each function it appears in
configure:5146: $? = 1
configure: failed program was:
#line 5126 "configure"
#include "confdefs.h"

#include <pwd.h>

int
main ()
{
#ifndef user_from_uid
  char *p = (char *) user_from_uid;
#endif

  ;
  return 0;
}
configure:5162: result: no
configure:5176: checking whether uid_from_user is declared
configure:5199: cc -c -O -fcommon  conftest.c >&5
configure: In function 'main':
configure:5190:22: error: 'uid_from_user' undeclared (first use in this function)
configure:5190:22: note: each undeclared identifier is reported only once for each function it appears in
configure:5202: $? = 1
configure: failed program was:
#line 5182 "configure"
#include "confdefs.h"

#include <pwd.h>

int
main ()
{
#ifndef uid_from_user
  char *p = (char *) uid_from_user;
#endif

  ;
  return 0;
}
configure:5218: result: no
configure:5232: checking whether pwcache_userdb is declared
configure:5255: cc -c -O -fcommon  conftest.c >&5
configure: In function 'main':
configure:5246:22: error: 'pwcache_userdb' undeclared (first use in this function)
configure:5246:22: note: each undeclared identifier is reported only once for each function it appears in
configure:5258: $? = 1
configure: failed program was:
#line 5238 "configure"
#include "confdefs.h"

#include <pwd.h>

int
main ()
{
#ifndef pwcache_userdb
  char *p = (char *) pwcache_userdb;
#endif

  ;
  return 0;
}
configure:5274: result: no
configure:5289: checking whether group_from_gid is declared
configure:5312: cc -c -O -fcommon  conftest.c >&5
configure: In function 'main':
configure:5303:22: error: 'group_from_gid' undeclared (first use in this function)
configure:5303:22: note: each undeclared identifier is reported only once for each function it appears in
configure:5315: $? = 1
configure: failed program was:
#line 5295 "configure"
#include "confdefs.h"

#include <grp.h>

int
main ()
{
#ifndef group_from_gid
  char *p = (char *) group_from_gid;
#endif

  ;
  return 0;
}
configure:5331: result: no
configure:5345: checking whether gid_from_group is declared
configure:5368: cc -c -O -fcommon  conftest.c >&5
configure: In function 'main':
configure:5359:22: error: 'gid_from_group' undeclared (first use in this function)
configure:5359:22: note: each undeclared identifier is reported only once for each function it appears in
configure:5371: $? = 1
configure: failed program was:
#line 5351 "configure"
#include "confdefs.h"

#include <grp.h>

int
main ()
{
#ifndef gid_from_group
  char *p = (char *) gid_from_group;
#endif

  ;
  return 0;
}
configure:5387: result: no
configure:5401: checking whether pwcache_groupdb is declared
configure:5424: cc -c -O -fcommon  conftest.c >&5
configure: In function 'main':
configure:5415:22: error: 'pwcache_groupdb' undeclared (first use in this function)
configure:5415:22: note: each undeclared identifier is reported only once for each function it appears in
configure:5427: $? = 1
configure: failed program was:
#line 5407 "configure"
#include "confdefs.h"

#include <grp.h>

int
main ()
{
#ifndef pwcache_groupdb
  char *p = (char *) pwcache_groupdb;
#endif

  ;
  return 0;
}
configure:5443: result: no
configure:5458: checking whether strndup is declared
configure:5480: cc -c -O -fcommon  conftest.c >&5
configure:5483: $? = 0
configure:5486: test -s conftest.o
configure:5489: $? = 0
configure:5499: result: yes
configure:5513: checking whether strnlen is declared
configure:5535: cc -c -O -fcommon  conftest.c >&5
configure:5538: $? = 0
configure:5541: test -s conftest.o
configure:5544: $? = 0
configure:5554: result: yes
configure:5569: checking whether strsuftoll is declared
configure:5591: cc -c -O -fcommon  conftest.c >&5
configure: In function 'main':
configure:5582:22: error: 'strsuftoll' undeclared (first use in this function); did you mean 'strtoll'?
configure:5582:22: note: each undeclared identifier is reported only once for each function it appears in
configure:5594: $? = 1
configure: failed program was:
#line 5575 "configure"
#include "confdefs.h"
#include <stdlib.h>

int
main ()
{
#ifndef strsuftoll
  char *p = (char *) strsuftoll;
#endif

  ;
  return 0;
}
configure:5610: result: no
configure:5625: checking whether lchflags is declared
configure:5649: cc -c -O -fcommon  conftest.c >&5
configure: In function 'main':
configure:5640:22: error: 'lchflags' undeclared (first use in this function)
configure:5640:22: note: each undeclared identifier is reported only once for each function it appears in
configure:5652: $? = 1
configure: failed program was:
#line 5631 "configure"
#include "confdefs.h"

#include <sys/stat.h>
#include <unistd.h>

int
main ()
{
#ifndef lchflags
  char *p = (char *) lchflags;
#endif

  ;
  return 0;
}
configure:5668: result: no
configure:5682: checking whether lchmod is declared
configure:5706: cc -c -O -fcommon  conftest.c >&5
configure:5709: $? = 0
configure:5712: test -s conftest.o
configure:5715: $? = 0
configure:5725: result: yes
configure:5739: checking whether lchown is declared
configure:5763: cc -c -O -fcommon  conftest.c >&5
configure:5766: $? = 0
configure:5769: test -s conftest.o
configure:5772: $? = 0
configure:5782: result: yes
configure:5797: checking whether errc is declared
configure:5822: cc -c -O -fcommon  conftest.c >&5
configure: In function 'main':
configure:5813:22: error: 'errc' undeclared (first use in this function); did you mean 'errx'?
configure:5813:22: note: each undeclared identifier is reported only once for each function it appears in
configure:5825: $? = 1
configure: failed program was:
#line 5803 "configure"
#include "confdefs.h"

#ifdef HAVE_ERR_H
#include <err.h>
#endif

int
main ()
{
#ifndef errc
  char *p = (char *) errc;
#endif

  ;
  return 0;
}
configure:5841: result: no
configure:5855: checking whether verrc is declared
configure:5880: cc -c -O -fcommon  conftest.c >&5
configure: In function 'main':
configure:5871:22: error: 'verrc' undeclared (first use in this function); did you mean 'verrx'?
configure:5871:22: note: each undeclared identifier is reported only once for each function it appears in
configure:5883: $? = 1
configure: failed program was:
#line 5861 "configure"
#include "confdefs.h"

#ifdef HAVE_ERR_H
#include <err.h>
#endif

int
main ()
{
#ifndef verrc
  char *p = (char *) verrc;
#endif

  ;
  return 0;
}
configure:5899: result: no
configure:5913: checking whether warnc is declared
configure:5938: cc -c -O -fcommon  conftest.c >&5
configure: In function 'main':
configure:5929:22: error: 'warnc' undeclared (first use in this function); did you mean 'warnx'?
configure:5929:22: note: each undeclared identifier is reported only once for each function it appears in
configure:5941: $? = 1
configure: failed program was:
#line 5919 "configure"
#include "confdefs.h"

#ifdef HAVE_ERR_H
#include <err.h>
#endif

int
main ()
{
#ifndef warnc
  char *p = (char *) warnc;
#endif

  ;
  return 0;
}
configure:5957: result: no
configure:5971: checking whether vwarnc is declared
configure:5996: cc -c -O -fcommon  conftest.c >&5
configure: In function 'main':
configure:5987:22: error: 'vwarnc' undeclared (first use in this function); did you mean 'vwarnx'?
configure:5987:22: note: each undeclared identifier is reported only once for each function it appears in
configure:5999: $? = 1
configure: failed program was:
#line 5977 "configure"
#include "confdefs.h"

#ifdef HAVE_ERR_H
#include <err.h>
#endif

int
main ()
{
#ifndef vwarnc
  char *p = (char *) vwarnc;
#endif

  ;
  return 0;
}
configure:6015: result: no
configure:6030: checking whether htobe16 is declared
configure:6052: cc -c -O -fcommon  conftest.c >&5
configure:6055: $? = 0
configure:6058: test -s conftest.o
configure:6061: $? = 0
configure:6071: result: yes
configure:6085: checking whether htobe32 is declared
configure:6107: cc -c -O -fcommon  conftest.c >&5
configure:6110: $? = 0
configure:6113: test -s conftest.o
configure:6116: $? = 0
configure:6126: result: yes
configure:6140: checking whether htobe64 is declared
configure:6162: cc -c -O -fcommon  conftest.c >&5
configure:6165: $? = 0
configure:6168: test -s conftest.o
configure:6171: $? = 0
configure:6181: result: yes
configure:6195: checking whether htole16 is declared
configure:6217: cc -c -O -fcommon  conftest.c >&5
configure:6220: $? = 0
configure:6223: test -s conftest.o
configure:6226: $? = 0
configure:6236: result: yes
configure:6250: checking whether htole32 is declared
configure:6272: cc -c -O -fcommon  conftest.c >&5
configure:6275: $? = 0
configure:6278: test -s conftest.o
configure:6281: $? = 0
configure:6291: result: yes
configure:6305: checking whether htole64 is declared
configure:6327: cc -c -O -fcommon  conftest.c >&5
configure:6330: $? = 0
configure:6333: test -s conftest.o
configure:6336: $? = 0
configure:6346: result: yes
configure:6360: checking whether be16toh is declared
configure:6382: cc -c -O -fcommon  conftest.c >&5
configure:6385: $? = 0
configure:6388: test -s conftest.o
configure:6391: $? = 0
configure:6401: result: yes
configure:6415: checking whether be32toh is declared
configure:6437: cc -c -O -fcommon  conftest.c >&5
configure:6440: $? = 0
configure:6443: test -s conftest.o
configure:6446: $? = 0
configure:6456: result: yes
configure:6470: checking whether be64toh is declared
configure:6492: cc -c -O -fcommon  conftest.c >&5
configure:6495: $? = 0
configure:6498: test -s conftest.o
configure:6501: $? = 0
configure:6511: result: yes
configure:6525: checking whether le16toh is declared
configure:6547: cc -c -O -fcommon  conftest.c >&5
configure:6550: $? = 0
configure:6553: test -s conftest.o
configure:6556: $? = 0
configure:6566: result: yes
configure:6580: checking whether le32toh is declared
configure:6602: cc -c -O -fcommon  conftest.c >&5
configure:6605: $? = 0
configure:6608: test -s conftest.o
configure:6611: $? = 0
configure:6621: result: yes
configure:6635: checking whether le64toh is declared
configure:6657: cc -c -O -fcommon  conftest.c >&5
configure:6660: $? = 0
configure:6663: test -s conftest.o
configure:6666: $? = 0
configure:6676: result: yes
configure:6691: checking whether bswap16 is declared
configure:6713: cc -c -O -fcommon  conftest.c >&5
configure:6698:10: fatal error: machine/bswap.h: No such file or directory
compilation terminated.
configure:6716: $? = 1
configure: failed program was:
#line 6697 "configure"
#include "confdefs.h"
#include <machine/bswap.h>

int
main ()
{
#ifndef bswap16
  char *p = (char *) bswap16;
#endif

  ;
  return 0;
}
configure:6732: result: no
configure:6746: checking whether bswap32 is declared
configure:6768: cc -c -O -fcommon  conftest.c >&5
configure:6753:10: fatal error: machine/bswap.h: No such file or directory
compilation terminated.
configure:6771: $? = 1
configure: failed program was:
#line 6752 "configure"
#include "confdefs.h"
#include <machine/bswap.h>

int
main ()
{
#ifndef bswap32
  char *p = (char *) bswap32;
#endif

  ;
  return 0;
}
configure:6787: result: no
configure:6801: checking whether bswap64 is declared
configure:6823: cc -c -O -fcommon  conftest.c >&5
configure:6808:10: fatal error: machine/bswap.h: No such file or directory
compilation terminated.
configure:6826: $? = 1
configure: failed program was:
#line 6807 "configure"
#include "confdefs.h"
#include <machine/bswap.h>

int
main ()
{
#ifndef bswap64
  char *p = (char *) bswap64;
#endif

  ;
  return 0;
}
configure:6842: result: no
configure:6857: checking whether be16enc is declared
configure:6879: cc -c -O -fcommon  conftest.c >&5
configure:6864:10: fatal error: sys/endian.h: No such file or directory
compilation terminated.
configure:6882: $? = 1
configure: failed program was:
#line 6863 "configure"
#include "confdefs.h"
#include <sys/endian.h>

int
main ()
{
#ifndef be16enc
  char *p = (char *) be16enc;
#endif

  ;
  return 0;
}
configure:6898: result: no
configure:6912: checking whether le16enc is declared
configure:6934: cc -c -O -fcommon  conftest.c >&5
configure:6919:10: fatal error: sys/endian.h: No such file or directory
compilation terminated.
configure:6937: $? = 1
configure: failed program was:
#line 6918 "configure"
#include "confdefs.h"
#include <sys/endian.h>

int
main ()
{
#ifndef le16enc
  char *p = (char *) le16enc;
#endif

  ;
  return 0;
}
configure:6953: result: no
configure:6967: checking whether be16dec is declared
configure:6989: cc -c -O -fcommon  conftest.c >&5
configure:6974:10: fatal error: sys/endian.h: No such file or directory
compilation terminated.
configure:6992: $? = 1
configure: failed program was:
#line 6973 "configure"
#include "confdefs.h"
#include <sys/endian.h>

int
main ()
{
#ifndef be16dec
  char *p = (char *) be16dec;
#endif

  ;
  return 0;
}
configure:7008: result: no
configure:7022: checking whether le16dec is declared
configure:7044: cc -c -O -fcommon  conftest.c >&5
configure:7029:10: fatal error: sys/endian.h: No such file or directory
compilation terminated.
configure:7047: $? = 1
configure: failed program was:
#line 7028 "configure"
#include "confdefs.h"
#include <sys/endian.h>

int
main ()
{
#ifndef le16dec
  char *p = (char *) le16dec;
#endif

  ;
  return 0;
}
configure:7063: result: no
configure:7077: checking whether be32enc is declared
configure:7099: cc -c -O -fcommon  conftest.c >&5
configure:7084:10: fatal error: sys/endian.h: No such file or directory
compilation terminated.
configure:7102: $? = 1
configure: failed program was:
#line 7083 "configure"
#include "confdefs.h"
#include <sys/endian.h>

int
main ()
{
#ifndef be32enc
  char *p = (char *) be32enc;
#endif

  ;
  return 0;
}
configure:7118: result: no
configure:7132: checking whether le32enc is declared
configure:7154: cc -c -O -fcommon  conftest.c >&5
configure:7139:10: fatal error: sys/endian.h: No such file or directory
compilation terminated.
configure:7157: $? = 1
configure: failed program was:
#line 7138 "configure"
#include "confdefs.h"
#include <sys/endian.h>

int
main ()
{
#ifndef le32enc
  char *p = (char *) le32enc;
#endif

  ;
  return 0;
}
configure:7173: result: no
configure:7187: checking whether be32dec is declared
configure:7209: cc -c -O -fcommon  conftest.c >&5
configure:7194:10: fatal error: sys/endian.h: No such file or directory
compilation terminated.
configure:7212: $? = 1
configure: failed program was:
#line 7193 "configure"
#include "confdefs.h"
#include <sys/endian.h>

int
main ()
{
#ifndef be32dec
  char *p = (char *) be32dec;
#endif

  ;
  return 0;
}
configure:7228: result: no
configure:7242: checking whether le32dec is declared
configure:7264: cc -c -O -fcommon  conftest.c >&5
configure:7249:10: fatal error: sys/endian.h: No such file or directory
compilation terminated.
configure:7267: $? = 1
configure: failed program was:
#line 7248 "configure"
#include "confdefs.h"
#include <sys/endian.h>

int
main ()
{
#ifndef le32dec
  char *p = (char *) le32dec;
#endif

  ;
  return 0;
}
configure:7283: result: no
configure:7297: checking whether be64enc is declared
configure:7319: cc -c -O -fcommon  conftest.c >&5
configure:7304:10: fatal error: sys/endian.h: No such file or directory
compilation terminated.
configure:7322: $? = 1
configure: failed program was:
#line 7303 "configure"
#include "confdefs.h"
#include <sys/endian.h>

int
main ()
{
#ifndef be64enc
  char *p = (char *) be64enc;
#endif

  ;
  return 0;
}
configure:7338: result: no
configure:7352: checking whether le64enc is declared
configure:7374: cc -c -O -fcommon  conftest.c >&5
configure:7359:10: fatal error: sys/endian.h: No such file or directory
compilation terminated.
configure:7377: $? = 1
configure: failed program was:
#line 7358 "configure"
#include "confdefs.h"
#include <sys/endian.h>

int
main ()
{
#ifndef le64enc
  char *p = (char *) le64enc;
#endif

  ;
  return 0;
}
configure:7393: result: no
configure:7407: checking whether be64dec is declared
configure:7429: cc -c -O -fcommon  conftest.c >&5
configure:7414:10: fatal error: sys/endian.h: No such file or directory
compilation terminated.
configure:7432: $? = 1
configure: failed program was:
#line 7413 "configure"
#include "confdefs.h"
#include <sys/endian.h>

int
main ()
{
#ifndef be64dec
  char *p = (char *) be64dec;
#endif

  ;
  return 0;
}
configure:7448: result: no
configure:7462: checking whether le64dec is declared
configure:7484: cc -c -O -fcommon  conftest.c >&5
configure:7469:10: fatal error: sys/endian.h: No such file or directory
compilation terminated.
configure:7487: $? = 1
configure: failed program was:
#line 7468 "configure"
#include "confdefs.h"
#include <sys/endian.h>

int
main ()
{
#ifndef le64dec
  char *p = (char *) le64dec;
#endif

  ;
  return 0;
}
configure:7503: result: no
configure:7518: checking whether fstatvfs is declared
configure:7540: cc -c -O -fcommon  conftest.c >&5
configure:7543: $? = 0
configure:7546: test -s conftest.o
configure:7549: $? = 0
configure:7559: result: yes
configure:7574: checking whether setgroupent is declared
configure:7599: cc -c -O -fcommon  conftest.c >&5
configure: In function 'main':
configure:7590:22: error: 'setgroupent' undeclared (first use in this function); did you mean 'setgroups'?
configure:7590:22: note: each undeclared identifier is reported only once for each function it appears in
configure:7602: $? = 1
configure: failed program was:
#line 7580 "configure"
#include "confdefs.h"

#include <sys/types.h>
#include <grp.h>
#include <pwd.h>

int
main ()
{
#ifndef setgroupent
  char *p = (char *) setgroupent;
#endif

  ;
  return 0;
}
configure:7618: result: no
configure:7632: checking whether setpassent is declared
configure:7657: cc -c -O -fcommon  conftest.c >&5
configure: In function 'main':
configure:7648:22: error: 'setpassent' undeclared (first use in this function); did you mean 'setpwent'?
configure:7648:22: note: each undeclared identifier is reported only once for each function it appears in
configure:7660: $? = 1
configure: failed program was:
#line 7638 "configure"
#include "confdefs.h"

#include <sys/types.h>
#include <grp.h>
#include <pwd.h>

int
main ()
{
#ifndef setpassent
  char *p = (char *) setpassent;
#endif

  ;
  return 0;
}
configure:7676: result: no
configure:7694: checking for regfree in -lregex
configure:7721: cc -o conftest -O -fcommon   conftest.c -lregex  -lz  >&5
/usr/bin/ld: cannot find -lregex: No such file or directory
collect2: error: ld returned 1 exit status
configure:7724: $? = 1
configure: failed program was:
#line 7702 "configure"
#include "confdefs.h"

/* Override any gcc2 internal prototype to avoid an error.  */
#ifdef __cplusplus
extern "C"
#endif
/* We use char because int might match the return type of a gcc2
   builtin and then its argument prototype would still apply.  */
char regfree ();
int
main ()
{
regfree ();
  ;
  return 0;
}
configure:7741: result: no
configure:7752: checking for library containing regfree
configure:7779: cc -o conftest -O -fcommon   conftest.c -lz  >&5
configure:7782: $? = 0
configure:7785: test -s conftest
configure:7788: $? = 0
configure:7841: result: none required
configure:7848: checking for clock_gettime in -lrt
configure:7875: cc -o conftest -O -fcommon   conftest.c -lrt  -lz  >&5
configure:7878: $? = 0
configure:7881: test -s conftest
configure:7884: $? = 0
configure:7895: result: yes
configure:7909: checking for fparseln
configure:7946: cc -o conftest -O -fcommon   conftest.c -lrt -lz  >&5
/usr/bin/ld: /tmp/ccWlFWUh.o: in function `main':
conftest.c:(.text+0x3): undefined reference to `fparseln'
collect2: error: ld returned 1 exit status
configure:7949: $? = 1
configure: failed program was:
#line 7915 "configure"
#include "confdefs.h"
/* System header to define __stub macros and hopefully few prototypes,
    which can conflict with char fparseln (); below.  */
#include <assert.h>
/* Override any gcc2 internal prototype to avoid an error.  */
#ifdef __cplusplus
extern "C"
#endif
/* We use char because int might match the return type of a gcc2
   builtin and then its argument prototype would still apply.  */
char fparseln ();
char (*f) ();

int
main ()
{
/* The GNU C library defines this for functions which it implements
    to always fail with ENOSYS.  Some functions are actually named
    something starting with __ and the normal name is an alias.  */
#if defined (__stub_fparseln) || defined (__stub___fparseln)
choke me
#else
f = fparseln;
#endif

  ;
  return 0;
}
configure:7965: result: no
configure:8121: creating ./config.status

## ----------------------- ##
## Running config.status.  ##
## ----------------------- ##

This file was extended by config.status (libnbcompat noversion) 2.52, executed with
  CONFIG_FILES    = 
  CONFIG_HEADERS  = 
  CONFIG_LINKS    = 
  CONFIG_COMMANDS = 
  > ./config.status 
on morphius

config.status:8550: creating defs.mk
config.status:8641: creating nbtool_config.h

## ----------------- ##
## Cache variables.  ##
## ----------------- ##

ac_cv_c_bigendian='no'
ac_cv_c_compiler_gnu='yes'
ac_cv_env_CC_set='set'
ac_cv_env_CC_value='cc'
ac_cv_env_CFLAGS_set='set'
ac_cv_env_CFLAGS_value='-O -fcommon'
ac_cv_env_CPPFLAGS_set=''
ac_cv_env_CPPFLAGS_value=''
ac_cv_env_CPP_set=''
ac_cv_env_CPP_value=''
ac_cv_env_LDFLAGS_set='set'
ac_cv_env_LDFLAGS_value=''
ac_cv_env_build_alias_set=''
ac_cv_env_build_alias_value=''
ac_cv_env_host_alias_set=''
ac_cv_env_host_alias_value=''
ac_cv_env_target_alias_set=''
ac_cv_env_target_alias_value=''
ac_cv_func___fpurge='yes'
ac_cv_func_alloca_works='yes'
ac_cv_func_asnprintf='no'
ac_cv_func_asprintf='yes'
ac_cv_func_atoll='yes'
ac_cv_func_basename='yes'
ac_cv_func_devname='no'
ac_cv_func_dirfd='yes'
ac_cv_func_dirname='yes'
ac_cv_func_dprintf='yes'
ac_cv_func_esetfunc='no'
ac_cv_func_fgetln='no'
ac_cv_func_flock='yes'
ac_cv_func_fparseln='no'
ac_cv_func_fpurge='no'
ac_cv_func_futimes='yes'
ac_cv_func_getline='yes'
ac_cv_func_getopt='yes'
ac_cv_func_getopt_long='yes'
ac_cv_func_gid_from_group='no'
ac_cv_func_group_from_gid='no'
ac_cv_func_heapsort='no'
ac_cv_func_isblank='yes'
ac_cv_func_issetugid='no'
ac_cv_func_lchflags='no'
ac_cv_func_lchmod='yes'
ac_cv_func_lchown='yes'
ac_cv_func_lutimes='yes'
ac_cv_func_mkdtemp='yes'
ac_cv_func_mkstemp='yes'
ac_cv_func_poll='yes'
ac_cv_func_pread='yes'
ac_cv_func_putc_unlocked='yes'
ac_cv_func_pwcache_groupdb='no'
ac_cv_func_pwcache_userdb='no'
ac_cv_func_pwrite='yes'
ac_cv_func_raise_default_signal='no'
ac_cv_func_random='yes'
ac_cv_func_reallocarr='no'
ac_cv_func_setenv='yes'
ac_cv_func_setgroupent='no'
ac_cv_func_setpassent='no'
ac_cv_func_setprogname='no'
ac_cv_func_snprintb_m='no'
ac_cv_func_snprintf='yes'
ac_cv_func_strlcat='yes'
ac_cv_func_strlcpy='yes'
ac_cv_func_strmode='no'
ac_cv_func_strndup='yes'
ac_cv_func_strnlen='yes'
ac_cv_func_strsep='yes'
ac_cv_func_strsuftoll='no'
ac_cv_func_strtoi='no'
ac_cv_func_strtoll='yes'
ac_cv_func_strtou='no'
ac_cv_func_uid_from_user='no'
ac_cv_func_user_from_uid='no'
ac_cv_func_vasnprintf='no'
ac_cv_func_vasprintf='yes'
ac_cv_func_vsnprintf='yes'
ac_cv_have_decl_be16dec='no'
ac_cv_have_decl_be16enc='no'
ac_cv_have_decl_be16toh='yes'
ac_cv_have_decl_be32dec='no'
ac_cv_have_decl_be32enc='no'
ac_cv_have_decl_be32toh='yes'
ac_cv_have_decl_be64dec='no'
ac_cv_have_decl_be64enc='no'
ac_cv_have_decl_be64toh='yes'
ac_cv_have_decl_bswap16='no'
ac_cv_have_decl_bswap32='no'
ac_cv_have_decl_bswap64='no'
ac_cv_have_decl_errc='no'
ac_cv_have_decl_fstatvfs='yes'
ac_cv_have_decl_gid_from_group='no'
ac_cv_have_decl_group_from_gid='no'
ac_cv_have_decl_htobe16='yes'
ac_cv_have_decl_htobe32='yes'
ac_cv_have_decl_htobe64='yes'
ac_cv_have_decl_htole16='yes'
ac_cv_have_decl_htole32='yes'
ac_cv_have_decl_htole64='yes'
ac_cv_have_decl_lchflags='no'
ac_cv_have_decl_lchmod='yes'
ac_cv_have_decl_lchown='yes'
ac_cv_have_decl_le16dec='no'
ac_cv_have_decl_le16enc='no'
ac_cv_have_decl_le16toh='yes'
ac_cv_have_decl_le32dec='no'
ac_cv_have_decl_le32enc='no'
ac_cv_have_decl_le32toh='yes'
ac_cv_have_decl_le64dec='no'
ac_cv_have_decl_le64enc='no'
ac_cv_have_decl_le64toh='yes'
ac_cv_have_decl_optind='yes'
ac_cv_have_decl_optreset='no'
ac_cv_have_decl_pwcache_groupdb='no'
ac_cv_have_decl_pwcache_userdb='no'
ac_cv_have_decl_setgroupent='no'
ac_cv_have_decl_setpassent='no'
ac_cv_have_decl_strndup='yes'
ac_cv_have_decl_strnlen='yes'
ac_cv_have_decl_strsuftoll='no'
ac_cv_have_decl_sys_signame='no'
ac_cv_have_decl_uid_from_user='no'
ac_cv_have_decl_user_from_uid='no'
ac_cv_have_decl_verrc='no'
ac_cv_have_decl_vwarnc='no'
ac_cv_have_decl_warnc='no'
ac_cv_header_arpa_nameser_h='yes'
ac_cv_header_assert_h='yes'
ac_cv_header_ctype_h='yes'
ac_cv_header_dirent_dirent_h='yes'
ac_cv_header_err_h='yes'
ac_cv_header_errno_h='yes'
ac_cv_header_fcntl_h='yes'
ac_cv_header_features_h='yes'
ac_cv_header_getopt_h='yes'
ac_cv_header_grp_h='yes'
ac_cv_header_inttypes_h='yes'
ac_cv_header_libgen_h='yes'
ac_cv_header_limits_h='yes'
ac_cv_header_locale_h='yes'
ac_cv_header_machine_bswap_h='no'
ac_cv_header_machine_endian_h='no'
ac_cv_header_malloc_h='yes'
ac_cv_header_memory_h='yes'
ac_cv_header_netconfig_h='no'
ac_cv_header_netdb_h='yes'
ac_cv_header_paths_h='yes'
ac_cv_header_pthread_h='yes'
ac_cv_header_pwd_h='yes'
ac_cv_header_resolv_h='yes'
ac_cv_header_rpc_types_h='no'
ac_cv_header_signal_h='yes'
ac_cv_header_stdarg_h='yes'
ac_cv_header_stdc='no'
ac_cv_header_stddef_h='yes'
ac_cv_header_stdint_h='yes'
ac_cv_header_stdio_h='yes'
ac_cv_header_stdlib_h='yes'
ac_cv_header_string_h='yes'
ac_cv_header_strings_h='yes'
ac_cv_header_sys_bswap_h='no'
ac_cv_header_sys_cdefs_h='yes'
ac_cv_header_sys_endian_h='no'
ac_cv_header_sys_featuretest_h='no'
ac_cv_header_sys_ioctl_h='yes'
ac_cv_header_sys_mman_h='yes'
ac_cv_header_sys_mtio_h='yes'
ac_cv_header_sys_param_h='yes'
ac_cv_header_sys_poll_h='yes'
ac_cv_header_sys_socket_h='yes'
ac_cv_header_sys_stat_h='yes'
ac_cv_header_sys_syslimits_h='no'
ac_cv_header_sys_sysmacros_h='yes'
ac_cv_header_sys_time_h='yes'
ac_cv_header_sys_types_h='yes'
ac_cv_header_sys_utsname_h='yes'
ac_cv_header_sys_wait_h='yes'
ac_cv_header_termios_h='yes'
ac_cv_header_unistd_h='yes'
ac_cv_header_util_h='no'
ac_cv_header_zlib_h='yes'
ac_cv_lib_dir_opendir='no'
ac_cv_lib_regex_regfree='no'
ac_cv_lib_rt_clock_gettime='yes'
ac_cv_lib_z_gzdopen='yes'
ac_cv_member_DIR___dd_fd='no'
ac_cv_member_DIR_dd_fd='no'
ac_cv_member_struct_dirent_d_namlen='no'
ac_cv_member_struct_stat_st_atim='no'
ac_cv_member_struct_stat_st_birthtime='no'
ac_cv_member_struct_stat_st_birthtimensec='no'
ac_cv_member_struct_stat_st_flags='no'
ac_cv_member_struct_stat_st_gen='no'
ac_cv_member_struct_stat_st_mtimensec='no'
ac_cv_member_struct_statvfs_f_iosize='no'
ac_cv_member_struct_tm_tm_gmtoff='yes'
ac_cv_objext='o'
ac_cv_path_BSHELL='/usr/bin/sh'
ac_cv_prog_CPP='cc -E'
ac_cv_prog_ac_ct_CC='cc'
ac_cv_prog_cc_g='yes'
ac_cv_search_regfree='none required'
ac_cv_type_id_t='yes'
ac_cv_type_long_long='yes'
ac_cv_type_size_t='yes'
ac_cv_type_socklen_t='yes'
ac_cv_type_u_char='yes'
ac_cv_type_u_int='yes'
ac_cv_type_u_int16_t='yes'
ac_cv_type_u_int32_t='yes'
ac_cv_type_u_int64_t='yes'
ac_cv_type_u_int8_t='yes'
ac_cv_type_u_long='yes'
ac_cv_type_u_quad_t='yes'
ac_cv_type_u_short='yes'
ac_cv_type_uint16_t='yes'
ac_cv_type_uint32_t='yes'
ac_cv_type_uint64_t='yes'
ac_cv_type_uint8_t='yes'
ac_cv_working_alloca_h='yes'

## ------------ ##
## confdefs.h.  ##
## ------------ ##

#define PATH_BSHELL "/usr/bin/sh"
#define HAVE_LIBZ 1
#define HAVE_SYS_IOCTL_H 1
#define HAVE_SYS_MMAN_H 1
#define HAVE_SYS_PARAM_H 1
#define HAVE_SYS_SOCKET_H 1
#define HAVE_SYS_STAT_H 1
#define HAVE_SYS_TIME_H 1
#define HAVE_SYS_TYPES_H 1
#define HAVE_SYS_UTSNAME_H 1
#define HAVE_SYS_WAIT_H 1
#define HAVE_ASSERT_H 1
#define HAVE_CTYPE_H 1
#define HAVE_ERRNO_H 1
#define HAVE_FCNTL_H 1
#define HAVE_GRP_H 1
#define HAVE_LIMITS_H 1
#define HAVE_LOCALE_H 1
#define HAVE_NETDB_H 1
#define HAVE_PWD_H 1
#define HAVE_SIGNAL_H 1
#define HAVE_STDARG_H 1
#define HAVE_STDIO_H 1
#define HAVE_STDLIB_H 1
#define HAVE_STRING_H 1
#define HAVE_TERMIOS_H 1
#define HAVE_UNISTD_H 1
#define HAVE_DIRENT_H 1
#define HAVE_SYS_MTIO_H 1
#define HAVE_SYS_SYSMACROS_H 1
#define HAVE_GETOPT_H 1
#define HAVE_FEATURES_H 1
#define HAVE_MALLOC_H 1
#define HAVE_SYS_POLL_H 1
#define HAVE_PTHREAD_H 1
#define HAVE_STDDEF_H 1
#define HAVE_SYS_CDEFS_H 1
#define HAVE_ERR_H 1
#define HAVE_INTTYPES_H 1
#define HAVE_LIBGEN_H 1
#define HAVE_PATHS_H 1
#define HAVE_STDINT_H 1
#define HAVE_RESOLV_H 1
#define HAVE_ARPA_NAMESER_H 1
#define HAVE_SYS_TYPES_H 1
#define HAVE_SYS_STAT_H 1
#define HAVE_STDLIB_H 1
#define HAVE_STRING_H 1
#define HAVE_MEMORY_H 1
#define HAVE_STRINGS_H 1
#define HAVE_INTTYPES_H 1
#define HAVE_STDINT_H 1
#define HAVE_UNISTD_H 1
#define HAVE_ID_T 1
#define HAVE_LONG_LONG 1
#define HAVE_U_LONG 1
#define HAVE_U_CHAR 1
#define HAVE_U_SHORT 1
#define HAVE_U_INT 1
#define HAVE_U_QUAD_T 1
#define HAVE_SOCKLEN_T 1
#define HAVE_STRUCT_TM_TM_GMTOFF 1
#define HAVE_DECL_OPTIND 1
#define HAVE_DECL_OPTRESET 0
#define HAVE_DECL_SYS_SIGNAME 0
#define HAVE_ALLOCA_H 1
#define HAVE_ALLOCA 1
#define HAVE_ATOLL 1
#define HAVE_ASPRINTF 1
#define HAVE_BASENAME 1
#define HAVE_DIRFD 1
#define HAVE_DIRNAME 1
#define HAVE_DPRINTF 1
#define HAVE_FLOCK 1
#define HAVE___FPURGE 1
#define HAVE_FUTIMES 1
#define HAVE_GETLINE 1
#define HAVE_GETOPT 1
#define HAVE_GETOPT_LONG 1
#define HAVE_ISBLANK 1
#define HAVE_LCHMOD 1
#define HAVE_LCHOWN 1
#define HAVE_LUTIMES 1
#define HAVE_MKSTEMP 1
#define HAVE_MKDTEMP 1
#define HAVE_POLL 1
#define HAVE_PREAD 1
#define HAVE_PUTC_UNLOCKED 1
#define HAVE_PWRITE 1
#define HAVE_RANDOM 1
#define HAVE_SETENV 1
#define HAVE_SNPRINTF 1
#define HAVE_STRLCAT 1
#define HAVE_STRLCPY 1
#define HAVE_STRNDUP 1
#define HAVE_STRNLEN 1
#define HAVE_STRSEP 1
#define HAVE_STRTOLL 1
#define HAVE_VASPRINTF 1
#define HAVE_VSNPRINTF 1
#define HAVE_DECL_USER_FROM_UID 0
#define HAVE_DECL_UID_FROM_USER 0
#define HAVE_DECL_PWCACHE_USERDB 0
#define HAVE_DECL_GROUP_FROM_GID 0
#define HAVE_DECL_GID_FROM_GROUP 0
#define HAVE_DECL_PWCACHE_GROUPDB 0
#define HAVE_DECL_STRNDUP 1
#define HAVE_DECL_STRNLEN 1
#define HAVE_DECL_STRSUFTOLL 0
#define HAVE_DECL_LCHFLAGS 0
#define HAVE_DECL_LCHMOD 1
#define HAVE_DECL_LCHOWN 1
#define HAVE_DECL_ERRC 0
#define HAVE_DECL_VERRC 0
#define HAVE_DECL_WARNC 0
#define HAVE_DECL_VWARNC 0
#define HAVE_DECL_HTOBE16 1
#define HAVE_DECL_HTOBE32 1
#define HAVE_DECL_HTOBE64 1
#define HAVE_DECL_HTOLE16 1
#define HAVE_DECL_HTOLE32 1
#define HAVE_DECL_HTOLE64 1
#define HAVE_DECL_BE16TOH 1
#define HAVE_DECL_BE32TOH 1
#define HAVE_DECL_BE64TOH 1
#define HAVE_DECL_LE16TOH 1
#define HAVE_DECL_LE32TOH 1
#define HAVE_DECL_LE64TOH 1
#define HAVE_DECL_BSWAP16 0
#define HAVE_DECL_BSWAP32 0
#define HAVE_DECL_BSWAP64 0
#define HAVE_DECL_BE16ENC 0
#define HAVE_DECL_LE16ENC 0
#define HAVE_DECL_BE16DEC 0
#define HAVE_DECL_LE16DEC 0
#define HAVE_DECL_BE32ENC 0
#define HAVE_DECL_LE32ENC 0
#define HAVE_DECL_BE32DEC 0
#define HAVE_DECL_LE32DEC 0
#define HAVE_DECL_BE64ENC 0
#define HAVE_DECL_LE64ENC 0
#define HAVE_DECL_BE64DEC 0
#define HAVE_DECL_LE64DEC 0
#define HAVE_DECL_FSTATVFS 1
#define HAVE_DECL_SETGROUPENT 0
#define HAVE_DECL_SETPASSENT 0
#define HAVE_LIBRT 1


configure: exit 0
