This file contains any messages produced by compilers while
running configure, to aid debugging if configure makes a mistake.

It was created by package-unused configure version-unused, which was
generated by GNU Autoconf 2.64.  Invocation command line was

  $ /home/donz/minix/external/gpl3/gcc/dist/libbacktrace/configure --cache-file=./config.cache --with-system-zlib --enable-long-long --enable-threads --with-bugurl=http://www.NetBSD.org/Misc/send-pr.html --with-pkgversion=NetBSD nb2 20150115 --with-system-zlib --enable-__cxa_atexit --disable-libssp --enable-visibility --disable-threads --disable-tls --with-sysroot=/home/donz/minix/obj.intrgcc/destdir.evbriscv64 --with-mpc=/home/donz/minix/obj.intrgcc/tooldir.Linux-6.12.63+deb13-amd64-x86_64 --with-mpfr=/home/donz/minix/obj.intrgcc/tooldir.Linux-6.12.63+deb13-amd64-x86_64 --with-gmp=/home/donz/minix/obj.intrgcc/tooldir.Linux-6.12.63+deb13-amd64-x86_64 --disable-nls --disable-multilib --enable-languages=c c++ objc --prefix=/home/donz/minix/obj.intrgcc/tooldir.Linux-6.12.63+deb13-amd64-x86_64 --disable-shared --enable-languages=c,c++,lto,objc --program-transform-name=s,^,riscv64-elf32-minix-, --disable-option-checking --build=x86_64-unknown-linux-gnu --host=x86_64-unknown-linux-gnu --target=riscv64-elf32-minix --srcdir=/home/donz/minix/tools/gcc/../../external/gpl3/gcc/dist/libbacktrace

## --------- ##
## Platform. ##
## --------- ##

hostname = morphius
uname -m = x86_64
uname -r = 6.12.63+deb13-amd64
uname -s = Linux
uname -v = #1 SMP PREEMPT_DYNAMIC Debian 6.12.63-1 (2025-12-30)

/usr/bin/uname -p = unknown
/bin/uname -X     = unknown

/bin/arch              = x86_64
/usr/bin/arch -k       = unknown
/usr/convex/getsysinfo = unknown
/usr/bin/hostinfo      = unknown
/bin/machine           = unknown
/usr/bin/oslevel       = unknown
/bin/universe          = unknown

PATH: /home/donz/minix/obj.intrgcc/tooldir.Linux-6.12.63+deb13-amd64-x86_64/bin
PATH: /home/donz/.local/bin
PATH: /usr/local/bin
PATH: /usr/bin
PATH: /bin
PATH: /usr/local/games
PATH: /usr/games


## ----------- ##
## Core tests. ##
## ----------- ##

configure:2374: creating cache ./config.cache
configure:2521: checking build system type
configure:2535: result: x86_64-unknown-linux-gnu
configure:2555: checking host system type
configure:2568: result: x86_64-unknown-linux-gnu
configure:2588: checking target system type
configure:2601: result: riscv-ucb-minix
configure:2638: checking for x86_64-unknown-linux-gnu-gcc
configure:2665: result: cc
configure:2934: checking for C compiler version
configure:2943: cc --version >&5
cc (Debian 14.2.0-19) 14.2.0
Copyright (C) 2024 Free Software Foundation, Inc.
This is free software; see the source for copying conditions.  There is NO
warranty; not even for MERCHANTABILITY or FITNESS FOR A PARTICULAR PURPOSE.

configure:2954: $? = 0
configure:2943: cc -v >&5
Using built-in specs.
COLLECT_GCC=cc
COLLECT_LTO_WRAPPER=/usr/libexec/gcc/x86_64-linux-gnu/14/lto-wrapper
OFFLOAD_TARGET_NAMES=nvptx-none:amdgcn-amdhsa
OFFLOAD_TARGET_DEFAULT=1
Target: x86_64-linux-gnu
Configured with: ../src/configure -v --with-pkgversion='Debian 14.2.0-19' --with-bugurl=file:///usr/share/doc/gcc-14/README.Bugs --enable-languages=c,ada,c++,go,d,fortran,objc,obj-c++,m2,rust --prefix=/usr --with-gcc-major-version-only --program-suffix=-14 --program-prefix=x86_64-linux-gnu- --enable-shared --enable-linker-build-id --libexecdir=/usr/libexec --without-included-gettext --enable-threads=posix --libdir=/usr/lib --enable-nls --enable-bootstrap --enable-clocale=gnu --enable-libstdcxx-debug --enable-libstdcxx-time=yes --with-default-libstdcxx-abi=new --enable-libstdcxx-backtrace --enable-gnu-unique-object --disable-vtable-verify --enable-plugin --enable-default-pie --with-system-zlib --enable-libphobos-checking=release --with-target-system-zlib=auto --enable-objc-gc=auto --enable-multiarch --disable-werror --enable-cet --with-arch-32=i686 --with-abi=m64 --with-multilib-list=m32,m64,mx32 --enable-multilib --with-tune=generic --enable-offload-targets=nvptx-none=/build/reproducible-path/gcc-14-14.2.0/debian/tmp-nvptx/usr,amdgcn-amdhsa=/build/reproducible-path/gcc-14-14.2.0/debian/tmp-gcn/usr --enable-offload-defaulted --without-cuda-driver --enable-checking=release --build=x86_64-linux-gnu --host=x86_64-linux-gnu --target=x86_64-linux-gnu --with-build-config=bootstrap-lto-lean --enable-link-serialization=3
Thread model: posix
Supported LTO compression algorithms: zlib zstd
gcc version 14.2.0 (Debian 14.2.0-19) 
... rest of stderr output deleted ...
configure:2954: $? = 0
configure:2943: cc -V >&5
cc: error: unrecognized command-line option '-V'
cc: fatal error: no input files
compilation terminated.
configure:2954: $? = 1
configure:2943: cc -qversion >&5
cc: error: unrecognized command-line option '-qversion'; did you mean '--version'?
cc: fatal error: no input files
compilation terminated.
configure:2954: $? = 1
configure:2974: checking for C compiler default output file name
configure:2996: cc -O -fcommon -DNETBSD_TOOLS -DTARGET_SYSTEM_ROOT=0  -DTARGET_SYSTEM_ROOT_RELOCATABLE -static-libstdc++ -static-libgcc  conftest.c  >&5
configure:3000: $? = 0
configure:3037: result: a.out
configure:3053: checking whether the C compiler works
configure:3062: ./a.out
configure:3066: $? = 0
configure:3081: result: yes
configure:3088: checking whether we are cross compiling
configure:3090: result: no
configure:3093: checking for suffix of executables
configure:3100: cc -o conftest -O -fcommon -DNETBSD_TOOLS -DTARGET_SYSTEM_ROOT=0  -DTARGET_SYSTEM_ROOT_RELOCATABLE -static-libstdc++ -static-libgcc  conftest.c  >&5
configure:3104: $? = 0
configure:3126: result: 
configure:3132: checking for suffix of object files
configure:3154: cc -c -O -fcommon -DNETBSD_TOOLS -DTARGET_SYSTEM_ROOT=0  -DTARGET_SYSTEM_ROOT_RELOCATABLE conftest.c >&5
configure:3158: $? = 0
configure:3179: result: o
configure:3183: checking whether we are using the GNU C compiler
configure:3202: cc -c -O -fcommon -DNETBSD_TOOLS -DTARGET_SYSTEM_ROOT=0  -DTARGET_SYSTEM_ROOT_RELOCATABLE conftest.c >&5
configure:3202: $? = 0
configure:3211: result: yes
configure:3220: checking whether cc accepts -g
configure:3240: cc -c -g -DNETBSD_TOOLS -DTARGET_SYSTEM_ROOT=0  -DTARGET_SYSTEM_ROOT_RELOCATABLE conftest.c >&5
configure:3240: $? = 0
configure:3281: result: yes
configure:3298: checking for cc option to accept ISO C89
configure:3362: cc  -c -O -fcommon -DNETBSD_TOOLS -DTARGET_SYSTEM_ROOT=0  -DTARGET_SYSTEM_ROOT_RELOCATABLE conftest.c >&5
configure:3362: $? = 0
configure:3375: result: none needed
configure:3401: checking how to run the C preprocessor
configure:3432: cc -E -DNETBSD_TOOLS -DTARGET_SYSTEM_ROOT=0  -DTARGET_SYSTEM_ROOT_RELOCATABLE conftest.c
configure:3432: $? = 0
configure:3446: cc -E -DNETBSD_TOOLS -DTARGET_SYSTEM_ROOT=0  -DTARGET_SYSTEM_ROOT_RELOCATABLE conftest.c
conftest.c:9:10: fatal error: ac_nonexistent.h: No such file or directory
    9 | #include <ac_nonexistent.h>
      |          ^~~~~~~~~~~~~~~~~~
compilation terminated.
configure:3446: $? = 1
configure: failed program was:
| /* confdefs.h */
| #define PACKAGE_NAME "package-unused"
| #define PACKAGE_TARNAME "libbacktrace"
| #define PACKAGE_VERSION "version-unused"
| #define PACKAGE_STRING "package-unused version-unused"
| #define PACKAGE_BUGREPORT ""
| #define PACKAGE_URL ""
| /* end confdefs.h.  */
| #include <ac_nonexistent.h>
configure:3471: result: cc -E
configure:3491: cc -E -DNETBSD_TOOLS -DTARGET_SYSTEM_ROOT=0  -DTARGET_SYSTEM_ROOT_RELOCATABLE conftest.c
configure:3491: $? = 0
configure:3505: cc -E -DNETBSD_TOOLS -DTARGET_SYSTEM_ROOT=0  -DTARGET_SYSTEM_ROOT_RELOCATABLE conftest.c
conftest.c:9:10: fatal error: ac_nonexistent.h: No such file or directory
    9 | #include <ac_nonexistent.h>
      |          ^~~~~~~~~~~~~~~~~~
compilation terminated.
configure:3505: $? = 1
configure: failed program was:
| /* confdefs.h */
| #define PACKAGE_NAME "package-unused"
| #define PACKAGE_TARNAME "libbacktrace"
| #define PACKAGE_VERSION "version-unused"
| #define PACKAGE_STRING "package-unused version-unused"
| #define PACKAGE_BUGREPORT ""
| #define PACKAGE_URL ""
| /* end confdefs.h.  */
| #include <ac_nonexistent.h>
configure:3534: checking for grep that handles long lines and -e
configure:3592: result: /usr/bin/grep
configure:3597: checking for egrep
configure:3659: result: /usr/bin/grep -E
configure:3664: checking for ANSI C header files
configure:3684: cc -c -O -fcommon -DNETBSD_TOOLS -DTARGET_SYSTEM_ROOT=0  -DTARGET_SYSTEM_ROOT_RELOCATABLE conftest.c >&5
configure:3684: $? = 0
configure:3757: cc -o conftest -O -fcommon -DNETBSD_TOOLS -DTARGET_SYSTEM_ROOT=0  -DTARGET_SYSTEM_ROOT_RELOCATABLE -static-libstdc++ -static-libgcc  conftest.c  >&5
configure:3757: $? = 0
configure:3757: ./conftest
configure:3757: $? = 0
configure:3768: result: yes
configure:3781: checking for sys/types.h
configure:3781: cc -c -O -fcommon -DNETBSD_TOOLS -DTARGET_SYSTEM_ROOT=0  -DTARGET_SYSTEM_ROOT_RELOCATABLE conftest.c >&5
configure:3781: $? = 0
configure:3781: result: yes
configure:3781: checking for sys/stat.h
configure:3781: cc -c -O -fcommon -DNETBSD_TOOLS -DTARGET_SYSTEM_ROOT=0  -DTARGET_SYSTEM_ROOT_RELOCATABLE conftest.c >&5
configure:3781: $? = 0
configure:3781: result: yes
configure:3781: checking for stdlib.h
configure:3781: cc -c -O -fcommon -DNETBSD_TOOLS -DTARGET_SYSTEM_ROOT=0  -DTARGET_SYSTEM_ROOT_RELOCATABLE conftest.c >&5
configure:3781: $? = 0
configure:3781: result: yes
configure:3781: checking for string.h
configure:3781: cc -c -O -fcommon -DNETBSD_TOOLS -DTARGET_SYSTEM_ROOT=0  -DTARGET_SYSTEM_ROOT_RELOCATABLE conftest.c >&5
configure:3781: $? = 0
configure:3781: result: yes
configure:3781: checking for memory.h
configure:3781: cc -c -O -fcommon -DNETBSD_TOOLS -DTARGET_SYSTEM_ROOT=0  -DTARGET_SYSTEM_ROOT_RELOCATABLE conftest.c >&5
configure:3781: $? = 0
configure:3781: result: yes
configure:3781: checking for strings.h
configure:3781: cc -c -O -fcommon -DNETBSD_TOOLS -DTARGET_SYSTEM_ROOT=0  -DTARGET_SYSTEM_ROOT_RELOCATABLE conftest.c >&5
configure:3781: $? = 0
configure:3781: result: yes
configure:3781: checking for inttypes.h
configure:3781: cc -c -O -fcommon -DNETBSD_TOOLS -DTARGET_SYSTEM_ROOT=0  -DTARGET_SYSTEM_ROOT_RELOCATABLE conftest.c >&5
configure:3781: $? = 0
configure:3781: result: yes
configure:3781: checking for stdint.h
configure:3781: cc -c -O -fcommon -DNETBSD_TOOLS -DTARGET_SYSTEM_ROOT=0  -DTARGET_SYSTEM_ROOT_RELOCATABLE conftest.c >&5
configure:3781: $? = 0
configure:3781: result: yes
configure:3781: checking for unistd.h
configure:3781: cc -c -O -fcommon -DNETBSD_TOOLS -DTARGET_SYSTEM_ROOT=0  -DTARGET_SYSTEM_ROOT_RELOCATABLE conftest.c >&5
configure:3781: $? = 0
configure:3781: result: yes
configure:3795: checking minix/config.h usability
configure:3795: cc -c -O -fcommon -DNETBSD_TOOLS -DTARGET_SYSTEM_ROOT=0  -DTARGET_SYSTEM_ROOT_RELOCATABLE conftest.c >&5
conftest.c:52:10: fatal error: minix/config.h: No such file or directory
   52 | #include <minix/config.h>
      |          ^~~~~~~~~~~~~~~~
compilation terminated.
configure:3795: $? = 1
configure: failed program was:
| /* confdefs.h */
| #define PACKAGE_NAME "package-unused"
| #define PACKAGE_TARNAME "libbacktrace"
| #define PACKAGE_VERSION "version-unused"
| #define PACKAGE_STRING "package-unused version-unused"
| #define PACKAGE_BUGREPORT ""
| #define PACKAGE_URL ""
| #define STDC_HEADERS 1
| #define HAVE_SYS_TYPES_H 1
| #define HAVE_SYS_STAT_H 1
| #define HAVE_STDLIB_H 1
| #define HAVE_STRING_H 1
| #define HAVE_MEMORY_H 1
| #define HAVE_STRINGS_H 1
| #define HAVE_INTTYPES_H 1
| #define HAVE_STDINT_H 1
| #define HAVE_UNISTD_H 1
| /* end confdefs.h.  */
| #include <stdio.h>
| #ifdef HAVE_SYS_TYPES_H
| # include <sys/types.h>
| #endif
| #ifdef HAVE_SYS_STAT_H
| # include <sys/stat.h>
| #endif
| #ifdef STDC_HEADERS
| # include <stdlib.h>
| # include <stddef.h>
| #else
| # ifdef HAVE_STDLIB_H
| #  include <stdlib.h>
| # endif
| #endif
| #ifdef HAVE_STRING_H
| # if !defined STDC_HEADERS && defined HAVE_MEMORY_H
| #  include <memory.h>
| # endif
| # include <string.h>
| #endif
| #ifdef HAVE_STRINGS_H
| # include <strings.h>
| #endif
| #ifdef HAVE_INTTYPES_H
| # include <inttypes.h>
| #endif
| #ifdef HAVE_STDINT_H
| # include <stdint.h>
| #endif
| #ifdef HAVE_UNISTD_H
| # include <unistd.h>
| #endif
| #include <minix/config.h>
configure:3795: result: no
configure:3795: checking minix/config.h presence
configure:3795: cc -E -DNETBSD_TOOLS -DTARGET_SYSTEM_ROOT=0  -DTARGET_SYSTEM_ROOT_RELOCATABLE conftest.c
conftest.c:19:10: fatal error: minix/config.h: No such file or directory
   19 | #include <minix/config.h>
      |          ^~~~~~~~~~~~~~~~
compilation terminated.
configure:3795: $? = 1
configure: failed program was:
| /* confdefs.h */
| #define PACKAGE_NAME "package-unused"
| #define PACKAGE_TARNAME "libbacktrace"
| #define PACKAGE_VERSION "version-unused"
| #define PACKAGE_STRING "package-unused version-unused"
| #define PACKAGE_BUGREPORT ""
| #define PACKAGE_URL ""
| #define STDC_HEADERS 1
| #define HAVE_SYS_TYPES_H 1
| #define HAVE_SYS_STAT_H 1
| #define HAVE_STDLIB_H 1
| #define HAVE_STRING_H 1
| #define HAVE_MEMORY_H 1
| #define HAVE_STRINGS_H 1
| #define HAVE_INTTYPES_H 1
| #define HAVE_STDINT_H 1
| #define HAVE_UNISTD_H 1
| /* end confdefs.h.  */
| #include <minix/config.h>
configure:3795: result: no
configure:3795: checking for minix/config.h
configure:3795: result: no
configure:3816: checking whether it is safe to define __EXTENSIONS__
configure:3834: cc -c -O -fcommon -DNETBSD_TOOLS -DTARGET_SYSTEM_ROOT=0  -DTARGET_SYSTEM_ROOT_RELOCATABLE conftest.c >&5
configure:3834: $? = 0
configure:3841: result: yes
configure:3884: checking for a BSD-compatible install
configure:3952: result: /home/donz/minix/obj.intrgcc/tooldir.Linux-6.12.63+deb13-amd64-x86_64/bin/riscv64-elf32-minix-install -c  -r
configure:3963: checking whether build environment is sane
configure:4013: result: yes
configure:4154: checking for a thread-safe mkdir -p
configure:4193: result: /usr/bin/mkdir -p
configure:4206: checking for gawk
configure:4233: result: /home/donz/minix/obj.intrgcc/tooldir.Linux-6.12.63+deb13-amd64-x86_64/bin/nbawk
configure:4244: checking whether /home/donz/minix/obj.intrgcc/tooldir.Linux-6.12.63+deb13-amd64-x86_64/bin/nbgmake sets $(MAKE)
configure:4266: result: yes
configure:4339: checking whether to enable maintainer-specific portions of Makefiles
configure:4348: result: no
configure:4382: checking for x86_64-unknown-linux-gnu-gcc
configure:4409: result: cc
configure:4678: checking for C compiler version
configure:4687: cc --version >&5
cc (Debian 14.2.0-19) 14.2.0
Copyright (C) 2024 Free Software Foundation, Inc.
This is free software; see the source for copying conditions.  There is NO
warranty; not even for MERCHANTABILITY or FITNESS FOR A PARTICULAR PURPOSE.

configure:4698: $? = 0
configure:4687: cc -v >&5
Using built-in specs.
COLLECT_GCC=cc
COLLECT_LTO_WRAPPER=/usr/libexec/gcc/x86_64-linux-gnu/14/lto-wrapper
OFFLOAD_TARGET_NAMES=nvptx-none:amdgcn-amdhsa
OFFLOAD_TARGET_DEFAULT=1
Target: x86_64-linux-gnu
Configured with: ../src/configure -v --with-pkgversion='Debian 14.2.0-19' --with-bugurl=file:///usr/share/doc/gcc-14/README.Bugs --enable-languages=c,ada,c++,go,d,fortran,objc,obj-c++,m2,rust --prefix=/usr --with-gcc-major-version-only --program-suffix=-14 --program-prefix=x86_64-linux-gnu- --enable-shared --enable-linker-build-id --libexecdir=/usr/libexec --without-included-gettext --enable-threads=posix --libdir=/usr/lib --enable-nls --enable-bootstrap --enable-clocale=gnu --enable-libstdcxx-debug --enable-libstdcxx-time=yes --with-default-libstdcxx-abi=new --enable-libstdcxx-backtrace --enable-gnu-unique-object --disable-vtable-verify --enable-plugin --enable-default-pie --with-system-zlib --enable-libphobos-checking=release --with-target-system-zlib=auto --enable-objc-gc=auto --enable-multiarch --disable-werror --enable-cet --with-arch-32=i686 --with-abi=m64 --with-multilib-list=m32,m64,mx32 --enable-multilib --with-tune=generic --enable-offload-targets=nvptx-none=/build/reproducible-path/gcc-14-14.2.0/debian/tmp-nvptx/usr,amdgcn-amdhsa=/build/reproducible-path/gcc-14-14.2.0/debian/tmp-gcn/usr --enable-offload-defaulted --without-cuda-driver --enable-checking=release --build=x86_64-linux-gnu --host=x86_64-linux-gnu --target=x86_64-linux-gnu --with-build-config=bootstrap-lto-lean --enable-link-serialization=3
Thread model: posix
Supported LTO compression algorithms: zlib zstd
gcc version 14.2.0 (Debian 14.2.0-19) 
... rest of stderr output deleted ...
configure:4698: $? = 0
configure:4687: cc -V >&5
cc: error: unrecognized command-line option '-V'
cc: fatal error: no input files
compilation terminated.
configure:4698: $? = 1
configure:4687: cc -qversion >&5
cc: error: unrecognized command-line option '-qversion'; did you mean '--version'?
cc: fatal error: no input files
compilation terminated.
configure:4698: $? = 1
configure:4702: checking whether we are using the GNU C compiler
configure:4730: result: yes
configure:4739: checking whether cc accepts -g
configure:4800: result: yes
configure:4817: checking for cc option to accept ISO C89
configure:4894: result: none needed
configure:4921: checking for x86_64-unknown-linux-gnu-ranlib
configure:4948: result: ranlib
configure:5015: checking for gawk
configure:5042: result: /home/donz/minix/obj.intrgcc/tooldir.Linux-6.12.63+deb13-amd64-x86_64/bin/nbawk
configure:5103: checking how to print strings
configure:5130: result: printf
configure:5151: checking for a sed that does not truncate output
configure:5215: result: /usr/bin/sed
configure:5233: checking for fgrep
configure:5295: result: /usr/bin/grep -F
configure:5330: checking for ld used by cc
configure:5397: result: ld
configure:5404: checking if the linker (ld) is GNU ld
configure:5419: result: yes
configure:5431: checking for BSD- or MS-compatible name lister (nm)
configure:5480: result: nm
configure:5610: checking the name lister (nm) interface
configure:5617: cc -c -O -fcommon -DNETBSD_TOOLS -DTARGET_SYSTEM_ROOT=0  -DTARGET_SYSTEM_ROOT_RELOCATABLE conftest.c >&5
configure:5620: nm "conftest.o"
configure:5623: output
0000000000000000 B some_variable
configure:5630: result: BSD nm
configure:5633: checking whether ln -s works
configure:5637: result: yes
configure:5645: checking the maximum length of command line arguments
configure:5770: result: 4718592
configure:5787: checking whether the shell understands some XSI constructs
configure:5797: result: yes
configure:5801: checking whether the shell understands "+="
configure:5807: result: no
configure:5842: checking for ld option to reload object files
configure:5849: result: -r
configure:5878: checking for x86_64-unknown-linux-gnu-objdump
configure:5905: result: objdump
configure:5977: checking how to recognize dependent libraries
configure:6178: result: pass_all
configure:6198: checking for x86_64-unknown-linux-gnu-ar
configure:6225: result: ar
configure:6303: checking for x86_64-unknown-linux-gnu-strip
configure:6333: result: no
configure:6343: checking for strip
configure:6359: found /usr/bin/strip
configure:6370: result: strip
configure:6402: checking for x86_64-unknown-linux-gnu-ranlib
configure:6429: result: ranlib
configure:6571: checking command to parse nm output from cc object
configure:6689: cc -c -O -fcommon -DNETBSD_TOOLS -DTARGET_SYSTEM_ROOT=0  -DTARGET_SYSTEM_ROOT_RELOCATABLE conftest.c >&5
configure:6692: $? = 0
configure:6696: nm conftest.o \| sed -n -e 's/^.*[ ]\([ABCDGIRSTW][ABCDGIRSTW]*\)[ ][ ]*\([_A-Za-z][_A-Za-z0-9]*\)$/  /p' \> conftest.nm
configure:6699: $? = 0
configure:6753: cc -o conftest -O -fcommon -DNETBSD_TOOLS -DTARGET_SYSTEM_ROOT=0  -DTARGET_SYSTEM_ROOT_RELOCATABLE -static-libstdc++ -static-libgcc  conftest.c conftstm.o >&5
configure:6756: $? = 0
configure:6794: result: ok
configure:6889: cc -c -O -fcommon -DNETBSD_TOOLS -DTARGET_SYSTEM_ROOT=0  -DTARGET_SYSTEM_ROOT_RELOCATABLE conftest.c >&5
configure:6892: $? = 0
configure:7642: checking for dlfcn.h
configure:7642: cc -c -O -fcommon -DNETBSD_TOOLS -DTARGET_SYSTEM_ROOT=0  -DTARGET_SYSTEM_ROOT_RELOCATABLE conftest.c >&5
configure:7642: $? = 0
configure:7642: result: yes
configure:7828: checking for objdir
configure:7843: result: .libs
configure:8114: checking if cc supports -fno-rtti -fno-exceptions
configure:8132: cc -c -O -fcommon -DNETBSD_TOOLS -DTARGET_SYSTEM_ROOT=0  -DTARGET_SYSTEM_ROOT_RELOCATABLE -fno-rtti -fno-exceptions conftest.c >&5
cc1: warning: command-line option '-fno-rtti' is valid for C++/D/ObjC++ but not for C
configure:8136: $? = 0
configure:8149: result: no
configure:8169: checking for cc option to produce PIC
configure:8455: result: -fPIC -DPIC
configure:8467: checking if cc PIC flag -fPIC -DPIC works
configure:8485: cc -c -O -fcommon -DNETBSD_TOOLS -DTARGET_SYSTEM_ROOT=0  -DTARGET_SYSTEM_ROOT_RELOCATABLE -fPIC -DPIC -DPIC conftest.c >&5
configure:8489: $? = 0
configure:8502: result: yes
configure:8526: checking if cc static flag -static works
configure:8554: result: yes
configure:8569: checking if cc supports -c -o file.o
configure:8590: cc -c -O -fcommon -DNETBSD_TOOLS -DTARGET_SYSTEM_ROOT=0  -DTARGET_SYSTEM_ROOT_RELOCATABLE -o out/conftest2.o conftest.c >&5
configure:8594: $? = 0
configure:8616: result: yes
configure:8624: checking if cc supports -c -o file.o
configure:8671: result: yes
configure:8704: checking whether the cc linker (ld -m elf_x86_64) supports shared libraries
configure:9775: result: yes
configure:10020: checking dynamic linker characteristics
configure:10471: cc -o conftest -O -fcommon -DNETBSD_TOOLS -DTARGET_SYSTEM_ROOT=0  -DTARGET_SYSTEM_ROOT_RELOCATABLE -static-libstdc++ -static-libgcc  -Wl,-rpath -Wl,/foo conftest.c  >&5
configure:10471: $? = 0
configure:10693: result: GNU/Linux ld.so
configure:10800: checking how to hardcode library paths into programs
configure:10825: result: immediate
configure:11365: checking whether stripping libraries is possible
configure:11370: result: yes
configure:11405: checking if libtool supports shared libraries
configure:11407: result: yes
configure:11410: checking whether to build shared libraries
configure:11431: result: no
configure:11434: checking whether to build static libraries
configure:11438: result: yes
configure:11482: checking unwind.h usability
configure:11482: cc -c -O -fcommon -DNETBSD_TOOLS -DTARGET_SYSTEM_ROOT=0  -DTARGET_SYSTEM_ROOT_RELOCATABLE conftest.c >&5
configure:11482: $? = 0
configure:11482: result: yes
configure:11482: checking unwind.h presence
configure:11482: cc -E -DNETBSD_TOOLS -DTARGET_SYSTEM_ROOT=0  -DTARGET_SYSTEM_ROOT_RELOCATABLE conftest.c
configure:11482: $? = 0
configure:11482: result: yes
configure:11482: checking for unwind.h
configure:11482: result: yes
configure:11484: checking for _Unwind_Backtrace
configure:11484: cc -o conftest -O -fcommon -DNETBSD_TOOLS -DTARGET_SYSTEM_ROOT=0  -DTARGET_SYSTEM_ROOT_RELOCATABLE -static-libstdc++ -static-libgcc  conftest.c  >&5
configure:11484: $? = 0
configure:11484: result: yes
configure:11505: checking for -funwind-tables option
configure:11523: cc -c -O -fcommon -funwind-tables -DNETBSD_TOOLS -DTARGET_SYSTEM_ROOT=0  -DTARGET_SYSTEM_ROOT_RELOCATABLE conftest.c >&5
configure:11523: $? = 0
configure:11531: result: yes
configure:11536: checking for -frandom-seed=string option
configure:11554: cc -c -O -fcommon -frandom-seed=conftest.lo -DNETBSD_TOOLS -DTARGET_SYSTEM_ROOT=0  -DTARGET_SYSTEM_ROOT_RELOCATABLE conftest.c >&5
configure:11554: $? = 0
configure:11562: result: yes
configure:11583: checking whether cc supports -W
configure:11600: cc -c -W -DNETBSD_TOOLS -DTARGET_SYSTEM_ROOT=0  -DTARGET_SYSTEM_ROOT_RELOCATABLE conftest.c >&5
configure:11600: $? = 0
configure:11609: result: yes
configure:11583: checking whether cc supports -Wall
configure:11600: cc -c -Wall -DNETBSD_TOOLS -DTARGET_SYSTEM_ROOT=0  -DTARGET_SYSTEM_ROOT_RELOCATABLE conftest.c >&5
configure:11600: $? = 0
configure:11609: result: yes
configure:11583: checking whether cc supports -Wwrite-strings
configure:11600: cc -c -Wwrite-strings -DNETBSD_TOOLS -DTARGET_SYSTEM_ROOT=0  -DTARGET_SYSTEM_ROOT_RELOCATABLE conftest.c >&5
configure:11600: $? = 0
configure:11609: result: yes
configure:11583: checking whether cc supports -Wstrict-prototypes
configure:11600: cc -c -Wstrict-prototypes -DNETBSD_TOOLS -DTARGET_SYSTEM_ROOT=0  -DTARGET_SYSTEM_ROOT_RELOCATABLE conftest.c >&5
conftest.c:28:1: warning: function declaration isn't a prototype [-Wstrict-prototypes]
   28 | main ()
      | ^~~~
configure:11600: $? = 0
configure:11609: result: yes
configure:11583: checking whether cc supports -Wmissing-prototypes
configure:11600: cc -c -Wmissing-prototypes -DNETBSD_TOOLS -DTARGET_SYSTEM_ROOT=0  -DTARGET_SYSTEM_ROOT_RELOCATABLE conftest.c >&5
configure:11600: $? = 0
configure:11609: result: yes
configure:11583: checking whether cc supports -Wold-style-definition
configure:11600: cc -c -Wold-style-definition -DNETBSD_TOOLS -DTARGET_SYSTEM_ROOT=0  -DTARGET_SYSTEM_ROOT_RELOCATABLE conftest.c >&5
conftest.c: In function 'main':
conftest.c:28:1: warning: old-style function definition [-Wold-style-definition]
   28 | main ()
      | ^~~~
configure:11600: $? = 0
configure:11609: result: yes
configure:11583: checking whether cc supports -Wmissing-format-attribute
configure:11600: cc -c -Wmissing-format-attribute -DNETBSD_TOOLS -DTARGET_SYSTEM_ROOT=0  -DTARGET_SYSTEM_ROOT_RELOCATABLE conftest.c >&5
configure:11600: $? = 0
configure:11609: result: yes
configure:11583: checking whether cc supports -Wcast-qual
configure:11600: cc -c -Wcast-qual -DNETBSD_TOOLS -DTARGET_SYSTEM_ROOT=0  -DTARGET_SYSTEM_ROOT_RELOCATABLE conftest.c >&5
configure:11600: $? = 0
configure:11609: result: yes
configure:11664: checking for _Unwind_GetIPInfo
configure:11679: cc -o conftest -O -fcommon -Werror-implicit-function-declaration -DNETBSD_TOOLS -DTARGET_SYSTEM_ROOT=0  -DTARGET_SYSTEM_ROOT_RELOCATABLE -static-libstdc++ -static-libgcc  conftest.c  >&5
configure:11679: $? = 0
configure:11687: result: yes
configure:11706: checking __sync extensions
configure:11727: cc -o conftest -O -fcommon -DNETBSD_TOOLS -DTARGET_SYSTEM_ROOT=0  -DTARGET_SYSTEM_ROOT_RELOCATABLE -static-libstdc++ -static-libgcc  conftest.c  >&5
configure:11727: $? = 0
configure:11736: result: yes
configure:11750: checking output filetype
configure:11767: cc -c -O -fcommon -DNETBSD_TOOLS -DTARGET_SYSTEM_ROOT=0  -DTARGET_SYSTEM_ROOT_RELOCATABLE conftest.c >&5
configure:11767: $? = 0
configure:11778: result: elf64
configure:11824: checking for uintmax_t
configure:11824: cc -c -O -fcommon -DNETBSD_TOOLS -DTARGET_SYSTEM_ROOT=0  -DTARGET_SYSTEM_ROOT_RELOCATABLE conftest.c >&5
configure:11824: $? = 0
configure:11824: cc -c -O -fcommon -DNETBSD_TOOLS -DTARGET_SYSTEM_ROOT=0  -DTARGET_SYSTEM_ROOT_RELOCATABLE conftest.c >&5
conftest.c: In function 'main':
conftest.c:35:24: error: expected expression before ')' token
   35 | if (sizeof ((uintmax_t)))
      |                        ^
configure:11824: $? = 1
configure: failed program was:
| /* confdefs.h */
| #define PACKAGE_NAME "package-unused"
| #define PACKAGE_TARNAME "libbacktrace"
| #define PACKAGE_VERSION "version-unused"
| #define PACKAGE_STRING "package-unused version-unused"
| #define PACKAGE_BUGREPORT ""
| #define PACKAGE_URL ""
| #define STDC_HEADERS 1
| #define HAVE_SYS_TYPES_H 1
| #define HAVE_SYS_STAT_H 1
| #define HAVE_STDLIB_H 1
| #define HAVE_STRING_H 1
| #define HAVE_MEMORY_H 1
| #define HAVE_STRINGS_H 1
| #define HAVE_INTTYPES_H 1
| #define HAVE_STDINT_H 1
| #define HAVE_UNISTD_H 1
| #define __EXTENSIONS__ 1
| #define _ALL_SOURCE 1
| #define _GNU_SOURCE 1
| #define _POSIX_PTHREAD_SEMANTICS 1
| #define _TANDEM_SOURCE 1
| #define HAVE_DLFCN_H 1
| #define LT_OBJDIR ".libs/"
| #define HAVE_GETIPINFO 1
| #define HAVE_SYNC_FUNCTIONS 1
| #define BACKTRACE_ELF_SIZE 64
| /* end confdefs.h.  */
| #include <sys/types.h>
| #include <stdint.h>
| 
| int
| main ()
| {
| if (sizeof ((uintmax_t)))
| 	    return 0;
|   ;
|   return 0;
| }
configure:11824: result: yes
configure:11833: checking for uintptr_t
configure:11833: cc -c -O -fcommon -DNETBSD_TOOLS -DTARGET_SYSTEM_ROOT=0  -DTARGET_SYSTEM_ROOT_RELOCATABLE conftest.c >&5
configure:11833: $? = 0
configure:11833: cc -c -O -fcommon -DNETBSD_TOOLS -DTARGET_SYSTEM_ROOT=0  -DTARGET_SYSTEM_ROOT_RELOCATABLE conftest.c >&5
conftest.c: In function 'main':
conftest.c:35:24: error: expected expression before ')' token
   35 | if (sizeof ((uintptr_t)))
      |                        ^
configure:11833: $? = 1
configure: failed program was:
| /* confdefs.h */
| #define PACKAGE_NAME "package-unused"
| #define PACKAGE_TARNAME "libbacktrace"
| #define PACKAGE_VERSION "version-unused"
| #define PACKAGE_STRING "package-unused version-unused"
| #define PACKAGE_BUGREPORT ""
| #define PACKAGE_URL ""
| #define STDC_HEADERS 1
| #define HAVE_SYS_TYPES_H 1
| #define HAVE_SYS_STAT_H 1
| #define HAVE_STDLIB_H 1
| #define HAVE_STRING_H 1
| #define HAVE_MEMORY_H 1
| #define HAVE_STRINGS_H 1
| #define HAVE_INTTYPES_H 1
| #define HAVE_STDINT_H 1
| #define HAVE_UNISTD_H 1
| #define __EXTENSIONS__ 1
| #define _ALL_SOURCE 1
| #define _GNU_SOURCE 1
| #define _POSIX_PTHREAD_SEMANTICS 1
| #define _TANDEM_SOURCE 1
| #define HAVE_DLFCN_H 1
| #define LT_OBJDIR ".libs/"
| #define HAVE_GETIPINFO 1
| #define HAVE_SYNC_FUNCTIONS 1
| #define BACKTRACE_ELF_SIZE 64
| /* end confdefs.h.  */
| #include <sys/types.h>
| #include <stdint.h>
| 
| int
| main ()
| {
| if (sizeof ((uintptr_t)))
| 	    return 0;
|   ;
|   return 0;
| }
configure:11833: result: yes
configure:11842: checking for int_least32_t
configure:11842: cc -c -O -fcommon -DNETBSD_TOOLS -DTARGET_SYSTEM_ROOT=0  -DTARGET_SYSTEM_ROOT_RELOCATABLE conftest.c >&5
configure:11842: $? = 0
configure:11842: cc -c -O -fcommon -DNETBSD_TOOLS -DTARGET_SYSTEM_ROOT=0  -DTARGET_SYSTEM_ROOT_RELOCATABLE conftest.c >&5
conftest.c: In function 'main':
conftest.c:35:28: error: expected expression before ')' token
   35 | if (sizeof ((int_least32_t)))
      |                            ^
configure:11842: $? = 1
configure: failed program was:
| /* confdefs.h */
| #define PACKAGE_NAME "package-unused"
| #define PACKAGE_TARNAME "libbacktrace"
| #define PACKAGE_VERSION "version-unused"
| #define PACKAGE_STRING "package-unused version-unused"
| #define PACKAGE_BUGREPORT ""
| #define PACKAGE_URL ""
| #define STDC_HEADERS 1
| #define HAVE_SYS_TYPES_H 1
| #define HAVE_SYS_STAT_H 1
| #define HAVE_STDLIB_H 1
| #define HAVE_STRING_H 1
| #define HAVE_MEMORY_H 1
| #define HAVE_STRINGS_H 1
| #define HAVE_INTTYPES_H 1
| #define HAVE_STDINT_H 1
| #define HAVE_UNISTD_H 1
| #define __EXTENSIONS__ 1
| #define _ALL_SOURCE 1
| #define _GNU_SOURCE 1
| #define _POSIX_PTHREAD_SEMANTICS 1
| #define _TANDEM_SOURCE 1
| #define HAVE_DLFCN_H 1
| #define LT_OBJDIR ".libs/"
| #define HAVE_GETIPINFO 1
| #define HAVE_SYNC_FUNCTIONS 1
| #define BACKTRACE_ELF_SIZE 64
| /* end confdefs.h.  */
| #include <sys/types.h>
| #include <stdint.h>
| 
| int
| main ()
| {
| if (sizeof ((int_least32_t)))
| 	    return 0;
|   ;
|   return 0;
| }
configure:11842: result: yes
configure:11851: checking for int_fast32_t
configure:11851: cc -c -O -fcommon -DNETBSD_TOOLS -DTARGET_SYSTEM_ROOT=0  -DTARGET_SYSTEM_ROOT_RELOCATABLE conftest.c >&5
configure:11851: $? = 0
configure:11851: cc -c -O -fcommon -DNETBSD_TOOLS -DTARGET_SYSTEM_ROOT=0  -DTARGET_SYSTEM_ROOT_RELOCATABLE conftest.c >&5
conftest.c: In function 'main':
conftest.c:35:27: error: expected expression before ')' token
   35 | if (sizeof ((int_fast32_t)))
      |                           ^
configure:11851: $? = 1
configure: failed program was:
| /* confdefs.h */
| #define PACKAGE_NAME "package-unused"
| #define PACKAGE_TARNAME "libbacktrace"
| #define PACKAGE_VERSION "version-unused"
| #define PACKAGE_STRING "package-unused version-unused"
| #define PACKAGE_BUGREPORT ""
| #define PACKAGE_URL ""
| #define STDC_HEADERS 1
| #define HAVE_SYS_TYPES_H 1
| #define HAVE_SYS_STAT_H 1
| #define HAVE_STDLIB_H 1
| #define HAVE_STRING_H 1
| #define HAVE_MEMORY_H 1
| #define HAVE_STRINGS_H 1
| #define HAVE_INTTYPES_H 1
| #define HAVE_STDINT_H 1
| #define HAVE_UNISTD_H 1
| #define __EXTENSIONS__ 1
| #define _ALL_SOURCE 1
| #define _GNU_SOURCE 1
| #define _POSIX_PTHREAD_SEMANTICS 1
| #define _TANDEM_SOURCE 1
| #define HAVE_DLFCN_H 1
| #define LT_OBJDIR ".libs/"
| #define HAVE_GETIPINFO 1
| #define HAVE_SYNC_FUNCTIONS 1
| #define BACKTRACE_ELF_SIZE 64
| /* end confdefs.h.  */
| #include <sys/types.h>
| #include <stdint.h>
| 
| int
| main ()
| {
| if (sizeof ((int_fast32_t)))
| 	    return 0;
|   ;
|   return 0;
| }
configure:11851: result: yes
configure:11860: checking for uint64_t
configure:11860: cc -c -O -fcommon -DNETBSD_TOOLS -DTARGET_SYSTEM_ROOT=0  -DTARGET_SYSTEM_ROOT_RELOCATABLE conftest.c >&5
configure:11860: $? = 0
configure:11860: cc -c -O -fcommon -DNETBSD_TOOLS -DTARGET_SYSTEM_ROOT=0  -DTARGET_SYSTEM_ROOT_RELOCATABLE conftest.c >&5
conftest.c: In function 'main':
conftest.c:35:23: error: expected expression before ')' token
   35 | if (sizeof ((uint64_t)))
      |                       ^
configure:11860: $? = 1
configure: failed program was:
| /* confdefs.h */
| #define PACKAGE_NAME "package-unused"
| #define PACKAGE_TARNAME "libbacktrace"
| #define PACKAGE_VERSION "version-unused"
| #define PACKAGE_STRING "package-unused version-unused"
| #define PACKAGE_BUGREPORT ""
| #define PACKAGE_URL ""
| #define STDC_HEADERS 1
| #define HAVE_SYS_TYPES_H 1
| #define HAVE_SYS_STAT_H 1
| #define HAVE_STDLIB_H 1
| #define HAVE_STRING_H 1
| #define HAVE_MEMORY_H 1
| #define HAVE_STRINGS_H 1
| #define HAVE_INTTYPES_H 1
| #define HAVE_STDINT_H 1
| #define HAVE_UNISTD_H 1
| #define __EXTENSIONS__ 1
| #define _ALL_SOURCE 1
| #define _GNU_SOURCE 1
| #define _POSIX_PTHREAD_SEMANTICS 1
| #define _TANDEM_SOURCE 1
| #define HAVE_DLFCN_H 1
| #define LT_OBJDIR ".libs/"
| #define HAVE_GETIPINFO 1
| #define HAVE_SYNC_FUNCTIONS 1
| #define BACKTRACE_ELF_SIZE 64
| /* end confdefs.h.  */
| #include <sys/types.h>
| #include <stdint.h>
| 
| int
| main ()
| {
| if (sizeof ((uint64_t)))
| 	    return 0;
|   ;
|   return 0;
| }
configure:11860: result: yes
configure:11941: checking what to include in gstdint.h
configure:11969: result: stdint.h (already complete)
configure:12220: checking sys/mman.h usability
configure:12220: cc -c -O -fcommon -DNETBSD_TOOLS -DTARGET_SYSTEM_ROOT=0  -DTARGET_SYSTEM_ROOT_RELOCATABLE conftest.c >&5
configure:12220: $? = 0
configure:12220: result: yes
configure:12220: checking sys/mman.h presence
configure:12220: cc -E -DNETBSD_TOOLS -DTARGET_SYSTEM_ROOT=0  -DTARGET_SYSTEM_ROOT_RELOCATABLE conftest.c
configure:12220: $? = 0
configure:12220: result: yes
configure:12220: checking for sys/mman.h
configure:12220: result: yes
configure:12238: checking for mmap
configure:12238: cc -o conftest -O -fcommon -DNETBSD_TOOLS -DTARGET_SYSTEM_ROOT=0  -DTARGET_SYSTEM_ROOT_RELOCATABLE -static-libstdc++ -static-libgcc  conftest.c  >&5
configure:12238: $? = 0
configure:12238: result: yes
configure:12261: cc -E -DNETBSD_TOOLS -DTARGET_SYSTEM_ROOT=0  -DTARGET_SYSTEM_ROOT_RELOCATABLE conftest.c
configure:12261: $? = 0
configure:12280: checking link.h usability
configure:12280: cc -c -O -fcommon -DNETBSD_TOOLS -DTARGET_SYSTEM_ROOT=0  -DTARGET_SYSTEM_ROOT_RELOCATABLE conftest.c >&5
configure:12280: $? = 0
configure:12280: result: yes
configure:12280: checking link.h presence
configure:12280: cc -E -DNETBSD_TOOLS -DTARGET_SYSTEM_ROOT=0  -DTARGET_SYSTEM_ROOT_RELOCATABLE conftest.c
configure:12280: $? = 0
configure:12280: result: yes
configure:12280: checking for link.h
configure:12280: result: yes
configure:12315: checking for dl_iterate_phdr
configure:12315: cc -o conftest -O -fcommon -DNETBSD_TOOLS -DTARGET_SYSTEM_ROOT=0  -DTARGET_SYSTEM_ROOT_RELOCATABLE -static-libstdc++ -static-libgcc  conftest.c  >&5
configure:12315: $? = 0
configure:12315: result: yes
configure:12337: checking for fcntl
configure:12337: cc -o conftest -O -fcommon -DNETBSD_TOOLS -DTARGET_SYSTEM_ROOT=0  -DTARGET_SYSTEM_ROOT_RELOCATABLE -static-libstdc++ -static-libgcc  conftest.c  >&5
configure:12337: $? = 0
configure:12337: result: yes
configure:12351: checking whether strnlen is declared
configure:12351: cc -c -O -fcommon -DNETBSD_TOOLS -DTARGET_SYSTEM_ROOT=0  -DTARGET_SYSTEM_ROOT_RELOCATABLE conftest.c >&5
configure:12351: $? = 0
configure:12351: result: yes
configure:12370: checking for getexecname
configure:12370: cc -o conftest -O -fcommon -DNETBSD_TOOLS -DTARGET_SYSTEM_ROOT=0  -DTARGET_SYSTEM_ROOT_RELOCATABLE -static-libstdc++ -static-libgcc  conftest.c  >&5
/usr/bin/ld: /tmp/ccfFJte8.o: in function `main':
conftest.c:(.text+0xa): undefined reference to `getexecname'
collect2: error: ld returned 1 exit status
configure:12370: $? = 1
configure: failed program was:
| /* confdefs.h */
| #define PACKAGE_NAME "package-unused"
| #define PACKAGE_TARNAME "libbacktrace"
| #define PACKAGE_VERSION "version-unused"
| #define PACKAGE_STRING "package-unused version-unused"
| #define PACKAGE_BUGREPORT ""
| #define PACKAGE_URL ""
| #define STDC_HEADERS 1
| #define HAVE_SYS_TYPES_H 1
| #define HAVE_SYS_STAT_H 1
| #define HAVE_STDLIB_H 1
| #define HAVE_STRING_H 1
| #define HAVE_MEMORY_H 1
| #define HAVE_STRINGS_H 1
| #define HAVE_INTTYPES_H 1
| #define HAVE_STDINT_H 1
| #define HAVE_UNISTD_H 1
| #define __EXTENSIONS__ 1
| #define _ALL_SOURCE 1
| #define _GNU_SOURCE 1
| #define _POSIX_PTHREAD_SEMANTICS 1
| #define _TANDEM_SOURCE 1
| #define HAVE_DLFCN_H 1
| #define LT_OBJDIR ".libs/"
| #define HAVE_GETIPINFO 1
| #define HAVE_SYNC_FUNCTIONS 1
| #define BACKTRACE_ELF_SIZE 64
| #define HAVE_SYS_MMAN_H 1
| #define HAVE_LINK_H 1
| #define HAVE_DL_ITERATE_PHDR 1
| #define HAVE_FCNTL 1
| #define HAVE_DECL_STRNLEN 1
| /* end confdefs.h.  */
| /* Define getexecname to an innocuous variant, in case <limits.h> declares getexecname.
|    For example, HP-UX 11i <limits.h> declares gettimeofday.  */
| #define getexecname innocuous_getexecname
| 
| /* System header to define __stub macros and hopefully few prototypes,
|     which can conflict with char getexecname (); below.
|     Prefer <limits.h> to <assert.h> if __STDC__ is defined, since
|     <limits.h> exists even on freestanding compilers.  */
| 
| #ifdef __STDC__
| # include <limits.h>
| #else
| # include <assert.h>
| #endif
| 
| #undef getexecname
| 
| /* Override any GCC internal prototype to avoid an error.
|    Use char because int might match the return type of a GCC
|    builtin and then its argument prototype would still apply.  */
| #ifdef __cplusplus
| extern "C"
| #endif
| char getexecname ();
| /* The GNU C library defines this for functions which it implements
|     to always fail with ENOSYS.  Some functions are actually named
|     something starting with __ and the normal name is an alias.  */
| #if defined __stub_getexecname || defined __stub___getexecname
| choke me
| #endif
| 
| int
| main ()
| {
| return getexecname ();
|   ;
|   return 0;
| }
configure:12370: result: no
configure:12384: checking whether tests can run
configure:12403: cc -o conftest -O -fcommon -DNETBSD_TOOLS -DTARGET_SYSTEM_ROOT=0  -DTARGET_SYSTEM_ROOT_RELOCATABLE -static-libstdc++ -static-libgcc  conftest.c  >&5
configure:12403: $? = 0
configure:12403: ./conftest
configure:12403: $? = 0
configure:12413: result: yes
configure:12502: updating cache ./config.cache
configure:12555: creating ./config.status

## ---------------------- ##
## Running config.status. ##
## ---------------------- ##

This file was extended by package-unused config.status version-unused, which was
generated by GNU Autoconf 2.64.  Invocation command line was

  CONFIG_FILES    = 
  CONFIG_HEADERS  = 
  CONFIG_LINKS    = 
  CONFIG_COMMANDS = 
  $ ./config.status 

on morphius

config.status:13797: creating Makefile
config.status:13797: creating backtrace-supported.h
config.status:13797: creating config.h
config.status:14023: executing libtool commands
config.status:14023: executing gstdint.h commands
config.status:14023: executing default commands

## ---------------- ##
## Cache variables. ##
## ---------------- ##

ac_cv_build='x86_64-unknown-linux-gnu'
ac_cv_c_compiler_gnu='yes'
ac_cv_env_CC_set='set'
ac_cv_env_CC_value='cc'
ac_cv_env_CFLAGS_set='set'
ac_cv_env_CFLAGS_value='-O -fcommon'
ac_cv_env_CPPFLAGS_set='set'
ac_cv_env_CPPFLAGS_value='-DNETBSD_TOOLS -DTARGET_SYSTEM_ROOT=0  -DTARGET_SYSTEM_ROOT_RELOCATABLE'
ac_cv_env_CPP_set=''
ac_cv_env_CPP_value=''
ac_cv_env_LDFLAGS_set='set'
ac_cv_env_LDFLAGS_value='-static-libstdc++ -static-libgcc '
ac_cv_env_LIBS_set=''
ac_cv_env_LIBS_value=''
ac_cv_env_build_alias_set='set'
ac_cv_env_build_alias_value='x86_64-unknown-linux-gnu'
ac_cv_env_host_alias_set='set'
ac_cv_env_host_alias_value='x86_64-unknown-linux-gnu'
ac_cv_env_target_alias_set='set'
ac_cv_env_target_alias_value='riscv64-elf32-minix'
ac_cv_func__Unwind_Backtrace='yes'
ac_cv_func_dl_iterate_phdr='yes'
ac_cv_func_fcntl='yes'
ac_cv_func_getexecname='no'
ac_cv_func_mmap='yes'
ac_cv_have_decl_strnlen='yes'
ac_cv_header_dlfcn_h='yes'
ac_cv_header_inttypes_h='yes'
ac_cv_header_link_h='yes'
ac_cv_header_memory_h='yes'
ac_cv_header_minix_config_h='no'
ac_cv_header_stdc='yes'
ac_cv_header_stdint_h='yes'
ac_cv_header_stdlib_h='yes'
ac_cv_header_string_h='yes'
ac_cv_header_strings_h='yes'
ac_cv_header_sys_mman_h='yes'
ac_cv_header_sys_stat_h='yes'
ac_cv_header_sys_types_h='yes'
ac_cv_header_unistd_h='yes'
ac_cv_header_unwind_h='yes'
ac_cv_host='x86_64-unknown-linux-gnu'
ac_cv_objext='o'
ac_cv_path_EGREP='/usr/bin/grep -E'
ac_cv_path_FGREP='/usr/bin/grep -F'
ac_cv_path_GREP='/usr/bin/grep'
ac_cv_path_SED='/usr/bin/sed'
ac_cv_path_mkdir='/usr/bin/mkdir'
ac_cv_prog_AR='ar'
ac_cv_prog_AWK='/home/donz/minix/obj.intrgcc/tooldir.Linux-6.12.63+deb13-amd64-x86_64/bin/nbawk'
ac_cv_prog_CC='cc'
ac_cv_prog_CPP='cc -E'
ac_cv_prog_OBJDUMP='objdump'
ac_cv_prog_RANLIB='ranlib'
ac_cv_prog_ac_ct_STRIP='strip'
ac_cv_prog_cc_c89=''
ac_cv_prog_cc_g='yes'
ac_cv_prog_make__home_donz_minix_obj_intrgcc_tooldir_Linux_6_12_63pdeb13_amd64_x86_64_bin_nbgmake_set='yes'
ac_cv_safe_to_define___extensions__='yes'
ac_cv_target='riscv-ucb-minix'
ac_cv_type_int_fast32_t='yes'
ac_cv_type_int_least32_t='yes'
ac_cv_type_u_int64_t='no'
ac_cv_type_uint64_t='yes'
ac_cv_type_uintmax_t='yes'
ac_cv_type_uintptr_t='yes'
acx_cv_header_stdint='stdint.h'
acx_cv_header_stdint_kind='(already complete)'
acx_cv_prog_cc_warning__W='yes'
acx_cv_prog_cc_warning__Wall='yes'
acx_cv_prog_cc_warning__Wcast_qual='yes'
acx_cv_prog_cc_warning__Wmissing_format_attribute='yes'
acx_cv_prog_cc_warning__Wmissing_prototypes='yes'
acx_cv_prog_cc_warning__Wold_style_definition='yes'
acx_cv_prog_cc_warning__Wstrict_prototypes='yes'
acx_cv_prog_cc_warning__Wwrite_strings='yes'
gcc_cv_as_sparc_gotdata_op='no'
gcc_cv_ld_hidden='yes'
gcc_cv_libc_provides_ssp='yes'
libbacktrace_cv_c_random_seed_string='yes'
libbacktrace_cv_c_unwind_tables='yes'
libbacktrace_cv_sys_filetype='elf64'
libbacktrace_cv_sys_native='yes'
libbacktrace_cv_sys_sync='yes'
lt_cv_deplibs_check_method='pass_all'
lt_cv_file_magic_cmd='$MAGIC_CMD'
lt_cv_file_magic_test_file=''
lt_cv_ld_reload_flag='-r'
lt_cv_nm_interface='BSD nm'
lt_cv_objdir='.libs'
lt_cv_path_LD='ld'
lt_cv_path_NM='nm'
lt_cv_prog_compiler_c_o='yes'
lt_cv_prog_compiler_pic_works='yes'
lt_cv_prog_compiler_rtti_exceptions='no'
lt_cv_prog_compiler_static_works='yes'
lt_cv_prog_gnu_ld='yes'
lt_cv_shlibpath_overrides_runpath='yes'
lt_cv_sys_global_symbol_pipe='sed -n -e '"'"'s/^.*[	 ]\([ABCDGIRSTW][ABCDGIRSTW]*\)[	 ][	 ]*\([_A-Za-z][_A-Za-z0-9]*\)$/\1 \2 \2/p'"'"
lt_cv_sys_global_symbol_to_c_name_address='sed -n -e '"'"'s/^: \([^ ]*\) $/  {\"\1\", (void *) 0},/p'"'"' -e '"'"'s/^[ABCDGIRSTW]* \([^ ]*\) \([^ ]*\)$/  {"\2", (void *) \&\2},/p'"'"
lt_cv_sys_global_symbol_to_c_name_address_lib_prefix='sed -n -e '"'"'s/^: \([^ ]*\) $/  {\"\1\", (void *) 0},/p'"'"' -e '"'"'s/^[ABCDGIRSTW]* \([^ ]*\) \(lib[^ ]*\)$/  {"\2", (void *) \&\2},/p'"'"' -e '"'"'s/^[ABCDGIRSTW]* \([^ ]*\) \([^ ]*\)$/  {"lib\2", (void *) \&\2},/p'"'"
lt_cv_sys_global_symbol_to_cdecl='sed -n -e '"'"'s/^T .* \(.*\)$/extern int \1();/p'"'"' -e '"'"'s/^[ABCDGIRSTW]* .* \(.*\)$/extern char \1;/p'"'"
lt_cv_sys_max_cmd_len='4718592'

## ----------------- ##
## Output variables. ##
## ----------------- ##

ACLOCAL='${SHELL} /home/donz/minix/external/gpl3/gcc/dist/missing --run aclocal-1.11'
ALLOC_FILE='mmap.lo'
AMTAR='${SHELL} /home/donz/minix/external/gpl3/gcc/dist/missing --run tar'
AR='ar'
AUTOCONF='${SHELL} /home/donz/minix/external/gpl3/gcc/dist/missing --run autoconf'
AUTOHEADER='${SHELL} /home/donz/minix/external/gpl3/gcc/dist/missing --run autoheader'
AUTOMAKE='${SHELL} /home/donz/minix/external/gpl3/gcc/dist/missing --run automake-1.11'
AWK='/home/donz/minix/obj.intrgcc/tooldir.Linux-6.12.63+deb13-amd64-x86_64/bin/nbawk'
BACKTRACE_FILE='backtrace.lo simple.lo'
BACKTRACE_SUPPORTED='1'
BACKTRACE_SUPPORTS_THREADS='1'
BACKTRACE_USES_MALLOC='0'
CC='cc'
CFLAGS='-O -fcommon'
CPP='cc -E'
CPPFLAGS='-DNETBSD_TOOLS -DTARGET_SYSTEM_ROOT=0  -DTARGET_SYSTEM_ROOT_RELOCATABLE'
CYGPATH_W='echo'
DEFS='-DHAVE_CONFIG_H'
DSYMUTIL=''
DUMPBIN=''
ECHO_C=''
ECHO_N='-n'
ECHO_T=''
EGREP='/usr/bin/grep -E'
EXEEXT=''
EXTRA_FLAGS='-funwind-tables -frandom-seed=$@'
FGREP='/usr/bin/grep -F'
FORMAT_FILE='elf.lo'
GREP='/usr/bin/grep'
INSTALL_DATA='${INSTALL} -m 644'
INSTALL_PROGRAM='${INSTALL}'
INSTALL_SCRIPT='${INSTALL}'
INSTALL_STRIP_PROGRAM='$(install_sh) -c -s'
LD='ld -m elf_x86_64'
LDFLAGS='-static-libstdc++ -static-libgcc '
LIBOBJS=''
LIBS=''
LIBTOOL='$(SHELL) $(top_builddir)/libtool'
LIPO=''
LN_S='ln -s'
LTLIBOBJS=''
MAINT='#'
MAINTAINER_MODE_FALSE=''
MAINTAINER_MODE_TRUE='#'
MAKEINFO='/home/donz/minix/obj.intrgcc/tooldir.Linux-6.12.63+deb13-amd64-x86_64/bin/nbmakeinfo'
MKDIR_P='/usr/bin/mkdir -p'
NATIVE_FALSE='#'
NATIVE_TRUE=''
NM='nm'
NMEDIT=''
OBJDUMP='objdump'
OBJEXT='o'
OTOOL64=''
OTOOL=''
PACKAGE='libbacktrace'
PACKAGE_BUGREPORT=''
PACKAGE_NAME='package-unused'
PACKAGE_STRING='package-unused version-unused'
PACKAGE_TARNAME='libbacktrace'
PACKAGE_URL=''
PACKAGE_VERSION='version-unused'
PATH_SEPARATOR=':'
PIC_FLAG=''
RANLIB='ranlib'
SED='/usr/bin/sed'
SET_MAKE=''
SHELL='/usr/bin/sh'
STRIP='strip'
VERSION='version-unused'
VIEW_FILE='mmapio.lo'
WARN_FLAGS='-W -Wall -Wwrite-strings -Wstrict-prototypes -Wmissing-prototypes -Wold-style-definition -Wmissing-format-attribute -Wcast-qual'
ac_ct_CC=''
ac_ct_DUMPBIN=''
am__EXEEXT_FALSE=''
am__EXEEXT_TRUE='#'
am__isrc=' -I$(srcdir)'
am__leading_dot='.'
am__tar='${AMTAR} chof - "$$tardir"'
am__untar='${AMTAR} xf -'
bindir='${exec_prefix}/bin'
build='x86_64-unknown-linux-gnu'
build_alias='x86_64-unknown-linux-gnu'
build_cpu='x86_64'
build_os='linux-gnu'
build_vendor='unknown'
datadir='${datarootdir}'
datarootdir='${prefix}/share'
docdir='${datarootdir}/doc/${PACKAGE_TARNAME}'
dvidir='${docdir}'
exec_prefix='${prefix}'
host='x86_64-unknown-linux-gnu'
host_alias='x86_64-unknown-linux-gnu'
host_cpu='x86_64'
host_os='linux-gnu'
host_vendor='unknown'
htmldir='${docdir}'
includedir='${prefix}/include'
infodir='${datarootdir}/info'
install_sh='${SHELL} /home/donz/minix/external/gpl3/gcc/dist/install-sh'
libdir='${exec_prefix}/lib'
libexecdir='${exec_prefix}/libexec'
libtool_VERSION='1:0:0'
localedir='${datarootdir}/locale'
localstatedir='${prefix}/var'
mandir='${datarootdir}/man'
mkdir_p='/usr/bin/mkdir -p'
multi_basedir=''
oldincludedir='/usr/include'
pdfdir='${docdir}'
prefix='/home/donz/minix/obj.intrgcc/tooldir.Linux-6.12.63+deb13-amd64-x86_64'
program_transform_name='s,^,riscv64-elf32-minix-,'
psdir='${docdir}'
sbindir='${exec_prefix}/sbin'
sharedstatedir='${prefix}/com'
sysconfdir='${prefix}/etc'
target='riscv-ucb-minix'
target_alias='riscv64-elf32-minix'
target_cpu='riscv'
target_os='minix'
target_vendor='ucb'

## ----------- ##
## confdefs.h. ##
## ----------- ##

/* confdefs.h */
#define PACKAGE_NAME "package-unused"
#define PACKAGE_TARNAME "libbacktrace"
#define PACKAGE_VERSION "version-unused"
#define PACKAGE_STRING "package-unused version-unused"
#define PACKAGE_BUGREPORT ""
#define PACKAGE_URL ""
#define STDC_HEADERS 1
#define HAVE_SYS_TYPES_H 1
#define HAVE_SYS_STAT_H 1
#define HAVE_STDLIB_H 1
#define HAVE_STRING_H 1
#define HAVE_MEMORY_H 1
#define HAVE_STRINGS_H 1
#define HAVE_INTTYPES_H 1
#define HAVE_STDINT_H 1
#define HAVE_UNISTD_H 1
#define __EXTENSIONS__ 1
#define _ALL_SOURCE 1
#define _GNU_SOURCE 1
#define _POSIX_PTHREAD_SEMANTICS 1
#define _TANDEM_SOURCE 1
#define HAVE_DLFCN_H 1
#define LT_OBJDIR ".libs/"
#define HAVE_GETIPINFO 1
#define HAVE_SYNC_FUNCTIONS 1
#define BACKTRACE_ELF_SIZE 64
#define HAVE_SYS_MMAN_H 1
#define HAVE_LINK_H 1
#define HAVE_DL_ITERATE_PHDR 1
#define HAVE_FCNTL 1
#define HAVE_DECL_STRNLEN 1

configure: exit 0
