This file contains any messages produced by compilers while
running configure, to aid debugging if configure makes a mistake.

It was created by MPFR configure 3.1.2, which was
generated by GNU Autoconf 2.69.  Invocation command line was

  $ /home/donz/minix/tools/mpfr/../../external/lgpl3/mpfr/dist/configure --with-gmp=/home/donz/minix/obj.intrgcc/tooldir.Linux-6.12.63+deb13-amd64-x86_64 --disable-shared --prefix=/home/donz/minix/obj.intrgcc/tooldir.Linux-6.12.63+deb13-amd64-x86_64 --disable-shared

## --------- ##
## Platform. ##
## --------- ##

hostname = morphius
uname -m = x86_64
uname -r = 6.12.63+deb13-amd64
uname -s = Linux
uname -v = #1 SMP PREEMPT_DYNAMIC Debian 6.12.63-1 (2025-12-30)

/usr/bin/uname -p = unknown
/bin/uname -X     = unknown

/bin/arch              = x86_64
/usr/bin/arch -k       = unknown
/usr/convex/getsysinfo = unknown
/usr/bin/hostinfo      = unknown
/bin/machine           = unknown
/usr/bin/oslevel       = unknown
/bin/universe          = unknown

PATH: /home/donz/minix/obj.intrgcc/tooldir.Linux-6.12.63+deb13-amd64-x86_64/bin
PATH: /home/donz/.local/bin
PATH: /usr/local/bin
PATH: /usr/bin
PATH: /bin
PATH: /usr/local/games
PATH: /usr/games


## ----------- ##
## Core tests. ##
## ----------- ##

configure:2558: checking for a BSD-compatible install
configure:2626: result: /home/donz/minix/obj.intrgcc/tooldir.Linux-6.12.63+deb13-amd64-x86_64/bin/riscv64-elf32-minix-install -c  -r
configure:2637: checking whether build environment is sane
configure:2687: result: yes
configure:2828: checking for a thread-safe mkdir -p
configure:2867: result: /home/donz/minix/obj.intrgcc/tooldir.Linux-6.12.63+deb13-amd64-x86_64/bin/riscv64-elf32-minix-install -d -p
configure:2880: checking for gawk
configure:2907: result: /home/donz/minix/obj.intrgcc/tooldir.Linux-6.12.63+deb13-amd64-x86_64/bin/nbawk
configure:2918: checking whether /home/donz/minix/obj.intrgcc/tooldir.Linux-6.12.63+deb13-amd64-x86_64/bin/nbmake sets $(MAKE)
configure:2944: result: no
configure:3012: checking whether to enable maintainer-specific portions of Makefiles
configure:3021: result: yes
configure:3044: checking build system type
configure:3058: result: x86_64-unknown-linux-gnu
configure:3078: checking host system type
configure:3091: result: x86_64-unknown-linux-gnu
configure:3112: checking for grep that handles long lines and -e
configure:3170: result: /usr/bin/grep
configure:3175: checking for egrep
configure:3237: result: /usr/bin/grep -E
configure:3242: checking for a sed that does not truncate output
configure:3306: result: /usr/bin/sed
configure:3577: checking for gcc
configure:3604: result: cc
configure:3833: checking for C compiler version
configure:3842: cc --version >&5
cc (Debian 14.2.0-19) 14.2.0
Copyright (C) 2024 Free Software Foundation, Inc.
This is free software; see the source for copying conditions.  There is NO
warranty; not even for MERCHANTABILITY or FITNESS FOR A PARTICULAR PURPOSE.

configure:3853: $? = 0
configure:3842: cc -v >&5
Using built-in specs.
COLLECT_GCC=cc
COLLECT_LTO_WRAPPER=/usr/libexec/gcc/x86_64-linux-gnu/14/lto-wrapper
OFFLOAD_TARGET_NAMES=nvptx-none:amdgcn-amdhsa
OFFLOAD_TARGET_DEFAULT=1
Target: x86_64-linux-gnu
Configured with: ../src/configure -v --with-pkgversion='Debian 14.2.0-19' --with-bugurl=file:///usr/share/doc/gcc-14/README.Bugs --enable-languages=c,ada,c++,go,d,fortran,objc,obj-c++,m2,rust --prefix=/usr --with-gcc-major-version-only --program-suffix=-14 --program-prefix=x86_64-linux-gnu- --enable-shared --enable-linker-build-id --libexecdir=/usr/libexec --without-included-gettext --enable-threads=posix --libdir=/usr/lib --enable-nls --enable-bootstrap --enable-clocale=gnu --enable-libstdcxx-debug --enable-libstdcxx-time=yes --with-default-libstdcxx-abi=new --enable-libstdcxx-backtrace --enable-gnu-unique-object --disable-vtable-verify --enable-plugin --enable-default-pie --with-system-zlib --enable-libphobos-checking=release --with-target-system-zlib=auto --enable-objc-gc=auto --enable-multiarch --disable-werror --enable-cet --with-arch-32=i686 --with-abi=m64 --with-multilib-list=m32,m64,mx32 --enable-multilib --with-tune=generic --enable-offload-targets=nvptx-none=/build/reproducible-path/gcc-14-14.2.0/debian/tmp-nvptx/usr,amdgcn-amdhsa=/build/reproducible-path/gcc-14-14.2.0/debian/tmp-gcn/usr --enable-offload-defaulted --without-cuda-driver --enable-checking=release --build=x86_64-linux-gnu --host=x86_64-linux-gnu --target=x86_64-linux-gnu --with-build-config=bootstrap-lto-lean --enable-link-serialization=3
Thread model: posix
Supported LTO compression algorithms: zlib zstd
gcc version 14.2.0 (Debian 14.2.0-19) 
... rest of stderr output deleted ...
configure:3853: $? = 0
configure:3842: cc -V >&5
cc: error: unrecognized command-line option '-V'
cc: fatal error: no input files
compilation terminated.
configure:3853: $? = 1
configure:3842: cc -qversion >&5
cc: error: unrecognized command-line option '-qversion'; did you mean '--version'?
cc: fatal error: no input files
compilation terminated.
configure:3853: $? = 1
configure:3873: checking whether the C compiler works
configure:3895: cc -O -fcommon  -I/home/donz/minix/obj.intrgcc/tooldir.Linux-6.12.63+deb13-amd64-x86_64/include  -L/home/donz/minix/obj.intrgcc/tooldir.Linux-6.12.63+deb13-amd64-x86_64/lib conftest.c  >&5
configure:3899: $? = 0
configure:3947: result: yes
configure:3950: checking for C compiler default output file name
configure:3952: result: a.out
configure:3958: checking for suffix of executables
configure:3965: cc -o conftest -O -fcommon  -I/home/donz/minix/obj.intrgcc/tooldir.Linux-6.12.63+deb13-amd64-x86_64/include  -L/home/donz/minix/obj.intrgcc/tooldir.Linux-6.12.63+deb13-amd64-x86_64/lib conftest.c  >&5
configure:3969: $? = 0
configure:3991: result: 
configure:4013: checking whether we are cross compiling
configure:4021: cc -o conftest -O -fcommon  -I/home/donz/minix/obj.intrgcc/tooldir.Linux-6.12.63+deb13-amd64-x86_64/include  -L/home/donz/minix/obj.intrgcc/tooldir.Linux-6.12.63+deb13-amd64-x86_64/lib conftest.c  >&5
configure:4025: $? = 0
configure:4032: ./conftest
configure:4036: $? = 0
configure:4051: result: no
configure:4056: checking for suffix of object files
configure:4078: cc -c -O -fcommon  -I/home/donz/minix/obj.intrgcc/tooldir.Linux-6.12.63+deb13-amd64-x86_64/include conftest.c >&5
configure:4082: $? = 0
configure:4103: result: o
configure:4107: checking whether we are using the GNU C compiler
configure:4126: cc -c -O -fcommon  -I/home/donz/minix/obj.intrgcc/tooldir.Linux-6.12.63+deb13-amd64-x86_64/include conftest.c >&5
configure:4126: $? = 0
configure:4135: result: yes
configure:4144: checking whether cc accepts -g
configure:4164: cc -c -g  -I/home/donz/minix/obj.intrgcc/tooldir.Linux-6.12.63+deb13-amd64-x86_64/include conftest.c >&5
configure:4164: $? = 0
configure:4205: result: yes
configure:4222: checking for cc option to accept ISO C89
configure:4285: cc  -c -O -fcommon  -I/home/donz/minix/obj.intrgcc/tooldir.Linux-6.12.63+deb13-amd64-x86_64/include conftest.c >&5
configure:4285: $? = 0
configure:4298: result: none needed
configure:4329: checking for style of include used by /home/donz/minix/obj.intrgcc/tooldir.Linux-6.12.63+deb13-amd64-x86_64/bin/nbmake
configure:4357: result: none
configure:4383: checking dependency style of cc
configure:4494: result: none
configure:4514: checking how to run the C preprocessor
configure:4545: cc -E  -I/home/donz/minix/obj.intrgcc/tooldir.Linux-6.12.63+deb13-amd64-x86_64/include conftest.c
configure:4545: $? = 0
configure:4559: cc -E  -I/home/donz/minix/obj.intrgcc/tooldir.Linux-6.12.63+deb13-amd64-x86_64/include conftest.c
conftest.c:9:10: fatal error: ac_nonexistent.h: No such file or directory
    9 | #include <ac_nonexistent.h>
      |          ^~~~~~~~~~~~~~~~~~
compilation terminated.
configure:4559: $? = 1
configure: failed program was:
| /* confdefs.h */
| #define PACKAGE_NAME "MPFR"
| #define PACKAGE_TARNAME "mpfr"
| #define PACKAGE_VERSION "3.1.2"
| #define PACKAGE_STRING "MPFR 3.1.2"
| #define PACKAGE_BUGREPORT ""
| #define PACKAGE_URL ""
| /* end confdefs.h.  */
| #include <ac_nonexistent.h>
configure:4584: result: cc -E
configure:4604: cc -E  -I/home/donz/minix/obj.intrgcc/tooldir.Linux-6.12.63+deb13-amd64-x86_64/include conftest.c
configure:4604: $? = 0
configure:4618: cc -E  -I/home/donz/minix/obj.intrgcc/tooldir.Linux-6.12.63+deb13-amd64-x86_64/include conftest.c
conftest.c:9:10: fatal error: ac_nonexistent.h: No such file or directory
    9 | #include <ac_nonexistent.h>
      |          ^~~~~~~~~~~~~~~~~~
compilation terminated.
configure:4618: $? = 1
configure: failed program was:
| /* confdefs.h */
| #define PACKAGE_NAME "MPFR"
| #define PACKAGE_TARNAME "mpfr"
| #define PACKAGE_VERSION "3.1.2"
| #define PACKAGE_STRING "MPFR 3.1.2"
| #define PACKAGE_BUGREPORT ""
| #define PACKAGE_URL ""
| /* end confdefs.h.  */
| #include <ac_nonexistent.h>
configure:4757: checking for ICC
configure:4775: cc -c -O -fcommon  -I/home/donz/minix/obj.intrgcc/tooldir.Linux-6.12.63+deb13-amd64-x86_64/include conftest.c >&5
conftest.c:11:3: error: #error "ICC Not Found"
   11 | # error "ICC Not Found"
      |   ^~~~~
conftest.c:12:6: error: expected ';' before 'int'
   12 | error
      |      ^
      |      ;
......
   15 | int
      | ~~~   
configure:4775: $? = 1
configure: failed program was:
| /* confdefs.h */
| #define PACKAGE_NAME "MPFR"
| #define PACKAGE_TARNAME "mpfr"
| #define PACKAGE_VERSION "3.1.2"
| #define PACKAGE_STRING "MPFR 3.1.2"
| #define PACKAGE_BUGREPORT ""
| #define PACKAGE_URL ""
| /* end confdefs.h.  */
| 
| #if !defined(__ICC)
| # error "ICC Not Found"
| error
| #endif
| 
| int
| main ()
| {
| 
|   ;
|   return 0;
| }
configure:4782: result: no
configure:4795: checking whether cc understands -c and -o together
configure:4823: cc -c conftest.c -o conftest2.o >&5
configure:4827: $? = 0
configure:4833: cc -c conftest.c -o conftest2.o >&5
configure:4837: $? = 0
configure:4892: result: yes
configure:4952: checking for an ANSI C-conforming const
configure:5018: cc -c -O -fcommon  -I/home/donz/minix/obj.intrgcc/tooldir.Linux-6.12.63+deb13-amd64-x86_64/include conftest.c >&5
configure:5018: $? = 0
configure:5025: result: yes
configure:5033: checking for working volatile
configure:5052: cc -c -O -fcommon  -I/home/donz/minix/obj.intrgcc/tooldir.Linux-6.12.63+deb13-amd64-x86_64/include conftest.c >&5
configure:5052: $? = 0
configure:5059: result: yes
configure:5225: checking for main in -lm
configure:5244: cc -o conftest -O -fcommon  -I/home/donz/minix/obj.intrgcc/tooldir.Linux-6.12.63+deb13-amd64-x86_64/include  -L/home/donz/minix/obj.intrgcc/tooldir.Linux-6.12.63+deb13-amd64-x86_64/lib conftest.c -lm   >&5
configure:5244: $? = 0
configure:5253: result: yes
configure:5262: checking whether time.h and sys/time.h may both be included
configure:5282: cc -c -O -fcommon  -I/home/donz/minix/obj.intrgcc/tooldir.Linux-6.12.63+deb13-amd64-x86_64/include conftest.c >&5
configure:5282: $? = 0
configure:5289: result: yes
configure:5298: checking for ANSI C header files
configure:5318: cc -c -O -fcommon  -I/home/donz/minix/obj.intrgcc/tooldir.Linux-6.12.63+deb13-amd64-x86_64/include conftest.c >&5
configure:5318: $? = 0
configure:5391: cc -o conftest -O -fcommon  -I/home/donz/minix/obj.intrgcc/tooldir.Linux-6.12.63+deb13-amd64-x86_64/include  -L/home/donz/minix/obj.intrgcc/tooldir.Linux-6.12.63+deb13-amd64-x86_64/lib conftest.c  >&5
configure:5391: $? = 0
configure:5391: ./conftest
configure:5391: $? = 0
configure:5402: result: yes
configure:5415: checking for sys/types.h
configure:5415: cc -c -O -fcommon  -I/home/donz/minix/obj.intrgcc/tooldir.Linux-6.12.63+deb13-amd64-x86_64/include conftest.c >&5
configure:5415: $? = 0
configure:5415: result: yes
configure:5415: checking for sys/stat.h
configure:5415: cc -c -O -fcommon  -I/home/donz/minix/obj.intrgcc/tooldir.Linux-6.12.63+deb13-amd64-x86_64/include conftest.c >&5
configure:5415: $? = 0
configure:5415: result: yes
configure:5415: checking for stdlib.h
configure:5415: cc -c -O -fcommon  -I/home/donz/minix/obj.intrgcc/tooldir.Linux-6.12.63+deb13-amd64-x86_64/include conftest.c >&5
configure:5415: $? = 0
configure:5415: result: yes
configure:5415: checking for string.h
configure:5415: cc -c -O -fcommon  -I/home/donz/minix/obj.intrgcc/tooldir.Linux-6.12.63+deb13-amd64-x86_64/include conftest.c >&5
configure:5415: $? = 0
configure:5415: result: yes
configure:5415: checking for memory.h
configure:5415: cc -c -O -fcommon  -I/home/donz/minix/obj.intrgcc/tooldir.Linux-6.12.63+deb13-amd64-x86_64/include conftest.c >&5
configure:5415: $? = 0
configure:5415: result: yes
configure:5415: checking for strings.h
configure:5415: cc -c -O -fcommon  -I/home/donz/minix/obj.intrgcc/tooldir.Linux-6.12.63+deb13-amd64-x86_64/include conftest.c >&5
configure:5415: $? = 0
configure:5415: result: yes
configure:5415: checking for inttypes.h
configure:5415: cc -c -O -fcommon  -I/home/donz/minix/obj.intrgcc/tooldir.Linux-6.12.63+deb13-amd64-x86_64/include conftest.c >&5
configure:5415: $? = 0
configure:5415: result: yes
configure:5415: checking for stdint.h
configure:5415: cc -c -O -fcommon  -I/home/donz/minix/obj.intrgcc/tooldir.Linux-6.12.63+deb13-amd64-x86_64/include conftest.c >&5
configure:5415: $? = 0
configure:5415: result: yes
configure:5415: checking for unistd.h
configure:5415: cc -c -O -fcommon  -I/home/donz/minix/obj.intrgcc/tooldir.Linux-6.12.63+deb13-amd64-x86_64/include conftest.c >&5
configure:5415: $? = 0
configure:5415: result: yes
configure:5427: checking for size_t
configure:5427: cc -c -O -fcommon  -I/home/donz/minix/obj.intrgcc/tooldir.Linux-6.12.63+deb13-amd64-x86_64/include conftest.c >&5
configure:5427: $? = 0
configure:5427: cc -c -O -fcommon  -I/home/donz/minix/obj.intrgcc/tooldir.Linux-6.12.63+deb13-amd64-x86_64/include conftest.c >&5
conftest.c: In function 'main':
conftest.c:56:21: error: expected expression before ')' token
   56 | if (sizeof ((size_t)))
      |                     ^
configure:5427: $? = 1
configure: failed program was:
| /* confdefs.h */
| #define PACKAGE_NAME "MPFR"
| #define PACKAGE_TARNAME "mpfr"
| #define PACKAGE_VERSION "3.1.2"
| #define PACKAGE_STRING "MPFR 3.1.2"
| #define PACKAGE_BUGREPORT ""
| #define PACKAGE_URL ""
| #define TIME_WITH_SYS_TIME 1
| #define STDC_HEADERS 1
| #define HAVE_SYS_TYPES_H 1
| #define HAVE_SYS_STAT_H 1
| #define HAVE_STDLIB_H 1
| #define HAVE_STRING_H 1
| #define HAVE_MEMORY_H 1
| #define HAVE_STRINGS_H 1
| #define HAVE_INTTYPES_H 1
| #define HAVE_STDINT_H 1
| #define HAVE_UNISTD_H 1
| /* end confdefs.h.  */
| #include <stdio.h>
| #ifdef HAVE_SYS_TYPES_H
| # include <sys/types.h>
| #endif
| #ifdef HAVE_SYS_STAT_H
| # include <sys/stat.h>
| #endif
| #ifdef STDC_HEADERS
| # include <stdlib.h>
| # include <stddef.h>
| #else
| # ifdef HAVE_STDLIB_H
| #  include <stdlib.h>
| # endif
| #endif
| #ifdef HAVE_STRING_H
| # if !defined STDC_HEADERS && defined HAVE_MEMORY_H
| #  include <memory.h>
| # endif
| # include <string.h>
| #endif
| #ifdef HAVE_STRINGS_H
| # include <strings.h>
| #endif
| #ifdef HAVE_INTTYPES_H
| # include <inttypes.h>
| #endif
| #ifdef HAVE_STDINT_H
| # include <stdint.h>
| #endif
| #ifdef HAVE_UNISTD_H
| # include <unistd.h>
| #endif
| int
| main ()
| {
| if (sizeof ((size_t)))
| 	    return 0;
|   ;
|   return 0;
| }
configure:5427: result: yes
configure:5444: checking limits.h usability
configure:5444: cc -c -O -fcommon  -I/home/donz/minix/obj.intrgcc/tooldir.Linux-6.12.63+deb13-amd64-x86_64/include conftest.c >&5
configure:5444: $? = 0
configure:5444: result: yes
configure:5444: checking limits.h presence
configure:5444: cc -E  -I/home/donz/minix/obj.intrgcc/tooldir.Linux-6.12.63+deb13-amd64-x86_64/include conftest.c
configure:5444: $? = 0
configure:5444: result: yes
configure:5444: checking for limits.h
configure:5444: result: yes
configure:5452: checking float.h usability
configure:5452: cc -c -O -fcommon  -I/home/donz/minix/obj.intrgcc/tooldir.Linux-6.12.63+deb13-amd64-x86_64/include conftest.c >&5
configure:5452: $? = 0
configure:5452: result: yes
configure:5452: checking float.h presence
configure:5452: cc -E  -I/home/donz/minix/obj.intrgcc/tooldir.Linux-6.12.63+deb13-amd64-x86_64/include conftest.c
configure:5452: $? = 0
configure:5452: result: yes
configure:5452: checking for float.h
configure:5452: result: yes
configure:5460: checking for string.h
configure:5460: result: yes
configure:5471: checking locale.h usability
configure:5471: cc -c -O -fcommon  -I/home/donz/minix/obj.intrgcc/tooldir.Linux-6.12.63+deb13-amd64-x86_64/include conftest.c >&5
configure:5471: $? = 0
configure:5471: result: yes
configure:5471: checking locale.h presence
configure:5471: cc -E  -I/home/donz/minix/obj.intrgcc/tooldir.Linux-6.12.63+deb13-amd64-x86_64/include conftest.c
configure:5471: $? = 0
configure:5471: result: yes
configure:5471: checking for locale.h
configure:5471: result: yes
configure:5484: checking wchar.h usability
configure:5484: cc -c -O -fcommon  -I/home/donz/minix/obj.intrgcc/tooldir.Linux-6.12.63+deb13-amd64-x86_64/include conftest.c >&5
configure:5484: $? = 0
configure:5484: result: yes
configure:5484: checking wchar.h presence
configure:5484: cc -E  -I/home/donz/minix/obj.intrgcc/tooldir.Linux-6.12.63+deb13-amd64-x86_64/include conftest.c
configure:5484: $? = 0
configure:5484: result: yes
configure:5484: checking for wchar.h
configure:5484: result: yes
configure:5495: checking stdarg.h usability
configure:5495: cc -c -O -fcommon  -I/home/donz/minix/obj.intrgcc/tooldir.Linux-6.12.63+deb13-amd64-x86_64/include conftest.c >&5
configure:5495: $? = 0
configure:5495: result: yes
configure:5495: checking stdarg.h presence
configure:5495: cc -E  -I/home/donz/minix/obj.intrgcc/tooldir.Linux-6.12.63+deb13-amd64-x86_64/include conftest.c
configure:5495: $? = 0
configure:5495: result: yes
configure:5495: checking for stdarg.h
configure:5495: result: yes
configure:5516: checking sys/time.h usability
configure:5516: cc -c -O -fcommon  -I/home/donz/minix/obj.intrgcc/tooldir.Linux-6.12.63+deb13-amd64-x86_64/include conftest.c >&5
configure:5516: $? = 0
configure:5516: result: yes
configure:5516: checking sys/time.h presence
configure:5516: cc -E  -I/home/donz/minix/obj.intrgcc/tooldir.Linux-6.12.63+deb13-amd64-x86_64/include conftest.c
configure:5516: $? = 0
configure:5516: result: yes
configure:5516: checking for sys/time.h
configure:5516: result: yes
configure:5516: checking sys/fpu.h usability
configure:5516: cc -c -O -fcommon  -I/home/donz/minix/obj.intrgcc/tooldir.Linux-6.12.63+deb13-amd64-x86_64/include conftest.c >&5
conftest.c:57:10: fatal error: sys/fpu.h: No such file or directory
   57 | #include <sys/fpu.h>
      |          ^~~~~~~~~~~
compilation terminated.
configure:5516: $? = 1
configure: failed program was:
| /* confdefs.h */
| #define PACKAGE_NAME "MPFR"
| #define PACKAGE_TARNAME "mpfr"
| #define PACKAGE_VERSION "3.1.2"
| #define PACKAGE_STRING "MPFR 3.1.2"
| #define PACKAGE_BUGREPORT ""
| #define PACKAGE_URL ""
| #define TIME_WITH_SYS_TIME 1
| #define STDC_HEADERS 1
| #define HAVE_SYS_TYPES_H 1
| #define HAVE_SYS_STAT_H 1
| #define HAVE_STDLIB_H 1
| #define HAVE_STRING_H 1
| #define HAVE_MEMORY_H 1
| #define HAVE_STRINGS_H 1
| #define HAVE_INTTYPES_H 1
| #define HAVE_STDINT_H 1
| #define HAVE_UNISTD_H 1
| #define HAVE_LOCALE_H 1
| #define HAVE_WCHAR_H 1
| #define HAVE_STDARG 1
| #define HAVE_SYS_TIME_H 1
| /* end confdefs.h.  */
| #include <stdio.h>
| #ifdef HAVE_SYS_TYPES_H
| # include <sys/types.h>
| #endif
| #ifdef HAVE_SYS_STAT_H
| # include <sys/stat.h>
| #endif
| #ifdef STDC_HEADERS
| # include <stdlib.h>
| # include <stddef.h>
| #else
| # ifdef HAVE_STDLIB_H
| #  include <stdlib.h>
| # endif
| #endif
| #ifdef HAVE_STRING_H
| # if !defined STDC_HEADERS && defined HAVE_MEMORY_H
| #  include <memory.h>
| # endif
| # include <string.h>
| #endif
| #ifdef HAVE_STRINGS_H
| # include <strings.h>
| #endif
| #ifdef HAVE_INTTYPES_H
| # include <inttypes.h>
| #endif
| #ifdef HAVE_STDINT_H
| # include <stdint.h>
| #endif
| #ifdef HAVE_UNISTD_H
| # include <unistd.h>
| #endif
| #include <sys/fpu.h>
configure:5516: result: no
configure:5516: checking sys/fpu.h presence
configure:5516: cc -E  -I/home/donz/minix/obj.intrgcc/tooldir.Linux-6.12.63+deb13-amd64-x86_64/include conftest.c
conftest.c:24:10: fatal error: sys/fpu.h: No such file or directory
   24 | #include <sys/fpu.h>
      |          ^~~~~~~~~~~
compilation terminated.
configure:5516: $? = 1
configure: failed program was:
| /* confdefs.h */
| #define PACKAGE_NAME "MPFR"
| #define PACKAGE_TARNAME "mpfr"
| #define PACKAGE_VERSION "3.1.2"
| #define PACKAGE_STRING "MPFR 3.1.2"
| #define PACKAGE_BUGREPORT ""
| #define PACKAGE_URL ""
| #define TIME_WITH_SYS_TIME 1
| #define STDC_HEADERS 1
| #define HAVE_SYS_TYPES_H 1
| #define HAVE_SYS_STAT_H 1
| #define HAVE_STDLIB_H 1
| #define HAVE_STRING_H 1
| #define HAVE_MEMORY_H 1
| #define HAVE_STRINGS_H 1
| #define HAVE_INTTYPES_H 1
| #define HAVE_STDINT_H 1
| #define HAVE_UNISTD_H 1
| #define HAVE_LOCALE_H 1
| #define HAVE_WCHAR_H 1
| #define HAVE_STDARG 1
| #define HAVE_SYS_TIME_H 1
| /* end confdefs.h.  */
| #include <sys/fpu.h>
configure:5516: result: no
configure:5516: checking for sys/fpu.h
configure:5516: result: no
configure:5529: checking for working alloca.h
configure:5546: cc -o conftest -O -fcommon  -I/home/donz/minix/obj.intrgcc/tooldir.Linux-6.12.63+deb13-amd64-x86_64/include  -L/home/donz/minix/obj.intrgcc/tooldir.Linux-6.12.63+deb13-amd64-x86_64/lib conftest.c  >&5
configure:5546: $? = 0
configure:5554: result: yes
configure:5562: checking for alloca
configure:5599: cc -o conftest -O -fcommon  -I/home/donz/minix/obj.intrgcc/tooldir.Linux-6.12.63+deb13-amd64-x86_64/include  -L/home/donz/minix/obj.intrgcc/tooldir.Linux-6.12.63+deb13-amd64-x86_64/lib conftest.c  >&5
configure:5599: $? = 0
configure:5607: result: yes
configure:5717: checking for stdint.h
configure:5717: result: yes
configure:5727: checking for SIZE_MAX
configure:5802: result: yes
configure:5813: checking how to copy va_list
configure:5831: cc -o conftest -O -fcommon  -I/home/donz/minix/obj.intrgcc/tooldir.Linux-6.12.63+deb13-amd64-x86_64/include  -L/home/donz/minix/obj.intrgcc/tooldir.Linux-6.12.63+deb13-amd64-x86_64/lib conftest.c  >&5
configure:5831: $? = 0
configure:5833: result: va_copy
configure:5872: checking for memmove
configure:5872: cc -o conftest -O -fcommon  -I/home/donz/minix/obj.intrgcc/tooldir.Linux-6.12.63+deb13-amd64-x86_64/include  -L/home/donz/minix/obj.intrgcc/tooldir.Linux-6.12.63+deb13-amd64-x86_64/lib conftest.c  >&5
conftest.c:51:6: warning: conflicting types for built-in function 'memmove'; expected 'void *(void *, const void *, long unsigned int)' [-Wbuiltin-declaration-mismatch]
   51 | char memmove ();
      |      ^~~~~~~
conftest.c:39:1: note: 'memmove' is declared in header '<string.h>'
   38 | # include <limits.h>
   39 | #else
configure:5872: $? = 0
configure:5872: result: yes
configure:5872: checking for memset
configure:5872: cc -o conftest -O -fcommon  -I/home/donz/minix/obj.intrgcc/tooldir.Linux-6.12.63+deb13-amd64-x86_64/include  -L/home/donz/minix/obj.intrgcc/tooldir.Linux-6.12.63+deb13-amd64-x86_64/lib conftest.c  >&5
conftest.c:52:6: warning: conflicting types for built-in function 'memset'; expected 'void *(void *, int,  long unsigned int)' [-Wbuiltin-declaration-mismatch]
   52 | char memset ();
      |      ^~~~~~
conftest.c:40:1: note: 'memset' is declared in header '<string.h>'
   39 | # include <limits.h>
   40 | #else
configure:5872: $? = 0
configure:5872: result: yes
configure:5872: checking for setlocale
configure:5872: cc -o conftest -O -fcommon  -I/home/donz/minix/obj.intrgcc/tooldir.Linux-6.12.63+deb13-amd64-x86_64/include  -L/home/donz/minix/obj.intrgcc/tooldir.Linux-6.12.63+deb13-amd64-x86_64/lib conftest.c  >&5
configure:5872: $? = 0
configure:5872: result: yes
configure:5872: checking for strtol
configure:5872: cc -o conftest -O -fcommon  -I/home/donz/minix/obj.intrgcc/tooldir.Linux-6.12.63+deb13-amd64-x86_64/include  -L/home/donz/minix/obj.intrgcc/tooldir.Linux-6.12.63+deb13-amd64-x86_64/lib conftest.c  >&5
configure:5872: $? = 0
configure:5872: result: yes
configure:5872: checking for gettimeofday
configure:5872: cc -o conftest -O -fcommon  -I/home/donz/minix/obj.intrgcc/tooldir.Linux-6.12.63+deb13-amd64-x86_64/include  -L/home/donz/minix/obj.intrgcc/tooldir.Linux-6.12.63+deb13-amd64-x86_64/lib conftest.c  >&5
configure:5872: $? = 0
configure:5872: result: yes
configure:5925: checking for long long int
configure:5925: cc -c -O -fcommon  -I/home/donz/minix/obj.intrgcc/tooldir.Linux-6.12.63+deb13-amd64-x86_64/include conftest.c >&5
configure:5925: $? = 0
configure:5925: cc -c -O -fcommon  -I/home/donz/minix/obj.intrgcc/tooldir.Linux-6.12.63+deb13-amd64-x86_64/include conftest.c >&5
conftest.c: In function 'main':
conftest.c:69:28: error: expected expression before ')' token
   69 | if (sizeof ((long long int)))
      |                            ^
configure:5925: $? = 1
configure: failed program was:
| /* confdefs.h */
| #define PACKAGE_NAME "MPFR"
| #define PACKAGE_TARNAME "mpfr"
| #define PACKAGE_VERSION "3.1.2"
| #define PACKAGE_STRING "MPFR 3.1.2"
| #define PACKAGE_BUGREPORT ""
| #define PACKAGE_URL ""
| #define TIME_WITH_SYS_TIME 1
| #define STDC_HEADERS 1
| #define HAVE_SYS_TYPES_H 1
| #define HAVE_SYS_STAT_H 1
| #define HAVE_STDLIB_H 1
| #define HAVE_STRING_H 1
| #define HAVE_MEMORY_H 1
| #define HAVE_STRINGS_H 1
| #define HAVE_INTTYPES_H 1
| #define HAVE_STDINT_H 1
| #define HAVE_UNISTD_H 1
| #define HAVE_LOCALE_H 1
| #define HAVE_WCHAR_H 1
| #define HAVE_STDARG 1
| #define HAVE_SYS_TIME_H 1
| #define HAVE_ALLOCA_H 1
| #define HAVE_ALLOCA 1
| #define HAVE_STDINT_H 1
| #define HAVE_VA_COPY 1
| #define HAVE_MEMMOVE 1
| #define HAVE_MEMSET 1
| #define HAVE_SETLOCALE 1
| #define HAVE_STRTOL 1
| #define HAVE_GETTIMEOFDAY 1
| /* end confdefs.h.  */
| #include <stdio.h>
| #ifdef HAVE_SYS_TYPES_H
| # include <sys/types.h>
| #endif
| #ifdef HAVE_SYS_STAT_H
| # include <sys/stat.h>
| #endif
| #ifdef STDC_HEADERS
| # include <stdlib.h>
| # include <stddef.h>
| #else
| # ifdef HAVE_STDLIB_H
| #  include <stdlib.h>
| # endif
| #endif
| #ifdef HAVE_STRING_H
| # if !defined STDC_HEADERS && defined HAVE_MEMORY_H
| #  include <memory.h>
| # endif
| # include <string.h>
| #endif
| #ifdef HAVE_STRINGS_H
| # include <strings.h>
| #endif
| #ifdef HAVE_INTTYPES_H
| # include <inttypes.h>
| #endif
| #ifdef HAVE_STDINT_H
| # include <stdint.h>
| #endif
| #ifdef HAVE_UNISTD_H
| # include <unistd.h>
| #endif
| int
| main ()
| {
| if (sizeof ((long long int)))
| 	    return 0;
|   ;
|   return 0;
| }
configure:5925: result: yes
configure:5933: checking for intmax_t
configure:5933: cc -c -O -fcommon  -I/home/donz/minix/obj.intrgcc/tooldir.Linux-6.12.63+deb13-amd64-x86_64/include conftest.c >&5
configure:5933: $? = 0
configure:5933: cc -c -O -fcommon  -I/home/donz/minix/obj.intrgcc/tooldir.Linux-6.12.63+deb13-amd64-x86_64/include conftest.c >&5
conftest.c: In function 'main':
conftest.c:70:23: error: expected expression before ')' token
   70 | if (sizeof ((intmax_t)))
      |                       ^
configure:5933: $? = 1
configure: failed program was:
| /* confdefs.h */
| #define PACKAGE_NAME "MPFR"
| #define PACKAGE_TARNAME "mpfr"
| #define PACKAGE_VERSION "3.1.2"
| #define PACKAGE_STRING "MPFR 3.1.2"
| #define PACKAGE_BUGREPORT ""
| #define PACKAGE_URL ""
| #define TIME_WITH_SYS_TIME 1
| #define STDC_HEADERS 1
| #define HAVE_SYS_TYPES_H 1
| #define HAVE_SYS_STAT_H 1
| #define HAVE_STDLIB_H 1
| #define HAVE_STRING_H 1
| #define HAVE_MEMORY_H 1
| #define HAVE_STRINGS_H 1
| #define HAVE_INTTYPES_H 1
| #define HAVE_STDINT_H 1
| #define HAVE_UNISTD_H 1
| #define HAVE_LOCALE_H 1
| #define HAVE_WCHAR_H 1
| #define HAVE_STDARG 1
| #define HAVE_SYS_TIME_H 1
| #define HAVE_ALLOCA_H 1
| #define HAVE_ALLOCA 1
| #define HAVE_STDINT_H 1
| #define HAVE_VA_COPY 1
| #define HAVE_MEMMOVE 1
| #define HAVE_MEMSET 1
| #define HAVE_SETLOCALE 1
| #define HAVE_STRTOL 1
| #define HAVE_GETTIMEOFDAY 1
| #define HAVE_LONG_LONG 1
| /* end confdefs.h.  */
| #include <stdio.h>
| #ifdef HAVE_SYS_TYPES_H
| # include <sys/types.h>
| #endif
| #ifdef HAVE_SYS_STAT_H
| # include <sys/stat.h>
| #endif
| #ifdef STDC_HEADERS
| # include <stdlib.h>
| # include <stddef.h>
| #else
| # ifdef HAVE_STDLIB_H
| #  include <stdlib.h>
| # endif
| #endif
| #ifdef HAVE_STRING_H
| # if !defined STDC_HEADERS && defined HAVE_MEMORY_H
| #  include <memory.h>
| # endif
| # include <string.h>
| #endif
| #ifdef HAVE_STRINGS_H
| # include <strings.h>
| #endif
| #ifdef HAVE_INTTYPES_H
| # include <inttypes.h>
| #endif
| #ifdef HAVE_STDINT_H
| # include <stdint.h>
| #endif
| #ifdef HAVE_UNISTD_H
| # include <unistd.h>
| #endif
| int
| main ()
| {
| if (sizeof ((intmax_t)))
| 	    return 0;
|   ;
|   return 0;
| }
configure:5933: result: yes
configure:5944: checking for working INTMAX_MAX
configure:5963: cc -c -O -fcommon  -I/home/donz/minix/obj.intrgcc/tooldir.Linux-6.12.63+deb13-amd64-x86_64/include -I/home/donz/minix/tools/mpfr/../../external/lgpl3/mpfr/dist/src conftest.c >&5
configure:5963: $? = 0
configure:5972: result: yes
configure:5981: checking for union fpc_csr
configure:5981: cc -c -O -fcommon  -I/home/donz/minix/obj.intrgcc/tooldir.Linux-6.12.63+deb13-amd64-x86_64/include conftest.c >&5
conftest.c: In function 'main':
conftest.c:45:13: error: invalid application of 'sizeof' to incomplete type 'union fpc_csr'
   45 | if (sizeof (union fpc_csr))
      |             ^~~~~
configure:5981: $? = 1
configure: failed program was:
| /* confdefs.h */
| #define PACKAGE_NAME "MPFR"
| #define PACKAGE_TARNAME "mpfr"
| #define PACKAGE_VERSION "3.1.2"
| #define PACKAGE_STRING "MPFR 3.1.2"
| #define PACKAGE_BUGREPORT ""
| #define PACKAGE_URL ""
| #define TIME_WITH_SYS_TIME 1
| #define STDC_HEADERS 1
| #define HAVE_SYS_TYPES_H 1
| #define HAVE_SYS_STAT_H 1
| #define HAVE_STDLIB_H 1
| #define HAVE_STRING_H 1
| #define HAVE_MEMORY_H 1
| #define HAVE_STRINGS_H 1
| #define HAVE_INTTYPES_H 1
| #define HAVE_STDINT_H 1
| #define HAVE_UNISTD_H 1
| #define HAVE_LOCALE_H 1
| #define HAVE_WCHAR_H 1
| #define HAVE_STDARG 1
| #define HAVE_SYS_TIME_H 1
| #define HAVE_ALLOCA_H 1
| #define HAVE_ALLOCA 1
| #define HAVE_STDINT_H 1
| #define HAVE_VA_COPY 1
| #define HAVE_MEMMOVE 1
| #define HAVE_MEMSET 1
| #define HAVE_SETLOCALE 1
| #define HAVE_STRTOL 1
| #define HAVE_GETTIMEOFDAY 1
| #define HAVE_LONG_LONG 1
| #define HAVE_INTMAX_T 1
| #define MPFR_HAVE_INTMAX_MAX 1
| /* end confdefs.h.  */
| 
| #if HAVE_SYS_FPU_H
| #  include <sys/fpu.h>
| #endif
| 
| 
| int
| main ()
| {
| if (sizeof (union fpc_csr))
| 	 return 0;
|   ;
|   return 0;
| }
configure:5981: result: no
configure:5994: checking for fesetround
configure:6013: cc -o conftest -O -fcommon  -I/home/donz/minix/obj.intrgcc/tooldir.Linux-6.12.63+deb13-amd64-x86_64/include  -L/home/donz/minix/obj.intrgcc/tooldir.Linux-6.12.63+deb13-amd64-x86_64/lib conftest.c  -lm >&5
configure:6013: $? = 0
configure:6023: result: yes
configure:6032: checking for gcc float-conversion bug
configure:6072: cc -o conftest -O -fcommon  -I/home/donz/minix/obj.intrgcc/tooldir.Linux-6.12.63+deb13-amd64-x86_64/include  -L/home/donz/minix/obj.intrgcc/tooldir.Linux-6.12.63+deb13-amd64-x86_64/lib conftest.c  -lm >&5
configure:6072: $? = 0
configure:6072: ./conftest
configure:6072: $? = 0
configure:6084: result: no
configure:6091: checking for denormalized numbers
configure:6112: cc -o conftest -O -fcommon  -I/home/donz/minix/obj.intrgcc/tooldir.Linux-6.12.63+deb13-amd64-x86_64/include  -L/home/donz/minix/obj.intrgcc/tooldir.Linux-6.12.63+deb13-amd64-x86_64/lib conftest.c  >&5
configure:6112: $? = 0
configure:6112: ./conftest
1.112537e-308
configure:6112: $? = 0
configure:6123: result: yes
configure:6131: checking if the FP division by 0 fails
configure:6151: cc -o conftest -O -fcommon  -I/home/donz/minix/obj.intrgcc/tooldir.Linux-6.12.63+deb13-amd64-x86_64/include  -L/home/donz/minix/obj.intrgcc/tooldir.Linux-6.12.63+deb13-amd64-x86_64/lib conftest.c  >&5
configure:6151: $? = 0
configure:6151: ./conftest
configure:6151: $? = 0
configure:6162: result: no
configure:6176: checking if NAN == NAN
configure:6200: cc -o conftest -O -fcommon  -I/home/donz/minix/obj.intrgcc/tooldir.Linux-6.12.63+deb13-amd64-x86_64/include  -L/home/donz/minix/obj.intrgcc/tooldir.Linux-6.12.63+deb13-amd64-x86_64/lib conftest.c  >&5
configure:6200: $? = 0
configure:6200: ./conftest
configure:6200: $? = 1
configure: program exited with status 1
configure: failed program was:
| /* confdefs.h */
| #define PACKAGE_NAME "MPFR"
| #define PACKAGE_TARNAME "mpfr"
| #define PACKAGE_VERSION "3.1.2"
| #define PACKAGE_STRING "MPFR 3.1.2"
| #define PACKAGE_BUGREPORT ""
| #define PACKAGE_URL ""
| #define TIME_WITH_SYS_TIME 1
| #define STDC_HEADERS 1
| #define HAVE_SYS_TYPES_H 1
| #define HAVE_SYS_STAT_H 1
| #define HAVE_STDLIB_H 1
| #define HAVE_STRING_H 1
| #define HAVE_MEMORY_H 1
| #define HAVE_STRINGS_H 1
| #define HAVE_INTTYPES_H 1
| #define HAVE_STDINT_H 1
| #define HAVE_UNISTD_H 1
| #define HAVE_LOCALE_H 1
| #define HAVE_WCHAR_H 1
| #define HAVE_STDARG 1
| #define HAVE_SYS_TIME_H 1
| #define HAVE_ALLOCA_H 1
| #define HAVE_ALLOCA 1
| #define HAVE_STDINT_H 1
| #define HAVE_VA_COPY 1
| #define HAVE_MEMMOVE 1
| #define HAVE_MEMSET 1
| #define HAVE_SETLOCALE 1
| #define HAVE_STRTOL 1
| #define HAVE_GETTIMEOFDAY 1
| #define HAVE_LONG_LONG 1
| #define HAVE_INTMAX_T 1
| #define MPFR_HAVE_INTMAX_MAX 1
| #define MPFR_HAVE_FESETROUND 1
| #define HAVE_DENORMS 1
| /* end confdefs.h.  */
| 
| #include <stdio.h>
| #include <math.h>
| #ifndef NAN
| # define NAN (0.0/0.0)
| #endif
| int main() {
|   double d;
|   d = NAN;
|   return d != d;
| }
| 
configure:6211: result: no
configure:6239: checking if charset has consecutive values
configure:6269: cc -o conftest -O -fcommon  -I/home/donz/minix/obj.intrgcc/tooldir.Linux-6.12.63+deb13-amd64-x86_64/include  -L/home/donz/minix/obj.intrgcc/tooldir.Linux-6.12.63+deb13-amd64-x86_64/lib conftest.c  >&5
configure:6269: $? = 0
configure:6269: ./conftest
configure:6269: $? = 0
configure:6270: result: yes
configure:6288: checking for math/round
configure:6308: cc -o conftest -O -fcommon  -I/home/donz/minix/obj.intrgcc/tooldir.Linux-6.12.63+deb13-amd64-x86_64/include  -L/home/donz/minix/obj.intrgcc/tooldir.Linux-6.12.63+deb13-amd64-x86_64/lib conftest.c  -lm >&5
configure:6308: $? = 0
configure:6310: result: yes
configure:6323: checking for math/trunc
configure:6343: cc -o conftest -O -fcommon  -I/home/donz/minix/obj.intrgcc/tooldir.Linux-6.12.63+deb13-amd64-x86_64/include  -L/home/donz/minix/obj.intrgcc/tooldir.Linux-6.12.63+deb13-amd64-x86_64/lib conftest.c  -lm >&5
configure:6343: $? = 0
configure:6345: result: yes
configure:6358: checking for math/floor
configure:6378: cc -o conftest -O -fcommon  -I/home/donz/minix/obj.intrgcc/tooldir.Linux-6.12.63+deb13-amd64-x86_64/include  -L/home/donz/minix/obj.intrgcc/tooldir.Linux-6.12.63+deb13-amd64-x86_64/lib conftest.c  -lm >&5
configure:6378: $? = 0
configure:6380: result: yes
configure:6393: checking for math/ceil
configure:6413: cc -o conftest -O -fcommon  -I/home/donz/minix/obj.intrgcc/tooldir.Linux-6.12.63+deb13-amd64-x86_64/include  -L/home/donz/minix/obj.intrgcc/tooldir.Linux-6.12.63+deb13-amd64-x86_64/lib conftest.c  -lm >&5
configure:6413: $? = 0
configure:6415: result: yes
configure:6428: checking for math/rint
configure:6448: cc -o conftest -O -fcommon  -I/home/donz/minix/obj.intrgcc/tooldir.Linux-6.12.63+deb13-amd64-x86_64/include  -L/home/donz/minix/obj.intrgcc/tooldir.Linux-6.12.63+deb13-amd64-x86_64/lib conftest.c  -lm >&5
configure:6448: $? = 0
configure:6450: result: yes
configure:6468: checking for long double
configure:6468: cc -c -O -fcommon  -I/home/donz/minix/obj.intrgcc/tooldir.Linux-6.12.63+deb13-amd64-x86_64/include conftest.c >&5
configure:6468: $? = 0
configure:6468: cc -c -O -fcommon  -I/home/donz/minix/obj.intrgcc/tooldir.Linux-6.12.63+deb13-amd64-x86_64/include conftest.c >&5
conftest.c: In function 'main':
conftest.c:79:26: error: expected expression before ')' token
   79 | if (sizeof ((long double)))
      |                          ^
configure:6468: $? = 1
configure: failed program was:
| /* confdefs.h */
| #define PACKAGE_NAME "MPFR"
| #define PACKAGE_TARNAME "mpfr"
| #define PACKAGE_VERSION "3.1.2"
| #define PACKAGE_STRING "MPFR 3.1.2"
| #define PACKAGE_BUGREPORT ""
| #define PACKAGE_URL ""
| #define TIME_WITH_SYS_TIME 1
| #define STDC_HEADERS 1
| #define HAVE_SYS_TYPES_H 1
| #define HAVE_SYS_STAT_H 1
| #define HAVE_STDLIB_H 1
| #define HAVE_STRING_H 1
| #define HAVE_MEMORY_H 1
| #define HAVE_STRINGS_H 1
| #define HAVE_INTTYPES_H 1
| #define HAVE_STDINT_H 1
| #define HAVE_UNISTD_H 1
| #define HAVE_LOCALE_H 1
| #define HAVE_WCHAR_H 1
| #define HAVE_STDARG 1
| #define HAVE_SYS_TIME_H 1
| #define HAVE_ALLOCA_H 1
| #define HAVE_ALLOCA 1
| #define HAVE_STDINT_H 1
| #define HAVE_VA_COPY 1
| #define HAVE_MEMMOVE 1
| #define HAVE_MEMSET 1
| #define HAVE_SETLOCALE 1
| #define HAVE_STRTOL 1
| #define HAVE_GETTIMEOFDAY 1
| #define HAVE_LONG_LONG 1
| #define HAVE_INTMAX_T 1
| #define MPFR_HAVE_INTMAX_MAX 1
| #define MPFR_HAVE_FESETROUND 1
| #define HAVE_DENORMS 1
| #define HAVE_ROUND 1
| #define HAVE_TRUNC 1
| #define HAVE_FLOOR 1
| #define HAVE_CEIL 1
| #define HAVE_NEARBYINT 1
| /* end confdefs.h.  */
| #include <stdio.h>
| #ifdef HAVE_SYS_TYPES_H
| # include <sys/types.h>
| #endif
| #ifdef HAVE_SYS_STAT_H
| # include <sys/stat.h>
| #endif
| #ifdef STDC_HEADERS
| # include <stdlib.h>
| # include <stddef.h>
| #else
| # ifdef HAVE_STDLIB_H
| #  include <stdlib.h>
| # endif
| #endif
| #ifdef HAVE_STRING_H
| # if !defined STDC_HEADERS && defined HAVE_MEMORY_H
| #  include <memory.h>
| # endif
| # include <string.h>
| #endif
| #ifdef HAVE_STRINGS_H
| # include <strings.h>
| #endif
| #ifdef HAVE_INTTYPES_H
| # include <inttypes.h>
| #endif
| #ifdef HAVE_STDINT_H
| # include <stdint.h>
| #endif
| #ifdef HAVE_UNISTD_H
| # include <unistd.h>
| #endif
| int
| main ()
| {
| if (sizeof ((long double)))
| 	    return 0;
|   ;
|   return 0;
| }
configure:6468: result: yes
configure:6478: checking format of `long double' floating point
configure:6505: cc -O -fcommon  -I/home/donz/minix/obj.intrgcc/tooldir.Linux-6.12.63+deb13-amd64-x86_64/include -c conftest.c >&5 2>&1
configure:6508: $? = 0
configure:6780: result: IEEE extended, little endian
configure:6825: checking for TLS support
configure:6853: cc -o conftest -O -fcommon  -I/home/donz/minix/obj.intrgcc/tooldir.Linux-6.12.63+deb13-amd64-x86_64/include -I/home/donz/minix/tools/mpfr/../../external/lgpl3/mpfr/dist/src  -L/home/donz/minix/obj.intrgcc/tooldir.Linux-6.12.63+deb13-amd64-x86_64/lib conftest.c  >&5
configure:6853: $? = 0
configure:6853: ./conftest
configure:6853: $? = 0
configure:6854: result: yes
configure:6882: checking for library containing clock_gettime
configure:6913: cc -o conftest -O -fcommon  -I/home/donz/minix/obj.intrgcc/tooldir.Linux-6.12.63+deb13-amd64-x86_64/include  -L/home/donz/minix/obj.intrgcc/tooldir.Linux-6.12.63+deb13-amd64-x86_64/lib conftest.c  >&5
configure:6913: $? = 0
configure:6930: result: none required
configure:6946: checking for gmp.h
configure:6954: cc -c -O -fcommon  -I/home/donz/minix/obj.intrgcc/tooldir.Linux-6.12.63+deb13-amd64-x86_64/include conftest.c >&5
configure:6954: $? = 0
configure:6955: result: yes
configure:7383: checking how to print strings
configure:7410: result: printf
configure:7431: checking for a sed that does not truncate output
configure:7495: result: /usr/bin/sed
configure:7513: checking for fgrep
configure:7575: result: /usr/bin/grep -F
configure:7610: checking for ld used by cc
configure:7677: result: /usr/bin/ld
configure:7684: checking if the linker (/usr/bin/ld) is GNU ld
configure:7699: result: yes
configure:7711: checking for BSD- or MS-compatible name lister (nm)
configure:7760: result: /usr/bin/nm -B
configure:7890: checking the name lister (/usr/bin/nm -B) interface
configure:7897: cc -c -O -fcommon  -I/home/donz/minix/obj.intrgcc/tooldir.Linux-6.12.63+deb13-amd64-x86_64/include conftest.c >&5
configure:7900: /usr/bin/nm -B "conftest.o"
configure:7903: output
0000000000000000 B some_variable
configure:7910: result: BSD nm
configure:7913: checking whether ln -s works
configure:7917: result: yes
configure:7925: checking the maximum length of command line arguments
configure:8056: result: 1572864
configure:8073: checking whether the shell understands some XSI constructs
configure:8083: result: yes
configure:8087: checking whether the shell understands "+="
configure:8093: result: no
configure:8128: checking how to convert x86_64-unknown-linux-gnu file names to x86_64-unknown-linux-gnu format
configure:8168: result: func_convert_file_noop
configure:8175: checking how to convert x86_64-unknown-linux-gnu file names to toolchain format
configure:8195: result: func_convert_file_noop
configure:8202: checking for /usr/bin/ld option to reload object files
configure:8209: result: -r
configure:8283: checking for objdump
configure:8310: result: objdump
configure:8339: checking how to recognize dependent libraries
configure:8537: result: pass_all
configure:8622: checking for dlltool
configure:8649: result: dlltool
configure:8679: checking how to associate runtime and link libraries
configure:8706: result: printf %s\n
configure:8830: checking for archiver @FILE support
configure:8847: cc -c -O -fcommon  -I/home/donz/minix/obj.intrgcc/tooldir.Linux-6.12.63+deb13-amd64-x86_64/include conftest.c >&5
configure:8847: $? = 0
configure:8850: ar cru libconftest.a @conftest.lst >&5
ar: `u' modifier ignored since `D' is the default (see `U')
configure:8853: $? = 0
configure:8858: ar cru libconftest.a @conftest.lst >&5
ar: `u' modifier ignored since `D' is the default (see `U')
ar: conftest.o: No such file or directory
configure:8861: $? = 1
configure:8873: result: @
configure:8931: checking for strip
configure:8947: found /usr/bin/strip
configure:8958: result: strip
configure:9030: checking for ranlib
configure:9057: result: ranlib
configure:9159: checking command to parse /usr/bin/nm -B output from cc object
configure:9279: cc -c -O -fcommon  -I/home/donz/minix/obj.intrgcc/tooldir.Linux-6.12.63+deb13-amd64-x86_64/include conftest.c >&5
configure:9282: $? = 0
configure:9286: /usr/bin/nm -B conftest.o \| sed -n -e 's/^.*[ ]\([ABCDGIRSTW][ABCDGIRSTW]*\)[ ][ ]*\([_A-Za-z][_A-Za-z0-9]*\)$/  /p' | sed '/ __gnu_lto/d' \> conftest.nm
configure:9289: $? = 0
configure:9355: cc -o conftest -O -fcommon  -I/home/donz/minix/obj.intrgcc/tooldir.Linux-6.12.63+deb13-amd64-x86_64/include  -L/home/donz/minix/obj.intrgcc/tooldir.Linux-6.12.63+deb13-amd64-x86_64/lib conftest.c conftstm.o >&5
configure:9358: $? = 0
configure:9396: result: ok
configure:9433: checking for sysroot
configure:9463: result: no
configure:9540: cc -c -O -fcommon  -I/home/donz/minix/obj.intrgcc/tooldir.Linux-6.12.63+deb13-amd64-x86_64/include conftest.c >&5
configure:9543: $? = 0
configure:9726: checking for mt
configure:9742: found /usr/bin/mt
configure:9753: result: mt
configure:9776: checking if mt is a manifest tool
configure:9782: mt '-?'
configure:9790: result: no
configure:10429: checking for dlfcn.h
configure:10429: cc -c -O -fcommon  -I/home/donz/minix/obj.intrgcc/tooldir.Linux-6.12.63+deb13-amd64-x86_64/include conftest.c >&5
configure:10429: $? = 0
configure:10429: result: yes
configure:10633: checking for objdir
configure:10648: result: .libs
configure:10919: checking if cc supports -fno-rtti -fno-exceptions
configure:10937: cc -c -O -fcommon  -I/home/donz/minix/obj.intrgcc/tooldir.Linux-6.12.63+deb13-amd64-x86_64/include -fno-rtti -fno-exceptions conftest.c >&5
cc1: warning: command-line option '-fno-rtti' is valid for C++/D/ObjC++ but not for C
configure:10941: $? = 0
configure:10954: result: no
configure:11289: checking for cc option to produce PIC
configure:11296: result: -fPIC -DPIC
configure:11304: checking if cc PIC flag -fPIC -DPIC works
configure:11322: cc -c -O -fcommon  -I/home/donz/minix/obj.intrgcc/tooldir.Linux-6.12.63+deb13-amd64-x86_64/include -fPIC -DPIC -DPIC conftest.c >&5
configure:11326: $? = 0
configure:11339: result: yes
configure:11368: checking if cc static flag -static works
configure:11396: result: yes
configure:11411: checking if cc supports -c -o file.o
configure:11432: cc -c -O -fcommon  -I/home/donz/minix/obj.intrgcc/tooldir.Linux-6.12.63+deb13-amd64-x86_64/include -o out/conftest2.o conftest.c >&5
configure:11436: $? = 0
configure:11458: result: yes
configure:11466: checking if cc supports -c -o file.o
configure:11513: result: yes
configure:11546: checking whether the cc linker (/usr/bin/ld -m elf_x86_64) supports shared libraries
configure:12703: result: yes
configure:12943: checking dynamic linker characteristics
configure:13443: cc -o conftest -O -fcommon  -I/home/donz/minix/obj.intrgcc/tooldir.Linux-6.12.63+deb13-amd64-x86_64/include  -L/home/donz/minix/obj.intrgcc/tooldir.Linux-6.12.63+deb13-amd64-x86_64/lib -Wl,-rpath -Wl,/foo conftest.c  >&5
configure:13443: $? = 0
configure:13677: result: GNU/Linux ld.so
configure:13784: checking how to hardcode library paths into programs
configure:13809: result: immediate
configure:14349: checking whether stripping libraries is possible
configure:14354: result: yes
configure:14389: checking if libtool supports shared libraries
configure:14391: result: yes
configure:14394: checking whether to build shared libraries
configure:14415: result: no
configure:14418: checking whether to build static libraries
configure:14422: result: yes
configure:14462: checking whether gcc __attribute__ ((mode (XX))) works
configure:14478: cc -c -O -fcommon  -I/home/donz/minix/obj.intrgcc/tooldir.Linux-6.12.63+deb13-amd64-x86_64/include conftest.c >&5
configure:14478: $? = 0
configure:14486: result: yes
configure:14497: checking for recent GMP
configure:14509: cc -c -O -fcommon  -I/home/donz/minix/obj.intrgcc/tooldir.Linux-6.12.63+deb13-amd64-x86_64/include conftest.c >&5
configure:14509: $? = 0
configure:14510: result: yes
configure:14594: checking for __gmpz_init in -lgmp
configure:14619: cc -o conftest -O -fcommon  -I/home/donz/minix/obj.intrgcc/tooldir.Linux-6.12.63+deb13-amd64-x86_64/include  -L/home/donz/minix/obj.intrgcc/tooldir.Linux-6.12.63+deb13-amd64-x86_64/lib conftest.c -lgmp   >&5
configure:14619: $? = 0
configure:14628: result: yes
configure:14638: checking if gmp.h version and libgmp version are the same
configure:14674: cc -o conftest -O -fcommon  -I/home/donz/minix/obj.intrgcc/tooldir.Linux-6.12.63+deb13-amd64-x86_64/include  -L/home/donz/minix/obj.intrgcc/tooldir.Linux-6.12.63+deb13-amd64-x86_64/lib conftest.c -lgmp  >&5
configure:14674: $? = 0
configure:14674: ./conftest
configure:14674: $? = 0
configure:14675: result: yes
configure:14680: checking if gmp_printf supports "%jd"
configure:14716: cc -o conftest -O -fcommon  -I/home/donz/minix/obj.intrgcc/tooldir.Linux-6.12.63+deb13-amd64-x86_64/include  -L/home/donz/minix/obj.intrgcc/tooldir.Linux-6.12.63+deb13-amd64-x86_64/lib conftest.c -lgmp  >&5
conftest.c: In function 'main':
conftest.c:70:11: error: implicit declaration of function 'strcmp' [-Wimplicit-function-declaration]
   70 |   return (strcmp (s, "(17)(42)") != 0);
      |           ^~~~~~
conftest.c:61:1: note: include '<string.h>' or provide a declaration of 'strcmp'
   60 | #include <gmp.h>
  +++ |+#include <string.h>
   61 | 
configure:14716: $? = 1
configure: program exited with status 1
configure: failed program was:
| /* confdefs.h */
| #define PACKAGE_NAME "MPFR"
| #define PACKAGE_TARNAME "mpfr"
| #define PACKAGE_VERSION "3.1.2"
| #define PACKAGE_STRING "MPFR 3.1.2"
| #define PACKAGE_BUGREPORT ""
| #define PACKAGE_URL ""
| #define TIME_WITH_SYS_TIME 1
| #define STDC_HEADERS 1
| #define HAVE_SYS_TYPES_H 1
| #define HAVE_SYS_STAT_H 1
| #define HAVE_STDLIB_H 1
| #define HAVE_STRING_H 1
| #define HAVE_MEMORY_H 1
| #define HAVE_STRINGS_H 1
| #define HAVE_INTTYPES_H 1
| #define HAVE_STDINT_H 1
| #define HAVE_UNISTD_H 1
| #define HAVE_LOCALE_H 1
| #define HAVE_WCHAR_H 1
| #define HAVE_STDARG 1
| #define HAVE_SYS_TIME_H 1
| #define HAVE_ALLOCA_H 1
| #define HAVE_ALLOCA 1
| #define HAVE_STDINT_H 1
| #define HAVE_VA_COPY 1
| #define HAVE_MEMMOVE 1
| #define HAVE_MEMSET 1
| #define HAVE_SETLOCALE 1
| #define HAVE_STRTOL 1
| #define HAVE_GETTIMEOFDAY 1
| #define HAVE_LONG_LONG 1
| #define HAVE_INTMAX_T 1
| #define MPFR_HAVE_INTMAX_MAX 1
| #define MPFR_HAVE_FESETROUND 1
| #define HAVE_DENORMS 1
| #define HAVE_ROUND 1
| #define HAVE_TRUNC 1
| #define HAVE_FLOOR 1
| #define HAVE_CEIL 1
| #define HAVE_NEARBYINT 1
| #define HAVE_LONG_DOUBLE 1
| #define HAVE_LDOUBLE_IEEE_EXT_LITTLE 1
| #define MPFR_USE_THREAD_SAFE 1
| #define HAVE_CLOCK_GETTIME 1
| #define HAVE_DLFCN_H 1
| #define LT_OBJDIR ".libs/"
| #define HAVE_ATTRIBUTE_MODE 1
| /* end confdefs.h.  */
| 
| #include <stdio.h>
| 
| #ifdef HAVE_INTTYPES_H
| # include <inttypes.h>
| #endif
| #ifdef HAVE_STDINT_H
| # include <stdint.h>
| #endif
| 
| #include <gmp.h>
| 
| int
| main ()
| {
| 
|   char s[256];
|   intmax_t a = 17;
| 
|   if (gmp_sprintf (s, "(%0.0jd)(%d)", a, 42) == -1) return 1;
|   return (strcmp (s, "(17)(42)") != 0);
| 
|   ;
|   return 0;
| }
configure:14721: result: no
configure:14735: checking if gmp_printf supports "%hhd"
configure:14766: cc -o conftest -O -fcommon  -I/home/donz/minix/obj.intrgcc/tooldir.Linux-6.12.63+deb13-amd64-x86_64/include  -L/home/donz/minix/obj.intrgcc/tooldir.Linux-6.12.63+deb13-amd64-x86_64/lib conftest.c -lgmp  >&5
conftest.c: In function 'main':
conftest.c:66:11: error: implicit declaration of function 'strcmp' [-Wimplicit-function-declaration]
   66 |   return (strcmp (s, "(17)(42)") != 0);
      |           ^~~~~~
conftest.c:55:1: note: include '<string.h>' or provide a declaration of 'strcmp'
   54 | #include <gmp.h>
  +++ |+#include <string.h>
   55 | 
configure:14766: $? = 1
configure: program exited with status 1
configure: failed program was:
| /* confdefs.h */
| #define PACKAGE_NAME "MPFR"
| #define PACKAGE_TARNAME "mpfr"
| #define PACKAGE_VERSION "3.1.2"
| #define PACKAGE_STRING "MPFR 3.1.2"
| #define PACKAGE_BUGREPORT ""
| #define PACKAGE_URL ""
| #define TIME_WITH_SYS_TIME 1
| #define STDC_HEADERS 1
| #define HAVE_SYS_TYPES_H 1
| #define HAVE_SYS_STAT_H 1
| #define HAVE_STDLIB_H 1
| #define HAVE_STRING_H 1
| #define HAVE_MEMORY_H 1
| #define HAVE_STRINGS_H 1
| #define HAVE_INTTYPES_H 1
| #define HAVE_STDINT_H 1
| #define HAVE_UNISTD_H 1
| #define HAVE_LOCALE_H 1
| #define HAVE_WCHAR_H 1
| #define HAVE_STDARG 1
| #define HAVE_SYS_TIME_H 1
| #define HAVE_ALLOCA_H 1
| #define HAVE_ALLOCA 1
| #define HAVE_STDINT_H 1
| #define HAVE_VA_COPY 1
| #define HAVE_MEMMOVE 1
| #define HAVE_MEMSET 1
| #define HAVE_SETLOCALE 1
| #define HAVE_STRTOL 1
| #define HAVE_GETTIMEOFDAY 1
| #define HAVE_LONG_LONG 1
| #define HAVE_INTMAX_T 1
| #define MPFR_HAVE_INTMAX_MAX 1
| #define MPFR_HAVE_FESETROUND 1
| #define HAVE_DENORMS 1
| #define HAVE_ROUND 1
| #define HAVE_TRUNC 1
| #define HAVE_FLOOR 1
| #define HAVE_CEIL 1
| #define HAVE_NEARBYINT 1
| #define HAVE_LONG_DOUBLE 1
| #define HAVE_LDOUBLE_IEEE_EXT_LITTLE 1
| #define MPFR_USE_THREAD_SAFE 1
| #define HAVE_CLOCK_GETTIME 1
| #define HAVE_DLFCN_H 1
| #define LT_OBJDIR ".libs/"
| #define HAVE_ATTRIBUTE_MODE 1
| #define NPRINTF_J 1
| /* end confdefs.h.  */
| 
| #include <stdio.h>
| 
| #include <gmp.h>
| 
| #include <gmp.h>
| 
| int
| main ()
| {
| 
|   char s[256];
|   char a = 17;
| 
|   if (gmp_sprintf (s, "(%0.0hhd)(%d)", a, 42) == -1) return 1;
|   return (strcmp (s, "(17)(42)") != 0);
| 
|   ;
|   return 0;
| }
configure:14771: result: no
configure:14784: checking if gmp_printf supports "%lld"
configure:14815: cc -o conftest -O -fcommon  -I/home/donz/minix/obj.intrgcc/tooldir.Linux-6.12.63+deb13-amd64-x86_64/include  -L/home/donz/minix/obj.intrgcc/tooldir.Linux-6.12.63+deb13-amd64-x86_64/lib conftest.c -lgmp  >&5
conftest.c: In function 'main':
conftest.c:67:11: error: implicit declaration of function 'strcmp' [-Wimplicit-function-declaration]
   67 |   return (strcmp (s, "(17)(42)") != 0);
      |           ^~~~~~
conftest.c:56:1: note: include '<string.h>' or provide a declaration of 'strcmp'
   55 | #include <gmp.h>
  +++ |+#include <string.h>
   56 | 
configure:14815: $? = 1
configure: program exited with status 1
configure: failed program was:
| /* confdefs.h */
| #define PACKAGE_NAME "MPFR"
| #define PACKAGE_TARNAME "mpfr"
| #define PACKAGE_VERSION "3.1.2"
| #define PACKAGE_STRING "MPFR 3.1.2"
| #define PACKAGE_BUGREPORT ""
| #define PACKAGE_URL ""
| #define TIME_WITH_SYS_TIME 1
| #define STDC_HEADERS 1
| #define HAVE_SYS_TYPES_H 1
| #define HAVE_SYS_STAT_H 1
| #define HAVE_STDLIB_H 1
| #define HAVE_STRING_H 1
| #define HAVE_MEMORY_H 1
| #define HAVE_STRINGS_H 1
| #define HAVE_INTTYPES_H 1
| #define HAVE_STDINT_H 1
| #define HAVE_UNISTD_H 1
| #define HAVE_LOCALE_H 1
| #define HAVE_WCHAR_H 1
| #define HAVE_STDARG 1
| #define HAVE_SYS_TIME_H 1
| #define HAVE_ALLOCA_H 1
| #define HAVE_ALLOCA 1
| #define HAVE_STDINT_H 1
| #define HAVE_VA_COPY 1
| #define HAVE_MEMMOVE 1
| #define HAVE_MEMSET 1
| #define HAVE_SETLOCALE 1
| #define HAVE_STRTOL 1
| #define HAVE_GETTIMEOFDAY 1
| #define HAVE_LONG_LONG 1
| #define HAVE_INTMAX_T 1
| #define MPFR_HAVE_INTMAX_MAX 1
| #define MPFR_HAVE_FESETROUND 1
| #define HAVE_DENORMS 1
| #define HAVE_ROUND 1
| #define HAVE_TRUNC 1
| #define HAVE_FLOOR 1
| #define HAVE_CEIL 1
| #define HAVE_NEARBYINT 1
| #define HAVE_LONG_DOUBLE 1
| #define HAVE_LDOUBLE_IEEE_EXT_LITTLE 1
| #define MPFR_USE_THREAD_SAFE 1
| #define HAVE_CLOCK_GETTIME 1
| #define HAVE_DLFCN_H 1
| #define LT_OBJDIR ".libs/"
| #define HAVE_ATTRIBUTE_MODE 1
| #define NPRINTF_J 1
| #define NPRINTF_HH 1
| /* end confdefs.h.  */
| 
| #include <stdio.h>
| 
| #include <gmp.h>
| 
| #include <gmp.h>
| 
| int
| main ()
| {
| 
|   char s[256];
|   long long int a = 17;
| 
|   if (gmp_sprintf (s, "(%0.0lld)(%d)", a, 42) == -1) return 1;
|   return (strcmp (s, "(17)(42)") != 0);
| 
|   ;
|   return 0;
| }
configure:14820: result: no
configure:14833: checking if gmp_printf supports "%Lf"
configure:14864: cc -o conftest -O -fcommon  -I/home/donz/minix/obj.intrgcc/tooldir.Linux-6.12.63+deb13-amd64-x86_64/include  -L/home/donz/minix/obj.intrgcc/tooldir.Linux-6.12.63+deb13-amd64-x86_64/lib conftest.c -lgmp  >&5
conftest.c: In function 'main':
conftest.c:68:11: error: implicit declaration of function 'strcmp' [-Wimplicit-function-declaration]
   68 |   return (strcmp (s, "(17)(42)") != 0);
      |           ^~~~~~
conftest.c:57:1: note: include '<string.h>' or provide a declaration of 'strcmp'
   56 | #include <gmp.h>
  +++ |+#include <string.h>
   57 | 
configure:14864: $? = 1
configure: program exited with status 1
configure: failed program was:
| /* confdefs.h */
| #define PACKAGE_NAME "MPFR"
| #define PACKAGE_TARNAME "mpfr"
| #define PACKAGE_VERSION "3.1.2"
| #define PACKAGE_STRING "MPFR 3.1.2"
| #define PACKAGE_BUGREPORT ""
| #define PACKAGE_URL ""
| #define TIME_WITH_SYS_TIME 1
| #define STDC_HEADERS 1
| #define HAVE_SYS_TYPES_H 1
| #define HAVE_SYS_STAT_H 1
| #define HAVE_STDLIB_H 1
| #define HAVE_STRING_H 1
| #define HAVE_MEMORY_H 1
| #define HAVE_STRINGS_H 1
| #define HAVE_INTTYPES_H 1
| #define HAVE_STDINT_H 1
| #define HAVE_UNISTD_H 1
| #define HAVE_LOCALE_H 1
| #define HAVE_WCHAR_H 1
| #define HAVE_STDARG 1
| #define HAVE_SYS_TIME_H 1
| #define HAVE_ALLOCA_H 1
| #define HAVE_ALLOCA 1
| #define HAVE_STDINT_H 1
| #define HAVE_VA_COPY 1
| #define HAVE_MEMMOVE 1
| #define HAVE_MEMSET 1
| #define HAVE_SETLOCALE 1
| #define HAVE_STRTOL 1
| #define HAVE_GETTIMEOFDAY 1
| #define HAVE_LONG_LONG 1
| #define HAVE_INTMAX_T 1
| #define MPFR_HAVE_INTMAX_MAX 1
| #define MPFR_HAVE_FESETROUND 1
| #define HAVE_DENORMS 1
| #define HAVE_ROUND 1
| #define HAVE_TRUNC 1
| #define HAVE_FLOOR 1
| #define HAVE_CEIL 1
| #define HAVE_NEARBYINT 1
| #define HAVE_LONG_DOUBLE 1
| #define HAVE_LDOUBLE_IEEE_EXT_LITTLE 1
| #define MPFR_USE_THREAD_SAFE 1
| #define HAVE_CLOCK_GETTIME 1
| #define HAVE_DLFCN_H 1
| #define LT_OBJDIR ".libs/"
| #define HAVE_ATTRIBUTE_MODE 1
| #define NPRINTF_J 1
| #define NPRINTF_HH 1
| #define NPRINTF_LL 1
| /* end confdefs.h.  */
| 
| #include <stdio.h>
| 
| #include <gmp.h>
| 
| #include <gmp.h>
| 
| int
| main ()
| {
| 
|   char s[256];
|   long double a = 17;
| 
|   if (gmp_sprintf (s, "(%0.0Lf)(%d)", a, 42) == -1) return 1;
|   return (strcmp (s, "(17)(42)") != 0);
| 
|   ;
|   return 0;
| }
configure:14869: result: no
configure:14882: checking if gmp_printf supports "%td"
configure:14918: cc -o conftest -O -fcommon  -I/home/donz/minix/obj.intrgcc/tooldir.Linux-6.12.63+deb13-amd64-x86_64/include  -L/home/donz/minix/obj.intrgcc/tooldir.Linux-6.12.63+deb13-amd64-x86_64/lib conftest.c -lgmp  >&5
conftest.c: In function 'main':
conftest.c:74:11: error: implicit declaration of function 'strcmp' [-Wimplicit-function-declaration]
   74 |   return (strcmp (s, "(17)(42)") != 0);
      |           ^~~~~~
conftest.c:63:1: note: include '<string.h>' or provide a declaration of 'strcmp'
   62 | #include "gmp.h"
  +++ |+#include <string.h>
   63 | 
configure:14918: $? = 1
configure: program exited with status 1
configure: failed program was:
| /* confdefs.h */
| #define PACKAGE_NAME "MPFR"
| #define PACKAGE_TARNAME "mpfr"
| #define PACKAGE_VERSION "3.1.2"
| #define PACKAGE_STRING "MPFR 3.1.2"
| #define PACKAGE_BUGREPORT ""
| #define PACKAGE_URL ""
| #define TIME_WITH_SYS_TIME 1
| #define STDC_HEADERS 1
| #define HAVE_SYS_TYPES_H 1
| #define HAVE_SYS_STAT_H 1
| #define HAVE_STDLIB_H 1
| #define HAVE_STRING_H 1
| #define HAVE_MEMORY_H 1
| #define HAVE_STRINGS_H 1
| #define HAVE_INTTYPES_H 1
| #define HAVE_STDINT_H 1
| #define HAVE_UNISTD_H 1
| #define HAVE_LOCALE_H 1
| #define HAVE_WCHAR_H 1
| #define HAVE_STDARG 1
| #define HAVE_SYS_TIME_H 1
| #define HAVE_ALLOCA_H 1
| #define HAVE_ALLOCA 1
| #define HAVE_STDINT_H 1
| #define HAVE_VA_COPY 1
| #define HAVE_MEMMOVE 1
| #define HAVE_MEMSET 1
| #define HAVE_SETLOCALE 1
| #define HAVE_STRTOL 1
| #define HAVE_GETTIMEOFDAY 1
| #define HAVE_LONG_LONG 1
| #define HAVE_INTMAX_T 1
| #define MPFR_HAVE_INTMAX_MAX 1
| #define MPFR_HAVE_FESETROUND 1
| #define HAVE_DENORMS 1
| #define HAVE_ROUND 1
| #define HAVE_TRUNC 1
| #define HAVE_FLOOR 1
| #define HAVE_CEIL 1
| #define HAVE_NEARBYINT 1
| #define HAVE_LONG_DOUBLE 1
| #define HAVE_LDOUBLE_IEEE_EXT_LITTLE 1
| #define MPFR_USE_THREAD_SAFE 1
| #define HAVE_CLOCK_GETTIME 1
| #define HAVE_DLFCN_H 1
| #define LT_OBJDIR ".libs/"
| #define HAVE_ATTRIBUTE_MODE 1
| #define NPRINTF_J 1
| #define NPRINTF_HH 1
| #define NPRINTF_LL 1
| #define NPRINTF_L 1
| /* end confdefs.h.  */
| 
| #include <stdio.h>
| 
| #if defined (__cplusplus)
| #include <cstddef>
| #else
| #include <stddef.h>
| #endif
| #include "gmp.h"
| 
| #include <gmp.h>
| 
| int
| main ()
| {
| 
|   char s[256];
|   ptrdiff_t a = 17;
| 
|   if (gmp_sprintf (s, "(%0.0td)(%d)", a, 42) == -1) return 1;
|   return (strcmp (s, "(17)(42)") != 0);
| 
|   ;
|   return 0;
| }
configure:14923: result: no
configure:14969: checking for __gmpn_rootrem
configure:14969: cc -o conftest -O -fcommon  -I/home/donz/minix/obj.intrgcc/tooldir.Linux-6.12.63+deb13-amd64-x86_64/include  -L/home/donz/minix/obj.intrgcc/tooldir.Linux-6.12.63+deb13-amd64-x86_64/lib conftest.c -lgmp  >&5
/usr/bin/ld: /home/donz/minix/obj.intrgcc/tooldir.Linux-6.12.63+deb13-amd64-x86_64/lib/libgmp.a(bdiv_q_1.o): warning: relocation against `__gmp_binvert_limb_table' in read-only section `.text'
/usr/bin/ld: warning: creating DT_TEXTREL in a PIE
configure:14969: $? = 0
configure:14969: result: yes
configure:14969: checking for __gmpn_sbpi1_divappr_q
configure:14969: cc -o conftest -O -fcommon  -I/home/donz/minix/obj.intrgcc/tooldir.Linux-6.12.63+deb13-amd64-x86_64/include  -L/home/donz/minix/obj.intrgcc/tooldir.Linux-6.12.63+deb13-amd64-x86_64/lib conftest.c -lgmp  >&5
configure:14969: $? = 0
configure:14969: result: yes
configure:15179: creating ./config.status

## ---------------------- ##
## Running config.status. ##
## ---------------------- ##

This file was extended by MPFR config.status 3.1.2, which was
generated by GNU Autoconf 2.69.  Invocation command line was

  CONFIG_FILES    = 
  CONFIG_HEADERS  = 
  CONFIG_LINKS    = 
  CONFIG_COMMANDS = 
  $ ./config.status 

on morphius

config.status:16285: creating Makefile
config.status:16285: creating doc/Makefile
config.status:16285: creating src/Makefile
config.status:16285: creating tests/Makefile
config.status:16285: creating tune/Makefile
config.status:16285: creating src/mparam.h
config.status:16455: executing depfiles commands
config.status:16455: executing libtool commands

## ---------------- ##
## Cache variables. ##
## ---------------- ##

ac_cv_build='x86_64-unknown-linux-gnu'
ac_cv_c_compiler_gnu='yes'
ac_cv_c_const='yes'
ac_cv_c_volatile='yes'
ac_cv_env_CC_set='set'
ac_cv_env_CC_value='cc'
ac_cv_env_CFLAGS_set='set'
ac_cv_env_CFLAGS_value='-O -fcommon'
ac_cv_env_CPPFLAGS_set='set'
ac_cv_env_CPPFLAGS_value=''
ac_cv_env_CPP_set=''
ac_cv_env_CPP_value=''
ac_cv_env_LDFLAGS_set='set'
ac_cv_env_LDFLAGS_value=''
ac_cv_env_LIBS_set=''
ac_cv_env_LIBS_value=''
ac_cv_env_build_alias_set=''
ac_cv_env_build_alias_value=''
ac_cv_env_host_alias_set=''
ac_cv_env_host_alias_value=''
ac_cv_env_target_alias_set=''
ac_cv_env_target_alias_value=''
ac_cv_func___gmpn_rootrem='yes'
ac_cv_func___gmpn_sbpi1_divappr_q='yes'
ac_cv_func_alloca_works='yes'
ac_cv_func_gettimeofday='yes'
ac_cv_func_memmove='yes'
ac_cv_func_memset='yes'
ac_cv_func_setlocale='yes'
ac_cv_func_strtol='yes'
ac_cv_header_dlfcn_h='yes'
ac_cv_header_float_h='yes'
ac_cv_header_inttypes_h='yes'
ac_cv_header_limits_h='yes'
ac_cv_header_locale_h='yes'
ac_cv_header_memory_h='yes'
ac_cv_header_stdarg_h='yes'
ac_cv_header_stdc='yes'
ac_cv_header_stdint_h='yes'
ac_cv_header_stdlib_h='yes'
ac_cv_header_string_h='yes'
ac_cv_header_strings_h='yes'
ac_cv_header_sys_fpu_h='no'
ac_cv_header_sys_stat_h='yes'
ac_cv_header_sys_time_h='yes'
ac_cv_header_sys_types_h='yes'
ac_cv_header_time='yes'
ac_cv_header_unistd_h='yes'
ac_cv_header_wchar_h='yes'
ac_cv_host='x86_64-unknown-linux-gnu'
ac_cv_lib_gmp___gmpz_init='yes'
ac_cv_lib_m_main='yes'
ac_cv_objext='o'
ac_cv_path_EGREP='/usr/bin/grep -E'
ac_cv_path_FGREP='/usr/bin/grep -F'
ac_cv_path_GREP='/usr/bin/grep'
ac_cv_path_SED='/usr/bin/sed'
ac_cv_path_mkdir='/home/donz/minix/obj.intrgcc/tooldir.Linux-6.12.63+deb13-amd64-x86_64/bin/riscv64-elf32-minix-install -d'
ac_cv_prog_AWK='/home/donz/minix/obj.intrgcc/tooldir.Linux-6.12.63+deb13-amd64-x86_64/bin/nbawk'
ac_cv_prog_CPP='cc -E'
ac_cv_prog_ac_ct_CC='cc'
ac_cv_prog_ac_ct_DLLTOOL='dlltool'
ac_cv_prog_ac_ct_MANIFEST_TOOL='mt'
ac_cv_prog_ac_ct_OBJDUMP='objdump'
ac_cv_prog_ac_ct_RANLIB='ranlib'
ac_cv_prog_ac_ct_STRIP='strip'
ac_cv_prog_cc_c89=''
ac_cv_prog_cc_cc_c_o='yes'
ac_cv_prog_cc_g='yes'
ac_cv_prog_make__home_donz_minix_obj_intrgcc_tooldir_Linux_6_12_63pdeb13_amd64_x86_64_bin_nbmake_set='no'
ac_cv_search_clock_gettime='none required'
ac_cv_type_intmax_t='yes'
ac_cv_type_long_double='yes'
ac_cv_type_long_long_int='yes'
ac_cv_type_size_t='yes'
ac_cv_type_union_fpc_csr='no'
ac_cv_working_alloca_h='yes'
am_cv_CC_dependencies_compiler_type='none'
gl_cv_size_max='yes'
gmp_cv_c_attribute_mode='yes'
lt_cv_ar_at_file='@'
lt_cv_deplibs_check_method='pass_all'
lt_cv_file_magic_cmd='$MAGIC_CMD'
lt_cv_file_magic_test_file=''
lt_cv_ld_reload_flag='-r'
lt_cv_nm_interface='BSD nm'
lt_cv_objdir='.libs'
lt_cv_path_LD='/usr/bin/ld'
lt_cv_path_NM='/usr/bin/nm -B'
lt_cv_path_mainfest_tool='no'
lt_cv_prog_compiler_c_o='yes'
lt_cv_prog_compiler_pic='-fPIC -DPIC'
lt_cv_prog_compiler_pic_works='yes'
lt_cv_prog_compiler_rtti_exceptions='no'
lt_cv_prog_compiler_static_works='yes'
lt_cv_prog_gnu_ld='yes'
lt_cv_sharedlib_from_linklib_cmd='printf %s\n'
lt_cv_shlibpath_overrides_runpath='yes'
lt_cv_sys_global_symbol_pipe='sed -n -e '"'"'s/^.*[	 ]\([ABCDGIRSTW][ABCDGIRSTW]*\)[	 ][	 ]*\([_A-Za-z][_A-Za-z0-9]*\)$/\1 \2 \2/p'"'"' | sed '"'"'/ __gnu_lto/d'"'"
lt_cv_sys_global_symbol_to_c_name_address='sed -n -e '"'"'s/^: \([^ ]*\)[ ]*$/  {\"\1\", (void *) 0},/p'"'"' -e '"'"'s/^[ABCDGIRSTW]* \([^ ]*\) \([^ ]*\)$/  {"\2", (void *) \&\2},/p'"'"
lt_cv_sys_global_symbol_to_c_name_address_lib_prefix='sed -n -e '"'"'s/^: \([^ ]*\)[ ]*$/  {\"\1\", (void *) 0},/p'"'"' -e '"'"'s/^[ABCDGIRSTW]* \([^ ]*\) \(lib[^ ]*\)$/  {"\2", (void *) \&\2},/p'"'"' -e '"'"'s/^[ABCDGIRSTW]* \([^ ]*\) \([^ ]*\)$/  {"lib\2", (void *) \&\2},/p'"'"
lt_cv_sys_global_symbol_to_cdecl='sed -n -e '"'"'s/^T .* \(.*\)$/extern int \1();/p'"'"' -e '"'"'s/^[ABCDGIRSTW]* .* \(.*\)$/extern char \1;/p'"'"
lt_cv_sys_max_cmd_len='1572864'
lt_cv_to_host_file_cmd='func_convert_file_noop'
lt_cv_to_tool_file_cmd='func_convert_file_noop'
mpfr_cv_c_long_double_format='IEEE extended, little endian'
mpfr_cv_errdivzero='no'
mpfr_cv_gcc_floatconv_bug='no'
mpfr_cv_have_denorms='yes'
mpfr_cv_have_fesetround='yes'
mpfr_cv_have_intmax_max='yes'
mpfr_cv_nanisnan='no'

## ----------------- ##
## Output variables. ##
## ----------------- ##

ACLOCAL='${SHELL} /home/donz/minix/external/lgpl3/mpfr/dist/missing --run aclocal-1.11'
ALLOCA=''
AMDEPBACKSLASH='\'
AMDEP_FALSE='#'
AMDEP_TRUE=''
AMTAR='$${TAR-tar}'
AR='ar'
AS='as'
AUTOCONF='${SHELL} /home/donz/minix/external/lgpl3/mpfr/dist/missing --run autoconf'
AUTOHEADER='${SHELL} /home/donz/minix/external/lgpl3/mpfr/dist/missing --run autoheader'
AUTOMAKE='${SHELL} /home/donz/minix/external/lgpl3/mpfr/dist/missing --run automake-1.11'
AWK='/home/donz/minix/obj.intrgcc/tooldir.Linux-6.12.63+deb13-amd64-x86_64/bin/nbawk'
CC='cc'
CCDEPMODE='depmode=none'
CFLAGS='-O -fcommon'
CPP='cc -E'
CPPFLAGS=' -I/home/donz/minix/obj.intrgcc/tooldir.Linux-6.12.63+deb13-amd64-x86_64/include'
CYGPATH_W='echo'
DATAFILES=''
DEFS='-DTIME_WITH_SYS_TIME=1 -DHAVE_INTTYPES_H=1 -DHAVE_STDINT_H=1 -DHAVE_LOCALE_H=1 -DHAVE_WCHAR_H=1 -DHAVE_STDARG=1 -DHAVE_SYS_TIME_H=1 -DHAVE_ALLOCA_H=1 -DHAVE_STDINT_H=1 -DHAVE_VA_COPY=1 -DHAVE_SETLOCALE=1 -DHAVE_GETTIMEOFDAY=1 -DHAVE_LONG_LONG=1 -DHAVE_INTMAX_T=1 -DMPFR_HAVE_INTMAX_MAX=1 -DMPFR_HAVE_FESETROUND=1 -DHAVE_DENORMS=1 -DHAVE_ROUND=1 -DHAVE_TRUNC=1 -DHAVE_FLOOR=1 -DHAVE_CEIL=1 -DHAVE_NEARBYINT=1 -DHAVE_LDOUBLE_IEEE_EXT_LITTLE=1 -DMPFR_USE_THREAD_SAFE=1 -DHAVE_CLOCK_GETTIME=1 -DLT_OBJDIR=\".libs/\" -DHAVE_ATTRIBUTE_MODE=1 -DNPRINTF_J=1 -DNPRINTF_HH=1 -DNPRINTF_LL=1 -DNPRINTF_L=1 -DNPRINTF_T=1 -DHAVE___GMPN_ROOTREM=1 -DHAVE___GMPN_SBPI1_DIVAPPR_Q=1'
DEPDIR='.deps'
DLLTOOL='dlltool'
DSYMUTIL=''
DUMPBIN=''
ECHO_C=''
ECHO_N='-n'
ECHO_T=''
EGREP='/usr/bin/grep -E'
EXEEXT=''
FGREP='/usr/bin/grep -F'
GREP='/usr/bin/grep'
INSTALL_DATA='${INSTALL} -m 644'
INSTALL_PROGRAM='${INSTALL}'
INSTALL_SCRIPT='${INSTALL}'
INSTALL_STRIP_PROGRAM='$(install_sh) -c -s'
LD='/usr/bin/ld -m elf_x86_64'
LDFLAGS=' -L/home/donz/minix/obj.intrgcc/tooldir.Linux-6.12.63+deb13-amd64-x86_64/lib'
LIBMPFR_LDFLAGS=''
LIBOBJS=''
LIBS='-lgmp '
LIBTOOL='$(SHELL) $(top_builddir)/libtool'
LIPO=''
LN_S='ln -s'
LTLIBOBJS=''
MAINT=''
MAINTAINER_MODE_FALSE='#'
MAINTAINER_MODE_TRUE=''
MAKEINFO='${SHELL} /home/donz/minix/external/lgpl3/mpfr/dist/missing --run makeinfo'
MANIFEST_TOOL=':'
MKDIR_P='/home/donz/minix/obj.intrgcc/tooldir.Linux-6.12.63+deb13-amd64-x86_64/bin/riscv64-elf32-minix-install -d -p'
MPFR_LDFLAGS=''
MPFR_LIBM='-lm'
NM='/usr/bin/nm -B'
NMEDIT=''
OBJDUMP='objdump'
OBJEXT='o'
OTOOL64=''
OTOOL=''
PACKAGE='mpfr'
PACKAGE_BUGREPORT=''
PACKAGE_NAME='MPFR'
PACKAGE_STRING='MPFR 3.1.2'
PACKAGE_TARNAME='mpfr'
PACKAGE_URL=''
PACKAGE_VERSION='3.1.2'
PATH_SEPARATOR=':'
RANLIB='ranlib'
SED='/usr/bin/sed'
SET_MAKE='MAKE=/home/donz/minix/obj.intrgcc/tooldir.Linux-6.12.63+deb13-amd64-x86_64/bin/nbmake'
SHELL='/usr/bin/sh'
STRIP='strip'
TUNE_LIBS=''
VERSION='3.1.2'
ac_ct_AR=''
ac_ct_CC='cc'
ac_ct_DUMPBIN=''
am__EXEEXT_FALSE=''
am__EXEEXT_TRUE='#'
am__fastdepCC_FALSE=''
am__fastdepCC_TRUE='#'
am__include='#'
am__isrc=' -I$(srcdir)'
am__leading_dot='.'
am__nodep='_no'
am__quote=''
am__tar='$${TAR-tar} chof - "$$tardir"'
am__untar='$${TAR-tar} xf -'
bindir='${exec_prefix}/bin'
build='x86_64-unknown-linux-gnu'
build_alias=''
build_cpu='x86_64'
build_os='linux-gnu'
build_vendor='unknown'
datadir='${datarootdir}'
datarootdir='${prefix}/share'
docdir='${datarootdir}/doc/${PACKAGE_TARNAME}'
dvidir='${docdir}'
exec_prefix='${prefix}'
host='x86_64-unknown-linux-gnu'
host_alias=''
host_cpu='x86_64'
host_os='linux-gnu'
host_vendor='unknown'
htmldir='${docdir}'
includedir='${prefix}/include'
infodir='${datarootdir}/info'
install_sh='${SHELL} /home/donz/minix/external/lgpl3/mpfr/dist/install-sh'
libdir='${exec_prefix}/lib'
libexecdir='${exec_prefix}/libexec'
localedir='${datarootdir}/locale'
localstatedir='${prefix}/var'
mandir='${datarootdir}/man'
mkdir_p='/home/donz/minix/obj.intrgcc/tooldir.Linux-6.12.63+deb13-amd64-x86_64/bin/riscv64-elf32-minix-install -d -p'
oldincludedir='/usr/include'
pdfdir='${docdir}'
prefix='/home/donz/minix/obj.intrgcc/tooldir.Linux-6.12.63+deb13-amd64-x86_64'
program_transform_name='s,x,x,'
psdir='${docdir}'
sbindir='${exec_prefix}/sbin'
sharedstatedir='${prefix}/com'
sysconfdir='${prefix}/etc'
target_alias=''

## ----------- ##
## confdefs.h. ##
## ----------- ##

/* confdefs.h */
#define TIME_WITH_SYS_TIME 1
#define HAVE_INTTYPES_H 1
#define HAVE_STDINT_H 1
#define HAVE_LOCALE_H 1
#define HAVE_WCHAR_H 1
#define HAVE_STDARG 1
#define HAVE_SYS_TIME_H 1
#define HAVE_ALLOCA_H 1
#define HAVE_STDINT_H 1
#define HAVE_VA_COPY 1
#define HAVE_SETLOCALE 1
#define HAVE_GETTIMEOFDAY 1
#define HAVE_LONG_LONG 1
#define HAVE_INTMAX_T 1
#define MPFR_HAVE_INTMAX_MAX 1
#define MPFR_HAVE_FESETROUND 1
#define HAVE_DENORMS 1
#define HAVE_ROUND 1
#define HAVE_TRUNC 1
#define HAVE_FLOOR 1
#define HAVE_CEIL 1
#define HAVE_NEARBYINT 1
#define HAVE_LDOUBLE_IEEE_EXT_LITTLE 1
#define MPFR_USE_THREAD_SAFE 1
#define HAVE_CLOCK_GETTIME 1
#define LT_OBJDIR ".libs/"
#define HAVE_ATTRIBUTE_MODE 1
#define NPRINTF_J 1
#define NPRINTF_HH 1
#define NPRINTF_LL 1
#define NPRINTF_L 1
#define NPRINTF_T 1
#define HAVE___GMPN_ROOTREM 1
#define HAVE___GMPN_SBPI1_DIVAPPR_Q 1

configure: exit 0
