This file contains any messages produced by compilers while
running configure, to aid debugging if configure makes a mistake.

It was created by LTO plugin for ld configure 0.1, which was
generated by GNU Autoconf 2.64.  Invocation command line was

  $ /home/donz/minix/external/gpl3/gcc/dist/lto-plugin/configure --cache-file=./config.cache --with-system-zlib --enable-long-long --enable-threads --with-bugurl=http://www.NetBSD.org/Misc/send-pr.html --with-pkgversion=NetBSD nb2 20150115 --with-system-zlib --enable-__cxa_atexit --disable-libssp --enable-visibility --disable-threads --disable-tls --with-sysroot=/home/donz/minix/obj.intrgcc/destdir.evbriscv64 --with-mpc=/home/donz/minix/obj.intrgcc/tooldir.Linux-6.12.63+deb13-amd64-x86_64 --with-mpfr=/home/donz/minix/obj.intrgcc/tooldir.Linux-6.12.63+deb13-amd64-x86_64 --with-gmp=/home/donz/minix/obj.intrgcc/tooldir.Linux-6.12.63+deb13-amd64-x86_64 --disable-nls --disable-multilib --enable-languages=c c++ objc --prefix=/home/donz/minix/obj.intrgcc/tooldir.Linux-6.12.63+deb13-amd64-x86_64 --disable-shared --enable-languages=c,c++,lto,objc --program-transform-name=s,^,riscv64-elf32-minix-, --disable-option-checking --build=x86_64-unknown-linux-gnu --host=x86_64-unknown-linux-gnu --target=riscv64-elf32-minix --srcdir=/home/donz/minix/tools/gcc/../../external/gpl3/gcc/dist/lto-plugin --enable-shared

## --------- ##
## Platform. ##
## --------- ##

hostname = morphius
uname -m = x86_64
uname -r = 6.12.63+deb13-amd64
uname -s = Linux
uname -v = #1 SMP PREEMPT_DYNAMIC Debian 6.12.63-1 (2025-12-30)

/usr/bin/uname -p = unknown
/bin/uname -X     = unknown

/bin/arch              = x86_64
/usr/bin/arch -k       = unknown
/usr/convex/getsysinfo = unknown
/usr/bin/hostinfo      = unknown
/bin/machine           = unknown
/usr/bin/oslevel       = unknown
/bin/universe          = unknown

PATH: /home/donz/minix/obj.intrgcc/tooldir.Linux-6.12.63+deb13-amd64-x86_64/bin
PATH: /home/donz/.local/bin
PATH: /usr/local/bin
PATH: /usr/bin
PATH: /bin
PATH: /usr/local/games
PATH: /usr/games


## ----------- ##
## Core tests. ##
## ----------- ##

configure:2135: creating cache ./config.cache
configure:2238: checking build system type
configure:2252: result: x86_64-unknown-linux-gnu
configure:2272: checking host system type
configure:2285: result: x86_64-unknown-linux-gnu
configure:2305: checking target system type
configure:2318: result: riscv-ucb-minix
configure:2406: checking for a BSD-compatible install
configure:2474: result: /home/donz/minix/obj.intrgcc/tooldir.Linux-6.12.63+deb13-amd64-x86_64/bin/riscv64-elf32-minix-install -c  -r
configure:2485: checking whether build environment is sane
configure:2535: result: yes
configure:2676: checking for a thread-safe mkdir -p
configure:2715: result: /usr/bin/mkdir -p
configure:2728: checking for gawk
configure:2755: result: /home/donz/minix/obj.intrgcc/tooldir.Linux-6.12.63+deb13-amd64-x86_64/bin/nbawk
configure:2766: checking whether /home/donz/minix/obj.intrgcc/tooldir.Linux-6.12.63+deb13-amd64-x86_64/bin/nbgmake sets $(MAKE)
configure:2788: result: yes
configure:2869: checking whether to enable maintainer-specific portions of Makefiles
configure:2878: result: no
configure:2899: checking for x86_64-unknown-linux-gnu-gcc
configure:2926: result: cc
configure:3195: checking for C compiler version
configure:3204: cc --version >&5
cc (Debian 14.2.0-19) 14.2.0
Copyright (C) 2024 Free Software Foundation, Inc.
This is free software; see the source for copying conditions.  There is NO
warranty; not even for MERCHANTABILITY or FITNESS FOR A PARTICULAR PURPOSE.

configure:3215: $? = 0
configure:3204: cc -v >&5
Using built-in specs.
COLLECT_GCC=cc
COLLECT_LTO_WRAPPER=/usr/libexec/gcc/x86_64-linux-gnu/14/lto-wrapper
OFFLOAD_TARGET_NAMES=nvptx-none:amdgcn-amdhsa
OFFLOAD_TARGET_DEFAULT=1
Target: x86_64-linux-gnu
Configured with: ../src/configure -v --with-pkgversion='Debian 14.2.0-19' --with-bugurl=file:///usr/share/doc/gcc-14/README.Bugs --enable-languages=c,ada,c++,go,d,fortran,objc,obj-c++,m2,rust --prefix=/usr --with-gcc-major-version-only --program-suffix=-14 --program-prefix=x86_64-linux-gnu- --enable-shared --enable-linker-build-id --libexecdir=/usr/libexec --without-included-gettext --enable-threads=posix --libdir=/usr/lib --enable-nls --enable-bootstrap --enable-clocale=gnu --enable-libstdcxx-debug --enable-libstdcxx-time=yes --with-default-libstdcxx-abi=new --enable-libstdcxx-backtrace --enable-gnu-unique-object --disable-vtable-verify --enable-plugin --enable-default-pie --with-system-zlib --enable-libphobos-checking=release --with-target-system-zlib=auto --enable-objc-gc=auto --enable-multiarch --disable-werror --enable-cet --with-arch-32=i686 --with-abi=m64 --with-multilib-list=m32,m64,mx32 --enable-multilib --with-tune=generic --enable-offload-targets=nvptx-none=/build/reproducible-path/gcc-14-14.2.0/debian/tmp-nvptx/usr,amdgcn-amdhsa=/build/reproducible-path/gcc-14-14.2.0/debian/tmp-gcn/usr --enable-offload-defaulted --without-cuda-driver --enable-checking=release --build=x86_64-linux-gnu --host=x86_64-linux-gnu --target=x86_64-linux-gnu --with-build-config=bootstrap-lto-lean --enable-link-serialization=3
Thread model: posix
Supported LTO compression algorithms: zlib zstd
gcc version 14.2.0 (Debian 14.2.0-19) 
... rest of stderr output deleted ...
configure:3215: $? = 0
configure:3204: cc -V >&5
cc: error: unrecognized command-line option '-V'
cc: fatal error: no input files
compilation terminated.
configure:3215: $? = 1
configure:3204: cc -qversion >&5
cc: error: unrecognized command-line option '-qversion'; did you mean '--version'?
cc: fatal error: no input files
compilation terminated.
configure:3215: $? = 1
configure:3235: checking for C compiler default output file name
configure:3257: cc -O -fcommon -DNETBSD_TOOLS -DTARGET_SYSTEM_ROOT=0  -DTARGET_SYSTEM_ROOT_RELOCATABLE -static-libstdc++ -static-libgcc  conftest.c  >&5
configure:3261: $? = 0
configure:3298: result: a.out
configure:3314: checking whether the C compiler works
configure:3323: ./a.out
configure:3327: $? = 0
configure:3342: result: yes
configure:3349: checking whether we are cross compiling
configure:3351: result: no
configure:3354: checking for suffix of executables
configure:3361: cc -o conftest -O -fcommon -DNETBSD_TOOLS -DTARGET_SYSTEM_ROOT=0  -DTARGET_SYSTEM_ROOT_RELOCATABLE -static-libstdc++ -static-libgcc  conftest.c  >&5
configure:3365: $? = 0
configure:3387: result: 
configure:3393: checking for suffix of object files
configure:3415: cc -c -O -fcommon -DNETBSD_TOOLS -DTARGET_SYSTEM_ROOT=0  -DTARGET_SYSTEM_ROOT_RELOCATABLE conftest.c >&5
configure:3419: $? = 0
configure:3440: result: o
configure:3444: checking whether we are using the GNU C compiler
configure:3463: cc -c -O -fcommon -DNETBSD_TOOLS -DTARGET_SYSTEM_ROOT=0  -DTARGET_SYSTEM_ROOT_RELOCATABLE conftest.c >&5
configure:3463: $? = 0
configure:3472: result: yes
configure:3481: checking whether cc accepts -g
configure:3501: cc -c -g -DNETBSD_TOOLS -DTARGET_SYSTEM_ROOT=0  -DTARGET_SYSTEM_ROOT_RELOCATABLE conftest.c >&5
configure:3501: $? = 0
configure:3542: result: yes
configure:3559: checking for cc option to accept ISO C89
configure:3623: cc  -c -O -fcommon -DNETBSD_TOOLS -DTARGET_SYSTEM_ROOT=0  -DTARGET_SYSTEM_ROOT_RELOCATABLE conftest.c >&5
configure:3623: $? = 0
configure:3636: result: none needed
configure:3667: checking for style of include used by /home/donz/minix/obj.intrgcc/tooldir.Linux-6.12.63+deb13-amd64-x86_64/bin/nbgmake
configure:3695: result: GNU
configure:3720: checking dependency style of cc
configure:3830: result: gcc3
configure:3853: checking for special C compiler options needed for large files
configure:3898: result: no
configure:3904: checking for _FILE_OFFSET_BITS value needed for large files
configure:3929: cc -c -O -fcommon -DNETBSD_TOOLS -DTARGET_SYSTEM_ROOT=0  -DTARGET_SYSTEM_ROOT_RELOCATABLE conftest.c >&5
configure:3929: $? = 0
configure:3961: result: no
configure:4055: checking whether cc supports -Wall
configure:4072: cc -c -Wall -DNETBSD_TOOLS -DTARGET_SYSTEM_ROOT=0  -DTARGET_SYSTEM_ROOT_RELOCATABLE conftest.c >&5
configure:4072: $? = 0
configure:4081: result: yes
configure:4135: checking how to print strings
configure:4162: result: printf
configure:4183: checking for a sed that does not truncate output
configure:4247: result: /usr/bin/sed
configure:4265: checking for grep that handles long lines and -e
configure:4323: result: /usr/bin/grep
configure:4328: checking for egrep
configure:4390: result: /usr/bin/grep -E
configure:4395: checking for fgrep
configure:4457: result: /usr/bin/grep -F
configure:4492: checking for ld used by cc
configure:4559: result: ld
configure:4566: checking if the linker (ld) is GNU ld
configure:4581: result: yes
configure:4593: checking for BSD- or MS-compatible name lister (nm)
configure:4642: result: nm
configure:4772: checking the name lister (nm) interface
configure:4779: cc -c -O -fcommon -DNETBSD_TOOLS -DTARGET_SYSTEM_ROOT=0  -DTARGET_SYSTEM_ROOT_RELOCATABLE conftest.c >&5
configure:4782: nm "conftest.o"
configure:4785: output
0000000000000000 B some_variable
configure:4792: result: BSD nm
configure:4795: checking whether ln -s works
configure:4799: result: yes
configure:4807: checking the maximum length of command line arguments
configure:4932: result: 4718592
configure:4949: checking whether the shell understands some XSI constructs
configure:4959: result: yes
configure:4963: checking whether the shell understands "+="
configure:4969: result: no
configure:5004: checking for ld option to reload object files
configure:5011: result: -r
configure:5040: checking for x86_64-unknown-linux-gnu-objdump
configure:5067: result: objdump
configure:5139: checking how to recognize dependent libraries
configure:5340: result: pass_all
configure:5360: checking for x86_64-unknown-linux-gnu-ar
configure:5387: result: ar
configure:5465: checking for x86_64-unknown-linux-gnu-strip
configure:5495: result: no
configure:5505: checking for strip
configure:5521: found /usr/bin/strip
configure:5532: result: strip
configure:5564: checking for x86_64-unknown-linux-gnu-ranlib
configure:5591: result: ranlib
configure:5733: checking command to parse nm output from cc object
configure:5851: cc -c -O -fcommon -DNETBSD_TOOLS -DTARGET_SYSTEM_ROOT=0  -DTARGET_SYSTEM_ROOT_RELOCATABLE conftest.c >&5
configure:5854: $? = 0
configure:5858: nm conftest.o \| sed -n -e 's/^.*[ ]\([ABCDGIRSTW][ABCDGIRSTW]*\)[ ][ ]*\([_A-Za-z][_A-Za-z0-9]*\)$/  /p' \> conftest.nm
configure:5861: $? = 0
configure:5915: cc -o conftest -O -fcommon -DNETBSD_TOOLS -DTARGET_SYSTEM_ROOT=0  -DTARGET_SYSTEM_ROOT_RELOCATABLE -static-libstdc++ -static-libgcc  conftest.c conftstm.o >&5
configure:5918: $? = 0
configure:5956: result: ok
configure:6051: cc -c -O -fcommon -DNETBSD_TOOLS -DTARGET_SYSTEM_ROOT=0  -DTARGET_SYSTEM_ROOT_RELOCATABLE conftest.c >&5
configure:6054: $? = 0
configure:6807: checking how to run the C preprocessor
configure:6838: cc -E -DNETBSD_TOOLS -DTARGET_SYSTEM_ROOT=0  -DTARGET_SYSTEM_ROOT_RELOCATABLE conftest.c
configure:6838: $? = 0
configure:6852: cc -E -DNETBSD_TOOLS -DTARGET_SYSTEM_ROOT=0  -DTARGET_SYSTEM_ROOT_RELOCATABLE conftest.c
conftest.c:11:10: fatal error: ac_nonexistent.h: No such file or directory
   11 | #include <ac_nonexistent.h>
      |          ^~~~~~~~~~~~~~~~~~
compilation terminated.
configure:6852: $? = 1
configure: failed program was:
| /* confdefs.h */
| #define PACKAGE_NAME "LTO plugin for ld"
| #define PACKAGE_TARNAME "lto-plugin"
| #define PACKAGE_VERSION "0.1"
| #define PACKAGE_STRING "LTO plugin for ld 0.1"
| #define PACKAGE_BUGREPORT ""
| #define PACKAGE_URL ""
| #define PACKAGE "lto-plugin"
| #define VERSION "0.1"
| /* end confdefs.h.  */
| #include <ac_nonexistent.h>
configure:6877: result: cc -E
configure:6897: cc -E -DNETBSD_TOOLS -DTARGET_SYSTEM_ROOT=0  -DTARGET_SYSTEM_ROOT_RELOCATABLE conftest.c
configure:6897: $? = 0
configure:6911: cc -E -DNETBSD_TOOLS -DTARGET_SYSTEM_ROOT=0  -DTARGET_SYSTEM_ROOT_RELOCATABLE conftest.c
conftest.c:11:10: fatal error: ac_nonexistent.h: No such file or directory
   11 | #include <ac_nonexistent.h>
      |          ^~~~~~~~~~~~~~~~~~
compilation terminated.
configure:6911: $? = 1
configure: failed program was:
| /* confdefs.h */
| #define PACKAGE_NAME "LTO plugin for ld"
| #define PACKAGE_TARNAME "lto-plugin"
| #define PACKAGE_VERSION "0.1"
| #define PACKAGE_STRING "LTO plugin for ld 0.1"
| #define PACKAGE_BUGREPORT ""
| #define PACKAGE_URL ""
| #define PACKAGE "lto-plugin"
| #define VERSION "0.1"
| /* end confdefs.h.  */
| #include <ac_nonexistent.h>
configure:6940: checking for ANSI C header files
configure:6960: cc -c -O -fcommon -DNETBSD_TOOLS -DTARGET_SYSTEM_ROOT=0  -DTARGET_SYSTEM_ROOT_RELOCATABLE conftest.c >&5
configure:6960: $? = 0
configure:7033: cc -o conftest -O -fcommon -DNETBSD_TOOLS -DTARGET_SYSTEM_ROOT=0  -DTARGET_SYSTEM_ROOT_RELOCATABLE -static-libstdc++ -static-libgcc  conftest.c  >&5
configure:7033: $? = 0
configure:7033: ./conftest
configure:7033: $? = 0
configure:7044: result: yes
configure:7057: checking for sys/types.h
configure:7057: cc -c -O -fcommon -DNETBSD_TOOLS -DTARGET_SYSTEM_ROOT=0  -DTARGET_SYSTEM_ROOT_RELOCATABLE conftest.c >&5
configure:7057: $? = 0
configure:7057: result: yes
configure:7057: checking for sys/stat.h
configure:7057: cc -c -O -fcommon -DNETBSD_TOOLS -DTARGET_SYSTEM_ROOT=0  -DTARGET_SYSTEM_ROOT_RELOCATABLE conftest.c >&5
configure:7057: $? = 0
configure:7057: result: yes
configure:7057: checking for stdlib.h
configure:7057: cc -c -O -fcommon -DNETBSD_TOOLS -DTARGET_SYSTEM_ROOT=0  -DTARGET_SYSTEM_ROOT_RELOCATABLE conftest.c >&5
configure:7057: $? = 0
configure:7057: result: yes
configure:7057: checking for string.h
configure:7057: cc -c -O -fcommon -DNETBSD_TOOLS -DTARGET_SYSTEM_ROOT=0  -DTARGET_SYSTEM_ROOT_RELOCATABLE conftest.c >&5
configure:7057: $? = 0
configure:7057: result: yes
configure:7057: checking for memory.h
configure:7057: cc -c -O -fcommon -DNETBSD_TOOLS -DTARGET_SYSTEM_ROOT=0  -DTARGET_SYSTEM_ROOT_RELOCATABLE conftest.c >&5
configure:7057: $? = 0
configure:7057: result: yes
configure:7057: checking for strings.h
configure:7057: cc -c -O -fcommon -DNETBSD_TOOLS -DTARGET_SYSTEM_ROOT=0  -DTARGET_SYSTEM_ROOT_RELOCATABLE conftest.c >&5
configure:7057: $? = 0
configure:7057: result: yes
configure:7057: checking for inttypes.h
configure:7057: cc -c -O -fcommon -DNETBSD_TOOLS -DTARGET_SYSTEM_ROOT=0  -DTARGET_SYSTEM_ROOT_RELOCATABLE conftest.c >&5
configure:7057: $? = 0
configure:7057: result: yes
configure:7057: checking for stdint.h
configure:7057: cc -c -O -fcommon -DNETBSD_TOOLS -DTARGET_SYSTEM_ROOT=0  -DTARGET_SYSTEM_ROOT_RELOCATABLE conftest.c >&5
configure:7057: $? = 0
configure:7057: result: yes
configure:7057: checking for unistd.h
configure:7057: cc -c -O -fcommon -DNETBSD_TOOLS -DTARGET_SYSTEM_ROOT=0  -DTARGET_SYSTEM_ROOT_RELOCATABLE conftest.c >&5
configure:7057: $? = 0
configure:7057: result: yes
configure:7072: checking for dlfcn.h
configure:7072: cc -c -O -fcommon -DNETBSD_TOOLS -DTARGET_SYSTEM_ROOT=0  -DTARGET_SYSTEM_ROOT_RELOCATABLE conftest.c >&5
configure:7072: $? = 0
configure:7072: result: yes
configure:7259: checking for objdir
configure:7274: result: .libs
configure:7545: checking if cc supports -fno-rtti -fno-exceptions
configure:7563: cc -c -O -fcommon -DNETBSD_TOOLS -DTARGET_SYSTEM_ROOT=0  -DTARGET_SYSTEM_ROOT_RELOCATABLE -fno-rtti -fno-exceptions conftest.c >&5
cc1: warning: command-line option '-fno-rtti' is valid for C++/D/ObjC++ but not for C
configure:7567: $? = 0
configure:7580: result: no
configure:7600: checking for cc option to produce PIC
configure:7886: result: -fPIC -DPIC
configure:7898: checking if cc PIC flag -fPIC -DPIC works
configure:7916: cc -c -O -fcommon -DNETBSD_TOOLS -DTARGET_SYSTEM_ROOT=0  -DTARGET_SYSTEM_ROOT_RELOCATABLE -fPIC -DPIC -DPIC conftest.c >&5
configure:7920: $? = 0
configure:7933: result: yes
configure:7957: checking if cc static flag -static works
configure:7985: result: yes
configure:8000: checking if cc supports -c -o file.o
configure:8021: cc -c -O -fcommon -DNETBSD_TOOLS -DTARGET_SYSTEM_ROOT=0  -DTARGET_SYSTEM_ROOT_RELOCATABLE -o out/conftest2.o conftest.c >&5
configure:8025: $? = 0
configure:8047: result: yes
configure:8055: checking if cc supports -c -o file.o
configure:8102: result: yes
configure:8135: checking whether the cc linker (ld -m elf_x86_64) supports shared libraries
configure:9206: result: yes
configure:9243: checking whether -lc should be explicitly linked in
configure:9251: cc -c -O -fcommon -DNETBSD_TOOLS -DTARGET_SYSTEM_ROOT=0  -DTARGET_SYSTEM_ROOT_RELOCATABLE conftest.c >&5
configure:9254: $? = 0
configure:9269: cc -shared conftest.o  -v -Wl,-soname -Wl,conftest -o conftest 2\>\&1 \| /usr/bin/grep  -lc  \>/dev/null 2\>\&1
configure:9272: $? = 0
configure:9286: result: no
configure:9451: checking dynamic linker characteristics
configure:9902: cc -o conftest -O -fcommon -DNETBSD_TOOLS -DTARGET_SYSTEM_ROOT=0  -DTARGET_SYSTEM_ROOT_RELOCATABLE -static-libstdc++ -static-libgcc  -Wl,-rpath -Wl,/foo conftest.c  >&5
configure:9902: $? = 0
configure:10124: result: GNU/Linux ld.so
configure:10231: checking how to hardcode library paths into programs
configure:10256: result: immediate
configure:10796: checking whether stripping libraries is possible
configure:10801: result: yes
configure:10836: checking if libtool supports shared libraries
configure:10838: result: yes
configure:10841: checking whether to build shared libraries
configure:10862: result: yes
configure:10865: checking whether to build static libraries
configure:10869: result: yes
configure:10927: checking for int64_t
configure:10927: cc -c -O -fcommon -DNETBSD_TOOLS -DTARGET_SYSTEM_ROOT=0  -DTARGET_SYSTEM_ROOT_RELOCATABLE conftest.c >&5
configure:10927: $? = 0
configure:10927: cc -c -O -fcommon -DNETBSD_TOOLS -DTARGET_SYSTEM_ROOT=0  -DTARGET_SYSTEM_ROOT_RELOCATABLE conftest.c >&5
conftest.c: In function 'main':
conftest.c:60:67: warning: integer overflow in expression of type 'long int' results in '-9223372036854775808' [-Woverflow]
   60 |                  < (int64_t) ((((int64_t) 1 << (64 - 2)) - 1) * 2 + 2))];
      |                                                                   ^
conftest.c:59:12: error: storage size of 'test_array' isn't constant
   59 | static int test_array [1 - 2 * !((int64_t) ((((int64_t) 1 << (64 - 2)) - 1) * 2 + 1)
      |            ^~~~~~~~~~
configure:10927: $? = 1
configure: failed program was:
| /* confdefs.h */
| #define PACKAGE_NAME "LTO plugin for ld"
| #define PACKAGE_TARNAME "lto-plugin"
| #define PACKAGE_VERSION "0.1"
| #define PACKAGE_STRING "LTO plugin for ld 0.1"
| #define PACKAGE_BUGREPORT ""
| #define PACKAGE_URL ""
| #define PACKAGE "lto-plugin"
| #define VERSION "0.1"
| #define STDC_HEADERS 1
| #define HAVE_SYS_TYPES_H 1
| #define HAVE_SYS_STAT_H 1
| #define HAVE_STDLIB_H 1
| #define HAVE_STRING_H 1
| #define HAVE_MEMORY_H 1
| #define HAVE_STRINGS_H 1
| #define HAVE_INTTYPES_H 1
| #define HAVE_STDINT_H 1
| #define HAVE_UNISTD_H 1
| #define HAVE_DLFCN_H 1
| #define LT_OBJDIR ".libs/"
| /* end confdefs.h.  */
| #include <stdio.h>
| #ifdef HAVE_SYS_TYPES_H
| # include <sys/types.h>
| #endif
| #ifdef HAVE_SYS_STAT_H
| # include <sys/stat.h>
| #endif
| #ifdef STDC_HEADERS
| # include <stdlib.h>
| # include <stddef.h>
| #else
| # ifdef HAVE_STDLIB_H
| #  include <stdlib.h>
| # endif
| #endif
| #ifdef HAVE_STRING_H
| # if !defined STDC_HEADERS && defined HAVE_MEMORY_H
| #  include <memory.h>
| # endif
| # include <string.h>
| #endif
| #ifdef HAVE_STRINGS_H
| # include <strings.h>
| #endif
| #ifdef HAVE_INTTYPES_H
| # include <inttypes.h>
| #endif
| #ifdef HAVE_STDINT_H
| # include <stdint.h>
| #endif
| #ifdef HAVE_UNISTD_H
| # include <unistd.h>
| #endif
| int
| main ()
| {
| static int test_array [1 - 2 * !((int64_t) ((((int64_t) 1 << (64 - 2)) - 1) * 2 + 1)
| 		 < (int64_t) ((((int64_t) 1 << (64 - 2)) - 1) * 2 + 2))];
| test_array [0] = 0
| 
|   ;
|   return 0;
| }
configure:10927: result: yes
configure:10938: checking for uint64_t
configure:10938: cc -c -O -fcommon -DNETBSD_TOOLS -DTARGET_SYSTEM_ROOT=0  -DTARGET_SYSTEM_ROOT_RELOCATABLE conftest.c >&5
configure:10938: $? = 0
configure:10938: result: yes
configure:10952: checking for sys/wait.h that is POSIX.1 compatible
configure:10978: cc -c -O -fcommon -DNETBSD_TOOLS -DTARGET_SYSTEM_ROOT=0  -DTARGET_SYSTEM_ROOT_RELOCATABLE conftest.c >&5
configure:10978: $? = 0
configure:10985: result: yes
configure:11062: updating cache ./config.cache
configure:11119: creating ./config.status

## ---------------------- ##
## Running config.status. ##
## ---------------------- ##

This file was extended by LTO plugin for ld config.status 0.1, which was
generated by GNU Autoconf 2.64.  Invocation command line was

  CONFIG_FILES    = 
  CONFIG_HEADERS  = 
  CONFIG_LINKS    = 
  CONFIG_COMMANDS = 
  $ ./config.status 

on morphius

config.status:12322: creating Makefile
config.status:12322: creating config.h
config.status:12548: executing depfiles commands
config.status:12548: executing libtool commands

## ---------------- ##
## Cache variables. ##
## ---------------- ##

ac_cv_build='x86_64-unknown-linux-gnu'
ac_cv_c_compiler_gnu='yes'
ac_cv_c_int64_t='yes'
ac_cv_c_uint64_t='yes'
ac_cv_env_CC_set='set'
ac_cv_env_CC_value='cc'
ac_cv_env_CFLAGS_set='set'
ac_cv_env_CFLAGS_value='-O -fcommon'
ac_cv_env_CPPFLAGS_set='set'
ac_cv_env_CPPFLAGS_value='-DNETBSD_TOOLS -DTARGET_SYSTEM_ROOT=0  -DTARGET_SYSTEM_ROOT_RELOCATABLE'
ac_cv_env_CPP_set=''
ac_cv_env_CPP_value=''
ac_cv_env_LDFLAGS_set='set'
ac_cv_env_LDFLAGS_value='-static-libstdc++ -static-libgcc '
ac_cv_env_LIBS_set=''
ac_cv_env_LIBS_value=''
ac_cv_env_build_alias_set='set'
ac_cv_env_build_alias_value='x86_64-unknown-linux-gnu'
ac_cv_env_host_alias_set='set'
ac_cv_env_host_alias_value='x86_64-unknown-linux-gnu'
ac_cv_env_target_alias_set='set'
ac_cv_env_target_alias_value='riscv64-elf32-minix'
ac_cv_header_dlfcn_h='yes'
ac_cv_header_inttypes_h='yes'
ac_cv_header_memory_h='yes'
ac_cv_header_stdc='yes'
ac_cv_header_stdint_h='yes'
ac_cv_header_stdlib_h='yes'
ac_cv_header_string_h='yes'
ac_cv_header_strings_h='yes'
ac_cv_header_sys_stat_h='yes'
ac_cv_header_sys_types_h='yes'
ac_cv_header_sys_wait_h='yes'
ac_cv_header_unistd_h='yes'
ac_cv_host='x86_64-unknown-linux-gnu'
ac_cv_objext='o'
ac_cv_path_EGREP='/usr/bin/grep -E'
ac_cv_path_FGREP='/usr/bin/grep -F'
ac_cv_path_GREP='/usr/bin/grep'
ac_cv_path_SED='/usr/bin/sed'
ac_cv_path_mkdir='/usr/bin/mkdir'
ac_cv_prog_AR='ar'
ac_cv_prog_AWK='/home/donz/minix/obj.intrgcc/tooldir.Linux-6.12.63+deb13-amd64-x86_64/bin/nbawk'
ac_cv_prog_CC='cc'
ac_cv_prog_CPP='cc -E'
ac_cv_prog_OBJDUMP='objdump'
ac_cv_prog_RANLIB='ranlib'
ac_cv_prog_ac_ct_STRIP='strip'
ac_cv_prog_cc_c89=''
ac_cv_prog_cc_g='yes'
ac_cv_prog_make__home_donz_minix_obj_intrgcc_tooldir_Linux_6_12_63pdeb13_amd64_x86_64_bin_nbgmake_set='yes'
ac_cv_sys_file_offset_bits='no'
ac_cv_sys_largefile_CC='no'
ac_cv_target='riscv-ucb-minix'
acx_cv_prog_cc_warning__Wall='yes'
am_cv_CC_dependencies_compiler_type='gcc3'
gcc_cv_as_sparc_gotdata_op='no'
gcc_cv_ld_hidden='yes'
gcc_cv_libc_provides_ssp='yes'
lt_cv_archive_cmds_need_lc='no'
lt_cv_deplibs_check_method='pass_all'
lt_cv_file_magic_cmd='$MAGIC_CMD'
lt_cv_file_magic_test_file=''
lt_cv_ld_reload_flag='-r'
lt_cv_nm_interface='BSD nm'
lt_cv_objdir='.libs'
lt_cv_path_LD='ld'
lt_cv_path_NM='nm'
lt_cv_prog_compiler_c_o='yes'
lt_cv_prog_compiler_pic_works='yes'
lt_cv_prog_compiler_rtti_exceptions='no'
lt_cv_prog_compiler_static_works='yes'
lt_cv_prog_gnu_ld='yes'
lt_cv_shlibpath_overrides_runpath='yes'
lt_cv_sys_global_symbol_pipe='sed -n -e '"'"'s/^.*[	 ]\([ABCDGIRSTW][ABCDGIRSTW]*\)[	 ][	 ]*\([_A-Za-z][_A-Za-z0-9]*\)$/\1 \2 \2/p'"'"
lt_cv_sys_global_symbol_to_c_name_address='sed -n -e '"'"'s/^: \([^ ]*\) $/  {\"\1\", (void *) 0},/p'"'"' -e '"'"'s/^[ABCDGIRSTW]* \([^ ]*\) \([^ ]*\)$/  {"\2", (void *) \&\2},/p'"'"
lt_cv_sys_global_symbol_to_c_name_address_lib_prefix='sed -n -e '"'"'s/^: \([^ ]*\) $/  {\"\1\", (void *) 0},/p'"'"' -e '"'"'s/^[ABCDGIRSTW]* \([^ ]*\) \(lib[^ ]*\)$/  {"\2", (void *) \&\2},/p'"'"' -e '"'"'s/^[ABCDGIRSTW]* \([^ ]*\) \([^ ]*\)$/  {"lib\2", (void *) \&\2},/p'"'"
lt_cv_sys_global_symbol_to_cdecl='sed -n -e '"'"'s/^T .* \(.*\)$/extern int \1();/p'"'"' -e '"'"'s/^[ABCDGIRSTW]* .* \(.*\)$/extern char \1;/p'"'"
lt_cv_sys_max_cmd_len='4718592'

## ----------------- ##
## Output variables. ##
## ----------------- ##

ACLOCAL='${SHELL} /home/donz/minix/external/gpl3/gcc/dist/missing --run aclocal-1.11'
AMDEPBACKSLASH='\'
AMDEP_FALSE='#'
AMDEP_TRUE=''
AMTAR='${SHELL} /home/donz/minix/external/gpl3/gcc/dist/missing --run tar'
AR='ar'
AUTOCONF='${SHELL} /home/donz/minix/external/gpl3/gcc/dist/missing --run autoconf'
AUTOHEADER='${SHELL} /home/donz/minix/external/gpl3/gcc/dist/missing --run autoheader'
AUTOMAKE='${SHELL} /home/donz/minix/external/gpl3/gcc/dist/missing --run automake-1.11'
AWK='/home/donz/minix/obj.intrgcc/tooldir.Linux-6.12.63+deb13-amd64-x86_64/bin/nbawk'
CC='cc'
CCDEPMODE='depmode=gcc3'
CFLAGS='-O -fcommon'
CPP='cc -E'
CPPFLAGS='-DNETBSD_TOOLS -DTARGET_SYSTEM_ROOT=0  -DTARGET_SYSTEM_ROOT_RELOCATABLE'
CYGPATH_W='echo'
DEFS='-DHAVE_CONFIG_H'
DEPDIR='.deps'
DSYMUTIL=''
DUMPBIN=''
ECHO_C=''
ECHO_N='-n'
ECHO_T=''
EGREP='/usr/bin/grep -E'
EXEEXT=''
FGREP='/usr/bin/grep -F'
GREP='/usr/bin/grep'
INSTALL_DATA='${INSTALL} -m 644'
INSTALL_PROGRAM='${INSTALL}'
INSTALL_SCRIPT='${INSTALL}'
INSTALL_STRIP_PROGRAM='$(install_sh) -c -s'
LD='ld -m elf_x86_64'
LDFLAGS='-static-libstdc++ -static-libgcc '
LIBOBJS=''
LIBS=''
LIBTOOL='$(SHELL) $(top_builddir)/libtool'
LIPO=''
LN_S='ln -s'
LTLIBOBJS=''
MAINT='#'
MAINTAINER_MODE_FALSE=''
MAINTAINER_MODE_TRUE='#'
MAKEINFO='/home/donz/minix/obj.intrgcc/tooldir.Linux-6.12.63+deb13-amd64-x86_64/bin/nbmakeinfo'
MKDIR_P='/usr/bin/mkdir -p'
NM='nm'
NMEDIT=''
OBJDUMP='objdump'
OBJEXT='o'
OTOOL64=''
OTOOL=''
PACKAGE='lto-plugin'
PACKAGE_BUGREPORT=''
PACKAGE_NAME='LTO plugin for ld'
PACKAGE_STRING='LTO plugin for ld 0.1'
PACKAGE_TARNAME='lto-plugin'
PACKAGE_URL=''
PACKAGE_VERSION='0.1'
PATH_SEPARATOR=':'
RANLIB='ranlib'
SED='/usr/bin/sed'
SET_MAKE=''
SHELL='/usr/bin/sh'
STRIP='strip'
VERSION='0.1'
ac_ct_CC=''
ac_ct_DUMPBIN=''
ac_lto_plugin_warn_cflags='-Wall'
am__EXEEXT_FALSE=''
am__EXEEXT_TRUE='#'
am__fastdepCC_FALSE='#'
am__fastdepCC_TRUE=''
am__include='include'
am__isrc=' -I$(srcdir)'
am__leading_dot='.'
am__quote=''
am__tar='${AMTAR} chof - "$$tardir"'
am__untar='${AMTAR} xf -'
bindir='${exec_prefix}/bin'
build='x86_64-unknown-linux-gnu'
build_alias='x86_64-unknown-linux-gnu'
build_cpu='x86_64'
build_libsubdir='build-x86_64-unknown-linux-gnu'
build_os='linux-gnu'
build_subdir='build-x86_64-unknown-linux-gnu'
build_vendor='unknown'
datadir='${datarootdir}'
datarootdir='${prefix}/share'
docdir='${datarootdir}/doc/${PACKAGE_TARNAME}'
dvidir='${docdir}'
exec_prefix='${prefix}'
host='x86_64-unknown-linux-gnu'
host_alias='x86_64-unknown-linux-gnu'
host_cpu='x86_64'
host_os='linux-gnu'
host_subdir='.'
host_vendor='unknown'
htmldir='${docdir}'
includedir='${prefix}/include'
infodir='${datarootdir}/info'
install_sh='${SHELL} /home/donz/minix/external/gpl3/gcc/dist/install-sh'
libdir='${exec_prefix}/lib'
libexecdir='${exec_prefix}/libexec'
localedir='${datarootdir}/locale'
localstatedir='${prefix}/var'
lt_host_flags=''
mandir='${datarootdir}/man'
mkdir_p='/usr/bin/mkdir -p'
oldincludedir='/usr/include'
pdfdir='${docdir}'
prefix='/home/donz/minix/obj.intrgcc/tooldir.Linux-6.12.63+deb13-amd64-x86_64'
program_transform_name='s,^,riscv64-elf32-minix-,'
psdir='${docdir}'
sbindir='${exec_prefix}/sbin'
sharedstatedir='${prefix}/com'
sysconfdir='${prefix}/etc'
target='riscv-ucb-minix'
target_alias='riscv64-elf32-minix'
target_cpu='riscv'
target_noncanonical='riscv64-elf32-minix'
target_os='minix'
target_subdir='riscv64-elf32-minix'
target_vendor='ucb'

## ----------- ##
## confdefs.h. ##
## ----------- ##

/* confdefs.h */
#define PACKAGE_NAME "LTO plugin for ld"
#define PACKAGE_TARNAME "lto-plugin"
#define PACKAGE_VERSION "0.1"
#define PACKAGE_STRING "LTO plugin for ld 0.1"
#define PACKAGE_BUGREPORT ""
#define PACKAGE_URL ""
#define PACKAGE "lto-plugin"
#define VERSION "0.1"
#define STDC_HEADERS 1
#define HAVE_SYS_TYPES_H 1
#define HAVE_SYS_STAT_H 1
#define HAVE_STDLIB_H 1
#define HAVE_STRING_H 1
#define HAVE_MEMORY_H 1
#define HAVE_STRINGS_H 1
#define HAVE_INTTYPES_H 1
#define HAVE_STDINT_H 1
#define HAVE_UNISTD_H 1
#define HAVE_DLFCN_H 1
#define LT_OBJDIR ".libs/"
#define HAVE_SYS_WAIT_H 1

configure: exit 0
