This file contains any messages produced by compilers while
running configure, to aid debugging if configure makes a mistake.

It was created by configure, which was
generated by GNU Autoconf 2.64.  Invocation command line was

  $ /home/donz/minix/tools/gcc/../../external/gpl3/gcc/dist/configure --target=riscv64-elf32-minix --enable-long-long --enable-threads --with-bugurl=http://www.NetBSD.org/Misc/send-pr.html --with-pkgversion=NetBSD nb2 20150115 --with-system-zlib --enable-__cxa_atexit --disable-libssp --enable-visibility --disable-threads --disable-tls --with-sysroot=/home/donz/minix/obj.intrgcc/destdir.evbriscv64 --with-mpc=/home/donz/minix/obj.intrgcc/tooldir.Linux-6.12.63+deb13-amd64-x86_64 --with-mpfr=/home/donz/minix/obj.intrgcc/tooldir.Linux-6.12.63+deb13-amd64-x86_64 --with-gmp=/home/donz/minix/obj.intrgcc/tooldir.Linux-6.12.63+deb13-amd64-x86_64 --disable-nls --disable-multilib --program-transform-name=s,^,riscv64-elf32-minix-, --enable-languages=c c++ objc --prefix=/home/donz/minix/obj.intrgcc/tooldir.Linux-6.12.63+deb13-amd64-x86_64 --disable-shared

## --------- ##
## Platform. ##
## --------- ##

hostname = morphius
uname -m = x86_64
uname -r = 6.12.63+deb13-amd64
uname -s = Linux
uname -v = #1 SMP PREEMPT_DYNAMIC Debian 6.12.63-1 (2025-12-30)

/usr/bin/uname -p = unknown
/bin/uname -X     = unknown

/bin/arch              = x86_64
/usr/bin/arch -k       = unknown
/usr/convex/getsysinfo = unknown
/usr/bin/hostinfo      = unknown
/bin/machine           = unknown
/usr/bin/oslevel       = unknown
/bin/universe          = unknown

PATH: /home/donz/minix/obj.intrgcc/tooldir.Linux-6.12.63+deb13-amd64-x86_64/bin
PATH: /home/donz/.local/bin
PATH: /usr/local/bin
PATH: /usr/bin
PATH: /bin
PATH: /usr/local/games
PATH: /usr/games


## ----------- ##
## Core tests. ##
## ----------- ##

configure:2317: checking build system type
configure:2331: result: x86_64-unknown-linux-gnu
configure:2378: checking host system type
configure:2391: result: x86_64-unknown-linux-gnu
configure:2411: checking target system type
configure:2424: result: riscv-ucb-minix
configure:2478: checking for a BSD-compatible install
configure:2546: result: /home/donz/minix/obj.intrgcc/tooldir.Linux-6.12.63+deb13-amd64-x86_64/bin/riscv64-elf32-minix-install -c  -r
configure:2557: checking whether ln works
configure:2579: result: yes
configure:2583: checking whether ln -s works
configure:2587: result: yes
configure:2594: checking for a sed that does not truncate output
configure:2658: result: /usr/bin/sed
configure:2667: checking for gawk
configure:2694: result: /home/donz/minix/obj.intrgcc/tooldir.Linux-6.12.63+deb13-amd64-x86_64/bin/nbawk
configure:3183: checking for libitm support
configure:3189: result: no
configure:3202: checking for libsanitizer support
configure:3208: result: no
configure:3939: checking for gcc
configure:3966: result: cc
configure:4195: checking for C compiler version
configure:4204: cc --version >&5
cc (Debian 14.2.0-19) 14.2.0
Copyright (C) 2024 Free Software Foundation, Inc.
This is free software; see the source for copying conditions.  There is NO
warranty; not even for MERCHANTABILITY or FITNESS FOR A PARTICULAR PURPOSE.

configure:4215: $? = 0
configure:4204: cc -v >&5
Using built-in specs.
COLLECT_GCC=cc
COLLECT_LTO_WRAPPER=/usr/libexec/gcc/x86_64-linux-gnu/14/lto-wrapper
OFFLOAD_TARGET_NAMES=nvptx-none:amdgcn-amdhsa
OFFLOAD_TARGET_DEFAULT=1
Target: x86_64-linux-gnu
Configured with: ../src/configure -v --with-pkgversion='Debian 14.2.0-19' --with-bugurl=file:///usr/share/doc/gcc-14/README.Bugs --enable-languages=c,ada,c++,go,d,fortran,objc,obj-c++,m2,rust --prefix=/usr --with-gcc-major-version-only --program-suffix=-14 --program-prefix=x86_64-linux-gnu- --enable-shared --enable-linker-build-id --libexecdir=/usr/libexec --without-included-gettext --enable-threads=posix --libdir=/usr/lib --enable-nls --enable-bootstrap --enable-clocale=gnu --enable-libstdcxx-debug --enable-libstdcxx-time=yes --with-default-libstdcxx-abi=new --enable-libstdcxx-backtrace --enable-gnu-unique-object --disable-vtable-verify --enable-plugin --enable-default-pie --with-system-zlib --enable-libphobos-checking=release --with-target-system-zlib=auto --enable-objc-gc=auto --enable-multiarch --disable-werror --enable-cet --with-arch-32=i686 --with-abi=m64 --with-multilib-list=m32,m64,mx32 --enable-multilib --with-tune=generic --enable-offload-targets=nvptx-none=/build/reproducible-path/gcc-14-14.2.0/debian/tmp-nvptx/usr,amdgcn-amdhsa=/build/reproducible-path/gcc-14-14.2.0/debian/tmp-gcn/usr --enable-offload-defaulted --without-cuda-driver --enable-checking=release --build=x86_64-linux-gnu --host=x86_64-linux-gnu --target=x86_64-linux-gnu --with-build-config=bootstrap-lto-lean --enable-link-serialization=3
Thread model: posix
Supported LTO compression algorithms: zlib zstd
gcc version 14.2.0 (Debian 14.2.0-19) 
... rest of stderr output deleted ...
configure:4215: $? = 0
configure:4204: cc -V >&5
cc: error: unrecognized command-line option '-V'
cc: fatal error: no input files
compilation terminated.
configure:4215: $? = 1
configure:4204: cc -qversion >&5
cc: error: unrecognized command-line option '-qversion'; did you mean '--version'?
cc: fatal error: no input files
compilation terminated.
configure:4215: $? = 1
configure:4235: checking for C compiler default output file name
configure:4257: cc -O -fcommon   conftest.c  >&5
configure:4261: $? = 0
configure:4298: result: a.out
configure:4314: checking whether the C compiler works
configure:4323: ./a.out
configure:4327: $? = 0
configure:4342: result: yes
configure:4349: checking whether we are cross compiling
configure:4351: result: no
configure:4354: checking for suffix of executables
configure:4361: cc -o conftest -O -fcommon   conftest.c  >&5
configure:4365: $? = 0
configure:4387: result: 
configure:4393: checking for suffix of object files
configure:4415: cc -c -O -fcommon  conftest.c >&5
configure:4419: $? = 0
configure:4440: result: o
configure:4444: checking whether we are using the GNU C compiler
configure:4463: cc -c -O -fcommon  conftest.c >&5
configure:4463: $? = 0
configure:4472: result: yes
configure:4481: checking whether cc accepts -g
configure:4501: cc -c -g  conftest.c >&5
configure:4501: $? = 0
configure:4542: result: yes
configure:4559: checking for cc option to accept ISO C89
configure:4623: cc  -c -O -fcommon  conftest.c >&5
configure:4623: $? = 0
configure:4636: result: none needed
configure:4768: checking for C++ compiler version
configure:4777: c++ --version >&5
c++ (Debian 14.2.0-19) 14.2.0
Copyright (C) 2024 Free Software Foundation, Inc.
This is free software; see the source for copying conditions.  There is NO
warranty; not even for MERCHANTABILITY or FITNESS FOR A PARTICULAR PURPOSE.

configure:4788: $? = 0
configure:4777: c++ -v >&5
Using built-in specs.
COLLECT_GCC=c++
COLLECT_LTO_WRAPPER=/usr/libexec/gcc/x86_64-linux-gnu/14/lto-wrapper
OFFLOAD_TARGET_NAMES=nvptx-none:amdgcn-amdhsa
OFFLOAD_TARGET_DEFAULT=1
Target: x86_64-linux-gnu
Configured with: ../src/configure -v --with-pkgversion='Debian 14.2.0-19' --with-bugurl=file:///usr/share/doc/gcc-14/README.Bugs --enable-languages=c,ada,c++,go,d,fortran,objc,obj-c++,m2,rust --prefix=/usr --with-gcc-major-version-only --program-suffix=-14 --program-prefix=x86_64-linux-gnu- --enable-shared --enable-linker-build-id --libexecdir=/usr/libexec --without-included-gettext --enable-threads=posix --libdir=/usr/lib --enable-nls --enable-bootstrap --enable-clocale=gnu --enable-libstdcxx-debug --enable-libstdcxx-time=yes --with-default-libstdcxx-abi=new --enable-libstdcxx-backtrace --enable-gnu-unique-object --disable-vtable-verify --enable-plugin --enable-default-pie --with-system-zlib --enable-libphobos-checking=release --with-target-system-zlib=auto --enable-objc-gc=auto --enable-multiarch --disable-werror --enable-cet --with-arch-32=i686 --with-abi=m64 --with-multilib-list=m32,m64,mx32 --enable-multilib --with-tune=generic --enable-offload-targets=nvptx-none=/build/reproducible-path/gcc-14-14.2.0/debian/tmp-nvptx/usr,amdgcn-amdhsa=/build/reproducible-path/gcc-14-14.2.0/debian/tmp-gcn/usr --enable-offload-defaulted --without-cuda-driver --enable-checking=release --build=x86_64-linux-gnu --host=x86_64-linux-gnu --target=x86_64-linux-gnu --with-build-config=bootstrap-lto-lean --enable-link-serialization=3
Thread model: posix
Supported LTO compression algorithms: zlib zstd
gcc version 14.2.0 (Debian 14.2.0-19) 
... rest of stderr output deleted ...
configure:4788: $? = 0
configure:4777: c++ -V >&5
c++: error: unrecognized command-line option '-V'
c++: fatal error: no input files
compilation terminated.
configure:4788: $? = 1
configure:4777: c++ -qversion >&5
c++: error: unrecognized command-line option '-qversion'; did you mean '--version'?
c++: fatal error: no input files
compilation terminated.
configure:4788: $? = 1
configure:4792: checking whether we are using the GNU C++ compiler
configure:4811: c++ -c -O -std=gnu++98  conftest.cpp >&5
configure:4811: $? = 0
configure:4820: result: yes
configure:4829: checking whether c++ accepts -g
configure:4849: c++ -c -g  conftest.cpp >&5
configure:4849: $? = 0
configure:4890: result: yes
configure:4939: checking whether g++ accepts -static-libstdc++ -static-libgcc
configure:4956: c++ -o conftest -O -std=gnu++98   -static-libstdc++ -static-libgcc conftest.cpp  >&5
configure:4956: $? = 0
configure:4957: result: yes
configure:5021: checking for gnatbind
configure:5051: result: no
configure:5113: checking for gnatmake
configure:5143: result: no
configure:5162: checking whether compiler driver understands Ada
configure:5185: result: no
configure:5194: checking how to compare bootstrapped objects
configure:5219: result: cmp --ignore-initial=16 $$f1 $$f2
configure:5273: checking for objdir
configure:5288: result: .libs
configure:5462: checking for the correct version of gmp.h
configure:5482: cc -c -O -fcommon -I/home/donz/minix/obj.intrgcc/tooldir.Linux-6.12.63+deb13-amd64-x86_64/include -I/home/donz/minix/obj.intrgcc/tooldir.Linux-6.12.63+deb13-amd64-x86_64/include -I/home/donz/minix/obj.intrgcc/tooldir.Linux-6.12.63+deb13-amd64-x86_64/include   conftest.c >&5
configure:5482: $? = 0
configure:5500: cc -c -O -fcommon -I/home/donz/minix/obj.intrgcc/tooldir.Linux-6.12.63+deb13-amd64-x86_64/include -I/home/donz/minix/obj.intrgcc/tooldir.Linux-6.12.63+deb13-amd64-x86_64/include -I/home/donz/minix/obj.intrgcc/tooldir.Linux-6.12.63+deb13-amd64-x86_64/include   conftest.c >&5
configure:5500: $? = 0
configure:5501: result: yes
configure:5517: checking for the correct version of mpfr.h
configure:5535: cc -c -O -fcommon -I/home/donz/minix/obj.intrgcc/tooldir.Linux-6.12.63+deb13-amd64-x86_64/include -I/home/donz/minix/obj.intrgcc/tooldir.Linux-6.12.63+deb13-amd64-x86_64/include -I/home/donz/minix/obj.intrgcc/tooldir.Linux-6.12.63+deb13-amd64-x86_64/include   conftest.c >&5
configure:5535: $? = 0
configure:5552: cc -c -O -fcommon -I/home/donz/minix/obj.intrgcc/tooldir.Linux-6.12.63+deb13-amd64-x86_64/include -I/home/donz/minix/obj.intrgcc/tooldir.Linux-6.12.63+deb13-amd64-x86_64/include -I/home/donz/minix/obj.intrgcc/tooldir.Linux-6.12.63+deb13-amd64-x86_64/include   conftest.c >&5
configure:5552: $? = 0
configure:5553: result: yes
configure:5570: checking for the correct version of mpc.h
configure:5587: cc -c -O -fcommon -I/home/donz/minix/obj.intrgcc/tooldir.Linux-6.12.63+deb13-amd64-x86_64/include -I/home/donz/minix/obj.intrgcc/tooldir.Linux-6.12.63+deb13-amd64-x86_64/include -I/home/donz/minix/obj.intrgcc/tooldir.Linux-6.12.63+deb13-amd64-x86_64/include   conftest.c >&5
configure:5587: $? = 0
configure:5603: cc -c -O -fcommon -I/home/donz/minix/obj.intrgcc/tooldir.Linux-6.12.63+deb13-amd64-x86_64/include -I/home/donz/minix/obj.intrgcc/tooldir.Linux-6.12.63+deb13-amd64-x86_64/include -I/home/donz/minix/obj.intrgcc/tooldir.Linux-6.12.63+deb13-amd64-x86_64/include   conftest.c >&5
configure:5603: $? = 0
configure:5604: result: yes
configure:5622: checking for the correct version of the gmp/mpfr/mpc libraries
configure:5653: cc -o conftest -O -fcommon -I/home/donz/minix/obj.intrgcc/tooldir.Linux-6.12.63+deb13-amd64-x86_64/include -I/home/donz/minix/obj.intrgcc/tooldir.Linux-6.12.63+deb13-amd64-x86_64/include -I/home/donz/minix/obj.intrgcc/tooldir.Linux-6.12.63+deb13-amd64-x86_64/include    conftest.c  -L/home/donz/minix/obj.intrgcc/tooldir.Linux-6.12.63+deb13-amd64-x86_64/lib -L/home/donz/minix/obj.intrgcc/tooldir.Linux-6.12.63+deb13-amd64-x86_64/lib -L/home/donz/minix/obj.intrgcc/tooldir.Linux-6.12.63+deb13-amd64-x86_64/lib -lmpc -lmpfr -lgmp -lm >&5
/usr/bin/ld: /home/donz/minix/obj.intrgcc/tooldir.Linux-6.12.63+deb13-amd64-x86_64/lib/libgmp.a(dive_1.o): warning: relocation against `__gmp_binvert_limb_table' in read-only section `.text'
/usr/bin/ld: warning: creating DT_TEXTREL in a PIE
configure:5653: $? = 0
configure:5654: result: yes
configure:5860: checking for version 0.10 of ISL
configure:5879: cc -o conftest -O -fcommon  -I/home/donz/minix/obj.intrgcc/tooldir.Linux-6.12.63+deb13-amd64-x86_64/include -I/home/donz/minix/obj.intrgcc/tooldir.Linux-6.12.63+deb13-amd64-x86_64/include -I/home/donz/minix/obj.intrgcc/tooldir.Linux-6.12.63+deb13-amd64-x86_64/include     conftest.c  -lisl >&5
conftest.c:10:10: fatal error: isl/version.h: No such file or directory
   10 | #include <isl/version.h>
      |          ^~~~~~~~~~~~~~~
compilation terminated.
configure:5879: $? = 1
configure: program exited with status 1
configure: failed program was:
| /* confdefs.h */
| #define PACKAGE_NAME ""
| #define PACKAGE_TARNAME ""
| #define PACKAGE_VERSION ""
| #define PACKAGE_STRING ""
| #define PACKAGE_BUGREPORT ""
| #define PACKAGE_URL ""
| #define LT_OBJDIR ".libs/"
| /* end confdefs.h.  */
| #include <isl/version.h>
|    #include <string.h>
| int
| main ()
| {
| if (strncmp (isl_version (), "isl-0.10", strlen ("isl-0.10")) != 0)
|      return 1;
| 
|   ;
|   return 0;
| }
configure:5888: result: no
configure:5908: checking for version 0.11 of ISL
configure:5927: cc -o conftest -O -fcommon  -I/home/donz/minix/obj.intrgcc/tooldir.Linux-6.12.63+deb13-amd64-x86_64/include -I/home/donz/minix/obj.intrgcc/tooldir.Linux-6.12.63+deb13-amd64-x86_64/include -I/home/donz/minix/obj.intrgcc/tooldir.Linux-6.12.63+deb13-amd64-x86_64/include     conftest.c  -lisl >&5
conftest.c:10:10: fatal error: isl/version.h: No such file or directory
   10 | #include <isl/version.h>
      |          ^~~~~~~~~~~~~~~
compilation terminated.
configure:5927: $? = 1
configure: program exited with status 1
configure: failed program was:
| /* confdefs.h */
| #define PACKAGE_NAME ""
| #define PACKAGE_TARNAME ""
| #define PACKAGE_VERSION ""
| #define PACKAGE_STRING ""
| #define PACKAGE_BUGREPORT ""
| #define PACKAGE_URL ""
| #define LT_OBJDIR ".libs/"
| /* end confdefs.h.  */
| #include <isl/version.h>
|    #include <string.h>
| int
| main ()
| {
| if (strncmp (isl_version (), "isl-0.11", strlen ("isl-0.11")) != 0)
|      return 1;
| 
|   ;
|   return 0;
| }
configure:5936: result: no
configure:5956: checking for version 0.12 of ISL
configure:5975: cc -o conftest -O -fcommon  -I/home/donz/minix/obj.intrgcc/tooldir.Linux-6.12.63+deb13-amd64-x86_64/include -I/home/donz/minix/obj.intrgcc/tooldir.Linux-6.12.63+deb13-amd64-x86_64/include -I/home/donz/minix/obj.intrgcc/tooldir.Linux-6.12.63+deb13-amd64-x86_64/include     conftest.c  -lisl >&5
conftest.c:10:10: fatal error: isl/version.h: No such file or directory
   10 | #include <isl/version.h>
      |          ^~~~~~~~~~~~~~~
compilation terminated.
configure:5975: $? = 1
configure: program exited with status 1
configure: failed program was:
| /* confdefs.h */
| #define PACKAGE_NAME ""
| #define PACKAGE_TARNAME ""
| #define PACKAGE_VERSION ""
| #define PACKAGE_STRING ""
| #define PACKAGE_BUGREPORT ""
| #define PACKAGE_URL ""
| #define LT_OBJDIR ".libs/"
| /* end confdefs.h.  */
| #include <isl/version.h>
|    #include <string.h>
| int
| main ()
| {
| if (strncmp (isl_version (), "isl-0.12", strlen ("isl-0.12")) != 0)
|      return 1;
| 
|   ;
|   return 0;
| }
configure:5984: result: no
configure:6004: checking for version 0.14 of ISL
configure:6023: cc -o conftest -O -fcommon  -I/home/donz/minix/obj.intrgcc/tooldir.Linux-6.12.63+deb13-amd64-x86_64/include -I/home/donz/minix/obj.intrgcc/tooldir.Linux-6.12.63+deb13-amd64-x86_64/include -I/home/donz/minix/obj.intrgcc/tooldir.Linux-6.12.63+deb13-amd64-x86_64/include     conftest.c  -lisl >&5
conftest.c:10:10: fatal error: isl/version.h: No such file or directory
   10 | #include <isl/version.h>
      |          ^~~~~~~~~~~~~~~
compilation terminated.
configure:6023: $? = 1
configure: program exited with status 1
configure: failed program was:
| /* confdefs.h */
| #define PACKAGE_NAME ""
| #define PACKAGE_TARNAME ""
| #define PACKAGE_VERSION ""
| #define PACKAGE_STRING ""
| #define PACKAGE_BUGREPORT ""
| #define PACKAGE_URL ""
| #define LT_OBJDIR ".libs/"
| /* end confdefs.h.  */
| #include <isl/version.h>
|    #include <string.h>
| int
| main ()
| {
| if (strncmp (isl_version (), "isl-0.14", strlen ("isl-0.14")) != 0)
|      return 1;
| 
|   ;
|   return 0;
| }
configure:6032: result: no
configure:7195: checking for default BUILD_CONFIG
configure:7227: result: 
configure:7716: checking for bison
configure:7743: result: /home/donz/minix/obj.intrgcc/tooldir.Linux-6.12.63+deb13-amd64-x86_64/bin/nbyacc
configure:7763: checking for bison
configure:7779: found /usr/bin/bison
configure:7790: result: bison
configure:7810: checking for gm4
configure:7837: result: /home/donz/minix/obj.intrgcc/tooldir.Linux-6.12.63+deb13-amd64-x86_64/bin/nbm4
configure:7857: checking for flex
configure:7884: result: /home/donz/minix/obj.intrgcc/tooldir.Linux-6.12.63+deb13-amd64-x86_64/bin/nblex
configure:7905: checking for flex
configure:7921: found /usr/bin/flex
configure:7932: result: flex
configure:7952: checking for makeinfo
configure:7982: result: no
configure:8013: checking for expect
configure:8043: result: no
configure:8062: checking for runtest
configure:8092: result: no
configure:8126: checking for ar
configure:8153: result: ar
configure:8348: checking for as
configure:8364: found /usr/bin/as
configure:8375: result: as
configure:8489: checking for dlltool
configure:8519: result: no
configure:8630: checking for ld
configure:8646: found /usr/bin/ld
configure:8657: result: ld
configure:8771: checking for lipo
configure:8801: result: no
configure:8912: checking for nm
configure:8928: found /usr/bin/nm
configure:8939: result: nm
configure:8972: checking for ranlib
configure:8999: result: ranlib
configure:9189: checking for strip
configure:9205: found /usr/bin/strip
configure:9216: result: strip
configure:9325: checking for windres
configure:9355: result: no
configure:9466: checking for windmc
configure:9496: result: no
configure:9607: checking for objcopy
configure:9623: found /usr/bin/objcopy
configure:9634: result: objcopy
configure:9748: checking for objdump
configure:9764: found /usr/bin/objdump
configure:9775: result: objdump
configure:9889: checking for readelf
configure:9905: found /usr/bin/readelf
configure:9916: result: readelf
configure:10030: checking for riscv64-elf32-minix-cc
configure:10060: result: no
configure:10030: checking for riscv64-elf32-minix-gcc
configure:10046: found /home/donz/minix/obj.intrgcc/tooldir.Linux-6.12.63+deb13-amd64-x86_64/bin/riscv64-elf32-minix-gcc
configure:10057: result: riscv64-elf32-minix-gcc
configure:10191: checking for riscv64-elf32-minix-c++
configure:10207: found /home/donz/minix/obj.intrgcc/tooldir.Linux-6.12.63+deb13-amd64-x86_64/bin/riscv64-elf32-minix-c++
configure:10218: result: riscv64-elf32-minix-c++
configure:10352: checking for riscv64-elf32-minix-gcc
configure:10368: found /home/donz/minix/obj.intrgcc/tooldir.Linux-6.12.63+deb13-amd64-x86_64/bin/riscv64-elf32-minix-gcc
configure:10379: result: riscv64-elf32-minix-gcc
configure:10508: checking for riscv64-elf32-minix-gcj
configure:10538: result: no
configure:10669: checking for riscv64-elf32-minix-gfortran
configure:10699: result: no
configure:10830: checking for riscv64-elf32-minix-gccgo
configure:10860: result: no
configure:10960: checking for ar
configure:10978: found /home/donz/minix/obj.intrgcc/tooldir.Linux-6.12.63+deb13-amd64-x86_64/riscv64-elf32-minix/bin/ar
configure:10990: result: /home/donz/minix/obj.intrgcc/tooldir.Linux-6.12.63+deb13-amd64-x86_64/riscv64-elf32-minix/bin/ar
configure:11190: checking for as
configure:11208: found /home/donz/minix/obj.intrgcc/tooldir.Linux-6.12.63+deb13-amd64-x86_64/riscv64-elf32-minix/bin/as
configure:11220: result: /home/donz/minix/obj.intrgcc/tooldir.Linux-6.12.63+deb13-amd64-x86_64/riscv64-elf32-minix/bin/as
configure:11420: checking for dlltool
configure:11453: result: no
configure:11531: checking for riscv64-elf32-minix-dlltool
configure:11561: result: no
configure:11650: checking for ld
configure:11668: found /home/donz/minix/obj.intrgcc/tooldir.Linux-6.12.63+deb13-amd64-x86_64/riscv64-elf32-minix/bin/ld
configure:11680: result: /home/donz/minix/obj.intrgcc/tooldir.Linux-6.12.63+deb13-amd64-x86_64/riscv64-elf32-minix/bin/ld
configure:11880: checking for lipo
configure:11913: result: no
configure:11991: checking for riscv64-elf32-minix-lipo
configure:12021: result: no
configure:12110: checking for nm
configure:12128: found /home/donz/minix/obj.intrgcc/tooldir.Linux-6.12.63+deb13-amd64-x86_64/riscv64-elf32-minix/bin/nm
configure:12140: result: /home/donz/minix/obj.intrgcc/tooldir.Linux-6.12.63+deb13-amd64-x86_64/riscv64-elf32-minix/bin/nm
configure:12340: checking for objdump
configure:12358: found /home/donz/minix/obj.intrgcc/tooldir.Linux-6.12.63+deb13-amd64-x86_64/riscv64-elf32-minix/bin/objdump
configure:12370: result: /home/donz/minix/obj.intrgcc/tooldir.Linux-6.12.63+deb13-amd64-x86_64/riscv64-elf32-minix/bin/objdump
configure:12570: checking for ranlib
configure:12588: found /home/donz/minix/obj.intrgcc/tooldir.Linux-6.12.63+deb13-amd64-x86_64/riscv64-elf32-minix/bin/ranlib
configure:12600: result: /home/donz/minix/obj.intrgcc/tooldir.Linux-6.12.63+deb13-amd64-x86_64/riscv64-elf32-minix/bin/ranlib
configure:12800: checking for readelf
configure:12833: result: no
configure:12911: checking for riscv64-elf32-minix-readelf
configure:12927: found /home/donz/minix/obj.intrgcc/tooldir.Linux-6.12.63+deb13-amd64-x86_64/bin/riscv64-elf32-minix-readelf
configure:12938: result: riscv64-elf32-minix-readelf
configure:13030: checking for strip
configure:13048: found /home/donz/minix/obj.intrgcc/tooldir.Linux-6.12.63+deb13-amd64-x86_64/riscv64-elf32-minix/bin/strip
configure:13060: result: /home/donz/minix/obj.intrgcc/tooldir.Linux-6.12.63+deb13-amd64-x86_64/riscv64-elf32-minix/bin/strip
configure:13260: checking for windres
configure:13293: result: no
configure:13371: checking for riscv64-elf32-minix-windres
configure:13401: result: no
configure:13490: checking for windmc
configure:13523: result: no
configure:13601: checking for riscv64-elf32-minix-windmc
configure:13631: result: no
configure:13698: checking where to find the target ar
configure:13726: result: pre-installed in /home/donz/minix/obj.intrgcc/tooldir.Linux-6.12.63+deb13-amd64-x86_64/riscv64-elf32-minix/bin
configure:13740: checking where to find the target as
configure:13768: result: pre-installed in /home/donz/minix/obj.intrgcc/tooldir.Linux-6.12.63+deb13-amd64-x86_64/riscv64-elf32-minix/bin
configure:13782: checking where to find the target cc
configure:13805: result: just compiled
configure:13824: checking where to find the target c++
configure:13850: result: just compiled
configure:13869: checking where to find the target c++ for libstdc++
configure:13895: result: just compiled
configure:13914: checking where to find the target dlltool
configure:13951: result: pre-installed
configure:13956: checking where to find the target gcc
configure:13979: result: just compiled
configure:13998: checking where to find the target gcj
configure:14038: result: pre-installed
configure:14043: checking where to find the target gfortran
configure:14083: result: pre-installed
configure:14088: checking where to find the target gccgo
configure:14128: result: pre-installed
configure:14133: checking where to find the target ld
configure:14161: result: pre-installed in /home/donz/minix/obj.intrgcc/tooldir.Linux-6.12.63+deb13-amd64-x86_64/riscv64-elf32-minix/bin
configure:14175: checking where to find the target lipo
configure:14201: result: pre-installed
configure:14206: checking where to find the target nm
configure:14234: result: pre-installed in /home/donz/minix/obj.intrgcc/tooldir.Linux-6.12.63+deb13-amd64-x86_64/riscv64-elf32-minix/bin
configure:14248: checking where to find the target objdump
configure:14276: result: pre-installed in /home/donz/minix/obj.intrgcc/tooldir.Linux-6.12.63+deb13-amd64-x86_64/riscv64-elf32-minix/bin
configure:14290: checking where to find the target ranlib
configure:14318: result: pre-installed in /home/donz/minix/obj.intrgcc/tooldir.Linux-6.12.63+deb13-amd64-x86_64/riscv64-elf32-minix/bin
configure:14332: checking where to find the target readelf
configure:14369: result: pre-installed
configure:14374: checking where to find the target strip
configure:14402: result: pre-installed in /home/donz/minix/obj.intrgcc/tooldir.Linux-6.12.63+deb13-amd64-x86_64/riscv64-elf32-minix/bin
configure:14416: checking where to find the target windres
configure:14453: result: pre-installed
configure:14458: checking where to find the target windmc
configure:14495: result: pre-installed
configure:14528: checking whether to enable maintainer-specific portions of Makefiles
configure:14537: result: no
configure:14748: creating ./config.status

## ---------------------- ##
## Running config.status. ##
## ---------------------- ##

This file was extended by config.status, which was
generated by GNU Autoconf 2.64.  Invocation command line was

  CONFIG_FILES    = 
  CONFIG_HEADERS  = 
  CONFIG_LINKS    = 
  CONFIG_COMMANDS = 
  $ ./config.status 

on morphius

config.status:15589: creating Makefile

## ---------------- ##
## Cache variables. ##
## ---------------- ##

ac_cv_build='x86_64-unknown-linux-gnu'
ac_cv_c_compiler_gnu='yes'
ac_cv_cxx_compiler_gnu='yes'
ac_cv_env_AR_FOR_TARGET_set=''
ac_cv_env_AR_FOR_TARGET_value=''
ac_cv_env_AR_set='set'
ac_cv_env_AR_value='ar'
ac_cv_env_AS_FOR_TARGET_set=''
ac_cv_env_AS_FOR_TARGET_value=''
ac_cv_env_AS_set=''
ac_cv_env_AS_value=''
ac_cv_env_CCC_set=''
ac_cv_env_CCC_value=''
ac_cv_env_CC_FOR_TARGET_set=''
ac_cv_env_CC_FOR_TARGET_value=''
ac_cv_env_CC_set='set'
ac_cv_env_CC_value='cc'
ac_cv_env_CFLAGS_set='set'
ac_cv_env_CFLAGS_value='-O -fcommon'
ac_cv_env_CPPFLAGS_set='set'
ac_cv_env_CPPFLAGS_value=''
ac_cv_env_CXXFLAGS_set='set'
ac_cv_env_CXXFLAGS_value='-O -std=gnu++98'
ac_cv_env_CXX_FOR_TARGET_set=''
ac_cv_env_CXX_FOR_TARGET_value=''
ac_cv_env_CXX_set='set'
ac_cv_env_CXX_value='c++'
ac_cv_env_DLLTOOL_FOR_TARGET_set=''
ac_cv_env_DLLTOOL_FOR_TARGET_value=''
ac_cv_env_DLLTOOL_set=''
ac_cv_env_DLLTOOL_value=''
ac_cv_env_GCC_FOR_TARGET_set=''
ac_cv_env_GCC_FOR_TARGET_value=''
ac_cv_env_GCJ_FOR_TARGET_set=''
ac_cv_env_GCJ_FOR_TARGET_value=''
ac_cv_env_GFORTRAN_FOR_TARGET_set=''
ac_cv_env_GFORTRAN_FOR_TARGET_value=''
ac_cv_env_GOC_FOR_TARGET_set=''
ac_cv_env_GOC_FOR_TARGET_value=''
ac_cv_env_LDFLAGS_set='set'
ac_cv_env_LDFLAGS_value=''
ac_cv_env_LD_FOR_TARGET_set=''
ac_cv_env_LD_FOR_TARGET_value=''
ac_cv_env_LD_set=''
ac_cv_env_LD_value=''
ac_cv_env_LIBS_set=''
ac_cv_env_LIBS_value=''
ac_cv_env_LIPO_FOR_TARGET_set=''
ac_cv_env_LIPO_FOR_TARGET_value=''
ac_cv_env_LIPO_set=''
ac_cv_env_LIPO_value=''
ac_cv_env_NM_FOR_TARGET_set=''
ac_cv_env_NM_FOR_TARGET_value=''
ac_cv_env_NM_set=''
ac_cv_env_NM_value=''
ac_cv_env_OBJCOPY_set=''
ac_cv_env_OBJCOPY_value=''
ac_cv_env_OBJDUMP_FOR_TARGET_set=''
ac_cv_env_OBJDUMP_FOR_TARGET_value=''
ac_cv_env_OBJDUMP_set=''
ac_cv_env_OBJDUMP_value=''
ac_cv_env_RANLIB_FOR_TARGET_set=''
ac_cv_env_RANLIB_FOR_TARGET_value=''
ac_cv_env_RANLIB_set='set'
ac_cv_env_RANLIB_value='ranlib'
ac_cv_env_READELF_FOR_TARGET_set=''
ac_cv_env_READELF_FOR_TARGET_value=''
ac_cv_env_READELF_set=''
ac_cv_env_READELF_value=''
ac_cv_env_STRIP_FOR_TARGET_set=''
ac_cv_env_STRIP_FOR_TARGET_value=''
ac_cv_env_STRIP_set=''
ac_cv_env_STRIP_value=''
ac_cv_env_WINDMC_FOR_TARGET_set=''
ac_cv_env_WINDMC_FOR_TARGET_value=''
ac_cv_env_WINDMC_set=''
ac_cv_env_WINDMC_value=''
ac_cv_env_WINDRES_FOR_TARGET_set=''
ac_cv_env_WINDRES_FOR_TARGET_value=''
ac_cv_env_WINDRES_set=''
ac_cv_env_WINDRES_value=''
ac_cv_env_build_alias_set=''
ac_cv_env_build_alias_value=''
ac_cv_env_build_configargs_set=''
ac_cv_env_build_configargs_value=''
ac_cv_env_host_alias_set=''
ac_cv_env_host_alias_value=''
ac_cv_env_host_configargs_set=''
ac_cv_env_host_configargs_value=''
ac_cv_env_target_alias_set='set'
ac_cv_env_target_alias_value='riscv64-elf32-minix'
ac_cv_env_target_configargs_set=''
ac_cv_env_target_configargs_value=''
ac_cv_host='x86_64-unknown-linux-gnu'
ac_cv_objext='o'
ac_cv_path_AR_FOR_TARGET='/home/donz/minix/obj.intrgcc/tooldir.Linux-6.12.63+deb13-amd64-x86_64/riscv64-elf32-minix/bin/ar'
ac_cv_path_AS_FOR_TARGET='/home/donz/minix/obj.intrgcc/tooldir.Linux-6.12.63+deb13-amd64-x86_64/riscv64-elf32-minix/bin/as'
ac_cv_path_LD_FOR_TARGET='/home/donz/minix/obj.intrgcc/tooldir.Linux-6.12.63+deb13-amd64-x86_64/riscv64-elf32-minix/bin/ld'
ac_cv_path_NM_FOR_TARGET='/home/donz/minix/obj.intrgcc/tooldir.Linux-6.12.63+deb13-amd64-x86_64/riscv64-elf32-minix/bin/nm'
ac_cv_path_OBJDUMP_FOR_TARGET='/home/donz/minix/obj.intrgcc/tooldir.Linux-6.12.63+deb13-amd64-x86_64/riscv64-elf32-minix/bin/objdump'
ac_cv_path_RANLIB_FOR_TARGET='/home/donz/minix/obj.intrgcc/tooldir.Linux-6.12.63+deb13-amd64-x86_64/riscv64-elf32-minix/bin/ranlib'
ac_cv_path_SED='/usr/bin/sed'
ac_cv_path_STRIP_FOR_TARGET='/home/donz/minix/obj.intrgcc/tooldir.Linux-6.12.63+deb13-amd64-x86_64/riscv64-elf32-minix/bin/strip'
ac_cv_prog_AR='ar'
ac_cv_prog_AS='as'
ac_cv_prog_AWK='/home/donz/minix/obj.intrgcc/tooldir.Linux-6.12.63+deb13-amd64-x86_64/bin/nbawk'
ac_cv_prog_BISON='bison'
ac_cv_prog_CC_FOR_TARGET='riscv64-elf32-minix-gcc'
ac_cv_prog_CXX_FOR_TARGET='riscv64-elf32-minix-c++'
ac_cv_prog_FLEX='flex'
ac_cv_prog_GCC_FOR_TARGET='riscv64-elf32-minix-gcc'
ac_cv_prog_LD='ld'
ac_cv_prog_LEX='/home/donz/minix/obj.intrgcc/tooldir.Linux-6.12.63+deb13-amd64-x86_64/bin/nblex'
ac_cv_prog_M4='/home/donz/minix/obj.intrgcc/tooldir.Linux-6.12.63+deb13-amd64-x86_64/bin/nbm4'
ac_cv_prog_NM='nm'
ac_cv_prog_OBJCOPY='objcopy'
ac_cv_prog_OBJDUMP='objdump'
ac_cv_prog_RANLIB='ranlib'
ac_cv_prog_READELF='readelf'
ac_cv_prog_READELF_FOR_TARGET='riscv64-elf32-minix-readelf'
ac_cv_prog_STRIP='strip'
ac_cv_prog_YACC='/home/donz/minix/obj.intrgcc/tooldir.Linux-6.12.63+deb13-amd64-x86_64/bin/nbyacc'
ac_cv_prog_ac_ct_CC='cc'
ac_cv_prog_cc_c89=''
ac_cv_prog_cc_g='yes'
ac_cv_prog_cxx_g='yes'
ac_cv_target='riscv-ucb-minix'
acx_cv_cc_gcc_supports_ada='no'
acx_cv_prog_LN='ln'
gcc_cv_as_sparc_gotdata_op='no'
gcc_cv_isl='no'
gcc_cv_ld_hidden='yes'
gcc_cv_libc_provides_ssp='yes'
gcc_cv_prog_cmp_skip='cmp --ignore-initial=16 $$f1 $$f2'
gcc_cv_tool_dirs='/home/donz/minix/obj.intrgcc/tooldir.Linux-6.12.63+deb13-amd64-x86_64/libexec/gcc/riscv64-elf32-minix/4.8.5:/home/donz/minix/obj.intrgcc/tooldir.Linux-6.12.63+deb13-amd64-x86_64/libexec/gcc/riscv64-elf32-minix:/usr/lib/gcc/riscv64-elf32-minix/4.8.5:/usr/lib/gcc/riscv64-elf32-minix:/home/donz/minix/obj.intrgcc/tooldir.Linux-6.12.63+deb13-amd64-x86_64/riscv64-elf32-minix/bin/riscv64-elf32-minix/4.8.5:/home/donz/minix/obj.intrgcc/tooldir.Linux-6.12.63+deb13-amd64-x86_64/riscv64-elf32-minix/bin:'
gcc_cv_tool_prefix='/home/donz/minix/obj.intrgcc/tooldir.Linux-6.12.63+deb13-amd64-x86_64'
lt_cv_objdir='.libs'

## ----------------- ##
## Output variables. ##
## ----------------- ##

AR='ar'
AR_FOR_BUILD='$(AR)'
AR_FOR_TARGET='/home/donz/minix/obj.intrgcc/tooldir.Linux-6.12.63+deb13-amd64-x86_64/riscv64-elf32-minix/bin/ar'
AS='as'
AS_FOR_BUILD='$(AS)'
AS_FOR_TARGET='/home/donz/minix/obj.intrgcc/tooldir.Linux-6.12.63+deb13-amd64-x86_64/riscv64-elf32-minix/bin/as'
AWK='/home/donz/minix/obj.intrgcc/tooldir.Linux-6.12.63+deb13-amd64-x86_64/bin/nbawk'
BISON='bison'
BUILD_CONFIG=''
CC='cc'
CC_FOR_BUILD='$(CC)'
CC_FOR_TARGET='$$r/$(HOST_SUBDIR)/gcc/xgcc -B$$r/$(HOST_SUBDIR)/gcc/'
CFLAGS='-O -fcommon'
CFLAGS_FOR_BUILD='-O -fcommon'
CFLAGS_FOR_TARGET='-g -O2 -O -fcommon'
COMPILER_AS_FOR_TARGET='$$r/$(HOST_SUBDIR)/gcc/as'
COMPILER_LD_FOR_TARGET='$$r/$(HOST_SUBDIR)/gcc/collect-ld'
COMPILER_NM_FOR_TARGET='$$r/$(HOST_SUBDIR)/gcc/nm'
CONFIGURE_GDB_TK=''
CPPFLAGS=''
CXX='c++'
CXXFLAGS='-O -std=gnu++98'
CXXFLAGS_FOR_BUILD='-O -std=gnu++98'
CXXFLAGS_FOR_TARGET='-g -O2 -O -std=gnu++98'
CXX_FOR_BUILD='$(CXX)'
CXX_FOR_TARGET='$$r/$(HOST_SUBDIR)/gcc/xg++ -B$$r/$(HOST_SUBDIR)/gcc/ -nostdinc++ `if test -f $$r/$(TARGET_SUBDIR)/libstdc++-v3/scripts/testsuite_flags; then $(SHELL) $$r/$(TARGET_SUBDIR)/libstdc++-v3/scripts/testsuite_flags --build-includes; else echo -funconfigured-libstdc++-v3 ; fi` -L$$r/$(TARGET_SUBDIR)/libstdc++-v3/src -L$$r/$(TARGET_SUBDIR)/libstdc++-v3/src/.libs'
DEBUG_PREFIX_CFLAGS_FOR_TARGET=''
DEFS='-DPACKAGE_NAME=\"\" -DPACKAGE_TARNAME=\"\" -DPACKAGE_VERSION=\"\" -DPACKAGE_STRING=\"\" -DPACKAGE_BUGREPORT=\"\" -DPACKAGE_URL=\"\" -DLT_OBJDIR=\".libs/\"'
DLLTOOL='dlltool'
DLLTOOL_FOR_BUILD='$(DLLTOOL)'
DLLTOOL_FOR_TARGET='riscv64-elf32-minix-dlltool'
ECHO_C=''
ECHO_N='-n'
ECHO_T=''
EXEEXT=''
EXPECT='expect'
EXTRA_CONFIGARGS_LIBJAVA='--disable-static'
FLAGS_FOR_TARGET=' -B$(build_tooldir)/bin/ -B$(build_tooldir)/lib/ -isystem $(build_tooldir)/include -isystem $(build_tooldir)/sys-include'
FLEX='flex'
GCC_FOR_TARGET='$$r/$(HOST_SUBDIR)/gcc/xgcc -B$$r/$(HOST_SUBDIR)/gcc/'
GCC_SHLIB_SUBDIR=''
GCJ_FOR_BUILD='$(GCJ)'
GCJ_FOR_TARGET='riscv64-elf32-minix-gcj'
GDB_TK=''
GFORTRAN_FOR_BUILD='$(GFORTRAN)'
GFORTRAN_FOR_TARGET='riscv64-elf32-minix-gfortran'
GNATBIND='no'
GNATMAKE='no'
GOC_FOR_BUILD='$(GOC)'
GOC_FOR_TARGET='riscv64-elf32-minix-gccgo'
INSTALL_DATA='${INSTALL} -m 644'
INSTALL_GDB_TK=''
INSTALL_PROGRAM='${INSTALL}'
INSTALL_SCRIPT='${INSTALL}'
LD='ld'
LDFLAGS=''
LDFLAGS_FOR_BUILD=''
LDFLAGS_FOR_TARGET=''
LD_FOR_BUILD='$(LD)'
LD_FOR_TARGET='/home/donz/minix/obj.intrgcc/tooldir.Linux-6.12.63+deb13-amd64-x86_64/riscv64-elf32-minix/bin/ld'
LEX='/home/donz/minix/obj.intrgcc/tooldir.Linux-6.12.63+deb13-amd64-x86_64/bin/nblex'
LIBOBJS=''
LIBS=''
LIPO='lipo'
LIPO_FOR_TARGET='riscv64-elf32-minix-lipo'
LN='ln'
LN_S='ln -s'
LTLIBOBJS=''
M4='/home/donz/minix/obj.intrgcc/tooldir.Linux-6.12.63+deb13-amd64-x86_64/bin/nbm4'
MAINT='#'
MAINTAINER_MODE_FALSE=''
MAINTAINER_MODE_TRUE='#'
MAKEINFO='/home/donz/minix/external/gpl3/gcc/dist/missing makeinfo'
NM='nm'
NM_FOR_BUILD='$(NM)'
NM_FOR_TARGET='/home/donz/minix/obj.intrgcc/tooldir.Linux-6.12.63+deb13-amd64-x86_64/riscv64-elf32-minix/bin/nm'
OBJCOPY='objcopy'
OBJDUMP='objdump'
OBJDUMP_FOR_TARGET='/home/donz/minix/obj.intrgcc/tooldir.Linux-6.12.63+deb13-amd64-x86_64/riscv64-elf32-minix/bin/objdump'
OBJEXT='o'
PACKAGE_BUGREPORT=''
PACKAGE_NAME=''
PACKAGE_STRING=''
PACKAGE_TARNAME=''
PACKAGE_URL=''
PACKAGE_VERSION=''
PATH_SEPARATOR=':'
RANLIB='ranlib'
RANLIB_FOR_BUILD='$(RANLIB)'
RANLIB_FOR_TARGET='/home/donz/minix/obj.intrgcc/tooldir.Linux-6.12.63+deb13-amd64-x86_64/riscv64-elf32-minix/bin/ranlib'
RAW_CXX_FOR_TARGET='$$r/$(HOST_SUBDIR)/gcc/xgcc -shared-libgcc -B$$r/$(HOST_SUBDIR)/gcc -nostdinc++ -L$$r/$(TARGET_SUBDIR)/libstdc++-v3/src -L$$r/$(TARGET_SUBDIR)/libstdc++-v3/src/.libs'
READELF='readelf'
READELF_FOR_TARGET='riscv64-elf32-minix-readelf'
RPATH_ENVVAR='LD_LIBRARY_PATH'
RUNTEST='runtest'
SED='/usr/bin/sed'
SHELL='/usr/bin/sh'
STRIP='strip'
STRIP_FOR_TARGET='/home/donz/minix/obj.intrgcc/tooldir.Linux-6.12.63+deb13-amd64-x86_64/riscv64-elf32-minix/bin/strip'
SYSROOT_CFLAGS_FOR_TARGET=''
TOPLEVEL_CONFIGURE_ARGUMENTS='/home/donz/minix/tools/gcc/../../external/gpl3/gcc/dist/configure --target=riscv64-elf32-minix --enable-long-long --enable-threads --with-bugurl=http://www.NetBSD.org/Misc/send-pr.html --with-pkgversion='\''NetBSD nb2 20150115'\'' --with-system-zlib --enable-__cxa_atexit --disable-libssp --enable-visibility --disable-threads --disable-tls --with-sysroot=/home/donz/minix/obj.intrgcc/destdir.evbriscv64 --with-mpc=/home/donz/minix/obj.intrgcc/tooldir.Linux-6.12.63+deb13-amd64-x86_64 --with-mpfr=/home/donz/minix/obj.intrgcc/tooldir.Linux-6.12.63+deb13-amd64-x86_64 --with-gmp=/home/donz/minix/obj.intrgcc/tooldir.Linux-6.12.63+deb13-amd64-x86_64 --disable-nls --disable-multilib --program-transform-name='\''s,^,riscv64-elf32-minix-,'\'' --enable-languages='\''c c++ objc'\'' --prefix=/home/donz/minix/obj.intrgcc/tooldir.Linux-6.12.63+deb13-amd64-x86_64 --disable-shared'
WINDMC='windmc'
WINDMC_FOR_BUILD='$(WINDMC)'
WINDMC_FOR_TARGET='riscv64-elf32-minix-windmc'
WINDRES='windres'
WINDRES_FOR_BUILD='$(WINDRES)'
WINDRES_FOR_TARGET='riscv64-elf32-minix-windres'
YACC='/home/donz/minix/obj.intrgcc/tooldir.Linux-6.12.63+deb13-amd64-x86_64/bin/nbyacc'
ac_ct_CC='cc'
ac_ct_CXX=''
bindir='${exec_prefix}/bin'
build='x86_64-unknown-linux-gnu'
build_alias=''
build_configargs=' --cache-file=../config.cache '\''--enable-long-long'\'' '\''--enable-threads'\'' '\''--with-bugurl=http://www.NetBSD.org/Misc/send-pr.html'\'' '\''--with-pkgversion=NetBSD nb2 20150115'\'' '\''--with-system-zlib'\'' '\''--enable-__cxa_atexit'\'' '\''--disable-libssp'\'' '\''--enable-visibility'\'' '\''--disable-threads'\'' '\''--disable-tls'\'' '\''--with-sysroot=/home/donz/minix/obj.intrgcc/destdir.evbriscv64'\'' '\''--with-mpc=/home/donz/minix/obj.intrgcc/tooldir.Linux-6.12.63+deb13-amd64-x86_64'\'' '\''--with-mpfr=/home/donz/minix/obj.intrgcc/tooldir.Linux-6.12.63+deb13-amd64-x86_64'\'' '\''--with-gmp=/home/donz/minix/obj.intrgcc/tooldir.Linux-6.12.63+deb13-amd64-x86_64'\'' '\''--disable-nls'\'' '\''--disable-multilib'\'' '\''--enable-languages=c c++ objc'\'' '\''--prefix=/home/donz/minix/obj.intrgcc/tooldir.Linux-6.12.63+deb13-amd64-x86_64'\'' '\''--disable-shared'\'' '\''--enable-languages=c,c++,lto,objc'\'' --program-transform-name='\''s,^,riscv64-elf32-minix-,'\'' --disable-option-checking'
build_configdirs=' libiberty fixincludes'
build_cpu='x86_64'
build_libsubdir='build-x86_64-unknown-linux-gnu'
build_noncanonical='x86_64-unknown-linux-gnu'
build_os='linux-gnu'
build_subdir='build-x86_64-unknown-linux-gnu'
build_tooldir='${exec_prefix}/riscv64-elf32-minix'
build_vendor='unknown'
clooginc=''
clooglibs=''
compare_exclusions='gcc/cc*-checksum$(objext) | gcc/ada/*tools/*'
configdirs=' intl libiberty libbacktrace libcpp libdecnumber fixincludes gcc gnattools lto-plugin'
datadir='${datarootdir}'
datarootdir='${prefix}/share'
do_compare='cmp --ignore-initial=16 $$f1 $$f2'
docdir='${datarootdir}/doc/${PACKAGE}'
dvidir='${docdir}'
exec_prefix='${prefix}'
extra_host_libiberty_configure_flags='--enable-shared'
extra_isl_gmp_configure_flags=''
extra_mpc_gmp_configure_flags=''
extra_mpc_mpfr_configure_flags=''
extra_mpfr_configure_flags=''
gmpinc='-I/home/donz/minix/obj.intrgcc/tooldir.Linux-6.12.63+deb13-amd64-x86_64/include -I/home/donz/minix/obj.intrgcc/tooldir.Linux-6.12.63+deb13-amd64-x86_64/include -I/home/donz/minix/obj.intrgcc/tooldir.Linux-6.12.63+deb13-amd64-x86_64/include '
gmplibs='-L/home/donz/minix/obj.intrgcc/tooldir.Linux-6.12.63+deb13-amd64-x86_64/lib -L/home/donz/minix/obj.intrgcc/tooldir.Linux-6.12.63+deb13-amd64-x86_64/lib -L/home/donz/minix/obj.intrgcc/tooldir.Linux-6.12.63+deb13-amd64-x86_64/lib -lmpc -lmpfr -lgmp -lm'
host='x86_64-unknown-linux-gnu'
host_alias=''
host_configargs=' --cache-file=./config.cache  --with-system-zlib '\''--enable-long-long'\'' '\''--enable-threads'\'' '\''--with-bugurl=http://www.NetBSD.org/Misc/send-pr.html'\'' '\''--with-pkgversion=NetBSD nb2 20150115'\'' '\''--with-system-zlib'\'' '\''--enable-__cxa_atexit'\'' '\''--disable-libssp'\'' '\''--enable-visibility'\'' '\''--disable-threads'\'' '\''--disable-tls'\'' '\''--with-sysroot=/home/donz/minix/obj.intrgcc/destdir.evbriscv64'\'' '\''--with-mpc=/home/donz/minix/obj.intrgcc/tooldir.Linux-6.12.63+deb13-amd64-x86_64'\'' '\''--with-mpfr=/home/donz/minix/obj.intrgcc/tooldir.Linux-6.12.63+deb13-amd64-x86_64'\'' '\''--with-gmp=/home/donz/minix/obj.intrgcc/tooldir.Linux-6.12.63+deb13-amd64-x86_64'\'' '\''--disable-nls'\'' '\''--disable-multilib'\'' '\''--enable-languages=c c++ objc'\'' '\''--prefix=/home/donz/minix/obj.intrgcc/tooldir.Linux-6.12.63+deb13-amd64-x86_64'\'' '\''--disable-shared'\'' '\''--enable-languages=c,c++,lto,objc'\'' --program-transform-name='\''s,^,riscv64-elf32-minix-,'\'' --disable-option-checking'
host_cpu='x86_64'
host_noncanonical='x86_64-unknown-linux-gnu'
host_os='linux-gnu'
host_subdir='.'
host_vendor='unknown'
htmldir='${docdir}'
includedir='${prefix}/include'
infodir='${datarootdir}/info'
islinc=''
libdir='${exec_prefix}/lib'
libexecdir='${exec_prefix}/libexec'
localedir='${datarootdir}/locale'
localstatedir='${prefix}/var'
mandir='${datarootdir}/man'
oldincludedir='/usr/include'
pdfdir='${docdir}'
poststage1_ldflags='-static-libstdc++ -static-libgcc'
poststage1_libs=''
prefix='/home/donz/minix/obj.intrgcc/tooldir.Linux-6.12.63+deb13-amd64-x86_64'
program_transform_name='s,^,riscv64-elf32-minix-,'
psdir='${docdir}'
sbindir='${exec_prefix}/sbin'
sharedstatedir='${prefix}/com'
stage1_cflags='-g'
stage1_checking='--enable-checking=yes,types'
stage1_languages='c,c++,lto'
stage1_ldflags='-static-libstdc++ -static-libgcc'
stage1_libs=''
stage2_werror_flag=''
sysconfdir='${prefix}/etc'
target='riscv-ucb-minix'
target_alias='riscv64-elf32-minix'
target_configargs='--cache-file=./config.cache --with-cross-host=x86_64-unknown-linux-gnu   '\''--enable-long-long'\'' '\''--enable-threads'\'' '\''--with-bugurl=http://www.NetBSD.org/Misc/send-pr.html'\'' '\''--with-pkgversion=NetBSD nb2 20150115'\'' '\''--with-system-zlib'\'' '\''--enable-__cxa_atexit'\'' '\''--disable-libssp'\'' '\''--enable-visibility'\'' '\''--disable-threads'\'' '\''--disable-tls'\'' '\''--with-sysroot=/home/donz/minix/obj.intrgcc/destdir.evbriscv64'\'' '\''--disable-nls'\'' '\''--disable-multilib'\'' '\''--enable-languages=c c++ objc'\'' '\''--prefix=/home/donz/minix/obj.intrgcc/tooldir.Linux-6.12.63+deb13-amd64-x86_64'\'' '\''--disable-shared'\'' '\''--enable-languages=c,c++,lto,objc'\'' --program-transform-name='\''s,^,riscv64-elf32-minix-,'\'' --disable-option-checking'
target_configdirs=' libgcc libbacktrace libstdc++-v3 libobjc'
target_cpu='riscv'
target_noncanonical='riscv64-elf32-minix'
target_os='minix'
target_subdir='riscv64-elf32-minix'
target_vendor='ucb'
tooldir='${exec_prefix}/riscv64-elf32-minix'

## ------------------- ##
## File substitutions. ##
## ------------------- ##

alphaieee_frag='/dev/null'
host_makefile_frag='/dev/null'
ospace_frag='/dev/null'
serialization_dependencies='serdep.tmp'
target_makefile_frag='/dev/null'

## ----------- ##
## confdefs.h. ##
## ----------- ##

/* confdefs.h */
#define PACKAGE_NAME ""
#define PACKAGE_TARNAME ""
#define PACKAGE_VERSION ""
#define PACKAGE_STRING ""
#define PACKAGE_BUGREPORT ""
#define PACKAGE_URL ""
#define LT_OBJDIR ".libs/"

configure: exit 0
