This file contains any messages produced by compilers while
running configure, to aid debugging if configure makes a mistake.

It was created by cpplib configure  , which was
generated by GNU Autoconf 2.64.  Invocation command line was

  $ /home/donz/minix/external/gpl3/gcc/dist/libcpp/configure --cache-file=./config.cache --with-system-zlib --enable-long-long --enable-threads --with-bugurl=http://www.NetBSD.org/Misc/send-pr.html --with-pkgversion=NetBSD nb2 20150115 --with-system-zlib --enable-__cxa_atexit --disable-libssp --enable-visibility --disable-threads --disable-tls --with-sysroot=/home/donz/minix/obj.intrgcc/destdir.evbriscv64 --with-mpc=/home/donz/minix/obj.intrgcc/tooldir.Linux-6.12.63+deb13-amd64-x86_64 --with-mpfr=/home/donz/minix/obj.intrgcc/tooldir.Linux-6.12.63+deb13-amd64-x86_64 --with-gmp=/home/donz/minix/obj.intrgcc/tooldir.Linux-6.12.63+deb13-amd64-x86_64 --disable-nls --disable-multilib --enable-languages=c c++ objc --prefix=/home/donz/minix/obj.intrgcc/tooldir.Linux-6.12.63+deb13-amd64-x86_64 --disable-shared --enable-languages=c,c++,lto,objc --program-transform-name=s,^,riscv64-elf32-minix-, --disable-option-checking --build=x86_64-unknown-linux-gnu --host=x86_64-unknown-linux-gnu --target=riscv64-elf32-minix --srcdir=/home/donz/minix/tools/gcc/../../external/gpl3/gcc/dist/libcpp

## --------- ##
## Platform. ##
## --------- ##

hostname = morphius
uname -m = x86_64
uname -r = 6.12.63+deb13-amd64
uname -s = Linux
uname -v = #1 SMP PREEMPT_DYNAMIC Debian 6.12.63-1 (2025-12-30)

/usr/bin/uname -p = unknown
/bin/uname -X     = unknown

/bin/arch              = x86_64
/usr/bin/arch -k       = unknown
/usr/convex/getsysinfo = unknown
/usr/bin/hostinfo      = unknown
/bin/machine           = unknown
/usr/bin/oslevel       = unknown
/bin/universe          = unknown

PATH: /home/donz/minix/obj.intrgcc/tooldir.Linux-6.12.63+deb13-amd64-x86_64/bin
PATH: /home/donz/.local/bin
PATH: /usr/local/bin
PATH: /usr/bin
PATH: /bin
PATH: /usr/local/games
PATH: /usr/games


## ----------- ##
## Core tests. ##
## ----------- ##

configure:2435: creating cache ./config.cache
configure:2540: checking build system type
configure:2554: result: x86_64-unknown-linux-gnu
configure:2574: checking host system type
configure:2587: result: x86_64-unknown-linux-gnu
configure:2607: checking target system type
configure:2620: result: riscv-ucb-minix
configure:2649: checking whether /home/donz/minix/obj.intrgcc/tooldir.Linux-6.12.63+deb13-amd64-x86_64/bin/nbgmake sets $(MAKE)
configure:2671: result: yes
configure:2694: checking for a BSD-compatible install
configure:2762: result: /home/donz/minix/obj.intrgcc/tooldir.Linux-6.12.63+deb13-amd64-x86_64/bin/riscv64-elf32-minix-install -c  -r
configure:2781: checking for x86_64-unknown-linux-gnu-gcc
configure:2808: result: cc
configure:3077: checking for C compiler version
configure:3086: cc --version >&5
cc (Debian 14.2.0-19) 14.2.0
Copyright (C) 2024 Free Software Foundation, Inc.
This is free software; see the source for copying conditions.  There is NO
warranty; not even for MERCHANTABILITY or FITNESS FOR A PARTICULAR PURPOSE.

configure:3097: $? = 0
configure:3086: cc -v >&5
Using built-in specs.
COLLECT_GCC=cc
COLLECT_LTO_WRAPPER=/usr/libexec/gcc/x86_64-linux-gnu/14/lto-wrapper
OFFLOAD_TARGET_NAMES=nvptx-none:amdgcn-amdhsa
OFFLOAD_TARGET_DEFAULT=1
Target: x86_64-linux-gnu
Configured with: ../src/configure -v --with-pkgversion='Debian 14.2.0-19' --with-bugurl=file:///usr/share/doc/gcc-14/README.Bugs --enable-languages=c,ada,c++,go,d,fortran,objc,obj-c++,m2,rust --prefix=/usr --with-gcc-major-version-only --program-suffix=-14 --program-prefix=x86_64-linux-gnu- --enable-shared --enable-linker-build-id --libexecdir=/usr/libexec --without-included-gettext --enable-threads=posix --libdir=/usr/lib --enable-nls --enable-bootstrap --enable-clocale=gnu --enable-libstdcxx-debug --enable-libstdcxx-time=yes --with-default-libstdcxx-abi=new --enable-libstdcxx-backtrace --enable-gnu-unique-object --disable-vtable-verify --enable-plugin --enable-default-pie --with-system-zlib --enable-libphobos-checking=release --with-target-system-zlib=auto --enable-objc-gc=auto --enable-multiarch --disable-werror --enable-cet --with-arch-32=i686 --with-abi=m64 --with-multilib-list=m32,m64,mx32 --enable-multilib --with-tune=generic --enable-offload-targets=nvptx-none=/build/reproducible-path/gcc-14-14.2.0/debian/tmp-nvptx/usr,amdgcn-amdhsa=/build/reproducible-path/gcc-14-14.2.0/debian/tmp-gcn/usr --enable-offload-defaulted --without-cuda-driver --enable-checking=release --build=x86_64-linux-gnu --host=x86_64-linux-gnu --target=x86_64-linux-gnu --with-build-config=bootstrap-lto-lean --enable-link-serialization=3
Thread model: posix
Supported LTO compression algorithms: zlib zstd
gcc version 14.2.0 (Debian 14.2.0-19) 
... rest of stderr output deleted ...
configure:3097: $? = 0
configure:3086: cc -V >&5
cc: error: unrecognized command-line option '-V'
cc: fatal error: no input files
compilation terminated.
configure:3097: $? = 1
configure:3086: cc -qversion >&5
cc: error: unrecognized command-line option '-qversion'; did you mean '--version'?
cc: fatal error: no input files
compilation terminated.
configure:3097: $? = 1
configure:3117: checking for C compiler default output file name
configure:3139: cc -O -fcommon -DNETBSD_TOOLS -DTARGET_SYSTEM_ROOT=0  -DTARGET_SYSTEM_ROOT_RELOCATABLE -static-libstdc++ -static-libgcc  conftest.c  >&5
configure:3143: $? = 0
configure:3180: result: a.out
configure:3196: checking whether the C compiler works
configure:3205: ./a.out
configure:3209: $? = 0
configure:3224: result: yes
configure:3231: checking whether we are cross compiling
configure:3233: result: no
configure:3236: checking for suffix of executables
configure:3243: cc -o conftest -O -fcommon -DNETBSD_TOOLS -DTARGET_SYSTEM_ROOT=0  -DTARGET_SYSTEM_ROOT_RELOCATABLE -static-libstdc++ -static-libgcc  conftest.c  >&5
configure:3247: $? = 0
configure:3269: result: 
configure:3275: checking for suffix of object files
configure:3297: cc -c -O -fcommon -DNETBSD_TOOLS -DTARGET_SYSTEM_ROOT=0  -DTARGET_SYSTEM_ROOT_RELOCATABLE conftest.c >&5
configure:3301: $? = 0
configure:3322: result: o
configure:3326: checking whether we are using the GNU C compiler
configure:3345: cc -c -O -fcommon -DNETBSD_TOOLS -DTARGET_SYSTEM_ROOT=0  -DTARGET_SYSTEM_ROOT_RELOCATABLE conftest.c >&5
configure:3345: $? = 0
configure:3354: result: yes
configure:3363: checking whether cc accepts -g
configure:3383: cc -c -g -DNETBSD_TOOLS -DTARGET_SYSTEM_ROOT=0  -DTARGET_SYSTEM_ROOT_RELOCATABLE conftest.c >&5
configure:3383: $? = 0
configure:3424: result: yes
configure:3441: checking for cc option to accept ISO C89
configure:3505: cc  -c -O -fcommon -DNETBSD_TOOLS -DTARGET_SYSTEM_ROOT=0  -DTARGET_SYSTEM_ROOT_RELOCATABLE conftest.c >&5
configure:3505: $? = 0
configure:3518: result: none needed
configure:3650: checking for C++ compiler version
configure:3659: c++ --version >&5
c++ (Debian 14.2.0-19) 14.2.0
Copyright (C) 2024 Free Software Foundation, Inc.
This is free software; see the source for copying conditions.  There is NO
warranty; not even for MERCHANTABILITY or FITNESS FOR A PARTICULAR PURPOSE.

configure:3670: $? = 0
configure:3659: c++ -v >&5
Using built-in specs.
COLLECT_GCC=c++
COLLECT_LTO_WRAPPER=/usr/libexec/gcc/x86_64-linux-gnu/14/lto-wrapper
OFFLOAD_TARGET_NAMES=nvptx-none:amdgcn-amdhsa
OFFLOAD_TARGET_DEFAULT=1
Target: x86_64-linux-gnu
Configured with: ../src/configure -v --with-pkgversion='Debian 14.2.0-19' --with-bugurl=file:///usr/share/doc/gcc-14/README.Bugs --enable-languages=c,ada,c++,go,d,fortran,objc,obj-c++,m2,rust --prefix=/usr --with-gcc-major-version-only --program-suffix=-14 --program-prefix=x86_64-linux-gnu- --enable-shared --enable-linker-build-id --libexecdir=/usr/libexec --without-included-gettext --enable-threads=posix --libdir=/usr/lib --enable-nls --enable-bootstrap --enable-clocale=gnu --enable-libstdcxx-debug --enable-libstdcxx-time=yes --with-default-libstdcxx-abi=new --enable-libstdcxx-backtrace --enable-gnu-unique-object --disable-vtable-verify --enable-plugin --enable-default-pie --with-system-zlib --enable-libphobos-checking=release --with-target-system-zlib=auto --enable-objc-gc=auto --enable-multiarch --disable-werror --enable-cet --with-arch-32=i686 --with-abi=m64 --with-multilib-list=m32,m64,mx32 --enable-multilib --with-tune=generic --enable-offload-targets=nvptx-none=/build/reproducible-path/gcc-14-14.2.0/debian/tmp-nvptx/usr,amdgcn-amdhsa=/build/reproducible-path/gcc-14-14.2.0/debian/tmp-gcn/usr --enable-offload-defaulted --without-cuda-driver --enable-checking=release --build=x86_64-linux-gnu --host=x86_64-linux-gnu --target=x86_64-linux-gnu --with-build-config=bootstrap-lto-lean --enable-link-serialization=3
Thread model: posix
Supported LTO compression algorithms: zlib zstd
gcc version 14.2.0 (Debian 14.2.0-19) 
... rest of stderr output deleted ...
configure:3670: $? = 0
configure:3659: c++ -V >&5
c++: error: unrecognized command-line option '-V'
c++: fatal error: no input files
compilation terminated.
configure:3670: $? = 1
configure:3659: c++ -qversion >&5
c++: error: unrecognized command-line option '-qversion'; did you mean '--version'?
c++: fatal error: no input files
compilation terminated.
configure:3670: $? = 1
configure:3674: checking whether we are using the GNU C++ compiler
configure:3693: c++ -c -std=gnu++98 -DNETBSD_TOOLS -DTARGET_SYSTEM_ROOT=0  -DTARGET_SYSTEM_ROOT_RELOCATABLE conftest.cpp >&5
configure:3693: $? = 0
configure:3702: result: yes
configure:3711: checking whether c++ accepts -g
configure:3731: c++ -c -g -DNETBSD_TOOLS -DTARGET_SYSTEM_ROOT=0  -DTARGET_SYSTEM_ROOT_RELOCATABLE conftest.cpp >&5
configure:3731: $? = 0
configure:3772: result: yes
configure:3798: checking for x86_64-unknown-linux-gnu-ranlib
configure:3825: result: ranlib
configure:3894: checking how to run the C preprocessor
configure:3925: cc -E -DNETBSD_TOOLS -DTARGET_SYSTEM_ROOT=0  -DTARGET_SYSTEM_ROOT_RELOCATABLE conftest.c
configure:3925: $? = 0
configure:3939: cc -E -DNETBSD_TOOLS -DTARGET_SYSTEM_ROOT=0  -DTARGET_SYSTEM_ROOT_RELOCATABLE conftest.c
conftest.c:9:10: fatal error: ac_nonexistent.h: No such file or directory
    9 | #include <ac_nonexistent.h>
      |          ^~~~~~~~~~~~~~~~~~
compilation terminated.
configure:3939: $? = 1
configure: failed program was:
| /* confdefs.h */
| #define PACKAGE_NAME "cpplib"
| #define PACKAGE_TARNAME "cpplib"
| #define PACKAGE_VERSION " "
| #define PACKAGE_STRING "cpplib  "
| #define PACKAGE_BUGREPORT "gcc-bugs@gcc.gnu.org"
| #define PACKAGE_URL ""
| /* end confdefs.h.  */
| #include <ac_nonexistent.h>
configure:3964: result: cc -E
configure:3984: cc -E -DNETBSD_TOOLS -DTARGET_SYSTEM_ROOT=0  -DTARGET_SYSTEM_ROOT_RELOCATABLE conftest.c
configure:3984: $? = 0
configure:3998: cc -E -DNETBSD_TOOLS -DTARGET_SYSTEM_ROOT=0  -DTARGET_SYSTEM_ROOT_RELOCATABLE conftest.c
conftest.c:9:10: fatal error: ac_nonexistent.h: No such file or directory
    9 | #include <ac_nonexistent.h>
      |          ^~~~~~~~~~~~~~~~~~
compilation terminated.
configure:3998: $? = 1
configure: failed program was:
| /* confdefs.h */
| #define PACKAGE_NAME "cpplib"
| #define PACKAGE_TARNAME "cpplib"
| #define PACKAGE_VERSION " "
| #define PACKAGE_STRING "cpplib  "
| #define PACKAGE_BUGREPORT "gcc-bugs@gcc.gnu.org"
| #define PACKAGE_URL ""
| /* end confdefs.h.  */
| #include <ac_nonexistent.h>
configure:4027: checking for grep that handles long lines and -e
configure:4085: result: /usr/bin/grep
configure:4090: checking for egrep
configure:4152: result: /usr/bin/grep -E
configure:4157: checking for ANSI C header files
configure:4177: cc -c -O -fcommon -DNETBSD_TOOLS -DTARGET_SYSTEM_ROOT=0  -DTARGET_SYSTEM_ROOT_RELOCATABLE conftest.c >&5
configure:4177: $? = 0
configure:4250: cc -o conftest -O -fcommon -DNETBSD_TOOLS -DTARGET_SYSTEM_ROOT=0  -DTARGET_SYSTEM_ROOT_RELOCATABLE -static-libstdc++ -static-libgcc  conftest.c  >&5
configure:4250: $? = 0
configure:4250: ./conftest
configure:4250: $? = 0
configure:4261: result: yes
configure:4274: checking for sys/types.h
configure:4274: cc -c -O -fcommon -DNETBSD_TOOLS -DTARGET_SYSTEM_ROOT=0  -DTARGET_SYSTEM_ROOT_RELOCATABLE conftest.c >&5
configure:4274: $? = 0
configure:4274: result: yes
configure:4274: checking for sys/stat.h
configure:4274: cc -c -O -fcommon -DNETBSD_TOOLS -DTARGET_SYSTEM_ROOT=0  -DTARGET_SYSTEM_ROOT_RELOCATABLE conftest.c >&5
configure:4274: $? = 0
configure:4274: result: yes
configure:4274: checking for stdlib.h
configure:4274: cc -c -O -fcommon -DNETBSD_TOOLS -DTARGET_SYSTEM_ROOT=0  -DTARGET_SYSTEM_ROOT_RELOCATABLE conftest.c >&5
configure:4274: $? = 0
configure:4274: result: yes
configure:4274: checking for string.h
configure:4274: cc -c -O -fcommon -DNETBSD_TOOLS -DTARGET_SYSTEM_ROOT=0  -DTARGET_SYSTEM_ROOT_RELOCATABLE conftest.c >&5
configure:4274: $? = 0
configure:4274: result: yes
configure:4274: checking for memory.h
configure:4274: cc -c -O -fcommon -DNETBSD_TOOLS -DTARGET_SYSTEM_ROOT=0  -DTARGET_SYSTEM_ROOT_RELOCATABLE conftest.c >&5
configure:4274: $? = 0
configure:4274: result: yes
configure:4274: checking for strings.h
configure:4274: cc -c -O -fcommon -DNETBSD_TOOLS -DTARGET_SYSTEM_ROOT=0  -DTARGET_SYSTEM_ROOT_RELOCATABLE conftest.c >&5
configure:4274: $? = 0
configure:4274: result: yes
configure:4274: checking for inttypes.h
configure:4274: cc -c -O -fcommon -DNETBSD_TOOLS -DTARGET_SYSTEM_ROOT=0  -DTARGET_SYSTEM_ROOT_RELOCATABLE conftest.c >&5
configure:4274: $? = 0
configure:4274: result: yes
configure:4274: checking for stdint.h
configure:4274: cc -c -O -fcommon -DNETBSD_TOOLS -DTARGET_SYSTEM_ROOT=0  -DTARGET_SYSTEM_ROOT_RELOCATABLE conftest.c >&5
configure:4274: $? = 0
configure:4274: result: yes
configure:4274: checking for unistd.h
configure:4274: cc -c -O -fcommon -DNETBSD_TOOLS -DTARGET_SYSTEM_ROOT=0  -DTARGET_SYSTEM_ROOT_RELOCATABLE conftest.c >&5
configure:4274: $? = 0
configure:4274: result: yes
configure:4288: checking minix/config.h usability
configure:4288: cc -c -O -fcommon -DNETBSD_TOOLS -DTARGET_SYSTEM_ROOT=0  -DTARGET_SYSTEM_ROOT_RELOCATABLE conftest.c >&5
conftest.c:52:10: fatal error: minix/config.h: No such file or directory
   52 | #include <minix/config.h>
      |          ^~~~~~~~~~~~~~~~
compilation terminated.
configure:4288: $? = 1
configure: failed program was:
| /* confdefs.h */
| #define PACKAGE_NAME "cpplib"
| #define PACKAGE_TARNAME "cpplib"
| #define PACKAGE_VERSION " "
| #define PACKAGE_STRING "cpplib  "
| #define PACKAGE_BUGREPORT "gcc-bugs@gcc.gnu.org"
| #define PACKAGE_URL ""
| #define STDC_HEADERS 1
| #define HAVE_SYS_TYPES_H 1
| #define HAVE_SYS_STAT_H 1
| #define HAVE_STDLIB_H 1
| #define HAVE_STRING_H 1
| #define HAVE_MEMORY_H 1
| #define HAVE_STRINGS_H 1
| #define HAVE_INTTYPES_H 1
| #define HAVE_STDINT_H 1
| #define HAVE_UNISTD_H 1
| /* end confdefs.h.  */
| #include <stdio.h>
| #ifdef HAVE_SYS_TYPES_H
| # include <sys/types.h>
| #endif
| #ifdef HAVE_SYS_STAT_H
| # include <sys/stat.h>
| #endif
| #ifdef STDC_HEADERS
| # include <stdlib.h>
| # include <stddef.h>
| #else
| # ifdef HAVE_STDLIB_H
| #  include <stdlib.h>
| # endif
| #endif
| #ifdef HAVE_STRING_H
| # if !defined STDC_HEADERS && defined HAVE_MEMORY_H
| #  include <memory.h>
| # endif
| # include <string.h>
| #endif
| #ifdef HAVE_STRINGS_H
| # include <strings.h>
| #endif
| #ifdef HAVE_INTTYPES_H
| # include <inttypes.h>
| #endif
| #ifdef HAVE_STDINT_H
| # include <stdint.h>
| #endif
| #ifdef HAVE_UNISTD_H
| # include <unistd.h>
| #endif
| #include <minix/config.h>
configure:4288: result: no
configure:4288: checking minix/config.h presence
configure:4288: cc -E -DNETBSD_TOOLS -DTARGET_SYSTEM_ROOT=0  -DTARGET_SYSTEM_ROOT_RELOCATABLE conftest.c
conftest.c:19:10: fatal error: minix/config.h: No such file or directory
   19 | #include <minix/config.h>
      |          ^~~~~~~~~~~~~~~~
compilation terminated.
configure:4288: $? = 1
configure: failed program was:
| /* confdefs.h */
| #define PACKAGE_NAME "cpplib"
| #define PACKAGE_TARNAME "cpplib"
| #define PACKAGE_VERSION " "
| #define PACKAGE_STRING "cpplib  "
| #define PACKAGE_BUGREPORT "gcc-bugs@gcc.gnu.org"
| #define PACKAGE_URL ""
| #define STDC_HEADERS 1
| #define HAVE_SYS_TYPES_H 1
| #define HAVE_SYS_STAT_H 1
| #define HAVE_STDLIB_H 1
| #define HAVE_STRING_H 1
| #define HAVE_MEMORY_H 1
| #define HAVE_STRINGS_H 1
| #define HAVE_INTTYPES_H 1
| #define HAVE_STDINT_H 1
| #define HAVE_UNISTD_H 1
| /* end confdefs.h.  */
| #include <minix/config.h>
configure:4288: result: no
configure:4288: checking for minix/config.h
configure:4288: result: no
configure:4309: checking whether it is safe to define __EXTENSIONS__
configure:4327: cc -c -O -fcommon -DNETBSD_TOOLS -DTARGET_SYSTEM_ROOT=0  -DTARGET_SYSTEM_ROOT_RELOCATABLE conftest.c >&5
configure:4327: $? = 0
configure:4334: result: yes
configure:4355: checking for special C compiler options needed for large files
configure:4400: result: no
configure:4406: checking for _FILE_OFFSET_BITS value needed for large files
configure:4431: cc -c -O -fcommon -DNETBSD_TOOLS -DTARGET_SYSTEM_ROOT=0  -DTARGET_SYSTEM_ROOT_RELOCATABLE conftest.c >&5
configure:4431: $? = 0
configure:4463: result: no
configure:4552: checking for aclocal
configure:4582: result: no
configure:4595: checking for autoconf
configure:4625: result: no
configure:4638: checking for autoheader
configure:4668: result: no
configure:4693: checking whether cc supports -W
configure:4710: cc -c -W -DNETBSD_TOOLS -DTARGET_SYSTEM_ROOT=0  -DTARGET_SYSTEM_ROOT_RELOCATABLE conftest.c >&5
configure:4710: $? = 0
configure:4719: result: yes
configure:4693: checking whether cc supports -Wall
configure:4710: cc -c -Wall -DNETBSD_TOOLS -DTARGET_SYSTEM_ROOT=0  -DTARGET_SYSTEM_ROOT_RELOCATABLE conftest.c >&5
configure:4710: $? = 0
configure:4719: result: yes
configure:4693: checking whether cc supports -Wnarrowing
configure:4710: cc -c -Wnarrowing -DNETBSD_TOOLS -DTARGET_SYSTEM_ROOT=0  -DTARGET_SYSTEM_ROOT_RELOCATABLE conftest.c >&5
configure:4710: $? = 0
configure:4719: result: yes
configure:4693: checking whether cc supports -Wwrite-strings
configure:4710: cc -c -Wwrite-strings -DNETBSD_TOOLS -DTARGET_SYSTEM_ROOT=0  -DTARGET_SYSTEM_ROOT_RELOCATABLE conftest.c >&5
configure:4710: $? = 0
configure:4719: result: yes
configure:4693: checking whether cc supports -Wmissing-format-attribute
configure:4710: cc -c -Wmissing-format-attribute -DNETBSD_TOOLS -DTARGET_SYSTEM_ROOT=0  -DTARGET_SYSTEM_ROOT_RELOCATABLE conftest.c >&5
configure:4710: $? = 0
configure:4719: result: yes
configure:4739: checking whether cc supports -Wstrict-prototypes
configure:4756: cc -c -Wstrict-prototypes -DNETBSD_TOOLS -DTARGET_SYSTEM_ROOT=0  -DTARGET_SYSTEM_ROOT_RELOCATABLE conftest.c >&5
conftest.c:26:1: warning: function declaration isn't a prototype [-Wstrict-prototypes]
   26 | main ()
      | ^~~~
configure:4756: $? = 0
configure:4765: result: yes
configure:4739: checking whether cc supports -Wmissing-prototypes
configure:4756: cc -c -Wmissing-prototypes -DNETBSD_TOOLS -DTARGET_SYSTEM_ROOT=0  -DTARGET_SYSTEM_ROOT_RELOCATABLE conftest.c >&5
configure:4756: $? = 0
configure:4765: result: yes
configure:4739: checking whether cc supports -Wold-style-definition
configure:4756: cc -c -Wold-style-definition -DNETBSD_TOOLS -DTARGET_SYSTEM_ROOT=0  -DTARGET_SYSTEM_ROOT_RELOCATABLE conftest.c >&5
conftest.c: In function 'main':
conftest.c:26:1: warning: old-style function definition [-Wold-style-definition]
   26 | main ()
      | ^~~~
configure:4756: $? = 0
configure:4765: result: yes
configure:4739: checking whether cc supports -Wc++-compat
configure:4756: cc -c -Wc++-compat -DNETBSD_TOOLS -DTARGET_SYSTEM_ROOT=0  -DTARGET_SYSTEM_ROOT_RELOCATABLE conftest.c >&5
configure:4756: $? = 0
configure:4765: result: yes
configure:4777: checking whether cc supports -pedantic -Wlong-long
configure:4795: cc -c -pedantic -Wlong-long -DNETBSD_TOOLS -DTARGET_SYSTEM_ROOT=0  -DTARGET_SYSTEM_ROOT_RELOCATABLE conftest.c >&5
configure:4795: $? = 0
configure:4803: result: yes
configure:4824: checking whether cc supports -fno-exceptions
configure:4841: cc -c -fno-exceptions -DNETBSD_TOOLS -DTARGET_SYSTEM_ROOT=0  -DTARGET_SYSTEM_ROOT_RELOCATABLE conftest.c >&5
configure:4841: $? = 0
configure:4850: result: yes
configure:4824: checking whether cc supports -fno-rtti
configure:4841: cc -c -fno-rtti -DNETBSD_TOOLS -DTARGET_SYSTEM_ROOT=0  -DTARGET_SYSTEM_ROOT_RELOCATABLE conftest.c >&5
cc1: warning: command-line option '-fno-rtti' is valid for C++/D/ObjC++ but not for C
configure:4841: $? = 0
configure:4850: result: yes
configure:4901: c++ -c -std=gnu++98 -DNETBSD_TOOLS -DTARGET_SYSTEM_ROOT=0  -DTARGET_SYSTEM_ROOT_RELOCATABLE conftest.cpp >&5
configure:4901: $? = 0
configure:4916: checking dependency style of c++
configure:4947: trying gcc3
| depmode=gcc3 source=sub/conftest.c object=sub/conftest.o depfile=sub/conftest.Po tmpdepfile=sub/conftest.TPo /usr/bin/sh ./depcomp c++ -c -o sub/conftest.o sub/conftest.c
configure:4986: success
configure:5001: result: gcc3
configure:5011: checking whether time.h and sys/time.h may both be included
configure:5031: cc -c -O -fcommon -DNETBSD_TOOLS -DTARGET_SYSTEM_ROOT=0  -DTARGET_SYSTEM_ROOT_RELOCATABLE conftest.c >&5
configure:5031: $? = 0
configure:5038: result: yes
configure:5046: checking whether string.h and strings.h may both be included
configure:5063: cc -c -O -fcommon -DNETBSD_TOOLS -DTARGET_SYSTEM_ROOT=0  -DTARGET_SYSTEM_ROOT_RELOCATABLE conftest.c >&5
configure:5063: $? = 0
configure:5070: result: yes
configure:5083: checking locale.h usability
configure:5083: cc -c -O -fcommon -DNETBSD_TOOLS -DTARGET_SYSTEM_ROOT=0  -DTARGET_SYSTEM_ROOT_RELOCATABLE conftest.c >&5
configure:5083: $? = 0
configure:5083: result: yes
configure:5083: checking locale.h presence
configure:5083: cc -E -DNETBSD_TOOLS -DTARGET_SYSTEM_ROOT=0  -DTARGET_SYSTEM_ROOT_RELOCATABLE conftest.c
configure:5083: $? = 0
configure:5083: result: yes
configure:5083: checking for locale.h
configure:5083: result: yes
configure:5083: checking fcntl.h usability
configure:5083: cc -c -O -fcommon -DNETBSD_TOOLS -DTARGET_SYSTEM_ROOT=0  -DTARGET_SYSTEM_ROOT_RELOCATABLE conftest.c >&5
configure:5083: $? = 0
configure:5083: result: yes
configure:5083: checking fcntl.h presence
configure:5083: cc -E -DNETBSD_TOOLS -DTARGET_SYSTEM_ROOT=0  -DTARGET_SYSTEM_ROOT_RELOCATABLE conftest.c
configure:5083: $? = 0
configure:5083: result: yes
configure:5083: checking for fcntl.h
configure:5083: result: yes
configure:5083: checking limits.h usability
configure:5083: cc -c -O -fcommon -DNETBSD_TOOLS -DTARGET_SYSTEM_ROOT=0  -DTARGET_SYSTEM_ROOT_RELOCATABLE conftest.c >&5
configure:5083: $? = 0
configure:5083: result: yes
configure:5083: checking limits.h presence
configure:5083: cc -E -DNETBSD_TOOLS -DTARGET_SYSTEM_ROOT=0  -DTARGET_SYSTEM_ROOT_RELOCATABLE conftest.c
configure:5083: $? = 0
configure:5083: result: yes
configure:5083: checking for limits.h
configure:5083: result: yes
configure:5083: checking stddef.h usability
configure:5083: cc -c -O -fcommon -DNETBSD_TOOLS -DTARGET_SYSTEM_ROOT=0  -DTARGET_SYSTEM_ROOT_RELOCATABLE conftest.c >&5
configure:5083: $? = 0
configure:5083: result: yes
configure:5083: checking stddef.h presence
configure:5083: cc -E -DNETBSD_TOOLS -DTARGET_SYSTEM_ROOT=0  -DTARGET_SYSTEM_ROOT_RELOCATABLE conftest.c
configure:5083: $? = 0
configure:5083: result: yes
configure:5083: checking for stddef.h
configure:5083: result: yes
configure:5083: checking for stdlib.h
configure:5083: result: yes
configure:5083: checking for strings.h
configure:5083: result: yes
configure:5083: checking for string.h
configure:5083: result: yes
configure:5083: checking sys/file.h usability
configure:5083: cc -c -O -fcommon -DNETBSD_TOOLS -DTARGET_SYSTEM_ROOT=0  -DTARGET_SYSTEM_ROOT_RELOCATABLE conftest.c >&5
configure:5083: $? = 0
configure:5083: result: yes
configure:5083: checking sys/file.h presence
configure:5083: cc -E -DNETBSD_TOOLS -DTARGET_SYSTEM_ROOT=0  -DTARGET_SYSTEM_ROOT_RELOCATABLE conftest.c
configure:5083: $? = 0
configure:5083: result: yes
configure:5083: checking for sys/file.h
configure:5083: result: yes
configure:5083: checking for unistd.h
configure:5083: result: yes
configure:5096: checking whether byte ordering is bigendian
configure:5111: cc -c -O -fcommon -DNETBSD_TOOLS -DTARGET_SYSTEM_ROOT=0  -DTARGET_SYSTEM_ROOT_RELOCATABLE conftest.c >&5
conftest.c:36:16: error: unknown type name 'not'
   36 |                not a universal capable compiler
      |                ^~~
conftest.c:36:22: error: expected '=', ',', ';', 'asm' or '__attribute__' before 'universal'
   36 |                not a universal capable compiler
      |                      ^~~~~~~~~
conftest.c:36:22: error: unknown type name 'universal'
configure:5111: $? = 1
configure: failed program was:
| /* confdefs.h */
| #define PACKAGE_NAME "cpplib"
| #define PACKAGE_TARNAME "cpplib"
| #define PACKAGE_VERSION " "
| #define PACKAGE_STRING "cpplib  "
| #define PACKAGE_BUGREPORT "gcc-bugs@gcc.gnu.org"
| #define PACKAGE_URL ""
| #define STDC_HEADERS 1
| #define HAVE_SYS_TYPES_H 1
| #define HAVE_SYS_STAT_H 1
| #define HAVE_STDLIB_H 1
| #define HAVE_STRING_H 1
| #define HAVE_MEMORY_H 1
| #define HAVE_STRINGS_H 1
| #define HAVE_INTTYPES_H 1
| #define HAVE_STDINT_H 1
| #define HAVE_UNISTD_H 1
| #define __EXTENSIONS__ 1
| #define _ALL_SOURCE 1
| #define _GNU_SOURCE 1
| #define _POSIX_PTHREAD_SEMANTICS 1
| #define _TANDEM_SOURCE 1
| #define TIME_WITH_SYS_TIME 1
| #define STRING_WITH_STRINGS 1
| #define HAVE_LOCALE_H 1
| #define HAVE_FCNTL_H 1
| #define HAVE_LIMITS_H 1
| #define HAVE_STDDEF_H 1
| #define HAVE_STDLIB_H 1
| #define HAVE_STRINGS_H 1
| #define HAVE_STRING_H 1
| #define HAVE_SYS_FILE_H 1
| #define HAVE_UNISTD_H 1
| /* end confdefs.h.  */
| #ifndef __APPLE_CC__
| 	       not a universal capable compiler
| 	     #endif
| 	     typedef int dummy;
| 
configure:5156: cc -c -O -fcommon -DNETBSD_TOOLS -DTARGET_SYSTEM_ROOT=0  -DTARGET_SYSTEM_ROOT_RELOCATABLE conftest.c >&5
configure:5156: $? = 0
configure:5174: cc -c -O -fcommon -DNETBSD_TOOLS -DTARGET_SYSTEM_ROOT=0  -DTARGET_SYSTEM_ROOT_RELOCATABLE conftest.c >&5
conftest.c: In function 'main':
conftest.c:42:18: error: unknown type name 'not'; did you mean 'ino_t'?
   42 |                  not big endian
      |                  ^~~
      |                  ino_t
conftest.c:42:26: error: expected '=', ',', ';', 'asm' or '__attribute__' before 'endian'
   42 |                  not big endian
      |                          ^~~~~~
configure:5174: $? = 1
configure: failed program was:
| /* confdefs.h */
| #define PACKAGE_NAME "cpplib"
| #define PACKAGE_TARNAME "cpplib"
| #define PACKAGE_VERSION " "
| #define PACKAGE_STRING "cpplib  "
| #define PACKAGE_BUGREPORT "gcc-bugs@gcc.gnu.org"
| #define PACKAGE_URL ""
| #define STDC_HEADERS 1
| #define HAVE_SYS_TYPES_H 1
| #define HAVE_SYS_STAT_H 1
| #define HAVE_STDLIB_H 1
| #define HAVE_STRING_H 1
| #define HAVE_MEMORY_H 1
| #define HAVE_STRINGS_H 1
| #define HAVE_INTTYPES_H 1
| #define HAVE_STDINT_H 1
| #define HAVE_UNISTD_H 1
| #define __EXTENSIONS__ 1
| #define _ALL_SOURCE 1
| #define _GNU_SOURCE 1
| #define _POSIX_PTHREAD_SEMANTICS 1
| #define _TANDEM_SOURCE 1
| #define TIME_WITH_SYS_TIME 1
| #define STRING_WITH_STRINGS 1
| #define HAVE_LOCALE_H 1
| #define HAVE_FCNTL_H 1
| #define HAVE_LIMITS_H 1
| #define HAVE_STDDEF_H 1
| #define HAVE_STDLIB_H 1
| #define HAVE_STRINGS_H 1
| #define HAVE_STRING_H 1
| #define HAVE_SYS_FILE_H 1
| #define HAVE_UNISTD_H 1
| /* end confdefs.h.  */
| #include <sys/types.h>
| 		#include <sys/param.h>
| 
| int
| main ()
| {
| #if BYTE_ORDER != BIG_ENDIAN
| 		 not big endian
| 		#endif
| 
|   ;
|   return 0;
| }
configure:5302: result: no
configure:5320: checking for an ANSI C-conforming const
configure:5385: cc -c -O -fcommon -DNETBSD_TOOLS -DTARGET_SYSTEM_ROOT=0  -DTARGET_SYSTEM_ROOT_RELOCATABLE conftest.c >&5
configure:5385: $? = 0
configure:5392: result: yes
configure:5400: checking for inline
configure:5416: cc -c -O -fcommon -DNETBSD_TOOLS -DTARGET_SYSTEM_ROOT=0  -DTARGET_SYSTEM_ROOT_RELOCATABLE conftest.c >&5
configure:5416: $? = 0
configure:5424: result: inline
configure:5442: checking for obstacks
configure:5463: cc -o conftest -O -fcommon -DNETBSD_TOOLS -DTARGET_SYSTEM_ROOT=0  -DTARGET_SYSTEM_ROOT_RELOCATABLE -static-libstdc++ -static-libgcc  conftest.c  >&5
configure:5463: $? = 0
configure:5471: result: yes
configure:5486: checking for off_t
configure:5486: cc -c -O -fcommon -DNETBSD_TOOLS -DTARGET_SYSTEM_ROOT=0  -DTARGET_SYSTEM_ROOT_RELOCATABLE conftest.c >&5
configure:5486: $? = 0
configure:5486: cc -c -O -fcommon -DNETBSD_TOOLS -DTARGET_SYSTEM_ROOT=0  -DTARGET_SYSTEM_ROOT_RELOCATABLE conftest.c >&5
conftest.c: In function 'main':
conftest.c:72:20: error: expected expression before ')' token
   72 | if (sizeof ((off_t)))
      |                    ^
configure:5486: $? = 1
configure: failed program was:
| /* confdefs.h */
| #define PACKAGE_NAME "cpplib"
| #define PACKAGE_TARNAME "cpplib"
| #define PACKAGE_VERSION " "
| #define PACKAGE_STRING "cpplib  "
| #define PACKAGE_BUGREPORT "gcc-bugs@gcc.gnu.org"
| #define PACKAGE_URL ""
| #define STDC_HEADERS 1
| #define HAVE_SYS_TYPES_H 1
| #define HAVE_SYS_STAT_H 1
| #define HAVE_STDLIB_H 1
| #define HAVE_STRING_H 1
| #define HAVE_MEMORY_H 1
| #define HAVE_STRINGS_H 1
| #define HAVE_INTTYPES_H 1
| #define HAVE_STDINT_H 1
| #define HAVE_UNISTD_H 1
| #define __EXTENSIONS__ 1
| #define _ALL_SOURCE 1
| #define _GNU_SOURCE 1
| #define _POSIX_PTHREAD_SEMANTICS 1
| #define _TANDEM_SOURCE 1
| #define TIME_WITH_SYS_TIME 1
| #define STRING_WITH_STRINGS 1
| #define HAVE_LOCALE_H 1
| #define HAVE_FCNTL_H 1
| #define HAVE_LIMITS_H 1
| #define HAVE_STDDEF_H 1
| #define HAVE_STDLIB_H 1
| #define HAVE_STRINGS_H 1
| #define HAVE_STRING_H 1
| #define HAVE_SYS_FILE_H 1
| #define HAVE_UNISTD_H 1
| #define HAVE_OBSTACK 1
| /* end confdefs.h.  */
| #include <stdio.h>
| #ifdef HAVE_SYS_TYPES_H
| # include <sys/types.h>
| #endif
| #ifdef HAVE_SYS_STAT_H
| # include <sys/stat.h>
| #endif
| #ifdef STDC_HEADERS
| # include <stdlib.h>
| # include <stddef.h>
| #else
| # ifdef HAVE_STDLIB_H
| #  include <stdlib.h>
| # endif
| #endif
| #ifdef HAVE_STRING_H
| # if !defined STDC_HEADERS && defined HAVE_MEMORY_H
| #  include <memory.h>
| # endif
| # include <string.h>
| #endif
| #ifdef HAVE_STRINGS_H
| # include <strings.h>
| #endif
| #ifdef HAVE_INTTYPES_H
| # include <inttypes.h>
| #endif
| #ifdef HAVE_STDINT_H
| # include <stdint.h>
| #endif
| #ifdef HAVE_UNISTD_H
| # include <unistd.h>
| #endif
| int
| main ()
| {
| if (sizeof ((off_t)))
| 	    return 0;
|   ;
|   return 0;
| }
configure:5486: result: yes
configure:5497: checking for size_t
configure:5497: cc -c -O -fcommon -DNETBSD_TOOLS -DTARGET_SYSTEM_ROOT=0  -DTARGET_SYSTEM_ROOT_RELOCATABLE conftest.c >&5
configure:5497: $? = 0
configure:5497: cc -c -O -fcommon -DNETBSD_TOOLS -DTARGET_SYSTEM_ROOT=0  -DTARGET_SYSTEM_ROOT_RELOCATABLE conftest.c >&5
conftest.c: In function 'main':
conftest.c:72:21: error: expected expression before ')' token
   72 | if (sizeof ((size_t)))
      |                     ^
configure:5497: $? = 1
configure: failed program was:
| /* confdefs.h */
| #define PACKAGE_NAME "cpplib"
| #define PACKAGE_TARNAME "cpplib"
| #define PACKAGE_VERSION " "
| #define PACKAGE_STRING "cpplib  "
| #define PACKAGE_BUGREPORT "gcc-bugs@gcc.gnu.org"
| #define PACKAGE_URL ""
| #define STDC_HEADERS 1
| #define HAVE_SYS_TYPES_H 1
| #define HAVE_SYS_STAT_H 1
| #define HAVE_STDLIB_H 1
| #define HAVE_STRING_H 1
| #define HAVE_MEMORY_H 1
| #define HAVE_STRINGS_H 1
| #define HAVE_INTTYPES_H 1
| #define HAVE_STDINT_H 1
| #define HAVE_UNISTD_H 1
| #define __EXTENSIONS__ 1
| #define _ALL_SOURCE 1
| #define _GNU_SOURCE 1
| #define _POSIX_PTHREAD_SEMANTICS 1
| #define _TANDEM_SOURCE 1
| #define TIME_WITH_SYS_TIME 1
| #define STRING_WITH_STRINGS 1
| #define HAVE_LOCALE_H 1
| #define HAVE_FCNTL_H 1
| #define HAVE_LIMITS_H 1
| #define HAVE_STDDEF_H 1
| #define HAVE_STDLIB_H 1
| #define HAVE_STRINGS_H 1
| #define HAVE_STRING_H 1
| #define HAVE_SYS_FILE_H 1
| #define HAVE_UNISTD_H 1
| #define HAVE_OBSTACK 1
| /* end confdefs.h.  */
| #include <stdio.h>
| #ifdef HAVE_SYS_TYPES_H
| # include <sys/types.h>
| #endif
| #ifdef HAVE_SYS_STAT_H
| # include <sys/stat.h>
| #endif
| #ifdef STDC_HEADERS
| # include <stdlib.h>
| # include <stddef.h>
| #else
| # ifdef HAVE_STDLIB_H
| #  include <stdlib.h>
| # endif
| #endif
| #ifdef HAVE_STRING_H
| # if !defined STDC_HEADERS && defined HAVE_MEMORY_H
| #  include <memory.h>
| # endif
| # include <string.h>
| #endif
| #ifdef HAVE_STRINGS_H
| # include <strings.h>
| #endif
| #ifdef HAVE_INTTYPES_H
| # include <inttypes.h>
| #endif
| #ifdef HAVE_STDINT_H
| # include <stdint.h>
| #endif
| #ifdef HAVE_UNISTD_H
| # include <unistd.h>
| #endif
| int
| main ()
| {
| if (sizeof ((size_t)))
| 	    return 0;
|   ;
|   return 0;
| }
configure:5497: result: yes
configure:5508: checking for ssize_t
configure:5508: cc -c -O -fcommon -DNETBSD_TOOLS -DTARGET_SYSTEM_ROOT=0  -DTARGET_SYSTEM_ROOT_RELOCATABLE conftest.c >&5
configure:5508: $? = 0
configure:5508: cc -c -O -fcommon -DNETBSD_TOOLS -DTARGET_SYSTEM_ROOT=0  -DTARGET_SYSTEM_ROOT_RELOCATABLE conftest.c >&5
conftest.c: In function 'main':
conftest.c:72:22: error: expected expression before ')' token
   72 | if (sizeof ((ssize_t)))
      |                      ^
configure:5508: $? = 1
configure: failed program was:
| /* confdefs.h */
| #define PACKAGE_NAME "cpplib"
| #define PACKAGE_TARNAME "cpplib"
| #define PACKAGE_VERSION " "
| #define PACKAGE_STRING "cpplib  "
| #define PACKAGE_BUGREPORT "gcc-bugs@gcc.gnu.org"
| #define PACKAGE_URL ""
| #define STDC_HEADERS 1
| #define HAVE_SYS_TYPES_H 1
| #define HAVE_SYS_STAT_H 1
| #define HAVE_STDLIB_H 1
| #define HAVE_STRING_H 1
| #define HAVE_MEMORY_H 1
| #define HAVE_STRINGS_H 1
| #define HAVE_INTTYPES_H 1
| #define HAVE_STDINT_H 1
| #define HAVE_UNISTD_H 1
| #define __EXTENSIONS__ 1
| #define _ALL_SOURCE 1
| #define _GNU_SOURCE 1
| #define _POSIX_PTHREAD_SEMANTICS 1
| #define _TANDEM_SOURCE 1
| #define TIME_WITH_SYS_TIME 1
| #define STRING_WITH_STRINGS 1
| #define HAVE_LOCALE_H 1
| #define HAVE_FCNTL_H 1
| #define HAVE_LIMITS_H 1
| #define HAVE_STDDEF_H 1
| #define HAVE_STDLIB_H 1
| #define HAVE_STRINGS_H 1
| #define HAVE_STRING_H 1
| #define HAVE_SYS_FILE_H 1
| #define HAVE_UNISTD_H 1
| #define HAVE_OBSTACK 1
| /* end confdefs.h.  */
| #include <stdio.h>
| #ifdef HAVE_SYS_TYPES_H
| # include <sys/types.h>
| #endif
| #ifdef HAVE_SYS_STAT_H
| # include <sys/stat.h>
| #endif
| #ifdef STDC_HEADERS
| # include <stdlib.h>
| # include <stddef.h>
| #else
| # ifdef HAVE_STDLIB_H
| #  include <stdlib.h>
| # endif
| #endif
| #ifdef HAVE_STRING_H
| # if !defined STDC_HEADERS && defined HAVE_MEMORY_H
| #  include <memory.h>
| # endif
| # include <string.h>
| #endif
| #ifdef HAVE_STRINGS_H
| # include <strings.h>
| #endif
| #ifdef HAVE_INTTYPES_H
| # include <inttypes.h>
| #endif
| #ifdef HAVE_STDINT_H
| # include <stdint.h>
| #endif
| #ifdef HAVE_UNISTD_H
| # include <unistd.h>
| #endif
| int
| main ()
| {
| if (sizeof ((ssize_t)))
| 	    return 0;
|   ;
|   return 0;
| }
configure:5508: result: yes
configure:5520: checking for uintptr_t
configure:5520: cc -c -O -fcommon -DNETBSD_TOOLS -DTARGET_SYSTEM_ROOT=0  -DTARGET_SYSTEM_ROOT_RELOCATABLE conftest.c >&5
configure:5520: $? = 0
configure:5520: cc -c -O -fcommon -DNETBSD_TOOLS -DTARGET_SYSTEM_ROOT=0  -DTARGET_SYSTEM_ROOT_RELOCATABLE conftest.c >&5
conftest.c: In function 'main':
conftest.c:72:24: error: expected expression before ')' token
   72 | if (sizeof ((uintptr_t)))
      |                        ^
configure:5520: $? = 1
configure: failed program was:
| /* confdefs.h */
| #define PACKAGE_NAME "cpplib"
| #define PACKAGE_TARNAME "cpplib"
| #define PACKAGE_VERSION " "
| #define PACKAGE_STRING "cpplib  "
| #define PACKAGE_BUGREPORT "gcc-bugs@gcc.gnu.org"
| #define PACKAGE_URL ""
| #define STDC_HEADERS 1
| #define HAVE_SYS_TYPES_H 1
| #define HAVE_SYS_STAT_H 1
| #define HAVE_STDLIB_H 1
| #define HAVE_STRING_H 1
| #define HAVE_MEMORY_H 1
| #define HAVE_STRINGS_H 1
| #define HAVE_INTTYPES_H 1
| #define HAVE_STDINT_H 1
| #define HAVE_UNISTD_H 1
| #define __EXTENSIONS__ 1
| #define _ALL_SOURCE 1
| #define _GNU_SOURCE 1
| #define _POSIX_PTHREAD_SEMANTICS 1
| #define _TANDEM_SOURCE 1
| #define TIME_WITH_SYS_TIME 1
| #define STRING_WITH_STRINGS 1
| #define HAVE_LOCALE_H 1
| #define HAVE_FCNTL_H 1
| #define HAVE_LIMITS_H 1
| #define HAVE_STDDEF_H 1
| #define HAVE_STDLIB_H 1
| #define HAVE_STRINGS_H 1
| #define HAVE_STRING_H 1
| #define HAVE_SYS_FILE_H 1
| #define HAVE_UNISTD_H 1
| #define HAVE_OBSTACK 1
| /* end confdefs.h.  */
| #include <stdio.h>
| #ifdef HAVE_SYS_TYPES_H
| # include <sys/types.h>
| #endif
| #ifdef HAVE_SYS_STAT_H
| # include <sys/stat.h>
| #endif
| #ifdef STDC_HEADERS
| # include <stdlib.h>
| # include <stddef.h>
| #else
| # ifdef HAVE_STDLIB_H
| #  include <stdlib.h>
| # endif
| #endif
| #ifdef HAVE_STRING_H
| # if !defined STDC_HEADERS && defined HAVE_MEMORY_H
| #  include <memory.h>
| # endif
| # include <string.h>
| #endif
| #ifdef HAVE_STRINGS_H
| # include <strings.h>
| #endif
| #ifdef HAVE_INTTYPES_H
| # include <inttypes.h>
| #endif
| #ifdef HAVE_STDINT_H
| # include <stdint.h>
| #endif
| #ifdef HAVE_UNISTD_H
| # include <unistd.h>
| #endif
| int
| main ()
| {
| if (sizeof ((uintptr_t)))
| 	    return 0;
|   ;
|   return 0;
| }
configure:5520: result: yes
configure:5555: checking for ptrdiff_t
configure:5555: cc -c -O -fcommon -DNETBSD_TOOLS -DTARGET_SYSTEM_ROOT=0  -DTARGET_SYSTEM_ROOT_RELOCATABLE conftest.c >&5
configure:5555: $? = 0
configure:5555: cc -c -O -fcommon -DNETBSD_TOOLS -DTARGET_SYSTEM_ROOT=0  -DTARGET_SYSTEM_ROOT_RELOCATABLE conftest.c >&5
conftest.c: In function 'main':
conftest.c:73:24: error: expected expression before ')' token
   73 | if (sizeof ((ptrdiff_t)))
      |                        ^
configure:5555: $? = 1
configure: failed program was:
| /* confdefs.h */
| #define PACKAGE_NAME "cpplib"
| #define PACKAGE_TARNAME "cpplib"
| #define PACKAGE_VERSION " "
| #define PACKAGE_STRING "cpplib  "
| #define PACKAGE_BUGREPORT "gcc-bugs@gcc.gnu.org"
| #define PACKAGE_URL ""
| #define STDC_HEADERS 1
| #define HAVE_SYS_TYPES_H 1
| #define HAVE_SYS_STAT_H 1
| #define HAVE_STDLIB_H 1
| #define HAVE_STRING_H 1
| #define HAVE_MEMORY_H 1
| #define HAVE_STRINGS_H 1
| #define HAVE_INTTYPES_H 1
| #define HAVE_STDINT_H 1
| #define HAVE_UNISTD_H 1
| #define __EXTENSIONS__ 1
| #define _ALL_SOURCE 1
| #define _GNU_SOURCE 1
| #define _POSIX_PTHREAD_SEMANTICS 1
| #define _TANDEM_SOURCE 1
| #define TIME_WITH_SYS_TIME 1
| #define STRING_WITH_STRINGS 1
| #define HAVE_LOCALE_H 1
| #define HAVE_FCNTL_H 1
| #define HAVE_LIMITS_H 1
| #define HAVE_STDDEF_H 1
| #define HAVE_STDLIB_H 1
| #define HAVE_STRINGS_H 1
| #define HAVE_STRING_H 1
| #define HAVE_SYS_FILE_H 1
| #define HAVE_UNISTD_H 1
| #define HAVE_OBSTACK 1
| #define HAVE_UINTPTR_T 1
| /* end confdefs.h.  */
| #include <stdio.h>
| #ifdef HAVE_SYS_TYPES_H
| # include <sys/types.h>
| #endif
| #ifdef HAVE_SYS_STAT_H
| # include <sys/stat.h>
| #endif
| #ifdef STDC_HEADERS
| # include <stdlib.h>
| # include <stddef.h>
| #else
| # ifdef HAVE_STDLIB_H
| #  include <stdlib.h>
| # endif
| #endif
| #ifdef HAVE_STRING_H
| # if !defined STDC_HEADERS && defined HAVE_MEMORY_H
| #  include <memory.h>
| # endif
| # include <string.h>
| #endif
| #ifdef HAVE_STRINGS_H
| # include <strings.h>
| #endif
| #ifdef HAVE_INTTYPES_H
| # include <inttypes.h>
| #endif
| #ifdef HAVE_STDINT_H
| # include <stdint.h>
| #endif
| #ifdef HAVE_UNISTD_H
| # include <unistd.h>
| #endif
| int
| main ()
| {
| if (sizeof ((ptrdiff_t)))
| 	    return 0;
|   ;
|   return 0;
| }
configure:5555: result: yes
configure:5566: checking whether struct tm is in sys/time.h or time.h
configure:5586: cc -c -O -fcommon -DNETBSD_TOOLS -DTARGET_SYSTEM_ROOT=0  -DTARGET_SYSTEM_ROOT_RELOCATABLE conftest.c >&5
configure:5586: $? = 0
configure:5593: result: time.h
configure:5605: checking size of int
configure:5610: cc -o conftest -O -fcommon -DNETBSD_TOOLS -DTARGET_SYSTEM_ROOT=0  -DTARGET_SYSTEM_ROOT_RELOCATABLE -static-libstdc++ -static-libgcc  conftest.c  >&5
configure:5610: $? = 0
configure:5610: ./conftest
configure:5610: $? = 0
configure:5625: result: 4
configure:5639: checking size of long
configure:5644: cc -o conftest -O -fcommon -DNETBSD_TOOLS -DTARGET_SYSTEM_ROOT=0  -DTARGET_SYSTEM_ROOT_RELOCATABLE -static-libstdc++ -static-libgcc  conftest.c  >&5
configure:5644: $? = 0
configure:5644: ./conftest
configure:5644: $? = 0
configure:5659: result: 8
configure:5673: checking for clearerr_unlocked
configure:5673: cc -o conftest -O -fcommon -DNETBSD_TOOLS -DTARGET_SYSTEM_ROOT=0  -DTARGET_SYSTEM_ROOT_RELOCATABLE -static-libstdc++ -static-libgcc  conftest.c  >&5
configure:5673: $? = 0
configure:5673: result: yes
configure:5673: checking for feof_unlocked
configure:5673: cc -o conftest -O -fcommon -DNETBSD_TOOLS -DTARGET_SYSTEM_ROOT=0  -DTARGET_SYSTEM_ROOT_RELOCATABLE -static-libstdc++ -static-libgcc  conftest.c  >&5
configure:5673: $? = 0
configure:5673: result: yes
configure:5673: checking for ferror_unlocked
configure:5673: cc -o conftest -O -fcommon -DNETBSD_TOOLS -DTARGET_SYSTEM_ROOT=0  -DTARGET_SYSTEM_ROOT_RELOCATABLE -static-libstdc++ -static-libgcc  conftest.c  >&5
configure:5673: $? = 0
configure:5673: result: yes
configure:5673: checking for fflush_unlocked
configure:5673: cc -o conftest -O -fcommon -DNETBSD_TOOLS -DTARGET_SYSTEM_ROOT=0  -DTARGET_SYSTEM_ROOT_RELOCATABLE -static-libstdc++ -static-libgcc  conftest.c  >&5
configure:5673: $? = 0
configure:5673: result: yes
configure:5673: checking for fgetc_unlocked
configure:5673: cc -o conftest -O -fcommon -DNETBSD_TOOLS -DTARGET_SYSTEM_ROOT=0  -DTARGET_SYSTEM_ROOT_RELOCATABLE -static-libstdc++ -static-libgcc  conftest.c  >&5
configure:5673: $? = 0
configure:5673: result: yes
configure:5673: checking for fgets_unlocked
configure:5673: cc -o conftest -O -fcommon -DNETBSD_TOOLS -DTARGET_SYSTEM_ROOT=0  -DTARGET_SYSTEM_ROOT_RELOCATABLE -static-libstdc++ -static-libgcc  conftest.c  >&5
configure:5673: $? = 0
configure:5673: result: yes
configure:5673: checking for fileno_unlocked
configure:5673: cc -o conftest -O -fcommon -DNETBSD_TOOLS -DTARGET_SYSTEM_ROOT=0  -DTARGET_SYSTEM_ROOT_RELOCATABLE -static-libstdc++ -static-libgcc  conftest.c  >&5
configure:5673: $? = 0
configure:5673: result: yes
configure:5673: checking for fprintf_unlocked
configure:5673: cc -o conftest -O -fcommon -DNETBSD_TOOLS -DTARGET_SYSTEM_ROOT=0  -DTARGET_SYSTEM_ROOT_RELOCATABLE -static-libstdc++ -static-libgcc  conftest.c  >&5
conftest.c:69:6: warning: conflicting types for built-in function 'fprintf_unlocked'; expected 'int(void *, const char *, ...)' [-Wbuiltin-declaration-mismatch]
   69 | char fprintf_unlocked ();
      |      ^~~~~~~~~~~~~~~~
/usr/bin/ld: /tmp/cc2ipxMe.o: in function `main':
conftest.c:(.text+0xa): undefined reference to `fprintf_unlocked'
collect2: error: ld returned 1 exit status
configure:5673: $? = 1
configure: failed program was:
| /* confdefs.h */
| #define PACKAGE_NAME "cpplib"
| #define PACKAGE_TARNAME "cpplib"
| #define PACKAGE_VERSION " "
| #define PACKAGE_STRING "cpplib  "
| #define PACKAGE_BUGREPORT "gcc-bugs@gcc.gnu.org"
| #define PACKAGE_URL ""
| #define STDC_HEADERS 1
| #define HAVE_SYS_TYPES_H 1
| #define HAVE_SYS_STAT_H 1
| #define HAVE_STDLIB_H 1
| #define HAVE_STRING_H 1
| #define HAVE_MEMORY_H 1
| #define HAVE_STRINGS_H 1
| #define HAVE_INTTYPES_H 1
| #define HAVE_STDINT_H 1
| #define HAVE_UNISTD_H 1
| #define __EXTENSIONS__ 1
| #define _ALL_SOURCE 1
| #define _GNU_SOURCE 1
| #define _POSIX_PTHREAD_SEMANTICS 1
| #define _TANDEM_SOURCE 1
| #define TIME_WITH_SYS_TIME 1
| #define STRING_WITH_STRINGS 1
| #define HAVE_LOCALE_H 1
| #define HAVE_FCNTL_H 1
| #define HAVE_LIMITS_H 1
| #define HAVE_STDDEF_H 1
| #define HAVE_STDLIB_H 1
| #define HAVE_STRINGS_H 1
| #define HAVE_STRING_H 1
| #define HAVE_SYS_FILE_H 1
| #define HAVE_UNISTD_H 1
| #define HAVE_OBSTACK 1
| #define HAVE_UINTPTR_T 1
| #define SIZEOF_INT 4
| #define SIZEOF_LONG 8
| #define HAVE_CLEARERR_UNLOCKED 1
| #define HAVE_FEOF_UNLOCKED 1
| #define HAVE_FERROR_UNLOCKED 1
| #define HAVE_FFLUSH_UNLOCKED 1
| #define HAVE_FGETC_UNLOCKED 1
| #define HAVE_FGETS_UNLOCKED 1
| #define HAVE_FILENO_UNLOCKED 1
| /* end confdefs.h.  */
| /* Define fprintf_unlocked to an innocuous variant, in case <limits.h> declares fprintf_unlocked.
|    For example, HP-UX 11i <limits.h> declares gettimeofday.  */
| #define fprintf_unlocked innocuous_fprintf_unlocked
| 
| /* System header to define __stub macros and hopefully few prototypes,
|     which can conflict with char fprintf_unlocked (); below.
|     Prefer <limits.h> to <assert.h> if __STDC__ is defined, since
|     <limits.h> exists even on freestanding compilers.  */
| 
| #ifdef __STDC__
| # include <limits.h>
| #else
| # include <assert.h>
| #endif
| 
| #undef fprintf_unlocked
| 
| /* Override any GCC internal prototype to avoid an error.
|    Use char because int might match the return type of a GCC
|    builtin and then its argument prototype would still apply.  */
| #ifdef __cplusplus
| extern "C"
| #endif
| char fprintf_unlocked ();
| /* The GNU C library defines this for functions which it implements
|     to always fail with ENOSYS.  Some functions are actually named
|     something starting with __ and the normal name is an alias.  */
| #if defined __stub_fprintf_unlocked || defined __stub___fprintf_unlocked
| choke me
| #endif
| 
| int
| main ()
| {
| return fprintf_unlocked ();
|   ;
|   return 0;
| }
configure:5673: result: no
configure:5673: checking for fputc_unlocked
configure:5673: cc -o conftest -O -fcommon -DNETBSD_TOOLS -DTARGET_SYSTEM_ROOT=0  -DTARGET_SYSTEM_ROOT_RELOCATABLE -static-libstdc++ -static-libgcc  conftest.c  >&5
conftest.c:69:6: warning: conflicting types for built-in function 'fputc_unlocked'; expected 'int(int,  void *)' [-Wbuiltin-declaration-mismatch]
   69 | char fputc_unlocked ();
      |      ^~~~~~~~~~~~~~
configure:5673: $? = 0
configure:5673: result: yes
configure:5673: checking for fputs_unlocked
configure:5673: cc -o conftest -O -fcommon -DNETBSD_TOOLS -DTARGET_SYSTEM_ROOT=0  -DTARGET_SYSTEM_ROOT_RELOCATABLE -static-libstdc++ -static-libgcc  conftest.c  >&5
conftest.c:70:6: warning: conflicting types for built-in function 'fputs_unlocked'; expected 'int(const char *, void *)' [-Wbuiltin-declaration-mismatch]
   70 | char fputs_unlocked ();
      |      ^~~~~~~~~~~~~~
configure:5673: $? = 0
configure:5673: result: yes
configure:5673: checking for fread_unlocked
configure:5673: cc -o conftest -O -fcommon -DNETBSD_TOOLS -DTARGET_SYSTEM_ROOT=0  -DTARGET_SYSTEM_ROOT_RELOCATABLE -static-libstdc++ -static-libgcc  conftest.c  >&5
configure:5673: $? = 0
configure:5673: result: yes
configure:5673: checking for fwrite_unlocked
configure:5673: cc -o conftest -O -fcommon -DNETBSD_TOOLS -DTARGET_SYSTEM_ROOT=0  -DTARGET_SYSTEM_ROOT_RELOCATABLE -static-libstdc++ -static-libgcc  conftest.c  >&5
conftest.c:72:6: warning: conflicting types for built-in function 'fwrite_unlocked'; expected 'long unsigned int(const void *, long unsigned int,  long unsigned int,  void *)' [-Wbuiltin-declaration-mismatch]
   72 | char fwrite_unlocked ();
      |      ^~~~~~~~~~~~~~~
configure:5673: $? = 0
configure:5673: result: yes
configure:5673: checking for getchar_unlocked
configure:5673: cc -o conftest -O -fcommon -DNETBSD_TOOLS -DTARGET_SYSTEM_ROOT=0  -DTARGET_SYSTEM_ROOT_RELOCATABLE -static-libstdc++ -static-libgcc  conftest.c  >&5
configure:5673: $? = 0
configure:5673: result: yes
configure:5673: checking for getc_unlocked
configure:5673: cc -o conftest -O -fcommon -DNETBSD_TOOLS -DTARGET_SYSTEM_ROOT=0  -DTARGET_SYSTEM_ROOT_RELOCATABLE -static-libstdc++ -static-libgcc  conftest.c  >&5
configure:5673: $? = 0
configure:5673: result: yes
configure:5673: checking for putchar_unlocked
configure:5673: cc -o conftest -O -fcommon -DNETBSD_TOOLS -DTARGET_SYSTEM_ROOT=0  -DTARGET_SYSTEM_ROOT_RELOCATABLE -static-libstdc++ -static-libgcc  conftest.c  >&5
conftest.c:75:6: warning: conflicting types for built-in function 'putchar_unlocked'; expected 'int(int)' [-Wbuiltin-declaration-mismatch]
   75 | char putchar_unlocked ();
      |      ^~~~~~~~~~~~~~~~
configure:5673: $? = 0
configure:5673: result: yes
configure:5673: checking for putc_unlocked
configure:5673: cc -o conftest -O -fcommon -DNETBSD_TOOLS -DTARGET_SYSTEM_ROOT=0  -DTARGET_SYSTEM_ROOT_RELOCATABLE -static-libstdc++ -static-libgcc  conftest.c  >&5
conftest.c:76:6: warning: conflicting types for built-in function 'putc_unlocked'; expected 'int(int,  void *)' [-Wbuiltin-declaration-mismatch]
   76 | char putc_unlocked ();
      |      ^~~~~~~~~~~~~
configure:5673: $? = 0
configure:5673: result: yes
configure:5683: checking whether abort is declared
configure:5683: cc -c -O -fcommon -DNETBSD_TOOLS -DTARGET_SYSTEM_ROOT=0  -DTARGET_SYSTEM_ROOT_RELOCATABLE conftest.c >&5
configure:5683: $? = 0
configure:5683: result: yes
configure:5693: checking whether asprintf is declared
configure:5693: cc -c -O -fcommon -DNETBSD_TOOLS -DTARGET_SYSTEM_ROOT=0  -DTARGET_SYSTEM_ROOT_RELOCATABLE conftest.c >&5
configure:5693: $? = 0
configure:5693: result: yes
configure:5703: checking whether basename is declared
configure:5703: cc -c -O -fcommon -DNETBSD_TOOLS -DTARGET_SYSTEM_ROOT=0  -DTARGET_SYSTEM_ROOT_RELOCATABLE conftest.c >&5
configure:5703: $? = 0
configure:5703: result: yes
configure:5713: checking whether errno is declared
configure:5713: cc -c -O -fcommon -DNETBSD_TOOLS -DTARGET_SYSTEM_ROOT=0  -DTARGET_SYSTEM_ROOT_RELOCATABLE conftest.c >&5
conftest.c: In function 'main':
conftest.c:97:10: error: 'errno' undeclared (first use in this function)
   97 |   (void) errno;
      |          ^~~~~
conftest.c:89:1: note: 'errno' is defined in header '<errno.h>'; this is probably fixable by adding '#include <errno.h>'
   88 | # include <unistd.h>
   89 | #endif
conftest.c:97:10: note: each undeclared identifier is reported only once for each function it appears in
   97 |   (void) errno;
      |          ^~~~~
configure:5713: $? = 1
configure: failed program was:
| /* confdefs.h */
| #define PACKAGE_NAME "cpplib"
| #define PACKAGE_TARNAME "cpplib"
| #define PACKAGE_VERSION " "
| #define PACKAGE_STRING "cpplib  "
| #define PACKAGE_BUGREPORT "gcc-bugs@gcc.gnu.org"
| #define PACKAGE_URL ""
| #define STDC_HEADERS 1
| #define HAVE_SYS_TYPES_H 1
| #define HAVE_SYS_STAT_H 1
| #define HAVE_STDLIB_H 1
| #define HAVE_STRING_H 1
| #define HAVE_MEMORY_H 1
| #define HAVE_STRINGS_H 1
| #define HAVE_INTTYPES_H 1
| #define HAVE_STDINT_H 1
| #define HAVE_UNISTD_H 1
| #define __EXTENSIONS__ 1
| #define _ALL_SOURCE 1
| #define _GNU_SOURCE 1
| #define _POSIX_PTHREAD_SEMANTICS 1
| #define _TANDEM_SOURCE 1
| #define TIME_WITH_SYS_TIME 1
| #define STRING_WITH_STRINGS 1
| #define HAVE_LOCALE_H 1
| #define HAVE_FCNTL_H 1
| #define HAVE_LIMITS_H 1
| #define HAVE_STDDEF_H 1
| #define HAVE_STDLIB_H 1
| #define HAVE_STRINGS_H 1
| #define HAVE_STRING_H 1
| #define HAVE_SYS_FILE_H 1
| #define HAVE_UNISTD_H 1
| #define HAVE_OBSTACK 1
| #define HAVE_UINTPTR_T 1
| #define SIZEOF_INT 4
| #define SIZEOF_LONG 8
| #define HAVE_CLEARERR_UNLOCKED 1
| #define HAVE_FEOF_UNLOCKED 1
| #define HAVE_FERROR_UNLOCKED 1
| #define HAVE_FFLUSH_UNLOCKED 1
| #define HAVE_FGETC_UNLOCKED 1
| #define HAVE_FGETS_UNLOCKED 1
| #define HAVE_FILENO_UNLOCKED 1
| #define HAVE_FPUTC_UNLOCKED 1
| #define HAVE_FPUTS_UNLOCKED 1
| #define HAVE_FREAD_UNLOCKED 1
| #define HAVE_FWRITE_UNLOCKED 1
| #define HAVE_GETCHAR_UNLOCKED 1
| #define HAVE_GETC_UNLOCKED 1
| #define HAVE_PUTCHAR_UNLOCKED 1
| #define HAVE_PUTC_UNLOCKED 1
| #define HAVE_DECL_ABORT 1
| #define HAVE_DECL_ASPRINTF 1
| #define HAVE_DECL_BASENAME 1
| /* end confdefs.h.  */
| #include <stdio.h>
| #ifdef HAVE_SYS_TYPES_H
| # include <sys/types.h>
| #endif
| #ifdef HAVE_SYS_STAT_H
| # include <sys/stat.h>
| #endif
| #ifdef STDC_HEADERS
| # include <stdlib.h>
| # include <stddef.h>
| #else
| # ifdef HAVE_STDLIB_H
| #  include <stdlib.h>
| # endif
| #endif
| #ifdef HAVE_STRING_H
| # if !defined STDC_HEADERS && defined HAVE_MEMORY_H
| #  include <memory.h>
| # endif
| # include <string.h>
| #endif
| #ifdef HAVE_STRINGS_H
| # include <strings.h>
| #endif
| #ifdef HAVE_INTTYPES_H
| # include <inttypes.h>
| #endif
| #ifdef HAVE_STDINT_H
| # include <stdint.h>
| #endif
| #ifdef HAVE_UNISTD_H
| # include <unistd.h>
| #endif
| int
| main ()
| {
| #ifndef errno
| #ifdef __cplusplus
|   (void) errno;
| #else
|   (void) errno;
| #endif
| #endif
| 
|   ;
|   return 0;
| }
configure:5713: result: no
configure:5723: checking whether getopt is declared
configure:5723: cc -c -O -fcommon -DNETBSD_TOOLS -DTARGET_SYSTEM_ROOT=0  -DTARGET_SYSTEM_ROOT_RELOCATABLE conftest.c >&5
configure:5723: $? = 0
configure:5723: result: yes
configure:5733: checking whether vasprintf is declared
configure:5733: cc -c -O -fcommon -DNETBSD_TOOLS -DTARGET_SYSTEM_ROOT=0  -DTARGET_SYSTEM_ROOT_RELOCATABLE conftest.c >&5
configure:5733: $? = 0
configure:5733: result: yes
configure:5744: checking whether clearerr_unlocked is declared
configure:5744: cc -c -O -fcommon -DNETBSD_TOOLS -DTARGET_SYSTEM_ROOT=0  -DTARGET_SYSTEM_ROOT_RELOCATABLE conftest.c >&5
configure:5744: $? = 0
configure:5744: result: yes
configure:5754: checking whether feof_unlocked is declared
configure:5754: cc -c -O -fcommon -DNETBSD_TOOLS -DTARGET_SYSTEM_ROOT=0  -DTARGET_SYSTEM_ROOT_RELOCATABLE conftest.c >&5
configure:5754: $? = 0
configure:5754: result: yes
configure:5764: checking whether ferror_unlocked is declared
configure:5764: cc -c -O -fcommon -DNETBSD_TOOLS -DTARGET_SYSTEM_ROOT=0  -DTARGET_SYSTEM_ROOT_RELOCATABLE conftest.c >&5
configure:5764: $? = 0
configure:5764: result: yes
configure:5774: checking whether fflush_unlocked is declared
configure:5774: cc -c -O -fcommon -DNETBSD_TOOLS -DTARGET_SYSTEM_ROOT=0  -DTARGET_SYSTEM_ROOT_RELOCATABLE conftest.c >&5
configure:5774: $? = 0
configure:5774: result: yes
configure:5784: checking whether fgetc_unlocked is declared
configure:5784: cc -c -O -fcommon -DNETBSD_TOOLS -DTARGET_SYSTEM_ROOT=0  -DTARGET_SYSTEM_ROOT_RELOCATABLE conftest.c >&5
configure:5784: $? = 0
configure:5784: result: yes
configure:5794: checking whether fgets_unlocked is declared
configure:5794: cc -c -O -fcommon -DNETBSD_TOOLS -DTARGET_SYSTEM_ROOT=0  -DTARGET_SYSTEM_ROOT_RELOCATABLE conftest.c >&5
configure:5794: $? = 0
configure:5794: result: yes
configure:5804: checking whether fileno_unlocked is declared
configure:5804: cc -c -O -fcommon -DNETBSD_TOOLS -DTARGET_SYSTEM_ROOT=0  -DTARGET_SYSTEM_ROOT_RELOCATABLE conftest.c >&5
configure:5804: $? = 0
configure:5804: result: yes
configure:5814: checking whether fprintf_unlocked is declared
configure:5814: cc -c -O -fcommon -DNETBSD_TOOLS -DTARGET_SYSTEM_ROOT=0  -DTARGET_SYSTEM_ROOT_RELOCATABLE conftest.c >&5
conftest.c: In function 'main':
conftest.c:107:10: error: 'fprintf_unlocked' undeclared (first use in this function); did you mean 'fwrite_unlocked'?
  107 |   (void) fprintf_unlocked;
      |          ^~~~~~~~~~~~~~~~
      |          fwrite_unlocked
conftest.c:107:10: note: each undeclared identifier is reported only once for each function it appears in
configure:5814: $? = 1
configure: failed program was:
| /* confdefs.h */
| #define PACKAGE_NAME "cpplib"
| #define PACKAGE_TARNAME "cpplib"
| #define PACKAGE_VERSION " "
| #define PACKAGE_STRING "cpplib  "
| #define PACKAGE_BUGREPORT "gcc-bugs@gcc.gnu.org"
| #define PACKAGE_URL ""
| #define STDC_HEADERS 1
| #define HAVE_SYS_TYPES_H 1
| #define HAVE_SYS_STAT_H 1
| #define HAVE_STDLIB_H 1
| #define HAVE_STRING_H 1
| #define HAVE_MEMORY_H 1
| #define HAVE_STRINGS_H 1
| #define HAVE_INTTYPES_H 1
| #define HAVE_STDINT_H 1
| #define HAVE_UNISTD_H 1
| #define __EXTENSIONS__ 1
| #define _ALL_SOURCE 1
| #define _GNU_SOURCE 1
| #define _POSIX_PTHREAD_SEMANTICS 1
| #define _TANDEM_SOURCE 1
| #define TIME_WITH_SYS_TIME 1
| #define STRING_WITH_STRINGS 1
| #define HAVE_LOCALE_H 1
| #define HAVE_FCNTL_H 1
| #define HAVE_LIMITS_H 1
| #define HAVE_STDDEF_H 1
| #define HAVE_STDLIB_H 1
| #define HAVE_STRINGS_H 1
| #define HAVE_STRING_H 1
| #define HAVE_SYS_FILE_H 1
| #define HAVE_UNISTD_H 1
| #define HAVE_OBSTACK 1
| #define HAVE_UINTPTR_T 1
| #define SIZEOF_INT 4
| #define SIZEOF_LONG 8
| #define HAVE_CLEARERR_UNLOCKED 1
| #define HAVE_FEOF_UNLOCKED 1
| #define HAVE_FERROR_UNLOCKED 1
| #define HAVE_FFLUSH_UNLOCKED 1
| #define HAVE_FGETC_UNLOCKED 1
| #define HAVE_FGETS_UNLOCKED 1
| #define HAVE_FILENO_UNLOCKED 1
| #define HAVE_FPUTC_UNLOCKED 1
| #define HAVE_FPUTS_UNLOCKED 1
| #define HAVE_FREAD_UNLOCKED 1
| #define HAVE_FWRITE_UNLOCKED 1
| #define HAVE_GETCHAR_UNLOCKED 1
| #define HAVE_GETC_UNLOCKED 1
| #define HAVE_PUTCHAR_UNLOCKED 1
| #define HAVE_PUTC_UNLOCKED 1
| #define HAVE_DECL_ABORT 1
| #define HAVE_DECL_ASPRINTF 1
| #define HAVE_DECL_BASENAME 1
| #define HAVE_DECL_ERRNO 0
| #define HAVE_DECL_GETOPT 1
| #define HAVE_DECL_VASPRINTF 1
| #define HAVE_DECL_CLEARERR_UNLOCKED 1
| #define HAVE_DECL_FEOF_UNLOCKED 1
| #define HAVE_DECL_FERROR_UNLOCKED 1
| #define HAVE_DECL_FFLUSH_UNLOCKED 1
| #define HAVE_DECL_FGETC_UNLOCKED 1
| #define HAVE_DECL_FGETS_UNLOCKED 1
| #define HAVE_DECL_FILENO_UNLOCKED 1
| /* end confdefs.h.  */
| #include <stdio.h>
| #ifdef HAVE_SYS_TYPES_H
| # include <sys/types.h>
| #endif
| #ifdef HAVE_SYS_STAT_H
| # include <sys/stat.h>
| #endif
| #ifdef STDC_HEADERS
| # include <stdlib.h>
| # include <stddef.h>
| #else
| # ifdef HAVE_STDLIB_H
| #  include <stdlib.h>
| # endif
| #endif
| #ifdef HAVE_STRING_H
| # if !defined STDC_HEADERS && defined HAVE_MEMORY_H
| #  include <memory.h>
| # endif
| # include <string.h>
| #endif
| #ifdef HAVE_STRINGS_H
| # include <strings.h>
| #endif
| #ifdef HAVE_INTTYPES_H
| # include <inttypes.h>
| #endif
| #ifdef HAVE_STDINT_H
| # include <stdint.h>
| #endif
| #ifdef HAVE_UNISTD_H
| # include <unistd.h>
| #endif
| int
| main ()
| {
| #ifndef fprintf_unlocked
| #ifdef __cplusplus
|   (void) fprintf_unlocked;
| #else
|   (void) fprintf_unlocked;
| #endif
| #endif
| 
|   ;
|   return 0;
| }
configure:5814: result: no
configure:5824: checking whether fputc_unlocked is declared
configure:5824: cc -c -O -fcommon -DNETBSD_TOOLS -DTARGET_SYSTEM_ROOT=0  -DTARGET_SYSTEM_ROOT_RELOCATABLE conftest.c >&5
configure:5824: $? = 0
configure:5824: result: yes
configure:5834: checking whether fputs_unlocked is declared
configure:5834: cc -c -O -fcommon -DNETBSD_TOOLS -DTARGET_SYSTEM_ROOT=0  -DTARGET_SYSTEM_ROOT_RELOCATABLE conftest.c >&5
configure:5834: $? = 0
configure:5834: result: yes
configure:5844: checking whether fread_unlocked is declared
configure:5844: cc -c -O -fcommon -DNETBSD_TOOLS -DTARGET_SYSTEM_ROOT=0  -DTARGET_SYSTEM_ROOT_RELOCATABLE conftest.c >&5
configure:5844: $? = 0
configure:5844: result: yes
configure:5854: checking whether fwrite_unlocked is declared
configure:5854: cc -c -O -fcommon -DNETBSD_TOOLS -DTARGET_SYSTEM_ROOT=0  -DTARGET_SYSTEM_ROOT_RELOCATABLE conftest.c >&5
configure:5854: $? = 0
configure:5854: result: yes
configure:5864: checking whether getchar_unlocked is declared
configure:5864: cc -c -O -fcommon -DNETBSD_TOOLS -DTARGET_SYSTEM_ROOT=0  -DTARGET_SYSTEM_ROOT_RELOCATABLE conftest.c >&5
configure:5864: $? = 0
configure:5864: result: yes
configure:5874: checking whether getc_unlocked is declared
configure:5874: cc -c -O -fcommon -DNETBSD_TOOLS -DTARGET_SYSTEM_ROOT=0  -DTARGET_SYSTEM_ROOT_RELOCATABLE conftest.c >&5
configure:5874: $? = 0
configure:5874: result: yes
configure:5884: checking whether putchar_unlocked is declared
configure:5884: cc -c -O -fcommon -DNETBSD_TOOLS -DTARGET_SYSTEM_ROOT=0  -DTARGET_SYSTEM_ROOT_RELOCATABLE conftest.c >&5
configure:5884: $? = 0
configure:5884: result: yes
configure:5894: checking whether putc_unlocked is declared
configure:5894: cc -c -O -fcommon -DNETBSD_TOOLS -DTARGET_SYSTEM_ROOT=0  -DTARGET_SYSTEM_ROOT_RELOCATABLE conftest.c >&5
configure:5894: $? = 0
configure:5894: result: yes
configure:5909: checking for working alloca.h
configure:5926: cc -o conftest -O -fcommon -DNETBSD_TOOLS -DTARGET_SYSTEM_ROOT=0  -DTARGET_SYSTEM_ROOT_RELOCATABLE -static-libstdc++ -static-libgcc  conftest.c  >&5
configure:5926: $? = 0
configure:5934: result: yes
configure:5942: checking for alloca
configure:5979: cc -o conftest -O -fcommon -DNETBSD_TOOLS -DTARGET_SYSTEM_ROOT=0  -DTARGET_SYSTEM_ROOT_RELOCATABLE -static-libstdc++ -static-libgcc  conftest.c  >&5
configure:5979: $? = 0
configure:5987: result: yes
configure:6097: checking for ANSI C header files
configure:6201: result: yes
configure:6210: checking for nl_langinfo and CODESET
configure:6226: cc -o conftest -O -fcommon -DNETBSD_TOOLS -DTARGET_SYSTEM_ROOT=0  -DTARGET_SYSTEM_ROOT_RELOCATABLE -static-libstdc++ -static-libgcc  conftest.c  >&5
configure:6226: $? = 0
configure:6235: result: yes
configure:6256: checking whether NLS is requested
configure:6259: result: no
configure:6314: checking for uchar
configure:6333: cc -c -O -fcommon -DNETBSD_TOOLS -DTARGET_SYSTEM_ROOT=0  -DTARGET_SYSTEM_ROOT_RELOCATABLE conftest.c >&5
conftest.c: In function 'main':
conftest.c:86:6: error: 'uchar' undeclared (first use in this function); did you mean 'u_char'?
   86 | if ((uchar *)0) return 0;
      |      ^~~~~
      |      u_char
conftest.c:86:6: note: each undeclared identifier is reported only once for each function it appears in
conftest.c:86:13: error: expected expression before ')' token
   86 | if ((uchar *)0) return 0;
      |             ^
configure:6333: $? = 1
configure: failed program was:
| /* confdefs.h */
| #define PACKAGE_NAME "cpplib"
| #define PACKAGE_TARNAME "cpplib"
| #define PACKAGE_VERSION " "
| #define PACKAGE_STRING "cpplib  "
| #define PACKAGE_BUGREPORT "gcc-bugs@gcc.gnu.org"
| #define PACKAGE_URL ""
| #define STDC_HEADERS 1
| #define HAVE_SYS_TYPES_H 1
| #define HAVE_SYS_STAT_H 1
| #define HAVE_STDLIB_H 1
| #define HAVE_STRING_H 1
| #define HAVE_MEMORY_H 1
| #define HAVE_STRINGS_H 1
| #define HAVE_INTTYPES_H 1
| #define HAVE_STDINT_H 1
| #define HAVE_UNISTD_H 1
| #define __EXTENSIONS__ 1
| #define _ALL_SOURCE 1
| #define _GNU_SOURCE 1
| #define _POSIX_PTHREAD_SEMANTICS 1
| #define _TANDEM_SOURCE 1
| #define TIME_WITH_SYS_TIME 1
| #define STRING_WITH_STRINGS 1
| #define HAVE_LOCALE_H 1
| #define HAVE_FCNTL_H 1
| #define HAVE_LIMITS_H 1
| #define HAVE_STDDEF_H 1
| #define HAVE_STDLIB_H 1
| #define HAVE_STRINGS_H 1
| #define HAVE_STRING_H 1
| #define HAVE_SYS_FILE_H 1
| #define HAVE_UNISTD_H 1
| #define HAVE_OBSTACK 1
| #define HAVE_UINTPTR_T 1
| #define SIZEOF_INT 4
| #define SIZEOF_LONG 8
| #define HAVE_CLEARERR_UNLOCKED 1
| #define HAVE_FEOF_UNLOCKED 1
| #define HAVE_FERROR_UNLOCKED 1
| #define HAVE_FFLUSH_UNLOCKED 1
| #define HAVE_FGETC_UNLOCKED 1
| #define HAVE_FGETS_UNLOCKED 1
| #define HAVE_FILENO_UNLOCKED 1
| #define HAVE_FPUTC_UNLOCKED 1
| #define HAVE_FPUTS_UNLOCKED 1
| #define HAVE_FREAD_UNLOCKED 1
| #define HAVE_FWRITE_UNLOCKED 1
| #define HAVE_GETCHAR_UNLOCKED 1
| #define HAVE_GETC_UNLOCKED 1
| #define HAVE_PUTCHAR_UNLOCKED 1
| #define HAVE_PUTC_UNLOCKED 1
| #define HAVE_DECL_ABORT 1
| #define HAVE_DECL_ASPRINTF 1
| #define HAVE_DECL_BASENAME 1
| #define HAVE_DECL_ERRNO 0
| #define HAVE_DECL_GETOPT 1
| #define HAVE_DECL_VASPRINTF 1
| #define HAVE_DECL_CLEARERR_UNLOCKED 1
| #define HAVE_DECL_FEOF_UNLOCKED 1
| #define HAVE_DECL_FERROR_UNLOCKED 1
| #define HAVE_DECL_FFLUSH_UNLOCKED 1
| #define HAVE_DECL_FGETC_UNLOCKED 1
| #define HAVE_DECL_FGETS_UNLOCKED 1
| #define HAVE_DECL_FILENO_UNLOCKED 1
| #define HAVE_DECL_FPRINTF_UNLOCKED 0
| #define HAVE_DECL_FPUTC_UNLOCKED 1
| #define HAVE_DECL_FPUTS_UNLOCKED 1
| #define HAVE_DECL_FREAD_UNLOCKED 1
| #define HAVE_DECL_FWRITE_UNLOCKED 1
| #define HAVE_DECL_GETCHAR_UNLOCKED 1
| #define HAVE_DECL_GETC_UNLOCKED 1
| #define HAVE_DECL_PUTCHAR_UNLOCKED 1
| #define HAVE_DECL_PUTC_UNLOCKED 1
| #define HAVE_ALLOCA_H 1
| #define HAVE_ALLOCA 1
| #define STDC_HEADERS 1
| #define HAVE_LANGINFO_CODESET 1
| /* end confdefs.h.  */
| 
| #include <sys/types.h>
| 
| int
| main ()
| {
| if ((uchar *)0) return 0;
|  if (sizeof(uchar)) return 0;
|   ;
|   return 0;
| }
configure:6340: result: 
configure:6396: checking for ld used by GCC
configure:6459: result: ld
configure:6466: checking if the linker (ld) is GNU ld
GNU ld (GNU Binutils for Debian) 2.44
configure:6478: result: yes
configure:6484: checking for shared library run path origin
configure:6497: result: done
configure:6927: checking for iconv
configure:6949: c++ -o conftest -std=gnu++98 -DNETBSD_TOOLS -DTARGET_SYSTEM_ROOT=0  -DTARGET_SYSTEM_ROOT_RELOCATABLE -static-libstdc++ -static-libgcc  conftest.cpp  >&5
configure:6949: $? = 0
configure:6981: result: yes
configure:7002: checking for iconv declaration
configure:7031: c++ -c -std=gnu++98 -DNETBSD_TOOLS -DTARGET_SYSTEM_ROOT=0  -DTARGET_SYSTEM_ROOT_RELOCATABLE conftest.cpp >&5
configure:7031: $? = 0
configure:7041: result: install-shextern size_t iconv (iconv_t cd, char * *inbuf, size_t *inbytesleft, char * *outbuf, size_t *outbytesleft);
configure:7278: updating cache ./config.cache
configure:7316: creating ./config.status

## ---------------------- ##
## Running config.status. ##
## ---------------------- ##

This file was extended by cpplib config.status  , which was
generated by GNU Autoconf 2.64.  Invocation command line was

  CONFIG_FILES    = 
  CONFIG_HEADERS  = 
  CONFIG_LINKS    = 
  CONFIG_COMMANDS = 
  $ ./config.status 

on morphius

config.status:8256: creating Makefile
config.status:8256: creating config.h
config.status:8442: executing depdir commands

## ---------------- ##
## Cache variables. ##
## ---------------- ##

ac_cv_build='x86_64-unknown-linux-gnu'
ac_cv_c_bigendian='no'
ac_cv_c_compiler_gnu='yes'
ac_cv_c_const='yes'
ac_cv_c_inline='inline'
ac_cv_cxx_compiler_gnu='yes'
ac_cv_env_CCC_set=''
ac_cv_env_CCC_value=''
ac_cv_env_CC_set='set'
ac_cv_env_CC_value='cc'
ac_cv_env_CFLAGS_set='set'
ac_cv_env_CFLAGS_value='-O -fcommon'
ac_cv_env_CPPFLAGS_set='set'
ac_cv_env_CPPFLAGS_value='-DNETBSD_TOOLS -DTARGET_SYSTEM_ROOT=0  -DTARGET_SYSTEM_ROOT_RELOCATABLE'
ac_cv_env_CPP_set=''
ac_cv_env_CPP_value=''
ac_cv_env_CXXFLAGS_set='set'
ac_cv_env_CXXFLAGS_value='-std=gnu++98'
ac_cv_env_CXX_set='set'
ac_cv_env_CXX_value='c++'
ac_cv_env_LDFLAGS_set='set'
ac_cv_env_LDFLAGS_value='-static-libstdc++ -static-libgcc '
ac_cv_env_LIBS_set=''
ac_cv_env_LIBS_value=''
ac_cv_env_build_alias_set='set'
ac_cv_env_build_alias_value='x86_64-unknown-linux-gnu'
ac_cv_env_host_alias_set='set'
ac_cv_env_host_alias_value='x86_64-unknown-linux-gnu'
ac_cv_env_target_alias_set='set'
ac_cv_env_target_alias_value='riscv64-elf32-minix'
ac_cv_func_alloca_works='yes'
ac_cv_func_clearerr_unlocked='yes'
ac_cv_func_feof_unlocked='yes'
ac_cv_func_ferror_unlocked='yes'
ac_cv_func_fflush_unlocked='yes'
ac_cv_func_fgetc_unlocked='yes'
ac_cv_func_fgets_unlocked='yes'
ac_cv_func_fileno_unlocked='yes'
ac_cv_func_fprintf_unlocked='no'
ac_cv_func_fputc_unlocked='yes'
ac_cv_func_fputs_unlocked='yes'
ac_cv_func_fread_unlocked='yes'
ac_cv_func_fwrite_unlocked='yes'
ac_cv_func_getc_unlocked='yes'
ac_cv_func_getchar_unlocked='yes'
ac_cv_func_obstack='yes'
ac_cv_func_putc_unlocked='yes'
ac_cv_func_putchar_unlocked='yes'
ac_cv_have_decl_abort='yes'
ac_cv_have_decl_asprintf='yes'
ac_cv_have_decl_basename_char_p_='yes'
ac_cv_have_decl_clearerr_unlocked='yes'
ac_cv_have_decl_errno='no'
ac_cv_have_decl_feof_unlocked='yes'
ac_cv_have_decl_ferror_unlocked='yes'
ac_cv_have_decl_fflush_unlocked='yes'
ac_cv_have_decl_fgetc_unlocked='yes'
ac_cv_have_decl_fgets_unlocked='yes'
ac_cv_have_decl_fileno_unlocked='yes'
ac_cv_have_decl_fprintf_unlocked='no'
ac_cv_have_decl_fputc_unlocked='yes'
ac_cv_have_decl_fputs_unlocked='yes'
ac_cv_have_decl_fread_unlocked='yes'
ac_cv_have_decl_fwrite_unlocked='yes'
ac_cv_have_decl_getc_unlocked='yes'
ac_cv_have_decl_getchar_unlocked='yes'
ac_cv_have_decl_getopt='yes'
ac_cv_have_decl_putc_unlocked='yes'
ac_cv_have_decl_putchar_unlocked='yes'
ac_cv_have_decl_vasprintf='yes'
ac_cv_header_fcntl_h='yes'
ac_cv_header_inttypes_h='yes'
ac_cv_header_limits_h='yes'
ac_cv_header_locale_h='yes'
ac_cv_header_memory_h='yes'
ac_cv_header_minix_config_h='no'
ac_cv_header_stdc='yes'
ac_cv_header_stddef_h='yes'
ac_cv_header_stdint_h='yes'
ac_cv_header_stdlib_h='yes'
ac_cv_header_string_h='yes'
ac_cv_header_strings_h='yes'
ac_cv_header_sys_file_h='yes'
ac_cv_header_sys_stat_h='yes'
ac_cv_header_sys_types_h='yes'
ac_cv_header_time='yes'
ac_cv_header_unistd_h='yes'
ac_cv_host='x86_64-unknown-linux-gnu'
ac_cv_objext='o'
ac_cv_path_EGREP='/usr/bin/grep -E'
ac_cv_path_GREP='/usr/bin/grep'
ac_cv_prog_CC='cc'
ac_cv_prog_CPP='cc -E'
ac_cv_prog_RANLIB='ranlib'
ac_cv_prog_cc_c89=''
ac_cv_prog_cc_g='yes'
ac_cv_prog_cxx_g='yes'
ac_cv_prog_make__home_donz_minix_obj_intrgcc_tooldir_Linux_6_12_63pdeb13_amd64_x86_64_bin_nbgmake_set='yes'
ac_cv_safe_to_define___extensions__='yes'
ac_cv_sizeof_int='4'
ac_cv_sizeof_long='8'
ac_cv_struct_tm='time.h'
ac_cv_sys_file_offset_bits='no'
ac_cv_sys_largefile_CC='no'
ac_cv_target='riscv-ucb-minix'
ac_cv_type_off_t='yes'
ac_cv_type_ptrdiff_t='yes'
ac_cv_type_size_t='yes'
ac_cv_type_ssize_t='yes'
ac_cv_type_uchar='no'
ac_cv_type_uintptr_t='yes'
ac_cv_working_alloca_h='yes'
acl_cv_hardcode_direct='no'
acl_cv_hardcode_libdir_flag_spec='${wl}-rpath ${wl}$libdir'
acl_cv_hardcode_libdir_separator=''
acl_cv_hardcode_minus_L='no'
acl_cv_libext='a'
acl_cv_path_LD='ld'
acl_cv_prog_gnu_ld='yes'
acl_cv_rpath='done'
acl_cv_shlibext='so'
acl_cv_wl='-Wl,'
acx_cv_prog_cc_pedantic__Wlong_long='yes'
acx_cv_prog_cc_warning__W='yes'
acx_cv_prog_cc_warning__Wall='yes'
acx_cv_prog_cc_warning__Wcpp_compat='yes'
acx_cv_prog_cc_warning__Wmissing_format_attribute='yes'
acx_cv_prog_cc_warning__Wmissing_prototypes='yes'
acx_cv_prog_cc_warning__Wnarrowing='yes'
acx_cv_prog_cc_warning__Wold_style_definition='yes'
acx_cv_prog_cc_warning__Wstrict_prototypes='yes'
acx_cv_prog_cc_warning__Wwrite_strings='yes'
acx_cv_prog_cc_warning__fno_exceptions='yes'
acx_cv_prog_cc_warning__fno_rtti='yes'
am_cv_CXX_dependencies_compiler_type='gcc3'
am_cv_func_iconv='yes'
am_cv_langinfo_codeset='yes'
am_cv_lib_iconv='no'
am_cv_proto_iconv='extern size_t iconv (iconv_t cd, char * *inbuf, size_t *inbytesleft, char * *outbuf, size_t *outbytesleft);'
am_cv_proto_iconv_arg1=''
gcc_cv_as_sparc_gotdata_op='no'
gcc_cv_header_string='yes'
gcc_cv_ld_hidden='yes'
gcc_cv_libc_provides_ssp='yes'

## ----------------- ##
## Output variables. ##
## ----------------- ##

ACLOCAL='/home/donz/minix/external/gpl3/gcc/dist/missing aclocal'
ALLOCA=''
AUTOCONF='/home/donz/minix/external/gpl3/gcc/dist/missing autoconf'
AUTOHEADER='/home/donz/minix/external/gpl3/gcc/dist/missing autoheader'
CATALOGS=''
CATOBJEXT=''
CC='cc'
CFLAGS='-O -fcommon'
CPP='cc -E'
CPPFLAGS='-DNETBSD_TOOLS -DTARGET_SYSTEM_ROOT=0  -DTARGET_SYSTEM_ROOT_RELOCATABLE'
CXX='c++'
CXXDEPMODE='depmode=gcc3'
CXXFLAGS='-std=gnu++98'
DATADIRNAME=''
DEFS='-DHAVE_CONFIG_H'
DEPDIR='.deps'
ECHO_C=''
ECHO_N='-n'
ECHO_T=''
EGREP='/usr/bin/grep -E'
EXEEXT=''
GENCAT=''
GMSGFMT='/usr/bin/msgfmt'
GREP='/usr/bin/grep'
INCINTL=''
INSTALL_DATA='${INSTALL} -m 644'
INSTALL_PROGRAM='${INSTALL}'
INSTALL_SCRIPT='${INSTALL}'
INSTOBJEXT=''
LDFLAGS='-static-libstdc++ -static-libgcc '
LIBICONV=''
LIBINTL=''
LIBINTL_DEP=''
LIBOBJS=''
LIBS=''
LTLIBICONV=''
LTLIBOBJS=''
MAINT='#'
OBJEXT='o'
PACKAGE='cpplib'
PACKAGE_BUGREPORT='gcc-bugs@gcc.gnu.org'
PACKAGE_NAME='cpplib'
PACKAGE_STRING='cpplib  '
PACKAGE_TARNAME='cpplib'
PACKAGE_URL=''
PACKAGE_VERSION=' '
PATH_SEPARATOR=':'
POSUB=''
RANLIB='ranlib'
SET_MAKE=''
SHELL='/usr/bin/sh'
USED_CATALOGS=''
USE_NLS='no'
WARN_PEDANTIC='-pedantic -Wno-long-long'
WERROR=''
XGETTEXT='/usr/bin/xgettext'
ac_ct_CC=''
ac_ct_CXX=''
am__leading_dot='.'
bindir='${exec_prefix}/bin'
build='x86_64-unknown-linux-gnu'
build_alias='x86_64-unknown-linux-gnu'
build_cpu='x86_64'
build_os='linux-gnu'
build_vendor='unknown'
c_warn='-Wstrict-prototypes -Wmissing-prototypes -Wold-style-definition -Wc++-compat'
datadir='${datarootdir}'
datarootdir='${prefix}/share'
docdir='${datarootdir}/doc/${PACKAGE_TARNAME}'
dvidir='${docdir}'
exec_prefix='${prefix}'
host='x86_64-unknown-linux-gnu'
host_alias='x86_64-unknown-linux-gnu'
host_cpu='x86_64'
host_os='linux-gnu'
host_vendor='unknown'
htmldir='${docdir}'
includedir='${prefix}/include'
infodir='${datarootdir}/info'
libdir='${exec_prefix}/lib'
libexecdir='${exec_prefix}/libexec'
localedir='${datarootdir}/locale'
localstatedir='${prefix}/var'
mandir='${datarootdir}/man'
noexception_flags='-fno-exceptions -fno-rtti'
oldincludedir='/usr/include'
pdfdir='${docdir}'
prefix='/home/donz/minix/obj.intrgcc/tooldir.Linux-6.12.63+deb13-amd64-x86_64'
program_transform_name='s,^,riscv64-elf32-minix-,'
psdir='${docdir}'
sbindir='${exec_prefix}/sbin'
sharedstatedir='${prefix}/com'
sysconfdir='${prefix}/etc'
target='riscv-ucb-minix'
target_alias='riscv64-elf32-minix'
target_cpu='riscv'
target_os='minix'
target_vendor='ucb'
warn='-W -Wall -Wno-narrowing -Wwrite-strings -Wmissing-format-attribute'

## ----------- ##
## confdefs.h. ##
## ----------- ##

/* confdefs.h */
#define PACKAGE_NAME "cpplib"
#define PACKAGE_TARNAME "cpplib"
#define PACKAGE_VERSION " "
#define PACKAGE_STRING "cpplib  "
#define PACKAGE_BUGREPORT "gcc-bugs@gcc.gnu.org"
#define PACKAGE_URL ""
#define STDC_HEADERS 1
#define HAVE_SYS_TYPES_H 1
#define HAVE_SYS_STAT_H 1
#define HAVE_STDLIB_H 1
#define HAVE_STRING_H 1
#define HAVE_MEMORY_H 1
#define HAVE_STRINGS_H 1
#define HAVE_INTTYPES_H 1
#define HAVE_STDINT_H 1
#define HAVE_UNISTD_H 1
#define __EXTENSIONS__ 1
#define _ALL_SOURCE 1
#define _GNU_SOURCE 1
#define _POSIX_PTHREAD_SEMANTICS 1
#define _TANDEM_SOURCE 1
#define TIME_WITH_SYS_TIME 1
#define STRING_WITH_STRINGS 1
#define HAVE_LOCALE_H 1
#define HAVE_FCNTL_H 1
#define HAVE_LIMITS_H 1
#define HAVE_STDDEF_H 1
#define HAVE_STDLIB_H 1
#define HAVE_STRINGS_H 1
#define HAVE_STRING_H 1
#define HAVE_SYS_FILE_H 1
#define HAVE_UNISTD_H 1
#define HAVE_OBSTACK 1
#define HAVE_UINTPTR_T 1
#define SIZEOF_INT 4
#define SIZEOF_LONG 8
#define HAVE_CLEARERR_UNLOCKED 1
#define HAVE_FEOF_UNLOCKED 1
#define HAVE_FERROR_UNLOCKED 1
#define HAVE_FFLUSH_UNLOCKED 1
#define HAVE_FGETC_UNLOCKED 1
#define HAVE_FGETS_UNLOCKED 1
#define HAVE_FILENO_UNLOCKED 1
#define HAVE_FPUTC_UNLOCKED 1
#define HAVE_FPUTS_UNLOCKED 1
#define HAVE_FREAD_UNLOCKED 1
#define HAVE_FWRITE_UNLOCKED 1
#define HAVE_GETCHAR_UNLOCKED 1
#define HAVE_GETC_UNLOCKED 1
#define HAVE_PUTCHAR_UNLOCKED 1
#define HAVE_PUTC_UNLOCKED 1
#define HAVE_DECL_ABORT 1
#define HAVE_DECL_ASPRINTF 1
#define HAVE_DECL_BASENAME 1
#define HAVE_DECL_ERRNO 0
#define HAVE_DECL_GETOPT 1
#define HAVE_DECL_VASPRINTF 1
#define HAVE_DECL_CLEARERR_UNLOCKED 1
#define HAVE_DECL_FEOF_UNLOCKED 1
#define HAVE_DECL_FERROR_UNLOCKED 1
#define HAVE_DECL_FFLUSH_UNLOCKED 1
#define HAVE_DECL_FGETC_UNLOCKED 1
#define HAVE_DECL_FGETS_UNLOCKED 1
#define HAVE_DECL_FILENO_UNLOCKED 1
#define HAVE_DECL_FPRINTF_UNLOCKED 0
#define HAVE_DECL_FPUTC_UNLOCKED 1
#define HAVE_DECL_FPUTS_UNLOCKED 1
#define HAVE_DECL_FREAD_UNLOCKED 1
#define HAVE_DECL_FWRITE_UNLOCKED 1
#define HAVE_DECL_GETCHAR_UNLOCKED 1
#define HAVE_DECL_GETC_UNLOCKED 1
#define HAVE_DECL_PUTCHAR_UNLOCKED 1
#define HAVE_DECL_PUTC_UNLOCKED 1
#define HAVE_ALLOCA_H 1
#define HAVE_ALLOCA 1
#define STDC_HEADERS 1
#define HAVE_LANGINFO_CODESET 1
#define HAVE_ICONV 1
#define ICONV_CONST 
#define PACKAGE "cpplib"
#define ENABLE_CANONICAL_SYSTEM_HEADERS 1
#define HOST_WIDE_INT long

configure: exit 0
